<?xml version="1.0" encoding="UTF-8"?>
<testsuite name="org.alljeju.alljejuserver.AllJejuServerApplicationTests" tests="1" skipped="0" failures="0" errors="0" timestamp="2024-11-24T08:52:55" hostname="MMM" time="0.682">
  <properties/>
  <testcase name="contextLoads()" classname="org.alljeju.alljejuserver.AllJejuServerApplicationTests" time="0.682"/>
  <system-out><![CDATA[17:52:48.335 [Test worker] DEBUG org.springframework.boot.test.context.SpringBootTestContextBootstrapper - Neither @ContextConfiguration nor @ContextHierarchy found for test class [AllJejuServerApplicationTests]: using SpringBootContextLoader
17:52:48.341 [Test worker] DEBUG org.springframework.test.context.support.AbstractContextLoader - Could not detect default resource locations for test class [org.alljeju.alljejuserver.AllJejuServerApplicationTests]: no resource found for suffixes {-context.xml, Context.groovy}.
17:52:48.342 [Test worker] INFO org.springframework.test.context.support.AnnotationConfigContextLoaderUtils - Could not detect default configuration classes for test class [org.alljeju.alljejuserver.AllJejuServerApplicationTests]: AllJejuServerApplicationTests does not declare any static, non-private, non-final, nested classes annotated with @Configuration.
17:52:48.369 [Test worker] DEBUG org.springframework.boot.test.context.SpringBootTestContextBootstrapper - Using ContextCustomizers for test class [AllJejuServerApplicationTests]: [DisableObservabilityContextCustomizer, PropertyMappingContextCustomizer, Customizer, ExcludeFilterContextCustomizer, DuplicateJsonObjectContextCustomizer, MockitoContextCustomizer, TestRestTemplateContextCustomizer, WebTestClientContextCustomizer]
17:52:48.463 [Test worker] DEBUG org.springframework.context.annotation.ClassPathScanningCandidateComponentProvider - Identified candidate component class: file [C:\Users\CJY\Desktop\devlopment\allJejuServer\build\classes\java\main\org\alljeju\alljejuserver\AllJejuServerApplication.class]
17:52:48.465 [Test worker] INFO org.springframework.boot.test.context.SpringBootTestContextBootstrapper - Found @SpringBootConfiguration org.alljeju.alljejuserver.AllJejuServerApplication for test class org.alljeju.alljejuserver.AllJejuServerApplicationTests
17:52:48.597 [Test worker] DEBUG org.springframework.boot.test.context.SpringBootTestContextBootstrapper - Using TestExecutionListeners for test class [AllJejuServerApplicationTests]: [ServletTestExecutionListener, DirtiesContextBeforeModesTestExecutionListener, ApplicationEventsTestExecutionListener, MockitoTestExecutionListener, DependencyInjectionTestExecutionListener, DirtiesContextTestExecutionListener, TransactionalTestExecutionListener, SqlScriptsTestExecutionListener, WithSecurityContextTestExecutionListener, EventPublishingTestExecutionListener, ReactorContextTestExecutionListener, RestDocsTestExecutionListener, MockRestServiceServerResetTestExecutionListener, MockMvcPrintOnlyOnFailureTestExecutionListener, WebDriverTestExecutionListener, MockWebServiceServerTestExecutionListener, ResetMocksTestExecutionListener]
17:52:48.598 [Test worker] DEBUG org.springframework.test.context.support.AbstractDirtiesContextTestExecutionListener - Before test class: class [AllJejuServerApplicationTests], class annotated with @DirtiesContext [false] with mode [null]

  .   ____          _            __ _ _
 /\\ / ___'_ __ _ _(_)_ __  __ _ \ \ \ \
( ( )\___ | '_ | '_| | '_ \/ _` | \ \ \ \
 \\/  ___)| |_)| | | | | || (_| |  ) ) ) )
  '  |____| .__|_| |_|_| |_\__, | / / / /
 =========|_|==============|___/=/_/_/_/
 :: Spring Boot ::                (v3.0.4)

2024-11-24 17:52:48 - Starting AllJejuServerApplicationTests using Java 17.0.12 with PID 8996 (started by CJY in C:\Users\CJY\Desktop\devlopment\allJejuServer)
2024-11-24 17:52:48 - No active profile set, falling back to 1 default profile: "default"
2024-11-24 17:52:48 - Loading source class org.alljeju.alljejuserver.AllJejuServerApplication
2024-11-24 17:52:49 - Refreshing org.springframework.web.context.support.GenericWebApplicationContext@3e1624c7
2024-11-24 17:52:50 - @EnableAutoConfiguration was declared on a class in the package 'org.alljeju.alljejuserver'. Automatic @Repository and @Entity scanning is enabled.
2024-11-24 17:52:51 - 

Using generated security password: d4bf4f92-a77d-4761-864b-56a6862a0796

This generated password is for development use only. Your security configuration must be updated before running your application in production.

2024-11-24 17:52:52 - 5 mappings in 'requestMappingHandlerMapping'
2024-11-24 17:52:52 - Patterns [/webjars/**, /**] in 'resourceHandlerMapping'
2024-11-24 17:52:52 - Exposing 1 endpoint(s) beneath base path '/actuator'
2024-11-24 17:52:52 - Will secure any request with [org.springframework.security.web.session.DisableEncodeUrlFilter@1b19712f, org.springframework.security.web.session.ForceEagerSessionCreationFilter@714c74eb, org.springframework.security.web.context.request.async.WebAsyncManagerIntegrationFilter@510e4d79, org.springframework.security.web.context.SecurityContextHolderFilter@75e4fe3c, org.springframework.security.web.header.HeaderWriterFilter@1e258d3b, org.springframework.security.web.csrf.CsrfFilter@718f3088, org.springframework.security.web.authentication.logout.LogoutFilter@1f68e4e8, org.springframework.security.web.authentication.UsernamePasswordAuthenticationFilter@13f4048e, org.springframework.security.web.session.ConcurrentSessionFilter@17053b5, org.springframework.security.web.savedrequest.RequestCacheAwareFilter@65ef9a0a, org.springframework.security.web.servletapi.SecurityContextHolderAwareRequestFilter@45bf93bb, org.springframework.security.web.authentication.AnonymousAuthenticationFilter@2f0cab82, org.springframework.security.web.session.SessionManagementFilter@39f93225, org.springframework.security.web.access.ExceptionTranslationFilter@50785f86, org.springframework.security.web.access.intercept.AuthorizationFilter@71468613]
2024-11-24 17:52:53 - ControllerAdvice beans: 0 @ModelAttribute, 0 @InitBinder, 1 RequestBodyAdvice, 1 ResponseBodyAdvice
2024-11-24 17:52:53 - ControllerAdvice beans: 1 @ExceptionHandler, 1 ResponseBodyAdvice
2024-11-24 17:52:54 - 


============================
CONDITIONS EVALUATION REPORT
============================


Positive matches:
-----------------

   AopAutoConfiguration matched:
      - @ConditionalOnProperty (spring.aop.auto=true) matched (OnPropertyCondition)

   AopAutoConfiguration.ClassProxyingConfiguration matched:
      - @ConditionalOnMissingClass did not find unwanted class 'org.aspectj.weaver.Advice' (OnClassCondition)
      - @ConditionalOnProperty (spring.aop.proxy-target-class=true) matched (OnPropertyCondition)

   CacheMeterBinderProvidersConfiguration matched:
      - @ConditionalOnClass found required class 'io.micrometer.core.instrument.binder.MeterBinder' (OnClassCondition)

   CacheMeterBinderProvidersConfiguration.CaffeineCacheMeterBinderProviderConfiguration matched:
      - @ConditionalOnClass found required classes 'org.springframework.cache.caffeine.CaffeineCache', 'com.github.benmanes.caffeine.cache.Cache' (OnClassCondition)

   CacheMetricsAutoConfiguration matched:
      - @ConditionalOnBean (types: org.springframework.cache.CacheManager; SearchStrategy: all) found bean 'cacheManager' (OnBeanCondition)

   CacheMetricsRegistrarConfiguration matched:
      - @ConditionalOnBean (types: org.springframework.boot.actuate.metrics.cache.CacheMeterBinderProvider,io.micrometer.core.instrument.MeterRegistry; SearchStrategy: all) found beans 'caffeineCacheMeterBinderProvider', 'simpleMeterRegistry' (OnBeanCondition)

   CachesEndpointAutoConfiguration matched:
      - @ConditionalOnClass found required class 'org.springframework.cache.CacheManager' (OnClassCondition)
      - @ConditionalOnAvailableEndpoint marked as exposed by a 'management.endpoints.web.exposure' property (OnAvailableEndpointCondition)

   CachesEndpointAutoConfiguration#cachesEndpoint matched:
      - @ConditionalOnMissingBean (types: org.springframework.boot.actuate.cache.CachesEndpoint; SearchStrategy: all) did not find any beans (OnBeanCondition)

   CachesEndpointAutoConfiguration#cachesEndpointWebExtension matched:
      - @ConditionalOnBean (types: org.springframework.boot.actuate.cache.CachesEndpoint; SearchStrategy: all) found bean 'cachesEndpoint'; @ConditionalOnMissingBean (types: org.springframework.boot.actuate.cache.CachesEndpointWebExtension; SearchStrategy: all) did not find any beans (OnBeanCondition)
      - @ConditionalOnAvailableEndpoint marked as exposed by a 'management.endpoints.web.exposure' property (OnAvailableEndpointCondition)

   CaffeineCacheConfiguration matched:
      - @ConditionalOnClass found required classes 'com.github.benmanes.caffeine.cache.Caffeine', 'org.springframework.cache.caffeine.CaffeineCacheManager' (OnClassCondition)
      - Cache org.springframework.boot.autoconfigure.cache.CaffeineCacheConfiguration CAFFEINE cache type (CacheCondition)

   ClientHttpConnectorAutoConfiguration matched:
      - @ConditionalOnClass found required class 'org.springframework.web.reactive.function.client.WebClient' (OnClassCondition)

   ClientHttpConnectorAutoConfiguration#clientConnectorCustomizer matched:
      - @ConditionalOnBean (types: org.springframework.http.client.reactive.ClientHttpConnector; SearchStrategy: all) found bean 'reactorClientHttpConnector' (OnBeanCondition)

   ClientHttpConnectorConfiguration.ReactorNetty matched:
      - @ConditionalOnClass found required class 'reactor.netty.http.client.HttpClient' (OnClassCondition)
      - @ConditionalOnMissingBean (types: org.springframework.http.client.reactive.ClientHttpConnector; SearchStrategy: all) did not find any beans (OnBeanCondition)

   CodecsAutoConfiguration matched:
      - @ConditionalOnClass found required classes 'org.springframework.http.codec.CodecConfigurer', 'org.springframework.web.reactive.function.client.WebClient' (OnClassCondition)

   CodecsAutoConfiguration.JacksonCodecConfiguration matched:
      - @ConditionalOnClass found required class 'com.fasterxml.jackson.databind.ObjectMapper' (OnClassCondition)

   CodecsAutoConfiguration.JacksonCodecConfiguration#jacksonCodecCustomizer matched:
      - @ConditionalOnBean (types: com.fasterxml.jackson.databind.ObjectMapper; SearchStrategy: all) found bean 'jacksonObjectMapper' (OnBeanCondition)

   CompositeMeterRegistryAutoConfiguration matched:
      - @ConditionalOnClass found required class 'io.micrometer.core.instrument.composite.CompositeMeterRegistry' (OnClassCondition)

   DataSourceAutoConfiguration matched:
      - @ConditionalOnClass found required classes 'javax.sql.DataSource', 'org.springframework.jdbc.datasource.embedded.EmbeddedDatabaseType' (OnClassCondition)
      - @ConditionalOnMissingBean (types: io.r2dbc.spi.ConnectionFactory; SearchStrategy: all) did not find any beans (OnBeanCondition)

   DataSourceConfiguration.Hikari matched:
      - @ConditionalOnClass found required class 'com.zaxxer.hikari.HikariDataSource' (OnClassCondition)
      - @ConditionalOnProperty (spring.datasource.type=com.zaxxer.hikari.HikariDataSource) matched (OnPropertyCondition)

   DataSourceHealthContributorAutoConfiguration matched:
      - @ConditionalOnClass found required classes 'org.springframework.jdbc.core.JdbcTemplate', 'org.springframework.jdbc.datasource.lookup.AbstractRoutingDataSource' (OnClassCondition)
      - @ConditionalOnEnabledHealthIndicator management.health.defaults.enabled is considered true (OnEnabledHealthIndicatorCondition)
      - @ConditionalOnBean (types: javax.sql.DataSource; SearchStrategy: all) found bean 'dataSource' (OnBeanCondition)

   DataSourceHealthContributorAutoConfiguration#dbHealthContributor matched:
      - @ConditionalOnMissingBean (names: dbHealthIndicator,dbHealthContributor; SearchStrategy: all) did not find any beans (OnBeanCondition)

   DataSourceInitializationConfiguration matched:
      - @ConditionalOnClass found required class 'org.springframework.jdbc.datasource.init.DatabasePopulator' (OnClassCondition)
      - @ConditionalOnSingleCandidate (types: javax.sql.DataSource; SearchStrategy: all) found a single bean 'dataSource'; @ConditionalOnMissingBean (types: org.springframework.boot.autoconfigure.sql.init.SqlDataSourceScriptDatabaseInitializer,org.springframework.boot.autoconfigure.sql.init.SqlR2dbcScriptDatabaseInitializer; SearchStrategy: all) did not find any beans (OnBeanCondition)

   DataSourcePoolMetadataProvidersConfiguration.HikariPoolDataSourceMetadataProviderConfiguration matched:
      - @ConditionalOnClass found required class 'com.zaxxer.hikari.HikariDataSource' (OnClassCondition)

   DataSourcePoolMetricsAutoConfiguration matched:
      - @ConditionalOnClass found required classes 'javax.sql.DataSource', 'io.micrometer.core.instrument.MeterRegistry' (OnClassCondition)
      - @ConditionalOnBean (types: javax.sql.DataSource,io.micrometer.core.instrument.MeterRegistry; SearchStrategy: all) found beans 'simpleMeterRegistry', 'dataSource' (OnBeanCondition)

   DataSourcePoolMetricsAutoConfiguration.DataSourcePoolMetadataMetricsConfiguration matched:
      - @ConditionalOnBean (types: org.springframework.boot.jdbc.metadata.DataSourcePoolMetadataProvider; SearchStrategy: all) found bean 'hikariPoolDataSourceMetadataProvider' (OnBeanCondition)

   DataSourcePoolMetricsAutoConfiguration.HikariDataSourceMetricsConfiguration matched:
      - @ConditionalOnClass found required class 'com.zaxxer.hikari.HikariDataSource' (OnClassCondition)

   DataSourceTransactionManagerAutoConfiguration matched:
      - @ConditionalOnClass found required classes 'org.springframework.jdbc.core.JdbcTemplate', 'org.springframework.transaction.TransactionManager' (OnClassCondition)

   DataSourceTransactionManagerAutoConfiguration.JdbcTransactionManagerConfiguration matched:
      - @ConditionalOnSingleCandidate (types: javax.sql.DataSource; SearchStrategy: all) found a single bean 'dataSource' (OnBeanCondition)

   DiskSpaceHealthContributorAutoConfiguration matched:
      - @ConditionalOnEnabledHealthIndicator management.health.defaults.enabled is considered true (OnEnabledHealthIndicatorCondition)

   DiskSpaceHealthContributorAutoConfiguration#diskSpaceHealthIndicator matched:
      - @ConditionalOnMissingBean (names: diskSpaceHealthIndicator; SearchStrategy: all) did not find any beans (OnBeanCondition)

   DispatcherServletAutoConfiguration matched:
      - @ConditionalOnClass found required class 'org.springframework.web.servlet.DispatcherServlet' (OnClassCondition)
      - found 'session' scope (OnWebApplicationCondition)

   DispatcherServletAutoConfiguration.DispatcherServletConfiguration matched:
      - @ConditionalOnClass found required class 'jakarta.servlet.ServletRegistration' (OnClassCondition)
      - Default DispatcherServlet did not find dispatcher servlet beans (DispatcherServletAutoConfiguration.DefaultDispatcherServletCondition)

   DispatcherServletAutoConfiguration.DispatcherServletRegistrationConfiguration matched:
      - @ConditionalOnClass found required class 'jakarta.servlet.ServletRegistration' (OnClassCondition)
      - DispatcherServlet Registration did not find servlet registration bean (DispatcherServletAutoConfiguration.DispatcherServletRegistrationCondition)

   DispatcherServletAutoConfiguration.DispatcherServletRegistrationConfiguration#dispatcherServletRegistration matched:
      - @ConditionalOnBean (names: dispatcherServlet types: org.springframework.web.servlet.DispatcherServlet; SearchStrategy: all) found bean 'dispatcherServlet' (OnBeanCondition)

   EmbeddedWebServerFactoryCustomizerAutoConfiguration matched:
      - @ConditionalOnWebApplication (required) found 'session' scope (OnWebApplicationCondition)

   EmbeddedWebServerFactoryCustomizerAutoConfiguration.NettyWebServerFactoryCustomizerConfiguration matched:
      - @ConditionalOnClass found required class 'reactor.netty.http.server.HttpServer' (OnClassCondition)

   EmbeddedWebServerFactoryCustomizerAutoConfiguration.TomcatWebServerFactoryCustomizerConfiguration matched:
      - @ConditionalOnClass found required classes 'org.apache.catalina.startup.Tomcat', 'org.apache.coyote.UpgradeProtocol' (OnClassCondition)

   EndpointAutoConfiguration#endpointCachingOperationInvokerAdvisor matched:
      - @ConditionalOnMissingBean (types: org.springframework.boot.actuate.endpoint.invoker.cache.CachingOperationInvokerAdvisor; SearchStrategy: all) did not find any beans (OnBeanCondition)

   EndpointAutoConfiguration#endpointOperationParameterMapper matched:
      - @ConditionalOnMissingBean (types: org.springframework.boot.actuate.endpoint.invoke.ParameterValueMapper; SearchStrategy: all) did not find any beans (OnBeanCondition)

   ErrorMvcAutoConfiguration matched:
      - @ConditionalOnClass found required classes 'jakarta.servlet.Servlet', 'org.springframework.web.servlet.DispatcherServlet' (OnClassCondition)
      - found 'session' scope (OnWebApplicationCondition)

   ErrorMvcAutoConfiguration#basicErrorController matched:
      - @ConditionalOnMissingBean (types: org.springframework.boot.web.servlet.error.ErrorController; SearchStrategy: current) did not find any beans (OnBeanCondition)

   ErrorMvcAutoConfiguration#errorAttributes matched:
      - @ConditionalOnMissingBean (types: org.springframework.boot.web.servlet.error.ErrorAttributes; SearchStrategy: current) did not find any beans (OnBeanCondition)

   ErrorMvcAutoConfiguration.DefaultErrorViewResolverConfiguration#conventionErrorViewResolver matched:
      - @ConditionalOnBean (types: org.springframework.web.servlet.DispatcherServlet; SearchStrategy: all) found bean 'dispatcherServlet'; @ConditionalOnMissingBean (types: org.springframework.boot.autoconfigure.web.servlet.error.ErrorViewResolver; SearchStrategy: all) did not find any beans (OnBeanCondition)

   ErrorMvcAutoConfiguration.WhitelabelErrorViewConfiguration matched:
      - @ConditionalOnProperty (server.error.whitelabel.enabled) matched (OnPropertyCondition)
      - ErrorTemplate Missing did not find error template view (ErrorMvcAutoConfiguration.ErrorTemplateMissingCondition)

   ErrorMvcAutoConfiguration.WhitelabelErrorViewConfiguration#beanNameViewResolver matched:
      - @ConditionalOnMissingBean (types: org.springframework.web.servlet.view.BeanNameViewResolver; SearchStrategy: all) did not find any beans (OnBeanCondition)

   ErrorMvcAutoConfiguration.WhitelabelErrorViewConfiguration#defaultErrorView matched:
      - @ConditionalOnMissingBean (names: error; SearchStrategy: all) did not find any beans (OnBeanCondition)

   HealthContributorAutoConfiguration#pingHealthContributor matched:
      - @ConditionalOnEnabledHealthIndicator management.health.defaults.enabled is considered true (OnEnabledHealthIndicatorCondition)

   HttpClientObservationsAutoConfiguration matched:
      - @ConditionalOnClass found required class 'io.micrometer.observation.Observation' (OnClassCondition)
      - @ConditionalOnBean (types: io.micrometer.observation.ObservationRegistry; SearchStrategy: all) found bean 'observationRegistry' (OnBeanCondition)

   HttpClientObservationsAutoConfiguration.MeterFilterConfiguration matched:
      - @ConditionalOnClass found required class 'io.micrometer.core.instrument.MeterRegistry' (OnClassCondition)
      - @ConditionalOnBean (types: io.micrometer.core.instrument.MeterRegistry; SearchStrategy: all) found bean 'simpleMeterRegistry' (OnBeanCondition)

   HttpEncodingAutoConfiguration matched:
      - @ConditionalOnClass found required class 'org.springframework.web.filter.CharacterEncodingFilter' (OnClassCondition)
      - found 'session' scope (OnWebApplicationCondition)
      - @ConditionalOnProperty (server.servlet.encoding.enabled) matched (OnPropertyCondition)

   HttpEncodingAutoConfiguration#characterEncodingFilter matched:
      - @ConditionalOnMissingBean (types: org.springframework.web.filter.CharacterEncodingFilter; SearchStrategy: all) did not find any beans (OnBeanCondition)

   HttpMessageConvertersAutoConfiguration matched:
      - @ConditionalOnClass found required class 'org.springframework.http.converter.HttpMessageConverter' (OnClassCondition)
      - NoneNestedConditions 0 matched 1 did not; NestedCondition on HttpMessageConvertersAutoConfiguration.NotReactiveWebApplicationCondition.ReactiveWebApplication not a reactive web application (HttpMessageConvertersAutoConfiguration.NotReactiveWebApplicationCondition)

   HttpMessageConvertersAutoConfiguration#messageConverters matched:
      - @ConditionalOnMissingBean (types: org.springframework.boot.autoconfigure.http.HttpMessageConverters; SearchStrategy: all) did not find any beans (OnBeanCondition)

   HttpMessageConvertersAutoConfiguration.StringHttpMessageConverterConfiguration matched:
      - @ConditionalOnClass found required class 'org.springframework.http.converter.StringHttpMessageConverter' (OnClassCondition)

   HttpMessageConvertersAutoConfiguration.StringHttpMessageConverterConfiguration#stringHttpMessageConverter matched:
      - @ConditionalOnMissingBean (types: org.springframework.http.converter.StringHttpMessageConverter; SearchStrategy: all) did not find any beans (OnBeanCondition)

   JacksonAutoConfiguration matched:
      - @ConditionalOnClass found required class 'com.fasterxml.jackson.databind.ObjectMapper' (OnClassCondition)

   JacksonAutoConfiguration.Jackson2ObjectMapperBuilderCustomizerConfiguration matched:
      - @ConditionalOnClass found required class 'org.springframework.http.converter.json.Jackson2ObjectMapperBuilder' (OnClassCondition)

   JacksonAutoConfiguration.JacksonObjectMapperBuilderConfiguration matched:
      - @ConditionalOnClass found required class 'org.springframework.http.converter.json.Jackson2ObjectMapperBuilder' (OnClassCondition)

   JacksonAutoConfiguration.JacksonObjectMapperBuilderConfiguration#jacksonObjectMapperBuilder matched:
      - @ConditionalOnMissingBean (types: org.springframework.http.converter.json.Jackson2ObjectMapperBuilder; SearchStrategy: all) did not find any beans (OnBeanCondition)

   JacksonAutoConfiguration.JacksonObjectMapperConfiguration matched:
      - @ConditionalOnClass found required class 'org.springframework.http.converter.json.Jackson2ObjectMapperBuilder' (OnClassCondition)

   JacksonAutoConfiguration.JacksonObjectMapperConfiguration#jacksonObjectMapper matched:
      - @ConditionalOnMissingBean (types: com.fasterxml.jackson.databind.ObjectMapper; SearchStrategy: all) did not find any beans (OnBeanCondition)

   JacksonAutoConfiguration.ParameterNamesModuleConfiguration matched:
      - @ConditionalOnClass found required class 'com.fasterxml.jackson.module.paramnames.ParameterNamesModule' (OnClassCondition)

   JacksonAutoConfiguration.ParameterNamesModuleConfiguration#parameterNamesModule matched:
      - @ConditionalOnMissingBean (types: com.fasterxml.jackson.module.paramnames.ParameterNamesModule; SearchStrategy: all) did not find any beans (OnBeanCondition)

   JacksonEndpointAutoConfiguration#endpointObjectMapper matched:
      - @ConditionalOnClass found required classes 'com.fasterxml.jackson.databind.ObjectMapper', 'org.springframework.http.converter.json.Jackson2ObjectMapperBuilder' (OnClassCondition)
      - @ConditionalOnProperty (management.endpoints.jackson.isolated-object-mapper) matched (OnPropertyCondition)

   JacksonHttpMessageConvertersConfiguration.MappingJackson2HttpMessageConverterConfiguration matched:
      - @ConditionalOnClass found required class 'com.fasterxml.jackson.databind.ObjectMapper' (OnClassCondition)
      - @ConditionalOnProperty (spring.mvc.converters.preferred-json-mapper=jackson) matched (OnPropertyCondition)
      - @ConditionalOnBean (types: com.fasterxml.jackson.databind.ObjectMapper; SearchStrategy: all) found bean 'jacksonObjectMapper' (OnBeanCondition)

   JacksonHttpMessageConvertersConfiguration.MappingJackson2HttpMessageConverterConfiguration#mappingJackson2HttpMessageConverter matched:
      - @ConditionalOnMissingBean (types: org.springframework.http.converter.json.MappingJackson2HttpMessageConverter ignored: org.springframework.hateoas.server.mvc.TypeConstrainedMappingJackson2HttpMessageConverter,org.springframework.data.rest.webmvc.alps.AlpsJsonHttpMessageConverter; SearchStrategy: all) did not find any beans (OnBeanCondition)

   JacksonHttpMessageConvertersConfiguration.MappingJackson2XmlHttpMessageConverterConfiguration matched:
      - @ConditionalOnClass found required class 'com.fasterxml.jackson.dataformat.xml.XmlMapper' (OnClassCondition)
      - @ConditionalOnBean (types: org.springframework.http.converter.json.Jackson2ObjectMapperBuilder; SearchStrategy: all) found bean 'jacksonObjectMapperBuilder' (OnBeanCondition)

   JacksonHttpMessageConvertersConfiguration.MappingJackson2XmlHttpMessageConverterConfiguration#mappingJackson2XmlHttpMessageConverter matched:
      - @ConditionalOnMissingBean (types: org.springframework.http.converter.xml.MappingJackson2XmlHttpMessageConverter; SearchStrategy: all) did not find any beans (OnBeanCondition)

   JdbcTemplateAutoConfiguration matched:
      - @ConditionalOnClass found required classes 'javax.sql.DataSource', 'org.springframework.jdbc.core.JdbcTemplate' (OnClassCondition)
      - @ConditionalOnSingleCandidate (types: javax.sql.DataSource; SearchStrategy: all) found a single bean 'dataSource' (OnBeanCondition)

   JdbcTemplateConfiguration matched:
      - @ConditionalOnMissingBean (types: org.springframework.jdbc.core.JdbcOperations; SearchStrategy: all) did not find any beans (OnBeanCondition)

   JvmMetricsAutoConfiguration matched:
      - @ConditionalOnClass found required class 'io.micrometer.core.instrument.MeterRegistry' (OnClassCondition)
      - @ConditionalOnBean (types: io.micrometer.core.instrument.MeterRegistry; SearchStrategy: all) found bean 'simpleMeterRegistry' (OnBeanCondition)

   JvmMetricsAutoConfiguration#classLoaderMetrics matched:
      - @ConditionalOnMissingBean (types: io.micrometer.core.instrument.binder.jvm.ClassLoaderMetrics; SearchStrategy: all) did not find any beans (OnBeanCondition)

   JvmMetricsAutoConfiguration#jvmCompilationMetrics matched:
      - @ConditionalOnMissingBean (types: io.micrometer.core.instrument.binder.jvm.JvmCompilationMetrics; SearchStrategy: all) did not find any beans (OnBeanCondition)

   JvmMetricsAutoConfiguration#jvmGcMetrics matched:
      - @ConditionalOnMissingBean (types: io.micrometer.core.instrument.binder.jvm.JvmGcMetrics; SearchStrategy: all) did not find any beans (OnBeanCondition)

   JvmMetricsAutoConfiguration#jvmHeapPressureMetrics matched:
      - @ConditionalOnMissingBean (types: io.micrometer.core.instrument.binder.jvm.JvmHeapPressureMetrics; SearchStrategy: all) did not find any beans (OnBeanCondition)

   JvmMetricsAutoConfiguration#jvmInfoMetrics matched:
      - @ConditionalOnMissingBean (types: io.micrometer.core.instrument.binder.jvm.JvmInfoMetrics; SearchStrategy: all) did not find any beans (OnBeanCondition)

   JvmMetricsAutoConfiguration#jvmMemoryMetrics matched:
      - @ConditionalOnMissingBean (types: io.micrometer.core.instrument.binder.jvm.JvmMemoryMetrics; SearchStrategy: all) did not find any beans (OnBeanCondition)

   JvmMetricsAutoConfiguration#jvmThreadMetrics matched:
      - @ConditionalOnMissingBean (types: io.micrometer.core.instrument.binder.jvm.JvmThreadMetrics; SearchStrategy: all) did not find any beans (OnBeanCondition)

   LifecycleAutoConfiguration#defaultLifecycleProcessor matched:
      - @ConditionalOnMissingBean (names: lifecycleProcessor; SearchStrategy: current) did not find any beans (OnBeanCondition)

   LogbackMetricsAutoConfiguration matched:
      - @ConditionalOnClass found required classes 'io.micrometer.core.instrument.MeterRegistry', 'ch.qos.logback.classic.LoggerContext', 'org.slf4j.LoggerFactory' (OnClassCondition)
      - LogbackLoggingCondition ILoggerFactory is a Logback LoggerContext (LogbackMetricsAutoConfiguration.LogbackLoggingCondition)
      - @ConditionalOnBean (types: io.micrometer.core.instrument.MeterRegistry; SearchStrategy: all) found bean 'simpleMeterRegistry' (OnBeanCondition)

   LogbackMetricsAutoConfiguration#logbackMetrics matched:
      - @ConditionalOnMissingBean (types: io.micrometer.core.instrument.binder.logging.LogbackMetrics; SearchStrategy: all) did not find any beans (OnBeanCondition)

   ManagementContextAutoConfiguration.SameManagementContextConfiguration matched:
      - Management Port actual port type (SAME) matched required type (OnManagementPortCondition)

   MetricsAutoConfiguration matched:
      - @ConditionalOnClass found required class 'io.micrometer.core.annotation.Timed' (OnClassCondition)

   MetricsAutoConfiguration#micrometerClock matched:
      - @ConditionalOnMissingBean (types: io.micrometer.core.instrument.Clock; SearchStrategy: all) did not find any beans (OnBeanCondition)

   MultipartAutoConfiguration matched:
      - @ConditionalOnClass found required classes 'jakarta.servlet.Servlet', 'org.springframework.web.multipart.support.StandardServletMultipartResolver', 'jakarta.servlet.MultipartConfigElement' (OnClassCondition)
      - found 'session' scope (OnWebApplicationCondition)
      - @ConditionalOnProperty (spring.servlet.multipart.enabled) matched (OnPropertyCondition)

   MultipartAutoConfiguration#multipartConfigElement matched:
      - @ConditionalOnMissingBean (types: jakarta.servlet.MultipartConfigElement; SearchStrategy: all) did not find any beans (OnBeanCondition)

   MultipartAutoConfiguration#multipartResolver matched:
      - @ConditionalOnMissingBean (types: org.springframework.web.multipart.MultipartResolver; SearchStrategy: all) did not find any beans (OnBeanCondition)

   MybatisAutoConfiguration matched:
      - @ConditionalOnClass found required classes 'org.apache.ibatis.session.SqlSessionFactory', 'org.mybatis.spring.SqlSessionFactoryBean' (OnClassCondition)
      - @ConditionalOnSingleCandidate (types: javax.sql.DataSource; SearchStrategy: all) found a single bean 'dataSource' (OnBeanCondition)

   MybatisLanguageDriverAutoConfiguration matched:
      - @ConditionalOnClass found required class 'org.apache.ibatis.scripting.LanguageDriver' (OnClassCondition)

   NamedParameterJdbcTemplateConfiguration matched:
      - @ConditionalOnSingleCandidate (types: org.springframework.jdbc.core.JdbcTemplate; SearchStrategy: all) found a single bean 'jdbcTemplate'; @ConditionalOnMissingBean (types: org.springframework.jdbc.core.namedparam.NamedParameterJdbcOperations; SearchStrategy: all) did not find any beans (OnBeanCondition)

   NettyAutoConfiguration matched:
      - @ConditionalOnClass found required class 'io.netty.util.NettyRuntime' (OnClassCondition)

   ObservationAutoConfiguration matched:
      - @ConditionalOnClass found required class 'io.micrometer.observation.ObservationRegistry' (OnClassCondition)

   ObservationAutoConfiguration#observationRegistry matched:
      - @ConditionalOnMissingBean (types: io.micrometer.observation.ObservationRegistry; SearchStrategy: all) did not find any beans (OnBeanCondition)

   ObservationAutoConfiguration.MeterObservationHandlerConfiguration matched:
      - @ConditionalOnBean (types: io.micrometer.core.instrument.MeterRegistry; SearchStrategy: all) found bean 'simpleMeterRegistry'; @ConditionalOnMissingBean (types: io.micrometer.core.instrument.observation.MeterObservationHandler; SearchStrategy: all) did not find any beans (OnBeanCondition)

   ObservationAutoConfiguration.MeterObservationHandlerConfiguration.OnlyMetricsMeterObservationHandlerConfiguration matched:
      - @ConditionalOnMissingBean (types: io.micrometer.tracing.Tracer; SearchStrategy: all) did not find any beans (OnBeanCondition)

   ObservationAutoConfiguration.OnlyMetricsConfiguration matched:
      - @ConditionalOnClass found required class 'io.micrometer.core.instrument.MeterRegistry'; @ConditionalOnMissingClass did not find unwanted class 'io.micrometer.tracing.Tracer' (OnClassCondition)

   PersistenceExceptionTranslationAutoConfiguration matched:
      - @ConditionalOnClass found required class 'org.springframework.dao.annotation.PersistenceExceptionTranslationPostProcessor' (OnClassCondition)

   PersistenceExceptionTranslationAutoConfiguration#persistenceExceptionTranslationPostProcessor matched:
      - @ConditionalOnProperty (spring.dao.exceptiontranslation.enabled) matched (OnPropertyCondition)
      - @ConditionalOnMissingBean (types: org.springframework.dao.annotation.PersistenceExceptionTranslationPostProcessor; SearchStrategy: all) did not find any beans (OnBeanCondition)

   PropertyPlaceholderAutoConfiguration#propertySourcesPlaceholderConfigurer matched:
      - @ConditionalOnMissingBean (types: org.springframework.context.support.PropertySourcesPlaceholderConfigurer; SearchStrategy: current) did not find any beans (OnBeanCondition)

   ReactiveSecurityAutoConfiguration matched:
      - @ConditionalOnClass found required classes 'reactor.core.publisher.Flux', 'org.springframework.security.config.annotation.web.reactive.EnableWebFluxSecurity', 'org.springframework.security.web.server.WebFilterChainProxy', 'org.springframework.web.reactive.config.WebFluxConfigurer' (OnClassCondition)

   ReactorNettyConfigurations.ReactorResourceFactoryConfiguration#reactorResourceFactory matched:
      - @ConditionalOnMissingBean (types: org.springframework.http.client.reactive.ReactorResourceFactory; SearchStrategy: all) did not find any beans (OnBeanCondition)

   RestTemplateAutoConfiguration matched:
      - @ConditionalOnClass found required class 'org.springframework.web.client.RestTemplate' (OnClassCondition)
      - NoneNestedConditions 0 matched 1 did not; NestedCondition on RestTemplateAutoConfiguration.NotReactiveWebApplicationCondition.ReactiveWebApplication not a reactive web application (RestTemplateAutoConfiguration.NotReactiveWebApplicationCondition)

   RestTemplateAutoConfiguration#restTemplateBuilder matched:
      - @ConditionalOnMissingBean (types: org.springframework.boot.web.client.RestTemplateBuilder; SearchStrategy: all) did not find any beans (OnBeanCondition)

   RestTemplateAutoConfiguration#restTemplateBuilderConfigurer matched:
      - @ConditionalOnMissingBean (types: org.springframework.boot.autoconfigure.web.client.RestTemplateBuilderConfigurer; SearchStrategy: all) did not find any beans (OnBeanCondition)

   RestTemplateObservationConfiguration matched:
      - @ConditionalOnClass found required class 'org.springframework.web.client.RestTemplate' (OnClassCondition)
      - @ConditionalOnBean (types: org.springframework.boot.web.client.RestTemplateBuilder; SearchStrategy: all) found bean 'restTemplateBuilder' (OnBeanCondition)

   SecurityAutoConfiguration matched:
      - @ConditionalOnClass found required class 'org.springframework.security.authentication.DefaultAuthenticationEventPublisher' (OnClassCondition)

   SecurityAutoConfiguration#authenticationEventPublisher matched:
      - @ConditionalOnMissingBean (types: org.springframework.security.authentication.AuthenticationEventPublisher; SearchStrategy: all) did not find any beans (OnBeanCondition)

   SecurityFilterAutoConfiguration matched:
      - @ConditionalOnClass found required classes 'org.springframework.security.web.context.AbstractSecurityWebApplicationInitializer', 'org.springframework.security.config.http.SessionCreationPolicy' (OnClassCondition)
      - found 'session' scope (OnWebApplicationCondition)

   SecurityFilterAutoConfiguration#securityFilterChainRegistration matched:
      - @ConditionalOnBean (names: springSecurityFilterChain; SearchStrategy: all) found bean 'springSecurityFilterChain' (OnBeanCondition)

   SecurityRequestMatchersManagementContextConfiguration matched:
      - @ConditionalOnClass found required class 'org.springframework.security.web.util.matcher.RequestMatcher' (OnClassCondition)
      - found 'session' scope (OnWebApplicationCondition)

   SecurityRequestMatchersManagementContextConfiguration.MvcRequestMatcherConfiguration matched:
      - @ConditionalOnClass found required class 'org.springframework.web.servlet.DispatcherServlet' (OnClassCondition)
      - @ConditionalOnBean (types: org.springframework.boot.autoconfigure.web.servlet.DispatcherServletPath; SearchStrategy: all) found bean 'dispatcherServletRegistration' (OnBeanCondition)

   SecurityRequestMatchersManagementContextConfiguration.MvcRequestMatcherConfiguration#requestMatcherProvider matched:
      - @ConditionalOnClass found required class 'org.springframework.web.servlet.DispatcherServlet' (OnClassCondition)
      - @ConditionalOnMissingBean (types: org.springframework.boot.autoconfigure.security.servlet.RequestMatcherProvider; SearchStrategy: all) did not find any beans (OnBeanCondition)

   ServletEndpointManagementContextConfiguration matched:
      - found 'session' scope (OnWebApplicationCondition)

   ServletEndpointManagementContextConfiguration.WebMvcServletEndpointManagementContextConfiguration matched:
      - @ConditionalOnClass found required class 'org.springframework.web.servlet.DispatcherServlet' (OnClassCondition)

   ServletManagementContextAutoConfiguration matched:
      - @ConditionalOnClass found required class 'jakarta.servlet.Servlet' (OnClassCondition)
      - found 'session' scope (OnWebApplicationCondition)

   ServletWebServerFactoryAutoConfiguration matched:
      - @ConditionalOnClass found required class 'jakarta.servlet.ServletRequest' (OnClassCondition)
      - found 'session' scope (OnWebApplicationCondition)

   ServletWebServerFactoryAutoConfiguration#tomcatServletWebServerFactoryCustomizer matched:
      - @ConditionalOnClass found required class 'org.apache.catalina.startup.Tomcat' (OnClassCondition)

   ServletWebServerFactoryConfiguration.EmbeddedTomcat matched:
      - @ConditionalOnClass found required classes 'jakarta.servlet.Servlet', 'org.apache.catalina.startup.Tomcat', 'org.apache.coyote.UpgradeProtocol' (OnClassCondition)
      - @ConditionalOnMissingBean (types: org.springframework.boot.web.servlet.server.ServletWebServerFactory; SearchStrategy: current) did not find any beans (OnBeanCondition)

   SimpleMetricsExportAutoConfiguration matched:
      - @ConditionalOnEnabledMetricsExport management.simple.metrics.export.enabled is true (OnMetricsExportEnabledCondition)
      - @ConditionalOnBean (types: io.micrometer.core.instrument.Clock; SearchStrategy: all) found bean 'micrometerClock'; @ConditionalOnMissingBean (types: io.micrometer.core.instrument.MeterRegistry; SearchStrategy: all) did not find any beans (OnBeanCondition)

   SimpleMetricsExportAutoConfiguration#simpleConfig matched:
      - @ConditionalOnMissingBean (types: io.micrometer.core.instrument.simple.SimpleConfig; SearchStrategy: all) did not find any beans (OnBeanCondition)

   SpringBootWebSecurityConfiguration matched:
      - found 'session' scope (OnWebApplicationCondition)

   SqlInitializationAutoConfiguration matched:
      - @ConditionalOnProperty (spring.sql.init.enabled) matched (OnPropertyCondition)
      - NoneNestedConditions 0 matched 1 did not; NestedCondition on SqlInitializationAutoConfiguration.SqlInitializationModeCondition.ModeIsNever @ConditionalOnProperty (spring.sql.init.mode=never) did not find property 'mode' (SqlInitializationAutoConfiguration.SqlInitializationModeCondition)

   StartupTimeMetricsListenerAutoConfiguration matched:
      - @ConditionalOnClass found required class 'io.micrometer.core.instrument.MeterRegistry' (OnClassCondition)
      - @ConditionalOnBean (types: io.micrometer.core.instrument.MeterRegistry; SearchStrategy: all) found bean 'simpleMeterRegistry' (OnBeanCondition)

   StartupTimeMetricsListenerAutoConfiguration#startupTimeMetrics matched:
      - @ConditionalOnMissingBean (types: org.springframework.boot.actuate.metrics.startup.StartupTimeMetricsListener; SearchStrategy: all) did not find any beans (OnBeanCondition)

   SystemMetricsAutoConfiguration matched:
      - @ConditionalOnClass found required class 'io.micrometer.core.instrument.MeterRegistry' (OnClassCondition)
      - @ConditionalOnBean (types: io.micrometer.core.instrument.MeterRegistry; SearchStrategy: all) found bean 'simpleMeterRegistry' (OnBeanCondition)

   SystemMetricsAutoConfiguration#diskSpaceMetrics matched:
      - @ConditionalOnMissingBean (types: org.springframework.boot.actuate.metrics.system.DiskSpaceMetricsBinder; SearchStrategy: all) did not find any beans (OnBeanCondition)

   SystemMetricsAutoConfiguration#fileDescriptorMetrics matched:
      - @ConditionalOnMissingBean (types: io.micrometer.core.instrument.binder.system.FileDescriptorMetrics; SearchStrategy: all) did not find any beans (OnBeanCondition)

   SystemMetricsAutoConfiguration#processorMetrics matched:
      - @ConditionalOnMissingBean (types: io.micrometer.core.instrument.binder.system.ProcessorMetrics; SearchStrategy: all) did not find any beans (OnBeanCondition)

   SystemMetricsAutoConfiguration#uptimeMetrics matched:
      - @ConditionalOnMissingBean (types: io.micrometer.core.instrument.binder.system.UptimeMetrics; SearchStrategy: all) did not find any beans (OnBeanCondition)

   TaskExecutionAutoConfiguration matched:
      - @ConditionalOnClass found required class 'org.springframework.scheduling.concurrent.ThreadPoolTaskExecutor' (OnClassCondition)

   TaskExecutionAutoConfiguration#applicationTaskExecutor matched:
      - @ConditionalOnMissingBean (types: java.util.concurrent.Executor; SearchStrategy: all) did not find any beans (OnBeanCondition)

   TaskExecutionAutoConfiguration#taskExecutorBuilder matched:
      - @ConditionalOnMissingBean (types: org.springframework.boot.task.TaskExecutorBuilder; SearchStrategy: all) did not find any beans (OnBeanCondition)

   TaskExecutorMetricsAutoConfiguration matched:
      - @ConditionalOnClass found required class 'io.micrometer.core.instrument.binder.jvm.ExecutorServiceMetrics' (OnClassCondition)
      - @ConditionalOnBean (types: java.util.concurrent.Executor,io.micrometer.core.instrument.MeterRegistry; SearchStrategy: all) found beans 'applicationTaskExecutor', 'simpleMeterRegistry', 'taskScheduler' (OnBeanCondition)

   TaskSchedulingAutoConfiguration matched:
      - @ConditionalOnClass found required class 'org.springframework.scheduling.concurrent.ThreadPoolTaskScheduler' (OnClassCondition)

   TaskSchedulingAutoConfiguration#scheduledBeanLazyInitializationExcludeFilter matched:
      - @ConditionalOnBean (names: org.springframework.context.annotation.internalScheduledAnnotationProcessor; SearchStrategy: all) found bean 'org.springframework.context.annotation.internalScheduledAnnotationProcessor' (OnBeanCondition)

   TaskSchedulingAutoConfiguration#taskScheduler matched:
      - @ConditionalOnBean (names: org.springframework.context.annotation.internalScheduledAnnotationProcessor; SearchStrategy: all) found bean 'org.springframework.context.annotation.internalScheduledAnnotationProcessor'; @ConditionalOnMissingBean (types: org.springframework.scheduling.annotation.SchedulingConfigurer,org.springframework.scheduling.TaskScheduler,java.util.concurrent.ScheduledExecutorService; SearchStrategy: all) did not find any beans (OnBeanCondition)

   TaskSchedulingAutoConfiguration#taskSchedulerBuilder matched:
      - @ConditionalOnMissingBean (types: org.springframework.boot.task.TaskSchedulerBuilder; SearchStrategy: all) did not find any beans (OnBeanCondition)

   TemplateEngineConfigurations.DefaultTemplateEngineConfiguration#templateEngine matched:
      - @ConditionalOnMissingBean (types: org.thymeleaf.spring6.ISpringTemplateEngine; SearchStrategy: all) did not find any beans (OnBeanCondition)

   ThymeleafAutoConfiguration matched:
      - @ConditionalOnClass found required classes 'org.thymeleaf.templatemode.TemplateMode', 'org.thymeleaf.spring6.SpringTemplateEngine' (OnClassCondition)

   ThymeleafAutoConfiguration.DefaultTemplateResolverConfiguration matched:
      - @ConditionalOnMissingBean (names: defaultTemplateResolver; SearchStrategy: all) did not find any beans (OnBeanCondition)

   ThymeleafAutoConfiguration.ThymeleafSecurityDialectConfiguration matched:
      - @ConditionalOnClass found required classes 'org.thymeleaf.extras.springsecurity6.dialect.SpringSecurityDialect', 'org.springframework.security.web.server.csrf.CsrfToken' (OnClassCondition)

   ThymeleafAutoConfiguration.ThymeleafSecurityDialectConfiguration#securityDialect matched:
      - @ConditionalOnMissingBean (types: org.thymeleaf.extras.springsecurity6.dialect.SpringSecurityDialect; SearchStrategy: all) did not find any beans (OnBeanCondition)

   ThymeleafAutoConfiguration.ThymeleafWebMvcConfiguration matched:
      - found 'session' scope (OnWebApplicationCondition)
      - @ConditionalOnProperty (spring.thymeleaf.enabled) matched (OnPropertyCondition)

   ThymeleafAutoConfiguration.ThymeleafWebMvcConfiguration.ThymeleafViewResolverConfiguration#thymeleafViewResolver matched:
      - @ConditionalOnMissingBean (names: thymeleafViewResolver; SearchStrategy: all) did not find any beans (OnBeanCondition)

   TomcatMetricsAutoConfiguration matched:
      - @ConditionalOnClass found required classes 'io.micrometer.core.instrument.binder.tomcat.TomcatMetrics', 'org.apache.catalina.Manager' (OnClassCondition)
      - @ConditionalOnWebApplication (required) found 'session' scope (OnWebApplicationCondition)

   TomcatMetricsAutoConfiguration#tomcatMetricsBinder matched:
      - @ConditionalOnBean (types: io.micrometer.core.instrument.MeterRegistry; SearchStrategy: all) found bean 'simpleMeterRegistry'; @ConditionalOnMissingBean (types: io.micrometer.core.instrument.binder.tomcat.TomcatMetrics,org.springframework.boot.actuate.metrics.web.tomcat.TomcatMetricsBinder; SearchStrategy: all) did not find any beans (OnBeanCondition)

   TransactionAutoConfiguration matched:
      - @ConditionalOnClass found required class 'org.springframework.transaction.PlatformTransactionManager' (OnClassCondition)

   TransactionAutoConfiguration#platformTransactionManagerCustomizers matched:
      - @ConditionalOnMissingBean (types: org.springframework.boot.autoconfigure.transaction.TransactionManagerCustomizers; SearchStrategy: all) did not find any beans (OnBeanCondition)

   TransactionAutoConfiguration.TransactionTemplateConfiguration matched:
      - @ConditionalOnSingleCandidate (types: org.springframework.transaction.PlatformTransactionManager; SearchStrategy: all) found a single bean 'transactionManager' (OnBeanCondition)

   TransactionAutoConfiguration.TransactionTemplateConfiguration#transactionTemplate matched:
      - @ConditionalOnMissingBean (types: org.springframework.transaction.support.TransactionOperations; SearchStrategy: all) did not find any beans (OnBeanCondition)

   UserDetailsServiceAutoConfiguration matched:
      - @ConditionalOnClass found required class 'org.springframework.security.authentication.AuthenticationManager' (OnClassCondition)
      - @ConditionalOnBean (types: org.springframework.security.config.annotation.ObjectPostProcessor; SearchStrategy: all) found bean 'objectPostProcessor'; @ConditionalOnMissingBean (types: org.springframework.security.authentication.AuthenticationManager,org.springframework.security.authentication.AuthenticationProvider,org.springframework.security.core.userdetails.UserDetailsService,org.springframework.security.authentication.AuthenticationManagerResolver,org.springframework.security.oauth2.jwt.JwtDecoder,org.springframework.security.oauth2.server.resource.introspection.OpaqueTokenIntrospector,org.springframework.security.oauth2.client.registration.ClientRegistrationRepository,org.springframework.security.saml2.provider.service.registration.RelyingPartyRegistrationRepository; SearchStrategy: all) did not find any beans (OnBeanCondition)

   WebClientAutoConfiguration matched:
      - @ConditionalOnClass found required class 'org.springframework.web.reactive.function.client.WebClient' (OnClassCondition)

   WebClientAutoConfiguration#webClientBuilder matched:
      - @ConditionalOnMissingBean (types: org.springframework.web.reactive.function.client.WebClient$Builder; SearchStrategy: all) did not find any beans (OnBeanCondition)

   WebClientAutoConfiguration.WebClientCodecsConfiguration matched:
      - @ConditionalOnBean (types: org.springframework.boot.web.codec.CodecCustomizer; SearchStrategy: all) found beans 'jacksonCodecCustomizer', 'defaultCodecCustomizer' (OnBeanCondition)

   WebClientAutoConfiguration.WebClientCodecsConfiguration#exchangeStrategiesCustomizer matched:
      - @ConditionalOnMissingBean (types: org.springframework.boot.autoconfigure.web.reactive.function.client.WebClientCodecCustomizer; SearchStrategy: all) did not find any beans (OnBeanCondition)

   WebClientObservationConfiguration matched:
      - @ConditionalOnClass found required class 'org.springframework.web.reactive.function.client.WebClient' (OnClassCondition)

   WebEndpointAutoConfiguration matched:
      - @ConditionalOnWebApplication (required) found 'session' scope (OnWebApplicationCondition)

   WebEndpointAutoConfiguration#controllerEndpointDiscoverer matched:
      - @ConditionalOnMissingBean (types: org.springframework.boot.actuate.endpoint.web.annotation.ControllerEndpointsSupplier; SearchStrategy: all) did not find any beans (OnBeanCondition)

   WebEndpointAutoConfiguration#endpointMediaTypes matched:
      - @ConditionalOnMissingBean (types: org.springframework.boot.actuate.endpoint.web.EndpointMediaTypes; SearchStrategy: all) did not find any beans (OnBeanCondition)

   WebEndpointAutoConfiguration#pathMappedEndpoints matched:
      - @ConditionalOnMissingBean (types: org.springframework.boot.actuate.endpoint.web.PathMappedEndpoints; SearchStrategy: all) did not find any beans (OnBeanCondition)

   WebEndpointAutoConfiguration#webEndpointDiscoverer matched:
      - @ConditionalOnMissingBean (types: org.springframework.boot.actuate.endpoint.web.WebEndpointsSupplier; SearchStrategy: all) did not find any beans (OnBeanCondition)

   WebEndpointAutoConfiguration.WebEndpointServletConfiguration matched:
      - found 'session' scope (OnWebApplicationCondition)

   WebEndpointAutoConfiguration.WebEndpointServletConfiguration#servletEndpointDiscoverer matched:
      - @ConditionalOnMissingBean (types: org.springframework.boot.actuate.endpoint.web.annotation.ServletEndpointsSupplier; SearchStrategy: all) did not find any beans (OnBeanCondition)

   WebMvcAutoConfiguration matched:
      - @ConditionalOnClass found required classes 'jakarta.servlet.Servlet', 'org.springframework.web.servlet.DispatcherServlet', 'org.springframework.web.servlet.config.annotation.WebMvcConfigurer' (OnClassCondition)
      - found 'session' scope (OnWebApplicationCondition)
      - @ConditionalOnMissingBean (types: org.springframework.web.servlet.config.annotation.WebMvcConfigurationSupport; SearchStrategy: all) did not find any beans (OnBeanCondition)

   WebMvcAutoConfiguration#formContentFilter matched:
      - @ConditionalOnProperty (spring.mvc.formcontent.filter.enabled) matched (OnPropertyCondition)
      - @ConditionalOnMissingBean (types: org.springframework.web.filter.FormContentFilter; SearchStrategy: all) did not find any beans (OnBeanCondition)

   WebMvcAutoConfiguration.EnableWebMvcConfiguration#flashMapManager matched:
      - @ConditionalOnMissingBean (names: flashMapManager; SearchStrategy: all) did not find any beans (OnBeanCondition)

   WebMvcAutoConfiguration.EnableWebMvcConfiguration#localeResolver matched:
      - @ConditionalOnMissingBean (names: localeResolver; SearchStrategy: all) did not find any beans (OnBeanCondition)

   WebMvcAutoConfiguration.EnableWebMvcConfiguration#themeResolver matched:
      - @ConditionalOnMissingBean (names: themeResolver; SearchStrategy: all) did not find any beans (OnBeanCondition)

   WebMvcAutoConfiguration.WebMvcAutoConfigurationAdapter#defaultViewResolver matched:
      - @ConditionalOnMissingBean (types: org.springframework.web.servlet.view.InternalResourceViewResolver; SearchStrategy: all) did not find any beans (OnBeanCondition)

   WebMvcAutoConfiguration.WebMvcAutoConfigurationAdapter#requestContextFilter matched:
      - @ConditionalOnMissingBean (types: org.springframework.web.context.request.RequestContextListener,org.springframework.web.filter.RequestContextFilter; SearchStrategy: all) did not find any beans (OnBeanCondition)

   WebMvcAutoConfiguration.WebMvcAutoConfigurationAdapter#viewResolver matched:
      - @ConditionalOnBean (types: org.springframework.web.servlet.ViewResolver; SearchStrategy: all) found beans 'defaultViewResolver', 'beanNameViewResolver', 'mvcViewResolver'; @ConditionalOnMissingBean (names: viewResolver types: org.springframework.web.servlet.view.ContentNegotiatingViewResolver; SearchStrategy: all) did not find any beans (OnBeanCondition)

   WebMvcEndpointManagementContextConfiguration matched:
      - @ConditionalOnClass found required class 'org.springframework.web.servlet.DispatcherServlet' (OnClassCondition)
      - found 'session' scope (OnWebApplicationCondition)
      - @ConditionalOnBean (types: org.springframework.web.servlet.DispatcherServlet,org.springframework.boot.actuate.endpoint.web.WebEndpointsSupplier; SearchStrategy: all) found beans 'webEndpointDiscoverer', 'dispatcherServlet' (OnBeanCondition)

   WebMvcEndpointManagementContextConfiguration#controllerEndpointHandlerMapping matched:
      - @ConditionalOnMissingBean (types: org.springframework.boot.actuate.endpoint.web.servlet.ControllerEndpointHandlerMapping; SearchStrategy: all) did not find any beans (OnBeanCondition)

   WebMvcEndpointManagementContextConfiguration#endpointObjectMapperWebMvcConfigurer matched:
      - @ConditionalOnBean (types: org.springframework.boot.actuate.endpoint.jackson.EndpointObjectMapper; SearchStrategy: all) found bean 'endpointObjectMapper' (OnBeanCondition)

   WebMvcEndpointManagementContextConfiguration#webEndpointServletHandlerMapping matched:
      - @ConditionalOnMissingBean (types: org.springframework.boot.actuate.endpoint.web.servlet.WebMvcEndpointHandlerMapping; SearchStrategy: all) did not find any beans (OnBeanCondition)

   WebMvcObservationAutoConfiguration matched:
      - @ConditionalOnClass found required classes 'org.springframework.web.servlet.DispatcherServlet', 'io.micrometer.observation.Observation' (OnClassCondition)
      - found 'session' scope (OnWebApplicationCondition)
      - @ConditionalOnBean (types: io.micrometer.observation.ObservationRegistry; SearchStrategy: all) found bean 'observationRegistry' (OnBeanCondition)

   WebMvcObservationAutoConfiguration#webMvcObservationFilter matched:
      - @ConditionalOnMissingBean (types: org.springframework.web.filter.ServerHttpObservationFilter; SearchStrategy: all) did not find any beans (OnBeanCondition)

   WebMvcObservationAutoConfiguration.MeterFilterConfiguration matched:
      - @ConditionalOnClass found required class 'io.micrometer.core.instrument.MeterRegistry' (OnClassCondition)
      - @ConditionalOnBean (types: io.micrometer.core.instrument.MeterRegistry; SearchStrategy: all) found bean 'simpleMeterRegistry' (OnBeanCondition)

   WebSocketMessagingAutoConfiguration matched:
      - @ConditionalOnClass found required class 'org.springframework.web.socket.config.annotation.WebSocketMessageBrokerConfigurer' (OnClassCondition)
      - found 'session' scope (OnWebApplicationCondition)

   WebSocketServletAutoConfiguration matched:
      - @ConditionalOnClass found required classes 'jakarta.servlet.Servlet', 'jakarta.websocket.server.ServerContainer' (OnClassCondition)
      - found 'session' scope (OnWebApplicationCondition)

   WebSocketServletAutoConfiguration.TomcatWebSocketConfiguration matched:
      - @ConditionalOnClass found required classes 'org.apache.catalina.startup.Tomcat', 'org.apache.tomcat.websocket.server.WsSci' (OnClassCondition)

   WebSocketServletAutoConfiguration.TomcatWebSocketConfiguration#websocketServletWebServerCustomizer matched:
      - @ConditionalOnMissingBean (names: websocketServletWebServerCustomizer; SearchStrategy: all) did not find any beans (OnBeanCondition)


Negative matches:
-----------------

   AopAutoConfiguration.AspectJAutoProxyingConfiguration:
      Did not match:
         - @ConditionalOnClass did not find required class 'org.aspectj.weaver.Advice' (OnClassCondition)

   AppOpticsMetricsExportAutoConfiguration:
      Did not match:
         - @ConditionalOnClass did not find required class 'io.micrometer.appoptics.AppOpticsMeterRegistry' (OnClassCondition)

   ArtemisAutoConfiguration:
      Did not match:
         - @ConditionalOnClass did not find required class 'jakarta.jms.ConnectionFactory' (OnClassCondition)

   AtlasMetricsExportAutoConfiguration:
      Did not match:
         - @ConditionalOnClass did not find required class 'io.micrometer.atlas.AtlasMeterRegistry' (OnClassCondition)

   AuditAutoConfiguration:
      Did not match:
         - @ConditionalOnBean (types: org.springframework.boot.actuate.audit.AuditEventRepository; SearchStrategy: all) did not find any beans of type org.springframework.boot.actuate.audit.AuditEventRepository (OnBeanCondition)
      Matched:
         - @ConditionalOnProperty (management.auditevents.enabled) matched (OnPropertyCondition)

   AuditEventsEndpointAutoConfiguration:
      Did not match:
         - @ConditionalOnAvailableEndpoint no 'management.endpoints' property marked it as exposed (OnAvailableEndpointCondition)

   AvailabilityHealthContributorAutoConfiguration#livenessStateHealthIndicator:
      Did not match:
         - @ConditionalOnProperty (management.health.livenessstate.enabled=true) did not find property 'enabled' (OnPropertyCondition)

   AvailabilityHealthContributorAutoConfiguration#readinessStateHealthIndicator:
      Did not match:
         - @ConditionalOnProperty (management.health.readinessstate.enabled=true) did not find property 'enabled' (OnPropertyCondition)

   AvailabilityProbesAutoConfiguration:
      Did not match:
         - Probes availability not running on a supported cloud platform (AvailabilityProbesAutoConfiguration.ProbesCondition)

   BatchAutoConfiguration:
      Did not match:
         - @ConditionalOnClass did not find required class 'org.springframework.batch.core.launch.JobLauncher' (OnClassCondition)

   BeansEndpointAutoConfiguration:
      Did not match:
         - @ConditionalOnAvailableEndpoint no 'management.endpoints' property marked it as exposed (OnAvailableEndpointCondition)

   BraveAutoConfiguration:
      Did not match:
         - @ConditionalOnClass did not find required class 'brave.Tracer' (OnClassCondition)

   Cache2kCacheConfiguration:
      Did not match:
         - @ConditionalOnClass did not find required class 'org.cache2k.Cache2kBuilder' (OnClassCondition)

   CacheAutoConfiguration:
      Did not match:
         - @ConditionalOnMissingBean (names: cacheResolver types: org.springframework.cache.CacheManager; SearchStrategy: all) found beans of type 'org.springframework.cache.CacheManager' cacheManager (OnBeanCondition)
      Matched:
         - @ConditionalOnClass found required class 'org.springframework.cache.CacheManager' (OnClassCondition)

   CacheAutoConfiguration.CacheManagerEntityManagerFactoryDependsOnPostProcessor:
      Did not match:
         - @ConditionalOnClass did not find required class 'org.springframework.orm.jpa.LocalContainerEntityManagerFactoryBean' (OnClassCondition)
         - Ancestor org.springframework.boot.autoconfigure.cache.CacheAutoConfiguration did not match (ConditionEvaluationReport.AncestorsMatchedCondition)

   CacheMeterBinderProvidersConfiguration.Cache2kCacheMeterBinderProviderConfiguration:
      Did not match:
         - @ConditionalOnClass did not find required classes 'org.cache2k.Cache2kBuilder', 'org.cache2k.extra.spring.SpringCache2kCache', 'org.cache2k.extra.micrometer.Cache2kCacheMetrics' (OnClassCondition)

   CacheMeterBinderProvidersConfiguration.HazelcastCacheMeterBinderProviderConfiguration:
      Did not match:
         - @ConditionalOnClass did not find required classes 'com.hazelcast.spring.cache.HazelcastCache', 'com.hazelcast.core.Hazelcast' (OnClassCondition)

   CacheMeterBinderProvidersConfiguration.JCacheCacheMeterBinderProviderConfiguration:
      Did not match:
         - @ConditionalOnClass did not find required class 'javax.cache.CacheManager' (OnClassCondition)

   CacheMeterBinderProvidersConfiguration.RedisCacheMeterBinderProviderConfiguration:
      Did not match:
         - @ConditionalOnClass did not find required class 'org.springframework.data.redis.cache.RedisCache' (OnClassCondition)

   CassandraAutoConfiguration:
      Did not match:
         - @ConditionalOnClass did not find required class 'com.datastax.oss.driver.api.core.CqlSession' (OnClassCondition)

   CassandraDataAutoConfiguration:
      Did not match:
         - @ConditionalOnClass did not find required class 'com.datastax.oss.driver.api.core.CqlSession' (OnClassCondition)

   CassandraHealthContributorAutoConfiguration:
      Did not match:
         - @ConditionalOnClass did not find required class 'com.datastax.oss.driver.api.core.CqlSession' (OnClassCondition)

   CassandraReactiveDataAutoConfiguration:
      Did not match:
         - @ConditionalOnClass did not find required class 'com.datastax.oss.driver.api.core.CqlSession' (OnClassCondition)

   CassandraReactiveHealthContributorAutoConfiguration:
      Did not match:
         - @ConditionalOnClass did not find required class 'com.datastax.oss.driver.api.core.CqlSession' (OnClassCondition)

   CassandraReactiveRepositoriesAutoConfiguration:
      Did not match:
         - @ConditionalOnClass did not find required class 'org.springframework.data.cassandra.ReactiveSession' (OnClassCondition)

   CassandraRepositoriesAutoConfiguration:
      Did not match:
         - @ConditionalOnClass did not find required class 'com.datastax.oss.driver.api.core.CqlSession' (OnClassCondition)

   ClientHttpConnectorConfiguration.HttpClient5:
      Did not match:
         - @ConditionalOnClass did not find required classes 'org.apache.hc.client5.http.impl.async.HttpAsyncClients', 'org.apache.hc.core5.http.nio.AsyncRequestProducer' (OnClassCondition)

   ClientHttpConnectorConfiguration.JdkClient:
      Did not match:
         - @ConditionalOnMissingBean (types: org.springframework.http.client.reactive.ClientHttpConnector; SearchStrategy: all) found beans of type 'org.springframework.http.client.reactive.ClientHttpConnector' reactorClientHttpConnector (OnBeanCondition)
      Matched:
         - @ConditionalOnClass found required class 'java.net.http.HttpClient' (OnClassCondition)

   ClientHttpConnectorConfiguration.JettyClient:
      Did not match:
         - @ConditionalOnClass did not find required class 'org.eclipse.jetty.reactive.client.ReactiveRequest' (OnClassCondition)

   CloudFoundryActuatorAutoConfiguration:
      Did not match:
         - @ConditionalOnCloudPlatform did not find CLOUD_FOUNDRY (OnCloudPlatformCondition)
      Matched:
         - @ConditionalOnClass found required class 'org.springframework.web.servlet.DispatcherServlet' (OnClassCondition)
         - found 'session' scope (OnWebApplicationCondition)
         - @ConditionalOnProperty (management.cloudfoundry.enabled) matched (OnPropertyCondition)

   CompositeMeterRegistryConfiguration:
      Did not match:
         - NoneNestedConditions 1 matched 1 did not; NestedCondition on CompositeMeterRegistryConfiguration.MultipleNonPrimaryMeterRegistriesCondition.SingleInjectableMeterRegistry @ConditionalOnSingleCandidate (types: io.micrometer.core.instrument.MeterRegistry; SearchStrategy: all) found a single bean 'simpleMeterRegistry'; NestedCondition on CompositeMeterRegistryConfiguration.MultipleNonPrimaryMeterRegistriesCondition.NoMeterRegistryCondition @ConditionalOnMissingBean (types: io.micrometer.core.instrument.MeterRegistry; SearchStrategy: all) found beans of type 'io.micrometer.core.instrument.MeterRegistry' simpleMeterRegistry (CompositeMeterRegistryConfiguration.MultipleNonPrimaryMeterRegistriesCondition)

   ConditionsReportEndpointAutoConfiguration:
      Did not match:
         - @ConditionalOnAvailableEndpoint no 'management.endpoints' property marked it as exposed (OnAvailableEndpointCondition)

   ConfigurationPropertiesReportEndpointAutoConfiguration:
      Did not match:
         - @ConditionalOnAvailableEndpoint no 'management.endpoints' property marked it as exposed (OnAvailableEndpointCondition)

   ConnectionFactoryHealthContributorAutoConfiguration:
      Did not match:
         - @ConditionalOnClass did not find required class 'io.r2dbc.spi.ConnectionFactory' (OnClassCondition)

   ConnectionPoolMetricsAutoConfiguration:
      Did not match:
         - @ConditionalOnClass did not find required class 'io.r2dbc.pool.ConnectionPool' (OnClassCondition)

   CouchbaseAutoConfiguration:
      Did not match:
         - @ConditionalOnClass did not find required class 'com.couchbase.client.java.Cluster' (OnClassCondition)

   CouchbaseCacheConfiguration:
      Did not match:
         - @ConditionalOnClass did not find required class 'com.couchbase.client.java.Cluster' (OnClassCondition)

   CouchbaseDataAutoConfiguration:
      Did not match:
         - @ConditionalOnClass did not find required class 'com.couchbase.client.java.Bucket' (OnClassCondition)

   CouchbaseHealthContributorAutoConfiguration:
      Did not match:
         - @ConditionalOnClass did not find required class 'com.couchbase.client.java.Cluster' (OnClassCondition)

   CouchbaseReactiveDataAutoConfiguration:
      Did not match:
         - @ConditionalOnClass did not find required class 'com.couchbase.client.java.Cluster' (OnClassCondition)

   CouchbaseReactiveHealthContributorAutoConfiguration:
      Did not match:
         - @ConditionalOnClass did not find required class 'com.couchbase.client.java.Cluster' (OnClassCondition)

   CouchbaseReactiveRepositoriesAutoConfiguration:
      Did not match:
         - @ConditionalOnClass did not find required class 'com.couchbase.client.java.Cluster' (OnClassCondition)

   CouchbaseRepositoriesAutoConfiguration:
      Did not match:
         - @ConditionalOnClass did not find required class 'com.couchbase.client.java.Bucket' (OnClassCondition)

   DataSourceAutoConfiguration.EmbeddedDatabaseConfiguration:
      Did not match:
         - EmbeddedDataSource found supported pooled data source (DataSourceAutoConfiguration.EmbeddedDatabaseCondition)

   DataSourceAutoConfiguration.PooledDataSourceConfiguration:
      Did not match:
         - @ConditionalOnMissingBean (types: javax.sql.DataSource,javax.sql.XADataSource; SearchStrategy: all) found beans of type 'javax.sql.DataSource' dataSource (OnBeanCondition)
      Matched:
         - AnyNestedCondition 1 matched 1 did not; NestedCondition on DataSourceAutoConfiguration.PooledDataSourceCondition.PooledDataSourceAvailable PooledDataSource found supported DataSource; NestedCondition on DataSourceAutoConfiguration.PooledDataSourceCondition.ExplicitType @ConditionalOnProperty (spring.datasource.type) did not find property 'type' (DataSourceAutoConfiguration.PooledDataSourceCondition)

   DataSourceConfiguration.Dbcp2:
      Did not match:
         - @ConditionalOnClass did not find required class 'org.apache.commons.dbcp2.BasicDataSource' (OnClassCondition)

   DataSourceConfiguration.Generic:
      Did not match:
         - @ConditionalOnProperty (spring.datasource.type) did not find property 'spring.datasource.type' (OnPropertyCondition)

   DataSourceConfiguration.OracleUcp:
      Did not match:
         - @ConditionalOnClass did not find required classes 'oracle.ucp.jdbc.PoolDataSourceImpl', 'oracle.jdbc.OracleConnection' (OnClassCondition)

   DataSourceConfiguration.Tomcat:
      Did not match:
         - @ConditionalOnClass did not find required class 'org.apache.tomcat.jdbc.pool.DataSource' (OnClassCondition)

   DataSourceJmxConfiguration:
      Did not match:
         - @ConditionalOnProperty (spring.jmx.enabled=true) found different value in property 'enabled' (OnPropertyCondition)

   DataSourcePoolMetadataProvidersConfiguration.CommonsDbcp2PoolDataSourceMetadataProviderConfiguration:
      Did not match:
         - @ConditionalOnClass did not find required class 'org.apache.commons.dbcp2.BasicDataSource' (OnClassCondition)

   DataSourcePoolMetadataProvidersConfiguration.OracleUcpPoolDataSourceMetadataProviderConfiguration:
      Did not match:
         - @ConditionalOnClass did not find required classes 'oracle.ucp.jdbc.PoolDataSource', 'oracle.jdbc.OracleConnection' (OnClassCondition)

   DataSourcePoolMetadataProvidersConfiguration.TomcatDataSourcePoolMetadataProviderConfiguration:
      Did not match:
         - @ConditionalOnClass did not find required class 'org.apache.tomcat.jdbc.pool.DataSource' (OnClassCondition)

   DataSourceTransactionManagerAutoConfiguration.JdbcTransactionManagerConfiguration#transactionManager:
      Did not match:
         - @ConditionalOnMissingBean (types: org.springframework.transaction.TransactionManager; SearchStrategy: all) found beans of type 'org.springframework.transaction.TransactionManager' transactionManager (OnBeanCondition)

   DatadogMetricsExportAutoConfiguration:
      Did not match:
         - @ConditionalOnClass did not find required class 'io.micrometer.datadog.DatadogMeterRegistry' (OnClassCondition)

   DispatcherServletAutoConfiguration.DispatcherServletConfiguration#multipartResolver:
      Did not match:
         - @ConditionalOnBean (types: org.springframework.web.multipart.MultipartResolver; SearchStrategy: all) did not find any beans of type org.springframework.web.multipart.MultipartResolver (OnBeanCondition)

   DynatraceMetricsExportAutoConfiguration:
      Did not match:
         - @ConditionalOnClass did not find required class 'io.micrometer.dynatrace.DynatraceMeterRegistry' (OnClassCondition)

   ElasticMetricsExportAutoConfiguration:
      Did not match:
         - @ConditionalOnClass did not find required class 'io.micrometer.elastic.ElasticMeterRegistry' (OnClassCondition)

   ElasticsearchClientAutoConfiguration:
      Did not match:
         - @ConditionalOnClass did not find required class 'co.elastic.clients.elasticsearch.ElasticsearchClient' (OnClassCondition)

   ElasticsearchDataAutoConfiguration:
      Did not match:
         - @ConditionalOnClass did not find required class 'org.springframework.data.elasticsearch.client.elc.ElasticsearchTemplate' (OnClassCondition)

   ElasticsearchReactiveHealthContributorAutoConfiguration:
      Did not match:
         - @ConditionalOnClass did not find required class 'org.springframework.data.elasticsearch.client.elc.ReactiveElasticsearchClient' (OnClassCondition)

   ElasticsearchRepositoriesAutoConfiguration:
      Did not match:
         - @ConditionalOnClass did not find required class 'org.springframework.data.elasticsearch.repository.ElasticsearchRepository' (OnClassCondition)

   ElasticsearchRestClientAutoConfiguration:
      Did not match:
         - @ConditionalOnClass did not find required class 'org.elasticsearch.client.RestClientBuilder' (OnClassCondition)

   ElasticsearchRestHealthContributorAutoConfiguration:
      Did not match:
         - @ConditionalOnClass did not find required class 'org.elasticsearch.client.RestClient' (OnClassCondition)

   EmbeddedLdapAutoConfiguration:
      Did not match:
         - @ConditionalOnClass did not find required class 'com.unboundid.ldap.listener.InMemoryDirectoryServer' (OnClassCondition)

   EmbeddedWebServerFactoryCustomizerAutoConfiguration.JettyWebServerFactoryCustomizerConfiguration:
      Did not match:
         - @ConditionalOnClass did not find required classes 'org.eclipse.jetty.server.Server', 'org.eclipse.jetty.util.Loader', 'org.eclipse.jetty.webapp.WebAppContext' (OnClassCondition)

   EmbeddedWebServerFactoryCustomizerAutoConfiguration.UndertowWebServerFactoryCustomizerConfiguration:
      Did not match:
         - @ConditionalOnClass did not find required classes 'io.undertow.Undertow', 'org.xnio.SslClientAuthMode' (OnClassCondition)

   EnvironmentEndpointAutoConfiguration:
      Did not match:
         - @ConditionalOnAvailableEndpoint no 'management.endpoints' property marked it as exposed (OnAvailableEndpointCondition)

   ErrorWebFluxAutoConfiguration:
      Did not match:
         - not a reactive web application (OnWebApplicationCondition)
      Matched:
         - @ConditionalOnClass found required class 'org.springframework.web.reactive.config.WebFluxConfigurer' (OnClassCondition)

   FlywayAutoConfiguration:
      Did not match:
         - @ConditionalOnClass did not find required class 'org.flywaydb.core.Flyway' (OnClassCondition)

   FlywayEndpointAutoConfiguration:
      Did not match:
         - @ConditionalOnClass did not find required class 'org.flywaydb.core.Flyway' (OnClassCondition)

   FreeMarkerAutoConfiguration:
      Did not match:
         - @ConditionalOnClass did not find required class 'freemarker.template.Configuration' (OnClassCondition)

   GangliaMetricsExportAutoConfiguration:
      Did not match:
         - @ConditionalOnClass did not find required class 'io.micrometer.ganglia.GangliaMeterRegistry' (OnClassCondition)

   GenericCacheConfiguration:
      Did not match:
         - Cache org.springframework.boot.autoconfigure.cache.GenericCacheConfiguration unknown cache type (CacheCondition)

   GraphQlAutoConfiguration:
      Did not match:
         - @ConditionalOnClass did not find required class 'graphql.GraphQL' (OnClassCondition)

   GraphQlObservationAutoConfiguration:
      Did not match:
         - @ConditionalOnClass did not find required class 'graphql.GraphQL' (OnClassCondition)

   GraphQlQueryByExampleAutoConfiguration:
      Did not match:
         - @ConditionalOnClass did not find required class 'graphql.GraphQL' (OnClassCondition)

   GraphQlQuerydslAutoConfiguration:
      Did not match:
         - @ConditionalOnClass did not find required class 'graphql.GraphQL' (OnClassCondition)

   GraphQlRSocketAutoConfiguration:
      Did not match:
         - @ConditionalOnClass did not find required class 'graphql.GraphQL' (OnClassCondition)

   GraphQlReactiveQueryByExampleAutoConfiguration:
      Did not match:
         - @ConditionalOnClass did not find required class 'graphql.GraphQL' (OnClassCondition)

   GraphQlReactiveQuerydslAutoConfiguration:
      Did not match:
         - @ConditionalOnClass did not find required class 'graphql.GraphQL' (OnClassCondition)

   GraphQlWebFluxAutoConfiguration:
      Did not match:
         - @ConditionalOnClass did not find required class 'graphql.GraphQL' (OnClassCondition)

   GraphQlWebFluxSecurityAutoConfiguration:
      Did not match:
         - @ConditionalOnClass did not find required class 'graphql.GraphQL' (OnClassCondition)

   GraphQlWebMvcAutoConfiguration:
      Did not match:
         - @ConditionalOnClass did not find required class 'graphql.GraphQL' (OnClassCondition)

   GraphQlWebMvcSecurityAutoConfiguration:
      Did not match:
         - @ConditionalOnClass did not find required class 'graphql.GraphQL' (OnClassCondition)

   GraphiteMetricsExportAutoConfiguration:
      Did not match:
         - @ConditionalOnClass did not find required class 'io.micrometer.graphite.GraphiteMeterRegistry' (OnClassCondition)

   GroovyTemplateAutoConfiguration:
      Did not match:
         - @ConditionalOnClass did not find required class 'groovy.text.markup.MarkupTemplateEngine' (OnClassCondition)

   GsonAutoConfiguration:
      Did not match:
         - @ConditionalOnClass did not find required class 'com.google.gson.Gson' (OnClassCondition)

   GsonHttpMessageConvertersConfiguration:
      Did not match:
         - @ConditionalOnClass did not find required class 'com.google.gson.Gson' (OnClassCondition)

   H2ConsoleAutoConfiguration:
      Did not match:
         - @ConditionalOnClass did not find required class 'org.h2.server.web.JakartaWebServlet' (OnClassCondition)

   HazelcastAutoConfiguration:
      Did not match:
         - @ConditionalOnClass did not find required class 'com.hazelcast.core.HazelcastInstance' (OnClassCondition)

   HazelcastCacheConfiguration:
      Did not match:
         - @ConditionalOnClass did not find required class 'com.hazelcast.core.HazelcastInstance' (OnClassCondition)

   HazelcastHealthContributorAutoConfiguration:
      Did not match:
         - @ConditionalOnClass did not find required class 'com.hazelcast.core.HazelcastInstance' (OnClassCondition)

   HazelcastJpaDependencyAutoConfiguration:
      Did not match:
         - @ConditionalOnClass did not find required class 'com.hazelcast.core.HazelcastInstance' (OnClassCondition)

   HealthEndpointAutoConfiguration:
      Did not match:
         - @ConditionalOnAvailableEndpoint no 'management.endpoints' property marked it as exposed (OnAvailableEndpointCondition)

   HeapDumpWebEndpointAutoConfiguration:
      Did not match:
         - @ConditionalOnAvailableEndpoint no 'management.endpoints' property marked it as exposed (OnAvailableEndpointCondition)

   HibernateJpaAutoConfiguration:
      Did not match:
         - @ConditionalOnClass did not find required class 'jakarta.persistence.EntityManager' (OnClassCondition)

   HibernateMetricsAutoConfiguration:
      Did not match:
         - @ConditionalOnClass did not find required class 'jakarta.persistence.EntityManagerFactory' (OnClassCondition)

   HttpExchangesAutoConfiguration:
      Did not match:
         - @ConditionalOnBean (types: org.springframework.boot.actuate.web.exchanges.HttpExchangeRepository; SearchStrategy: all) did not find any beans of type org.springframework.boot.actuate.web.exchanges.HttpExchangeRepository (OnBeanCondition)
      Matched:
         - @ConditionalOnWebApplication (required) found 'session' scope (OnWebApplicationCondition)
         - @ConditionalOnProperty (management.httpexchanges.recording.enabled) matched (OnPropertyCondition)

   HttpExchangesAutoConfiguration.ReactiveHttpExchangesConfiguration:
      Did not match:
         - not a reactive web application (OnWebApplicationCondition)
         - Ancestor org.springframework.boot.actuate.autoconfigure.web.exchanges.HttpExchangesAutoConfiguration did not match (ConditionEvaluationReport.AncestorsMatchedCondition)

   HttpExchangesAutoConfiguration.ServletHttpExchangesConfiguration:
      Did not match:
         - Ancestor org.springframework.boot.actuate.autoconfigure.web.exchanges.HttpExchangesAutoConfiguration did not match (ConditionEvaluationReport.AncestorsMatchedCondition)
      Matched:
         - found 'session' scope (OnWebApplicationCondition)

   HttpExchangesEndpointAutoConfiguration:
      Did not match:
         - @ConditionalOnAvailableEndpoint no 'management.endpoints' property marked it as exposed (OnAvailableEndpointCondition)

   HttpHandlerAutoConfiguration:
      Did not match:
         - not a reactive web application (OnWebApplicationCondition)
      Matched:
         - @ConditionalOnClass found required classes 'org.springframework.web.reactive.DispatcherHandler', 'org.springframework.http.server.reactive.HttpHandler' (OnClassCondition)

   HumioMetricsExportAutoConfiguration:
      Did not match:
         - @ConditionalOnClass did not find required class 'io.micrometer.humio.HumioMeterRegistry' (OnClassCondition)

   HypermediaAutoConfiguration:
      Did not match:
         - @ConditionalOnClass did not find required class 'org.springframework.hateoas.EntityModel' (OnClassCondition)

   InfinispanCacheConfiguration:
      Did not match:
         - @ConditionalOnClass did not find required class 'org.infinispan.spring.embedded.provider.SpringEmbeddedCacheManager' (OnClassCondition)

   InfluxDbAutoConfiguration:
      Did not match:
         - @ConditionalOnClass did not find required class 'org.influxdb.InfluxDB' (OnClassCondition)

   InfluxDbHealthContributorAutoConfiguration:
      Did not match:
         - @ConditionalOnClass did not find required class 'org.influxdb.InfluxDB' (OnClassCondition)

   InfluxMetricsExportAutoConfiguration:
      Did not match:
         - @ConditionalOnClass did not find required class 'io.micrometer.influx.InfluxMeterRegistry' (OnClassCondition)

   InfoContributorAutoConfiguration#buildInfoContributor:
      Did not match:
         - @ConditionalOnSingleCandidate (types: org.springframework.boot.info.BuildProperties; SearchStrategy: all) did not find any beans (OnBeanCondition)
      Matched:
         - @ConditionalOnEnabledInfoContributor management.info.defaults.enabled is considered true (OnEnabledInfoContributorCondition)

   InfoContributorAutoConfiguration#envInfoContributor:
      Did not match:
         - @ConditionalOnEnabledInfoContributor management.info.env.enabled is not true (OnEnabledInfoContributorCondition)

   InfoContributorAutoConfiguration#gitInfoContributor:
      Did not match:
         - @ConditionalOnSingleCandidate (types: org.springframework.boot.info.GitProperties; SearchStrategy: all) did not find any beans (OnBeanCondition)
      Matched:
         - @ConditionalOnEnabledInfoContributor management.info.defaults.enabled is considered true (OnEnabledInfoContributorCondition)

   InfoContributorAutoConfiguration#javaInfoContributor:
      Did not match:
         - @ConditionalOnEnabledInfoContributor management.info.java.enabled is not true (OnEnabledInfoContributorCondition)

   InfoContributorAutoConfiguration#osInfoContributor:
      Did not match:
         - @ConditionalOnEnabledInfoContributor management.info.os.enabled is not true (OnEnabledInfoContributorCondition)

   InfoEndpointAutoConfiguration:
      Did not match:
         - @ConditionalOnAvailableEndpoint no 'management.endpoints' property marked it as exposed (OnAvailableEndpointCondition)

   IntegrationAutoConfiguration:
      Did not match:
         - @ConditionalOnClass did not find required class 'org.springframework.integration.config.EnableIntegration' (OnClassCondition)

   IntegrationGraphEndpointAutoConfiguration:
      Did not match:
         - @ConditionalOnClass did not find required class 'org.springframework.integration.graph.IntegrationGraphServer' (OnClassCondition)

   JCacheCacheConfiguration:
      Did not match:
         - @ConditionalOnClass did not find required class 'javax.cache.Caching' (OnClassCondition)

   JdbcRepositoriesAutoConfiguration:
      Did not match:
         - @ConditionalOnClass did not find required class 'org.springframework.data.jdbc.repository.config.AbstractJdbcConfiguration' (OnClassCondition)

   JerseyAutoConfiguration:
      Did not match:
         - @ConditionalOnClass did not find required class 'org.glassfish.jersey.server.spring.SpringComponentProvider' (OnClassCondition)

   JerseySameManagementContextConfiguration:
      Did not match:
         - @ConditionalOnClass did not find required class 'org.glassfish.jersey.server.ResourceConfig' (OnClassCondition)

   JerseyServerMetricsAutoConfiguration:
      Did not match:
         - @ConditionalOnClass did not find required class 'io.micrometer.core.instrument.binder.jersey.server.MetricsApplicationEventListener' (OnClassCondition)

   JerseyWebEndpointManagementContextConfiguration:
      Did not match:
         - @ConditionalOnClass did not find required class 'org.glassfish.jersey.server.ResourceConfig' (OnClassCondition)

   JettyMetricsAutoConfiguration:
      Did not match:
         - @ConditionalOnClass did not find required class 'org.eclipse.jetty.server.Server' (OnClassCondition)

   JmsAutoConfiguration:
      Did not match:
         - @ConditionalOnClass did not find required class 'jakarta.jms.Message' (OnClassCondition)

   JmsHealthContributorAutoConfiguration:
      Did not match:
         - @ConditionalOnClass did not find required class 'jakarta.jms.ConnectionFactory' (OnClassCondition)

   JmxAutoConfiguration:
      Did not match:
         - @ConditionalOnProperty (spring.jmx.enabled=true) found different value in property 'enabled' (OnPropertyCondition)
      Matched:
         - @ConditionalOnClass found required class 'org.springframework.jmx.export.MBeanExporter' (OnClassCondition)

   JmxEndpointAutoConfiguration:
      Did not match:
         - @ConditionalOnProperty (spring.jmx.enabled=true) found different value in property 'enabled' (OnPropertyCondition)

   JmxMetricsExportAutoConfiguration:
      Did not match:
         - @ConditionalOnClass did not find required class 'io.micrometer.jmx.JmxMeterRegistry' (OnClassCondition)

   JndiConnectionFactoryAutoConfiguration:
      Did not match:
         - @ConditionalOnClass did not find required class 'org.springframework.jms.core.JmsTemplate' (OnClassCondition)

   JndiDataSourceAutoConfiguration:
      Did not match:
         - @ConditionalOnProperty (spring.datasource.jndi-name) did not find property 'jndi-name' (OnPropertyCondition)
      Matched:
         - @ConditionalOnClass found required classes 'javax.sql.DataSource', 'org.springframework.jdbc.datasource.embedded.EmbeddedDatabaseType' (OnClassCondition)

   JooqAutoConfiguration:
      Did not match:
         - @ConditionalOnClass did not find required class 'org.jooq.DSLContext' (OnClassCondition)

   JpaRepositoriesAutoConfiguration:
      Did not match:
         - @ConditionalOnClass did not find required class 'org.springframework.data.jpa.repository.JpaRepository' (OnClassCondition)

   JsonbAutoConfiguration:
      Did not match:
         - @ConditionalOnClass did not find required class 'jakarta.json.bind.Jsonb' (OnClassCondition)

   JsonbHttpMessageConvertersConfiguration:
      Did not match:
         - @ConditionalOnClass did not find required class 'jakarta.json.bind.Jsonb' (OnClassCondition)

   JtaAutoConfiguration:
      Did not match:
         - @ConditionalOnClass did not find required class 'jakarta.transaction.Transaction' (OnClassCondition)

   KafkaAutoConfiguration:
      Did not match:
         - @ConditionalOnClass did not find required class 'org.springframework.kafka.core.KafkaTemplate' (OnClassCondition)

   KafkaMetricsAutoConfiguration:
      Did not match:
         - @ConditionalOnClass did not find required class 'org.springframework.kafka.core.ProducerFactory' (OnClassCondition)

   KairosMetricsExportAutoConfiguration:
      Did not match:
         - @ConditionalOnClass did not find required class 'io.micrometer.kairos.KairosMeterRegistry' (OnClassCondition)

   LdapAutoConfiguration:
      Did not match:
         - @ConditionalOnClass did not find required class 'org.springframework.ldap.core.ContextSource' (OnClassCondition)

   LdapHealthContributorAutoConfiguration:
      Did not match:
         - @ConditionalOnClass did not find required class 'org.springframework.ldap.core.LdapOperations' (OnClassCondition)

   LdapRepositoriesAutoConfiguration:
      Did not match:
         - @ConditionalOnClass did not find required class 'org.springframework.data.ldap.repository.LdapRepository' (OnClassCondition)

   LettuceMetricsAutoConfiguration:
      Did not match:
         - @ConditionalOnClass did not find required class 'io.lettuce.core.metrics.MicrometerCommandLatencyRecorder' (OnClassCondition)

   LiquibaseAutoConfiguration:
      Did not match:
         - @ConditionalOnClass did not find required class 'liquibase.change.DatabaseChange' (OnClassCondition)

   LiquibaseEndpointAutoConfiguration:
      Did not match:
         - @ConditionalOnClass did not find required class 'liquibase.integration.spring.SpringLiquibase' (OnClassCondition)

   Log4J2MetricsAutoConfiguration:
      Did not match:
         - @ConditionalOnClass did not find required class 'org.apache.logging.log4j.core.LoggerContext' (OnClassCondition)

   LogFileWebEndpointAutoConfiguration:
      Did not match:
         - @ConditionalOnAvailableEndpoint no 'management.endpoints' property marked it as exposed (OnAvailableEndpointCondition)

   LoggersEndpointAutoConfiguration:
      Did not match:
         - @ConditionalOnAvailableEndpoint no 'management.endpoints' property marked it as exposed (OnAvailableEndpointCondition)

   MailHealthContributorAutoConfiguration:
      Did not match:
         - @ConditionalOnBean (types: org.springframework.mail.javamail.JavaMailSenderImpl; SearchStrategy: all) did not find any beans of type org.springframework.mail.javamail.JavaMailSenderImpl (OnBeanCondition)
      Matched:
         - @ConditionalOnClass found required class 'org.springframework.mail.javamail.JavaMailSenderImpl' (OnClassCondition)
         - @ConditionalOnEnabledHealthIndicator management.health.defaults.enabled is considered true (OnEnabledHealthIndicatorCondition)

   MailSenderAutoConfiguration:
      Did not match:
         - @ConditionalOnClass did not find required class 'jakarta.mail.internet.MimeMessage' (OnClassCondition)

   MailSenderValidatorAutoConfiguration:
      Did not match:
         - @ConditionalOnProperty (spring.mail.test-connection) did not find property 'test-connection' (OnPropertyCondition)

   ManagementContextAutoConfiguration.DifferentManagementContextConfiguration:
      Did not match:
         - Management Port actual port type (SAME) did not match required type (DIFFERENT) (OnManagementPortCondition)

   ManagementWebSecurityAutoConfiguration:
      Did not match:
         - AllNestedConditions 1 matched 1 did not; NestedCondition on DefaultWebSecurityCondition.Beans @ConditionalOnMissingBean (types: org.springframework.security.web.SecurityFilterChain; SearchStrategy: all) found beans of type 'org.springframework.security.web.SecurityFilterChain' webFilterChain; NestedCondition on DefaultWebSecurityCondition.Classes @ConditionalOnClass found required classes 'org.springframework.security.web.SecurityFilterChain', 'org.springframework.security.config.annotation.web.builders.HttpSecurity' (DefaultWebSecurityCondition)
      Matched:
         - found 'session' scope (OnWebApplicationCondition)

   MappingsEndpointAutoConfiguration:
      Did not match:
         - @ConditionalOnAvailableEndpoint no 'management.endpoints' property marked it as exposed (OnAvailableEndpointCondition)

   MessageSourceAutoConfiguration:
      Did not match:
         - ResourceBundle did not find bundle with basename messages (MessageSourceAutoConfiguration.ResourceBundleCondition)

   MetricsEndpointAutoConfiguration:
      Did not match:
         - @ConditionalOnAvailableEndpoint no 'management.endpoints' property marked it as exposed (OnAvailableEndpointCondition)
      Matched:
         - @ConditionalOnClass found required class 'io.micrometer.core.annotation.Timed' (OnClassCondition)

   MicrometerTracingAutoConfiguration:
      Did not match:
         - @ConditionalOnClass did not find required class 'io.micrometer.tracing.Tracer' (OnClassCondition)

   MongoAutoConfiguration:
      Did not match:
         - @ConditionalOnClass did not find required class 'com.mongodb.client.MongoClient' (OnClassCondition)

   MongoDataAutoConfiguration:
      Did not match:
         - @ConditionalOnClass did not find required class 'com.mongodb.client.MongoClient' (OnClassCondition)

   MongoHealthContributorAutoConfiguration:
      Did not match:
         - @ConditionalOnClass did not find required class 'org.springframework.data.mongodb.core.MongoTemplate' (OnClassCondition)

   MongoMetricsAutoConfiguration:
      Did not match:
         - @ConditionalOnClass did not find required class 'com.mongodb.MongoClientSettings' (OnClassCondition)

   MongoReactiveAutoConfiguration:
      Did not match:
         - @ConditionalOnClass did not find required class 'com.mongodb.reactivestreams.client.MongoClient' (OnClassCondition)

   MongoReactiveDataAutoConfiguration:
      Did not match:
         - @ConditionalOnClass did not find required class 'com.mongodb.reactivestreams.client.MongoClient' (OnClassCondition)

   MongoReactiveHealthContributorAutoConfiguration:
      Did not match:
         - @ConditionalOnClass did not find required class 'org.springframework.data.mongodb.core.ReactiveMongoTemplate' (OnClassCondition)

   MongoReactiveRepositoriesAutoConfiguration:
      Did not match:
         - @ConditionalOnClass did not find required class 'com.mongodb.reactivestreams.client.MongoClient' (OnClassCondition)

   MongoRepositoriesAutoConfiguration:
      Did not match:
         - @ConditionalOnClass did not find required class 'com.mongodb.client.MongoClient' (OnClassCondition)

   MustacheAutoConfiguration:
      Did not match:
         - @ConditionalOnClass did not find required class 'com.samskivert.mustache.Mustache' (OnClassCondition)

   MybatisAutoConfiguration#sqlSessionFactory:
      Did not match:
         - @ConditionalOnMissingBean (types: org.apache.ibatis.session.SqlSessionFactory; SearchStrategy: all) found beans of type 'org.apache.ibatis.session.SqlSessionFactory' sqlSessionFactory (OnBeanCondition)

   MybatisAutoConfiguration#sqlSessionTemplate:
      Did not match:
         - @ConditionalOnMissingBean (types: org.mybatis.spring.SqlSessionTemplate; SearchStrategy: all) found beans of type 'org.mybatis.spring.SqlSessionTemplate' sqlSessionTemplate (OnBeanCondition)

   MybatisAutoConfiguration.MapperScannerRegistrarNotFoundConfiguration:
      Did not match:
         - @ConditionalOnMissingBean (types: org.mybatis.spring.mapper.MapperFactoryBean,org.mybatis.spring.mapper.MapperScannerConfigurer; SearchStrategy: all) found beans of type 'org.mybatis.spring.mapper.MapperScannerConfigurer' org.alljeju.alljejuserver.config.MybatisConfig#MapperScannerRegistrar#0 (OnBeanCondition)

   MybatisLanguageDriverAutoConfiguration.FreeMarkerConfiguration:
      Did not match:
         - @ConditionalOnClass did not find required classes 'org.mybatis.scripting.freemarker.FreeMarkerLanguageDriver', 'org.mybatis.scripting.freemarker.FreeMarkerLanguageDriverConfig' (OnClassCondition)

   MybatisLanguageDriverAutoConfiguration.LegacyFreeMarkerConfiguration:
      Did not match:
         - @ConditionalOnClass did not find required class 'org.mybatis.scripting.freemarker.FreeMarkerLanguageDriver' (OnClassCondition)

   MybatisLanguageDriverAutoConfiguration.LegacyVelocityConfiguration:
      Did not match:
         - @ConditionalOnClass did not find required class 'org.mybatis.scripting.velocity.Driver' (OnClassCondition)

   MybatisLanguageDriverAutoConfiguration.ThymeleafConfiguration:
      Did not match:
         - @ConditionalOnClass did not find required class 'org.mybatis.scripting.thymeleaf.ThymeleafLanguageDriver' (OnClassCondition)

   MybatisLanguageDriverAutoConfiguration.VelocityConfiguration:
      Did not match:
         - @ConditionalOnClass did not find required classes 'org.mybatis.scripting.velocity.VelocityLanguageDriver', 'org.mybatis.scripting.velocity.VelocityLanguageDriverConfig' (OnClassCondition)

   Neo4jAutoConfiguration:
      Did not match:
         - @ConditionalOnClass did not find required class 'org.neo4j.driver.Driver' (OnClassCondition)

   Neo4jDataAutoConfiguration:
      Did not match:
         - @ConditionalOnClass did not find required class 'org.neo4j.driver.Driver' (OnClassCondition)

   Neo4jHealthContributorAutoConfiguration:
      Did not match:
         - @ConditionalOnClass did not find required class 'org.neo4j.driver.Driver' (OnClassCondition)

   Neo4jReactiveDataAutoConfiguration:
      Did not match:
         - @ConditionalOnClass did not find required class 'org.neo4j.driver.Driver' (OnClassCondition)

   Neo4jReactiveRepositoriesAutoConfiguration:
      Did not match:
         - @ConditionalOnClass did not find required class 'org.neo4j.driver.Driver' (OnClassCondition)

   Neo4jRepositoriesAutoConfiguration:
      Did not match:
         - @ConditionalOnClass did not find required class 'org.neo4j.driver.Driver' (OnClassCondition)

   NewRelicMetricsExportAutoConfiguration:
      Did not match:
         - @ConditionalOnClass did not find required class 'io.micrometer.newrelic.NewRelicMeterRegistry' (OnClassCondition)

   NoOpCacheConfiguration:
      Did not match:
         - Cache org.springframework.boot.autoconfigure.cache.NoOpCacheConfiguration unknown cache type (CacheCondition)

   NoOpMeterRegistryConfiguration:
      Did not match:
         - @ConditionalOnMissingBean (types: io.micrometer.core.instrument.MeterRegistry; SearchStrategy: all) found beans of type 'io.micrometer.core.instrument.MeterRegistry' simpleMeterRegistry (OnBeanCondition)

   OAuth2ClientAutoConfiguration:
      Did not match:
         - @ConditionalOnClass did not find required class 'org.springframework.security.oauth2.client.registration.ClientRegistration' (OnClassCondition)

   OAuth2ResourceServerAutoConfiguration:
      Did not match:
         - @ConditionalOnClass did not find required class 'org.springframework.security.oauth2.server.resource.authentication.BearerTokenAuthenticationToken' (OnClassCondition)

   ObservationAutoConfiguration.MeterObservationHandlerConfiguration.TracingAndMetricsObservationHandlerConfiguration:
      Did not match:
         - @ConditionalOnBean did not find required type 'io.micrometer.tracing.Tracer' (OnBeanCondition)
         - @ConditionalOnBean (types: io.micrometer.tracing.Tracer; SearchStrategy: all) did not find any beans of type io.micrometer.tracing.Tracer (OnBeanCondition)

   ObservationAutoConfiguration.MetricsWithTracingConfiguration:
      Did not match:
         - @ConditionalOnClass did not find required class 'io.micrometer.tracing.Tracer' (OnClassCondition)

   ObservationAutoConfiguration.OnlyTracingConfiguration:
      Did not match:
         - @ConditionalOnClass did not find required class 'io.micrometer.tracing.Tracer' (OnClassCondition)

   OpenTelemetryAutoConfiguration:
      Did not match:
         - @ConditionalOnClass did not find required class 'io.micrometer.tracing.otel.bridge.OtelTracer' (OnClassCondition)

   OtlpMetricsExportAutoConfiguration:
      Did not match:
         - @ConditionalOnClass did not find required class 'io.micrometer.registry.otlp.OtlpMeterRegistry' (OnClassCondition)

   ProjectInfoAutoConfiguration#buildProperties:
      Did not match:
         - @ConditionalOnResource did not find resource '${spring.info.build.location:classpath:META-INF/build-info.properties}' (OnResourceCondition)

   ProjectInfoAutoConfiguration#gitProperties:
      Did not match:
         - GitResource did not find git info at classpath:git.properties (ProjectInfoAutoConfiguration.GitResourceAvailableCondition)

   PrometheusExemplarsAutoConfiguration:
      Did not match:
         - @ConditionalOnClass did not find required class 'io.micrometer.tracing.Tracer' (OnClassCondition)

   PrometheusMetricsExportAutoConfiguration:
      Did not match:
         - @ConditionalOnClass did not find required class 'io.micrometer.prometheus.PrometheusMeterRegistry' (OnClassCondition)

   QuartzAutoConfiguration:
      Did not match:
         - @ConditionalOnClass did not find required class 'org.quartz.Scheduler' (OnClassCondition)

   QuartzEndpointAutoConfiguration:
      Did not match:
         - @ConditionalOnClass did not find required class 'org.quartz.Scheduler' (OnClassCondition)

   R2dbcAutoConfiguration:
      Did not match:
         - @ConditionalOnClass did not find required class 'io.r2dbc.spi.ConnectionFactory' (OnClassCondition)

   R2dbcDataAutoConfiguration:
      Did not match:
         - @ConditionalOnClass did not find required class 'org.springframework.data.r2dbc.core.R2dbcEntityTemplate' (OnClassCondition)

   R2dbcInitializationConfiguration:
      Did not match:
         - @ConditionalOnClass did not find required classes 'io.r2dbc.spi.ConnectionFactory', 'org.springframework.r2dbc.connection.init.DatabasePopulator' (OnClassCondition)

   R2dbcRepositoriesAutoConfiguration:
      Did not match:
         - @ConditionalOnClass did not find required class 'io.r2dbc.spi.ConnectionFactory' (OnClassCondition)

   R2dbcTransactionManagerAutoConfiguration:
      Did not match:
         - @ConditionalOnClass did not find required class 'org.springframework.r2dbc.connection.R2dbcTransactionManager' (OnClassCondition)

   RSocketGraphQlClientAutoConfiguration:
      Did not match:
         - @ConditionalOnClass did not find required class 'graphql.GraphQL' (OnClassCondition)

   RSocketMessagingAutoConfiguration:
      Did not match:
         - @ConditionalOnClass did not find required class 'io.rsocket.RSocket' (OnClassCondition)

   RSocketRequesterAutoConfiguration:
      Did not match:
         - @ConditionalOnClass did not find required class 'io.rsocket.RSocket' (OnClassCondition)

   RSocketSecurityAutoConfiguration:
      Did not match:
         - @ConditionalOnClass did not find required class 'org.springframework.security.rsocket.core.SecuritySocketAcceptorInterceptor' (OnClassCondition)

   RSocketServerAutoConfiguration:
      Did not match:
         - @ConditionalOnClass did not find required class 'io.rsocket.core.RSocketServer' (OnClassCondition)

   RSocketStrategiesAutoConfiguration:
      Did not match:
         - @ConditionalOnClass did not find required class 'io.rsocket.RSocket' (OnClassCondition)

   RabbitAutoConfiguration:
      Did not match:
         - @ConditionalOnClass did not find required class 'com.rabbitmq.client.Channel' (OnClassCondition)

   RabbitHealthContributorAutoConfiguration:
      Did not match:
         - @ConditionalOnClass did not find required class 'org.springframework.amqp.rabbit.core.RabbitTemplate' (OnClassCondition)

   RabbitMetricsAutoConfiguration:
      Did not match:
         - @ConditionalOnClass did not find required class 'com.rabbitmq.client.ConnectionFactory' (OnClassCondition)

   ReactiveCloudFoundryActuatorAutoConfiguration:
      Did not match:
         - not a reactive web application (OnWebApplicationCondition)

   ReactiveElasticsearchClientAutoConfiguration:
      Did not match:
         - @ConditionalOnClass did not find required class 'co.elastic.clients.transport.ElasticsearchTransport' (OnClassCondition)

   ReactiveElasticsearchRepositoriesAutoConfiguration:
      Did not match:
         - @ConditionalOnClass did not find required class 'org.springframework.data.elasticsearch.client.elc.ReactiveElasticsearchClient' (OnClassCondition)

   ReactiveManagementContextAutoConfiguration:
      Did not match:
         - not a reactive web application (OnWebApplicationCondition)
      Matched:
         - @ConditionalOnClass found required class 'reactor.core.publisher.Flux' (OnClassCondition)

   ReactiveManagementWebSecurityAutoConfiguration:
      Did not match:
         - not a reactive web application (OnWebApplicationCondition)
      Matched:
         - @ConditionalOnClass found required classes 'org.springframework.security.config.annotation.web.reactive.EnableWebFluxSecurity', 'org.springframework.security.web.server.WebFilterChainProxy' (OnClassCondition)

   ReactiveMultipartAutoConfiguration:
      Did not match:
         - not a reactive web application (OnWebApplicationCondition)
      Matched:
         - @ConditionalOnClass found required classes 'org.springframework.http.codec.multipart.DefaultPartHttpMessageReader', 'org.springframework.web.reactive.config.WebFluxConfigurer' (OnClassCondition)

   ReactiveOAuth2ClientAutoConfiguration:
      Did not match:
         - @ConditionalOnClass did not find required class 'org.springframework.security.oauth2.client.registration.ClientRegistration' (OnClassCondition)

   ReactiveOAuth2ResourceServerAutoConfiguration:
      Did not match:
         - not a reactive web application (OnWebApplicationCondition)
      Matched:
         - @ConditionalOnClass found required class 'org.springframework.security.config.annotation.web.reactive.EnableWebFluxSecurity' (OnClassCondition)

   ReactiveSecurityAutoConfiguration.EnableWebFluxSecurityConfiguration:
      Did not match:
         - not a reactive web application (OnWebApplicationCondition)

   ReactiveUserDetailsServiceAutoConfiguration:
      Did not match:
         - AnyNestedCondition 0 matched 2 did not; NestedCondition on ReactiveUserDetailsServiceAutoConfiguration.ReactiveUserDetailsServiceCondition.ReactiveWebApplicationCondition not a reactive web application; NestedCondition on ReactiveUserDetailsServiceAutoConfiguration.ReactiveUserDetailsServiceCondition.RSocketSecurityEnabledCondition @ConditionalOnBean (types: org.springframework.messaging.rsocket.annotation.support.RSocketMessageHandler; SearchStrategy: all) did not find any beans of type org.springframework.messaging.rsocket.annotation.support.RSocketMessageHandler (ReactiveUserDetailsServiceAutoConfiguration.ReactiveUserDetailsServiceCondition)
      Matched:
         - @ConditionalOnClass found required class 'org.springframework.security.authentication.ReactiveAuthenticationManager' (OnClassCondition)

   ReactiveWebServerFactoryAutoConfiguration:
      Did not match:
         - not a reactive web application (OnWebApplicationCondition)
      Matched:
         - @ConditionalOnClass found required class 'org.springframework.http.ReactiveHttpInputMessage' (OnClassCondition)

   RedisAutoConfiguration:
      Did not match:
         - @ConditionalOnClass did not find required class 'org.springframework.data.redis.core.RedisOperations' (OnClassCondition)

   RedisCacheConfiguration:
      Did not match:
         - @ConditionalOnClass did not find required class 'org.springframework.data.redis.connection.RedisConnectionFactory' (OnClassCondition)

   RedisHealthContributorAutoConfiguration:
      Did not match:
         - @ConditionalOnClass did not find required class 'org.springframework.data.redis.connection.RedisConnectionFactory' (OnClassCondition)

   RedisReactiveAutoConfiguration:
      Did not match:
         - @ConditionalOnClass did not find required class 'org.springframework.data.redis.connection.ReactiveRedisConnectionFactory' (OnClassCondition)

   RedisReactiveHealthContributorAutoConfiguration:
      Did not match:
         - @ConditionalOnClass did not find required class 'org.springframework.data.redis.connection.ReactiveRedisConnectionFactory' (OnClassCondition)

   RedisRepositoriesAutoConfiguration:
      Did not match:
         - @ConditionalOnClass did not find required class 'org.springframework.data.redis.repository.configuration.EnableRedisRepositories' (OnClassCondition)

   RepositoryMetricsAutoConfiguration:
      Did not match:
         - @ConditionalOnClass did not find required class 'org.springframework.data.repository.Repository' (OnClassCondition)

   RepositoryRestMvcAutoConfiguration:
      Did not match:
         - @ConditionalOnClass did not find required class 'org.springframework.data.rest.webmvc.config.RepositoryRestMvcConfiguration' (OnClassCondition)

   Saml2RelyingPartyAutoConfiguration:
      Did not match:
         - @ConditionalOnClass did not find required class 'org.springframework.security.saml2.provider.service.registration.RelyingPartyRegistrationRepository' (OnClassCondition)

   ScheduledTasksEndpointAutoConfiguration:
      Did not match:
         - @ConditionalOnAvailableEndpoint no 'management.endpoints' property marked it as exposed (OnAvailableEndpointCondition)

   SecurityDataConfiguration:
      Did not match:
         - @ConditionalOnClass did not find required class 'org.springframework.security.data.repository.query.SecurityEvaluationContextExtension' (OnClassCondition)

   SecurityRequestMatchersManagementContextConfiguration.JerseyRequestMatcherConfiguration:
      Did not match:
         - @ConditionalOnClass did not find required class 'org.glassfish.jersey.server.ResourceConfig' (OnClassCondition)

   SendGridAutoConfiguration:
      Did not match:
         - @ConditionalOnClass did not find required class 'com.sendgrid.SendGrid' (OnClassCondition)

   ServletEndpointManagementContextConfiguration.JerseyServletEndpointManagementContextConfiguration:
      Did not match:
         - @ConditionalOnClass did not find required class 'org.glassfish.jersey.server.ResourceConfig' (OnClassCondition)

   ServletManagementContextAutoConfiguration.ApplicationContextFilterConfiguration:
      Did not match:
         - @ConditionalOnProperty (management.server.add-application-context-header=true) did not find property 'add-application-context-header' (OnPropertyCondition)

   ServletWebServerFactoryAutoConfiguration.ForwardedHeaderFilterConfiguration:
      Did not match:
         - @ConditionalOnProperty (server.forward-headers-strategy=framework) did not find property 'server.forward-headers-strategy' (OnPropertyCondition)

   ServletWebServerFactoryConfiguration.EmbeddedJetty:
      Did not match:
         - @ConditionalOnClass did not find required classes 'org.eclipse.jetty.server.Server', 'org.eclipse.jetty.util.Loader', 'org.eclipse.jetty.webapp.WebAppContext' (OnClassCondition)

   ServletWebServerFactoryConfiguration.EmbeddedUndertow:
      Did not match:
         - @ConditionalOnClass did not find required classes 'io.undertow.Undertow', 'org.xnio.SslClientAuthMode' (OnClassCondition)

   SessionAutoConfiguration:
      Did not match:
         - @ConditionalOnClass did not find required class 'org.springframework.session.Session' (OnClassCondition)

   SessionsEndpointAutoConfiguration:
      Did not match:
         - @ConditionalOnClass did not find required class 'org.springframework.session.FindByIndexNameSessionRepository' (OnClassCondition)

   ShutdownEndpointAutoConfiguration:
      Did not match:
         - @ConditionalOnAvailableEndpoint no property management.endpoint.shutdown.enabled found so using endpoint default of false (OnAvailableEndpointCondition)

   SignalFxMetricsExportAutoConfiguration:
      Did not match:
         - @ConditionalOnClass did not find required class 'io.micrometer.signalfx.SignalFxMeterRegistry' (OnClassCondition)

   SimpleCacheConfiguration:
      Did not match:
         - Cache org.springframework.boot.autoconfigure.cache.SimpleCacheConfiguration unknown cache type (CacheCondition)

   SpringApplicationAdminJmxAutoConfiguration:
      Did not match:
         - @ConditionalOnProperty (spring.application.admin.enabled=true) did not find property 'enabled' (OnPropertyCondition)

   SpringBootWebSecurityConfiguration.SecurityFilterChainConfiguration:
      Did not match:
         - AllNestedConditions 1 matched 1 did not; NestedCondition on DefaultWebSecurityCondition.Beans @ConditionalOnMissingBean (types: org.springframework.security.web.SecurityFilterChain; SearchStrategy: all) found beans of type 'org.springframework.security.web.SecurityFilterChain' webFilterChain; NestedCondition on DefaultWebSecurityCondition.Classes @ConditionalOnClass found required classes 'org.springframework.security.web.SecurityFilterChain', 'org.springframework.security.config.annotation.web.builders.HttpSecurity' (DefaultWebSecurityCondition)

   SpringBootWebSecurityConfiguration.WebSecurityEnablerConfiguration:
      Did not match:
         - @ConditionalOnMissingBean (names: springSecurityFilterChain; SearchStrategy: all) found beans named springSecurityFilterChain (OnBeanCondition)
      Matched:
         - @ConditionalOnClass found required class 'org.springframework.security.config.annotation.web.configuration.EnableWebSecurity' (OnClassCondition)

   SpringDataWebAutoConfiguration:
      Did not match:
         - @ConditionalOnClass did not find required class 'org.springframework.data.web.PageableHandlerMethodArgumentResolver' (OnClassCondition)

   StackdriverMetricsExportAutoConfiguration:
      Did not match:
         - @ConditionalOnClass did not find required class 'io.micrometer.stackdriver.StackdriverMeterRegistry' (OnClassCondition)

   StartupEndpointAutoConfiguration:
      Did not match:
         - ApplicationStartup configured applicationStartup is of type class org.springframework.core.metrics.DefaultApplicationStartup, expected BufferingApplicationStartup. (StartupEndpointAutoConfiguration.ApplicationStartupCondition)

   StatsdMetricsExportAutoConfiguration:
      Did not match:
         - @ConditionalOnClass did not find required class 'io.micrometer.statsd.StatsdMeterRegistry' (OnClassCondition)

   TemplateEngineConfigurations.ReactiveTemplateEngineConfiguration:
      Did not match:
         - not a reactive web application (OnWebApplicationCondition)

   ThreadDumpEndpointAutoConfiguration:
      Did not match:
         - @ConditionalOnAvailableEndpoint no 'management.endpoints' property marked it as exposed (OnAvailableEndpointCondition)

   ThymeleafAutoConfiguration.DataAttributeDialectConfiguration:
      Did not match:
         - @ConditionalOnClass did not find required class 'com.github.mxab.thymeleaf.extras.dataattribute.dialect.DataAttributeDialect' (OnClassCondition)

   ThymeleafAutoConfiguration.ThymeleafWebFluxConfiguration:
      Did not match:
         - not a reactive web application (OnWebApplicationCondition)

   ThymeleafAutoConfiguration.ThymeleafWebLayoutConfiguration:
      Did not match:
         - @ConditionalOnClass did not find required class 'nz.net.ultraq.thymeleaf.layoutdialect.LayoutDialect' (OnClassCondition)

   ThymeleafAutoConfiguration.ThymeleafWebMvcConfiguration#resourceUrlEncodingFilter:
      Did not match:
         - @ConditionalOnEnabledResourceChain did not find class org.webjars.WebJarAssetLocator (OnEnabledResourceChainCondition)

   TransactionAutoConfiguration#transactionalOperator:
      Did not match:
         - @ConditionalOnSingleCandidate (types: org.springframework.transaction.ReactiveTransactionManager; SearchStrategy: all) did not find any beans (OnBeanCondition)

   TransactionAutoConfiguration.EnableTransactionManagementConfiguration:
      Did not match:
         - @ConditionalOnMissingBean (types: org.springframework.transaction.annotation.AbstractTransactionManagementConfiguration; SearchStrategy: all) found beans of type 'org.springframework.transaction.annotation.AbstractTransactionManagementConfiguration' org.springframework.transaction.annotation.ProxyTransactionManagementConfiguration (OnBeanCondition)

   TransactionAutoConfiguration.EnableTransactionManagementConfiguration.CglibAutoProxyConfiguration:
      Did not match:
         - Ancestor org.springframework.boot.autoconfigure.transaction.TransactionAutoConfiguration$EnableTransactionManagementConfiguration did not match (ConditionEvaluationReport.AncestorsMatchedCondition)
      Matched:
         - @ConditionalOnProperty (spring.aop.proxy-target-class=true) matched (OnPropertyCondition)

   TransactionAutoConfiguration.EnableTransactionManagementConfiguration.JdkDynamicAutoProxyConfiguration:
      Did not match:
         - @ConditionalOnProperty (spring.aop.proxy-target-class=false) did not find property 'proxy-target-class' (OnPropertyCondition)
         - Ancestor org.springframework.boot.autoconfigure.transaction.TransactionAutoConfiguration$EnableTransactionManagementConfiguration did not match (ConditionEvaluationReport.AncestorsMatchedCondition)

   ValidationAutoConfiguration:
      Did not match:
         - @ConditionalOnClass did not find required class 'jakarta.validation.executable.ExecutableValidator' (OnClassCondition)

   WavefrontAutoConfiguration:
      Did not match:
         - @ConditionalOnClass did not find required class 'com.wavefront.sdk.common.application.ApplicationTags' (OnClassCondition)

   WavefrontMetricsExportAutoConfiguration:
      Did not match:
         - @ConditionalOnClass did not find required class 'com.wavefront.sdk.common.WavefrontSender' (OnClassCondition)

   WavefrontTracingAutoConfiguration:
      Did not match:
         - @ConditionalOnClass did not find required class 'com.wavefront.sdk.common.WavefrontSender' (OnClassCondition)

   WebFluxAutoConfiguration:
      Did not match:
         - not a reactive web application (OnWebApplicationCondition)
      Matched:
         - @ConditionalOnClass found required class 'org.springframework.web.reactive.config.WebFluxConfigurer' (OnClassCondition)

   WebFluxEndpointManagementContextConfiguration:
      Did not match:
         - not a reactive web application (OnWebApplicationCondition)
      Matched:
         - @ConditionalOnClass found required classes 'org.springframework.web.reactive.DispatcherHandler', 'org.springframework.http.server.reactive.HttpHandler' (OnClassCondition)

   WebFluxObservationAutoConfiguration:
      Did not match:
         - not a reactive web application (OnWebApplicationCondition)
      Matched:
         - @ConditionalOnClass found required class 'io.micrometer.observation.Observation' (OnClassCondition)

   WebMvcAutoConfiguration#hiddenHttpMethodFilter:
      Did not match:
         - @ConditionalOnProperty (spring.mvc.hiddenmethod.filter.enabled) did not find property 'enabled' (OnPropertyCondition)

   WebMvcAutoConfiguration.ProblemDetailsErrorHandlingConfiguration:
      Did not match:
         - @ConditionalOnProperty (spring.mvc.problemdetails.enabled=true) did not find property 'enabled' (OnPropertyCondition)

   WebMvcAutoConfiguration.ResourceChainCustomizerConfiguration:
      Did not match:
         - @ConditionalOnEnabledResourceChain did not find class org.webjars.WebJarAssetLocator (OnEnabledResourceChainCondition)

   WebMvcAutoConfiguration.WebMvcAutoConfigurationAdapter#beanNameViewResolver:
      Did not match:
         - @ConditionalOnMissingBean (types: org.springframework.web.servlet.view.BeanNameViewResolver; SearchStrategy: all) found beans of type 'org.springframework.web.servlet.view.BeanNameViewResolver' beanNameViewResolver (OnBeanCondition)

   WebMvcEndpointManagementContextConfiguration#managementHealthEndpointWebMvcHandlerMapping:
      Did not match:
         - Management Port actual port type (SAME) did not match required type (DIFFERENT) (OnManagementPortCondition)

   WebServiceTemplateAutoConfiguration:
      Did not match:
         - @ConditionalOnClass did not find required class 'org.springframework.oxm.Marshaller' (OnClassCondition)

   WebServicesAutoConfiguration:
      Did not match:
         - @ConditionalOnClass did not find required class 'org.springframework.ws.transport.http.MessageDispatcherServlet' (OnClassCondition)

   WebSessionIdResolverAutoConfiguration:
      Did not match:
         - not a reactive web application (OnWebApplicationCondition)
      Matched:
         - @ConditionalOnClass found required classes 'org.springframework.web.server.session.WebSessionManager', 'reactor.core.publisher.Mono' (OnClassCondition)

   WebSocketMessagingAutoConfiguration.WebSocketMessageConverterConfiguration:
      Did not match:
         - @ConditionalOnBean (types: org.springframework.web.socket.config.annotation.DelegatingWebSocketMessageBrokerConfiguration,com.fasterxml.jackson.databind.ObjectMapper; SearchStrategy: all) did not find any beans of type org.springframework.web.socket.config.annotation.DelegatingWebSocketMessageBrokerConfiguration (OnBeanCondition)
      Matched:
         - @ConditionalOnClass found required classes 'com.fasterxml.jackson.databind.ObjectMapper', 'org.springframework.messaging.simp.config.AbstractMessageBrokerConfiguration' (OnClassCondition)

   WebSocketReactiveAutoConfiguration:
      Did not match:
         - not a reactive web application (OnWebApplicationCondition)
      Matched:
         - @ConditionalOnClass found required classes 'jakarta.servlet.Servlet', 'jakarta.websocket.server.ServerContainer' (OnClassCondition)

   WebSocketServletAutoConfiguration.JettyWebSocketConfiguration:
      Did not match:
         - @ConditionalOnClass did not find required class 'org.eclipse.jetty.websocket.jakarta.server.config.JakartaWebSocketServletContainerInitializer' (OnClassCondition)

   WebSocketServletAutoConfiguration.UndertowWebSocketConfiguration:
      Did not match:
         - @ConditionalOnClass did not find required class 'io.undertow.websockets.jsr.Bootstrap' (OnClassCondition)

   XADataSourceAutoConfiguration:
      Did not match:
         - @ConditionalOnClass did not find required class 'jakarta.transaction.TransactionManager' (OnClassCondition)

   ZipkinAutoConfiguration:
      Did not match:
         - @ConditionalOnClass did not find required class 'zipkin2.reporter.Sender' (OnClassCondition)


Exclusions:
-----------

    None


Unconditional classes:
----------------------

    org.springframework.boot.autoconfigure.context.ConfigurationPropertiesAutoConfiguration

    org.springframework.boot.actuate.autoconfigure.availability.AvailabilityHealthContributorAutoConfiguration

    org.springframework.boot.actuate.autoconfigure.info.InfoContributorAutoConfiguration

    org.springframework.boot.autoconfigure.context.PropertyPlaceholderAutoConfiguration

    org.springframework.boot.autoconfigure.context.LifecycleAutoConfiguration

    org.springframework.boot.actuate.autoconfigure.metrics.integration.IntegrationMetricsAutoConfiguration

    org.springframework.boot.actuate.autoconfigure.endpoint.EndpointAutoConfiguration

    org.springframework.boot.actuate.autoconfigure.web.server.ManagementContextAutoConfiguration

    org.springframework.boot.actuate.autoconfigure.health.HealthContributorAutoConfiguration

    org.springframework.boot.actuate.autoconfigure.endpoint.jackson.JacksonEndpointAutoConfiguration

    org.springframework.boot.autoconfigure.availability.ApplicationAvailabilityAutoConfiguration

    org.springframework.boot.autoconfigure.info.ProjectInfoAutoConfiguration



2024-11-24 17:52:54 - Started AllJejuServerApplicationTests in 5.421 seconds (process running for 6.859)
2024-11-24 17:52:54 - Application availability state LivenessState changed to CORRECT
2024-11-24 17:52:54 - 서버 시작 후 캐시 로딩 시작
2024-11-24 17:52:54 - === Service Layer: getAllRealEstates ===
2024-11-24 17:52:54 - Cache disabled - executing query directly
2024-11-24 17:52:54 - Query Parameters:
2024-11-24 17:52:54 - Start Year-Month: 2024-10
2024-11-24 17:52:54 - End Year-Month: 2024-11
2024-11-24 17:52:54 - Pagination: null items from index null
2024-11-24 17:52:54 - ===================================
2024-11-24 17:52:54 - Hikari Connection Pool - Starting...
2024-11-24 17:52:54 - Hikari Connection Pool - Added connection com.mysql.cj.jdbc.ConnectionImpl@1fa29b9e
2024-11-24 17:52:54 - Hikari Connection Pool - Start completed.
2024-11-24 17:52:54 - ==>  Preparing: SELECT * FROM jeju_aprt_real_state WHERE delete_yn = 'N' AND ( (deal_year = ? AND deal_month >= ?) OR (deal_year > ? AND deal_year <= ?) OR (deal_year = ? AND deal_month <= ?) ) ORDER BY deal_year DESC, deal_month DESC, deal_day DESC
2024-11-24 17:52:54 - ==> Parameters: 2024(Integer), 10(Integer), 2024(Integer), 2024(Integer), 2024(Integer), 11(Integer)
2024-11-24 17:52:54 - <==    Columns: js_ap_r_s_id, umd_cd, land_cd, sgg_cd, bonbun, bubun, road_nm, road_nm_sgg_cd, road_nm_cd, road_nm_seq, road_nmb_cd, road_nm_bonbun, road_nm_bubun, umd_nm, apt_nm, jibun, exclu_use_ar, deal_year, deal_month, deal_day, deal_amount, floor, apt_seq, cdeal_type, cdeal_day, dealing_gbn, estate_agent_sgg_nm, rgs_tdate, apt_dong, sler_gbn, buyer_gbn, land_leasehold_gbn, build_year, longitude, latitude, use_yn, delete_yn, create_date, last_update_date, checksum
2024-11-24 17:52:54 - <==        Row: 37723, 12200, 1, 50110, 912, 4, 노연로, 50110, 3349041, 1, 0, 15, 0, 노형동, 일호지오빌, 912-4, 78.3, 2024, 11, 16, 38000, 16, 50110-3044, O, 24.11.16, 중개거래, 제주 제주시, null,  , 개인, 개인, N, 2009, 126.482, 33.4863, Y, N, 2024-11-17 21:18:43, null, 4ad8b5d12e1c77ea7f401edaa80577ff
2024-11-24 17:52:54 - <==        Row: 37724, 12200, 1, 50110, 912, 2, 원노형5길, 50110, 4848494, 1, 0, 34, 0, 노형동, 재영샤르빌, 912-2, 33.7216, 2024, 11, 15, 8000, 4, 50110-3225,  ,  , 직거래,  , null,  , 개인, 개인, N, 2012, 126.482, 33.4865, Y, N, 2024-11-17 21:18:43, null, 488f133491e1e22d4762817a65a67daa
2024-11-24 17:52:54 - <==        Row: 37734, 13700, 1, 50110, 306, 0, 신대로, 50110, 3349111, 0, 0, 160, 0, 연동, 제주연동중흥S-클래스, 306, 38.9956, 2024, 11, 13, 19000, 4, 50110-4679,  ,  , 중개거래, 제주 제주시, null,  , 기타, 기타, N, 2020, 126.496, 33.4833, Y, N, 2024-11-17 21:18:44, null, f5ebec564da0c44a80f30b1991e9efe4
2024-11-24 17:52:54 - <==        Row: 37733, 10500, 1, 50110, 534, 4, 평전길, 50110, 4848934, 1, 0, 8, 0, 삼도일동, 덕진온누리, 534-4, 84.2, 2024, 11, 12, 31000, 6, 50110-3342,  ,  , 중개거래, 제주 제주시, null,  , 개인, 개인, N, 2012, 126.519, 33.5007, Y, N, 2024-11-17 21:18:44, null, 86dcf0a49741cfce18ea0afc19673e97
2024-11-24 17:52:54 - <==        Row: 37736, 12200, 1, 50110, 2583, 1, 수덕로, 50110, 3349107, 1, 0, 44, 0, 노형동, 노형뜨란채, 2583-1, 75.65, 2024, 11, 12, 58000, 5, 50110-2909,  ,  , 중개거래, 제주 제주시, null,  , 개인, 개인, N, 2006, 126.473, 33.4871, Y, N, 2024-11-17 21:18:44, null, 682fa68f486fbaaf98124a546abb8d8e
2024-11-24 17:52:54 - <==        Row: 37737, 12300, 1, 50110, 400, 4, 우령서로, 50110, 3349159, 0, 0, 9, 0, 외도일동, 외도상익푸르미르, 400-4, 84.5747, 2024, 11, 12, 34000, 9, 50110-4047,  ,  , 중개거래, 제주 제주시, null,  , 개인, 개인, N, 2016, 126.427, 33.4916, Y, N, 2024-11-17 21:18:44, null, 489a340e973d2c776a808e7e8cbdae63
2024-11-24 17:52:54 - <==        Row: 37725, 25923, 1, 50110, 2645, 1, 조천북2길, 50110, 4848733, 1, , 28, 0, 조천읍 조천리, 일이삼타운, 2645-1, 69.3759, 2024, 11, 11, 21000, 2, 50110-4146,  ,  , 중개거래, 제주 제주시, null,  , 법인, 개인, N, 2017, 126.64, 33.5398, Y, N, 2024-11-17 21:18:43, null, f5b991aae5fe84368a9d5934ed8e5636
2024-11-24 17:52:54 - <==        Row: 37729, 11200, 1, 50110, 3383, 5, 거로남4길, 50110, 4847023, 0, , 19, 10, 화북이동, 부웅크리스탈6차아파트, 3383-5, 81.92, 2024, 11, 11, 32000, 3, 50110-4597,  ,  , 중개거래, 제주 제주시, null,  , 개인, 개인, N, 2019, 126.562, 33.5077, Y, N, 2024-11-17 21:18:43, null, 6d29a8f91b7a7e10b60f8a33cac6c4fd
2024-11-24 17:52:54 - <==        Row: 37738, 12300, 1, 50110, 492, 20, 우정로10길, 50110, 4848471, 1, 0, 29, 0, 외도일동, 더펠리스1차, 492-20, 84.9388, 2024, 11, 11, 35000, 4, 50110-3699,  ,  , 중개거래, 제주 제주시, null,  , 개인, 개인, N, 2014, 126.428, 33.4884, Y, N, 2024-11-17 21:18:44, null, 0052eea82d464da950e79eb2ef753d21
2024-11-24 17:52:54 - <==        Row: 37739, 12700, 1, 50110, 2614, 0, 도두항서길, 50110, 4847524, 0, 0, 41, 0, 도두일동, 블루파크시티, 2614, 21.2369, 2024, 11, 11, 14500, 12, 50110-4472,  ,  , 중개거래, 제주 제주시, null,  , 개인, 개인, N, 2018, 126.464, 33.506, Y, N, 2024-11-17 21:18:44, null, 1513aebec8038c0897813843471bda19
2024-11-24 17:52:54 - <==        Row: 37742, 12700, 1, 50110, 2614, 0, 도두항서길, 50110, 4847524, 0, 0, 41, 0, 도두일동, 블루파크시티, 2614, 21.2369, 2024, 11, 11, 14500, 12, 50110-4472, O, 24.11.11, 중개거래, 제주 제주시, null,  , 개인, 개인, N, 2018, 126.464, 33.506, Y, N, 2024-11-17 21:18:44, null, 92194feec1aa9dbb4a7ecf358d795da0
2024-11-24 17:52:54 - <==        Row: 36317, 12300, 1, 50110, 560, 1, 우정로11길, 50110, 4848472, 1, 0, 22, 0, 외도일동, 외도부영1차, 560-1, 39.84, 2024, 11, 11, 14000, 4, 50110-374,  ,  , 중개거래, 제주 제주시, null, 102, 개인, 개인, N, 2000, 126.434, 33.4876, Y, N, 2024-11-17 18:35:03, 2024-11-17 21:18:44, 9af95f1671147d0a7071b4eaa94f78bc
2024-11-24 17:52:54 - <==        Row: 37735, 12300, 1, 50110, 400, 4, 우령서로, 50110, 3349159, 0, 0, 9, 0, 외도일동, 외도상익푸르미르, 400-4, 84.5747, 2024, 11, 10, 30000, 2, 50110-4047,  ,  , 중개거래, 제주 제주시, null,  , 개인, 개인, N, 2016, 126.427, 33.4916, Y, N, 2024-11-17 21:18:44, null, d50a0ddc5acd8fc80f30bbbc412021da
2024-11-24 17:52:54 - <==        Row: 37726, 12200, 1, 50110, 2530, 2, 수덕9길, 50110, 4848047, 1, 0, 48, 0, 노형동, 대원상록수5차, 2530-2, 84.9997, 2024, 11, 9, 33300, 2, 50110-2882,  ,  , 중개거래, 제주 제주시, null,  , 개인, 개인, N, 2005, 126.473, 33.4854, Y, N, 2024-11-17 21:18:43, null, 790a35e19fad9b2fb3505d21fe8ed555
2024-11-24 17:52:54 - <==        Row: 37732, 12600, 1, 50110, 1095, 0, 오도11길, 50110, 4848313, 0, 0, 19, 1, 이호이동, 이호재영샤르빌13차, 1095, 84.89, 2024, 11, 9, 35500, 8, 50110-4415,  ,  , 중개거래, 제주 제주시, null,  , 개인, 개인, N, 2018, 126.46, 33.49, Y, N, 2024-11-17 21:18:44, null, 3fd6d03d3002820297c00a59936d399f
2024-11-24 17:52:54 - <==        Row: 37731, 12200, 1, 50110, 2585, 2, 수덕로, 50110, 3349107, 1, 0, 78, 0, 노형동, 노형이-편한세상, 2585-2, 125.659, 2024, 11, 8, 95000, 14, 50110-2884,  ,  , 중개거래, 제주 제주시, null,  , 개인, 개인, N, 2005, 126.47, 33.4852, Y, N, 2024-11-17 21:18:44, null, d981f2e96ede8f1ce045402ad4f6087d
2024-11-24 17:52:54 - <==        Row: 37748, 25924, 1, 50110, 4168, 0, 함덕30길, 50110, 4849052, 1, 0, 27, 0, 조천읍 함덕리, 광명샤인빌, 4168, 59.2517, 2024, 11, 8, 21500, 2, 50110-2908,  ,  , 중개거래, 제주 제주시, null,  , 법인, 개인, N, 2006, 126.677, 33.538, Y, N, 2024-11-17 21:18:44, null, 1f76c0c4d60ce89ad047c041d2587b7a
2024-11-24 17:52:54 - <==        Row: 37744, 11100, 1, 50110, 10, 1, 동화로1길, 50110, 4847618, 1, 0, 11, 0, 화북일동, 화북주공1단지, 10-1, 84.6, 2024, 11, 7, 44000, 6, 50110-114,  ,  , 중개거래, 제주 제주시, null,  , 개인, 개인, N, 1998, 126.575, 33.5207, Y, N, 2024-11-17 21:18:44, null, 62743adb122cd9d43f3392feae70424f
2024-11-24 17:52:54 - <==        Row: 37749, 25924, 1, 50110, 4168, 0, 함덕30길, 50110, 4849052, 1, 0, 27, 0, 조천읍 함덕리, 광명샤인빌, 4168, 59.2517, 2024, 11, 7, 23000, 5, 50110-2908,  ,  , 중개거래, 제주 제주시, null,  , 개인, 개인, N, 2006, 126.677, 33.538, Y, N, 2024-11-17 21:18:44, null, b9bc3572e234ef36848a26e2c555aa0d
2024-11-24 17:52:54 - <==        Row: 37750, 10300, 1, 50110, 1664, 4, 광양4길, 50110, 4847209, 1, 0, 22, 0, 이도일동, 광양미화, 1664-4, 82.03, 2024, 11, 7, 18600, 5, 50110-30,  ,  , 중개거래, 제주 제주시, null,  , 개인, 개인, N, 1991, 126.526, 33.5014, Y, N, 2024-11-17 21:18:44, null, 5e67731acf658db14f71e17c0903de6b
2024-11-24 17:52:54 - <==        Row: 37728, 12200, 1, 50110, 941, 3, 원노형로, 50110, 3349162, 0, , 35, 2, 노형동, 노형벽강하이본타워7차, 941-3, 77.6801, 2024, 11, 6, 54000, 7, 50110-4715,  ,  , 중개거래, 제주 제주시, null,  , 개인, 개인, N, 2020, 126.486, 33.4851, Y, N, 2024-11-17 21:18:43, null, 0074d315f4ce5a88707fc4d05e371071
2024-11-24 17:52:54 - <==        Row: 37730, 25340, 1, 50110, 167, 0, 하귀9길, 50110, 4848952, 1, 0, 45, 0, 애월읍 하귀1리, 제주하귀휴먼시아1단지, 167, 84.84, 2024, 11, 6, 48000, 10, 50110-3078,  ,  , 중개거래, 제주 제주시, null,  , 개인, 개인, N, 2010, 126.417, 33.4837, Y, N, 2024-11-17 21:18:44, null, 4adb988cd4e7f5096cd8e27317f27f0b
2024-11-24 17:52:54 - <==        Row: 37751, 13700, 1, 50110, 309, 0, 신대로, 50110, 3349111, 1, 0, 151, 0, 연동, 남경하이빌, 309, 79.68, 2024, 11, 6, 28200, 10, 50110-303,  ,  , 중개거래, 제주 제주시, null,  , 개인, 개인, N, 2003, 126.497, 33.4838, Y, N, 2024-11-17 21:18:44, null, a0be369121b3f721dc31296d569e1c7a
2024-11-24 17:52:54 - <==        Row: 37752, 10400, 1, 50110, 314, 2, 동광로, 50110, 3349055, 3, 0, 80, 0, 이도이동, 현원아트빌, 314-2, 81.76, 2024, 11, 6, 22300, 4, 50110-291,  ,  , 직거래,  , null,  , 개인, 기타, N, 2003, 126.537, 33.5042, Y, N, 2024-11-17 21:18:44, null, 4eff68b9a5c98a87426f34f571911d2d
2024-11-24 17:52:54 - <==        Row: 37727, 12200, 1, 50110, 754, 4, 과원로, 50110, 3349013, 1, 0, 11, 0, 노형동, 부영2차, 754-4, 45.9078, 2024, 11, 5, 32500, 10, 50110-366,  ,  , 중개거래, 제주 제주시, null,  , 개인, 개인, N, 2001, 126.485, 33.4765, Y, N, 2024-11-17 21:18:43, null, eb2bb179ab548c0d32ecdf67561899f2
2024-11-24 17:52:54 - <==        Row: 37747, 10200, 1, 50110, 321, 19, 고마로9길, 50110, 4847075, 0, 0, 3, 0, 일도이동, 일도더팰리스, 321-19, 94.59, 2024, 11, 5, 36280, 8, 50110-4897,  ,  , 직거래,  , null,  , 법인, 개인, N, 2023, 126.539, 33.5104, Y, N, 2024-11-17 21:18:44, null, aaf50151fe4ba0a1391ebe83bf7d03ed
2024-11-24 17:52:54 - <==        Row: 37754, 10700, 1, 50110, 672, 5, 사라봉7길, 50110, 4847792, 1, 0, 20, 0, 건입동, 미화(사라미화맨션), 672-5, 81.54, 2024, 11, 5, 13000, 2, 50110-95,  ,  , 중개거래, 제주 제주시, null,  , 개인, 개인, N, 1989, 126.54, 33.5164, Y, N, 2024-11-17 21:18:44, null, b44336931fb911ec7a63bf9d4679cfb1
2024-11-24 17:52:54 - <==        Row: 37755, 12300, 1, 50110, 549, 5, 우정로15길, 50110, 4848476, 1, 0, 1, 0, 외도일동, 대원상록수11차아파트, 549-5, 84.705, 2024, 11, 5, 35000, 5, 50110-3872,  ,  , 중개거래, 제주 제주시, null,  , 개인, 개인, N, 2016, 126.431, 33.4861, Y, N, 2024-11-17 21:18:44, null, 5cf970c3a5cff0148ba4f0cbe6c2867a
2024-11-24 17:52:54 - <==        Row: 37757, 13700, 1, 50110, 277, 5, 신대로20길, 50110, 4848094, 1, 0, 45, 0, 연동, 제웅솔내음, 277-5, 18.125, 2024, 11, 5, 6000, 4, 50110-3323,  ,  , 직거래,  , null,  , 개인, 개인, N, 2012, 126.492, 33.4836, Y, N, 2024-11-17 21:18:44, null, 7a2d31fa9961c95df2c3271118b9f058
2024-11-24 17:52:54 - <==        Row: 35248, 11100, 1, 50110, 9, 1, 동화로1길, 50110, 4847618, 1, 0, 39, 0, 화북일동, 화북주공2,3단지, 9-1, 59.93, 2024, 11, 5, 31500, 5, 50110-115,  ,  , 중개거래, 제주 제주시, null,  , 개인, 개인, N, 1998, 126.577, 33.5209, Y, N, 2024-11-17 18:34:23, 2024-11-17 21:18:44, 1773c4b0dc3a21b236ad57a609f2b0c5
2024-11-24 17:52:54 - <==        Row: 37741, 12300, 1, 50110, 560, 1, 우정로11길, 50110, 4848472, 1, 0, 22, 0, 외도일동, 외도부영1차, 560-1, 39.84, 2024, 11, 4, 14400, 2, 50110-374,  ,  , 중개거래, 제주 제주시, null, 102, 법인, 개인, N, 2000, 126.434, 33.4876, Y, N, 2024-11-17 21:18:44, null, a8c09f6d54998c9e6971818bbd8553d8
2024-11-24 17:52:54 - <==        Row: 37758, 10500, 1, 50110, 536, 3, 서사로, 50110, 3349092, 1, 0, 123, 0, 삼도일동, 한성베르뜨2차, 536-3, 84.26, 2024, 11, 4, 31000, 2, 50110-3583,  ,  , 직거래,  , null,  , 개인, 개인, N, 2013, 126.52, 33.5014, Y, N, 2024-11-17 21:18:45, null, 377b2207032cae7d19e3822a8388cea1
2024-11-24 17:52:54 - <==        Row: 37759, 12900, 1, 50110, 811, 0, 도남서길, 50110, 4847515, 1, 0, 14, 0, 도남동, 도남해모로리치힐아파트, 811, 84.9753, 2024, 11, 4, 55000, 2, 50110-4601,  ,  , 직거래,  , null, 108동, 개인, 개인, N, 2019, 126.524, 33.4932, Y, N, 2024-11-17 21:18:45, null, 68239e726b368f2c0005d656bbf9f450
2024-11-24 17:52:54 - <==        Row: 37761, 12200, 1, 50110, 945, 0, 원노형10길, 50110, 4848490, 1, 0, 28, 0, 노형동, 유나이티드, 945, 42.75, 2024, 11, 4, 14200, 1, 50110-194,  ,  , 중개거래, 제주 제주시, null,  , 개인, 법인, N, 1984, 126.486, 33.4836, Y, N, 2024-11-17 21:18:45, null, a203ddc6a43f6993061d1e48a81036ba
2024-11-24 17:52:54 - <==        Row: 37753, 12300, 1, 50110, 440, 8, 우령8길, 50110, 4848464, 1, , 5, 6, 외도일동, 한울아파트, 440-8, 84.75, 2024, 11, 2, 30100, 2, 50110-3969,  ,  , 중개거래, 제주 제주시, null,  , 개인, 개인, N, 2016, 126.428, 33.4907, Y, N, 2024-11-17 21:18:44, null, 4123d43c4c2eb555ef50f3b7a5225dc7
2024-11-24 17:52:54 - <==        Row: 37760, 10700, 1, 50110, 1226, 1, 만덕로6길, 50110, 4847633, 2, 0, 12, 0, 건입동, 동문파크빌, 1226-1, 80.47, 2024, 11, 2, 21000, 5, 50110-100,  ,  , 중개거래, 제주 제주시, null,  , 개인, 개인, N, 2003, 126.531, 33.5139, Y, N, 2024-11-17 21:18:45, null, 5d2c27acb2c2f8fd2ee21dd831856681
2024-11-24 17:52:54 - <==        Row: 37762, 10700, 1, 50110, 1226, 1, 만덕로6길, 50110, 4847633, 2, 0, 12, 0, 건입동, 동문파크빌, 1226-1, 80.47, 2024, 11, 2, 21000, 5, 50110-100, O, 24.11.04, 중개거래, 제주 제주시, null,  , 개인, 개인, N, 2003, 126.531, 33.5139, Y, N, 2024-11-17 21:18:45, null, fdd37a28bc472363d8ed3fa071f0976d
2024-11-24 17:52:54 - <==        Row: 37745, 13100, 1, 50110, 548, 0, 화삼북로, 50110, 3349227, 2, 0, 136, 0, 도련이동, 제주삼화사랑으로부영1차, 548, 73.9049, 2024, 11, 1, 47200, 9, 50110-3421,  ,  , 중개거래, 제주 제주시, null,  , 개인, 개인, N, 2013, 126.587, 33.5168, Y, N, 2024-11-17 21:18:44, null, 2e5f258e604305c8ed751ca51a689a71
2024-11-24 17:52:54 - <==        Row: 37746, 12000, 1, 50110, 1492, 0, 연사길, 50110, 4848276, 1, 0, 83, 20, 오라이동, 미듬아뜨리에, 1492, 59.8575, 2024, 11, 1, 23300, 6, 50110-3676,  ,  , 중개거래, 제주 제주시, null,  , 개인, 개인, N, 2014, 126.512, 33.4872, Y, N, 2024-11-17 21:18:44, null, 4a883bb0ac7364e7a1c56733d1c5cbb8
2024-11-24 17:52:54 - <==        Row: 37756, 11700, 1, 50110, 6142, 13, 인다15길, 50110, 4848606, 1, 0, 5, 11, 아라일동, 염광, 6142-13, 46.32, 2024, 11, 1, 21000, 2, 50110-132,  ,  , 중개거래, 제주 제주시, null,  , 개인, 개인, N, 1990, 126.547, 33.471, Y, N, 2024-11-17 21:18:44, null, 9a0223ddd64ca326435ef913210004d6
2024-11-24 17:52:54 - <==        Row: 37763, 12000, 1, 50110, 1492, 0, 연사길, 50110, 4848276, 1, 0, 83, 20, 오라이동, 미듬아뜨리에, 1492, 59.8575, 2024, 11, 1, 23300, 6, 50110-3676, O, 24.11.08, 중개거래, 제주 제주시, null,  , 개인, 개인, N, 2014, 126.512, 33.4872, Y, N, 2024-11-17 21:18:45, null, 349054174b173c8e965e8be7ad342128
2024-11-24 17:52:54 - <==        Row: 37764, 11400, 1, 50110, 2333, 0, 화삼로, 50110, 4849184, 4, 0, 166, 0, 삼양이동, 제주삼화사랑으로부영5차, 2333, 66.4409, 2024, 11, 1, 46800, 7, 50110-3571,  ,  , 중개거래, 제주 제주시, null,  , 개인, 개인, N, 2013, 126.586, 33.5193, Y, N, 2024-11-17 21:18:45, null, 7984a83145a313126508c87949ee9504
2024-11-24 17:52:54 - <==        Row: 36214, 13700, 1, 50110, 310, 20, 연삼로, 50110, 3349137, 12, 0, 64, 0, 연동, 제주세기, 310-20, 164.0, 2024, 10, 31, 36000, 3, 50110-143,  ,  , 중개거래, 서울 강남구, null,  , 개인, 개인, N, 1990, null, null, Y, N, 2024-11-17 18:34:59, 2024-11-17 21:18:38, 9c3d7e632a84699309737c76e7a41343
2024-11-24 17:52:54 - <==        Row: 36216, 11200, 1, 50110, 116, 0, 화삼로, 50110, 4849184, 1, 0, 12, 0, 화북이동, 제주삼화사랑으로부영2차, 116, 84.3616, 2024, 10, 31, 52800, 1, 50110-3427,  ,  , 중개거래, 제주 제주시, null, 209, 개인, 개인, N, 2013, 126.574, 33.5139, Y, N, 2024-11-17 18:34:59, 2024-11-17 21:18:38, b77579f90f7a23d1f2be1e5b9a2727dd
2024-11-24 17:52:54 - <==        Row: 36244, 11200, 1, 50110, 116, 0, 화삼로, 50110, 4849184, 1, 0, 12, 0, 화북이동, 제주삼화사랑으로부영2차, 116, 84.3616, 2024, 10, 31, 52800, 1, 50110-3427, O, 24.11.08, 중개거래, 제주 제주시, null,  , 개인, 개인, N, 2013, 126.574, 33.5139, Y, N, 2024-11-17 18:35:00, 2024-11-17 21:18:39, 3f21d599ef1ea691aa1e4e957affa2d4
2024-11-24 17:52:54 - <==        Row: 36237, 10400, 1, 50110, 1050, 1, 가령로4길, 50110, 4847005, 1, 0, 22, 0, 이도이동, 대원, 1050-1, 75.77, 2024, 10, 30, 16000, 1, 50110-343,  ,  , 중개거래, 제주 서귀포시, 제주 제주시, null,  , 개인, 개인, N, 1993, null, null, Y, N, 2024-11-17 18:35:00, 2024-11-17 21:18:39, 6bb7caedb8b649abc7ed0c9330f9bcb1
2024-11-24 17:52:54 - <==        Row: 36251, 13700, 1, 50110, 2331, 7, 도령로, 50110, 3349052, 3, 0, 111, 0, 연동, 진호뉴캐슬, 2331-7, 83.37, 2024, 10, 30, 22000, 10, 50110-396,  ,  , 중개거래, 제주 제주시, null,  , 개인, 개인, N, 2004, 126.489, 33.492, Y, N, 2024-11-17 18:35:01, 2024-11-17 21:18:39, 8f41df9a48fa78c55c05590fa1c35efe
2024-11-24 17:52:54 - <==        Row: 36254, 12300, 1, 50110, 560, 1, 우정로11길, 50110, 4848472, 1, 0, 22, 0, 외도일동, 외도부영1차, 560-1, 59.933, 2024, 10, 30, 25000, 10, 50110-374,  ,  , 직거래,  , null, 105, 개인, 개인, N, 2000, 126.434, 33.4876, Y, N, 2024-11-17 18:35:01, 2024-11-17 21:18:39, 62b540c7a849281c3cb8d48ac2a6c032
2024-11-24 17:52:54 - <==        Row: 36250, 10300, 1, 50110, 1549, 9, 중앙로17길, 50110, 4848765, 0, 0, 20, 0, 이도일동, 이도네오하임, 1549-9, 79.1, 2024, 10, 29, 33000, 7, 50110-4245,  ,  , 중개거래, 제주 제주시, null,  , 법인, 개인, N, 2017, 126.526, 33.5094, Y, N, 2024-11-17 18:35:01, 2024-11-17 21:18:39, 4d8cb3644dbdd9122baa0202f0c532a6
2024-11-24 17:52:54 - <==        Row: 36229, 25341, 1, 50110, 1750, 1, 하귀로, 50110, 3349203, 1, 0, 43, 3, 애월읍 하귀2리, 제웅명당, 1750-1, 84.85, 2024, 10, 28, 22000, 3, 50110-398,  ,  , 중개거래, 제주 제주시, null,  , 개인, 개인, N, 2005, 126.402, 33.4806, Y, N, 2024-11-17 18:35:00, 2024-11-17 21:18:38, c89cceca71435d8abbf2df7ebf77f899
2024-11-24 17:52:54 - <==        Row: 36234, 25340, 1, 50110, 166, 1, 하귀9길, 50110, 4848952, 1, 0, 71, 0, 애월읍 하귀1리, 제주하귀휴먼시아2단지, 166-1, 84.72, 2024, 10, 28, 44000, 10, 50110-3077,  ,  , 중개거래, 제주 제주시, null,  , 개인, 개인, N, 2010, 126.415, 33.4812, Y, N, 2024-11-17 18:35:00, 2024-11-17 21:18:39, 1535b1fe97b82274d954edc00293a22b
2024-11-24 17:52:54 - <==        Row: 36255, 13700, 1, 50110, 276, 3, 연동8길, 50110, 4848259, 0, 0, 28, 0, 연동, 청목더웰연동, 276-3, 17.6127, 2024, 10, 28, 9200, 10, 50110-4462,  ,  , 중개거래, 제주 제주시, null,  , 개인, 개인, N, 2018, 126.49, 33.4835, Y, N, 2024-11-17 18:35:01, 2024-11-17 21:18:39, 037d9895a898529d6263c66855a51867
2024-11-24 17:52:54 - <==        Row: 36260, 11700, 1, 50110, 6142, 13, 인다15길, 50110, 4848606, 1, 0, 5, 11, 아라일동, 염광, 6142-13, 46.32, 2024, 10, 28, 19500, 3, 50110-132,  ,  , 중개거래, 제주 제주시, null, 4, 개인, 개인, N, 1990, 126.547, 33.471, Y, N, 2024-11-17 18:35:01, 2024-11-17 21:18:39, 9018376e2534c07e919ccd315ecc1ca0
2024-11-24 17:52:54 - <==        Row: 36235, 12300, 1, 50110, 560, 1, 우정로11길, 50110, 4848472, 1, 0, 22, 0, 외도일동, 외도부영1차, 560-1, 59.933, 2024, 10, 27, 24500, 4, 50110-374,  ,  , 중개거래, 제주 제주시, null,  , 개인, 개인, N, 2000, 126.434, 33.4876, Y, N, 2024-11-17 18:35:00, 2024-11-17 21:18:39, 8ff76fb6e92904c44d75d1129afcc37a
2024-11-24 17:52:54 - <==        Row: 36213, 11700, 1, 50110, 6088, 0, 아란9길, 50110, 4848203, 1, 0, 22, 0, 아라일동, 아라스위첸, 6088, 84.9767, 2024, 10, 26, 73000, 3, 50110-3408,  ,  , 중개거래, 제주 제주시, null,  , 개인, 개인, N, 2012, 126.542, 33.4741, Y, N, 2024-11-17 18:34:59, 2024-11-17 21:18:38, 01c448054b37e7f207d6be8200e2ab7b
2024-11-24 17:52:54 - <==        Row: 36223, 10400, 1, 50110, 1060, 0, 고산동산5길, 50110, 4847092, 1, 0, 36, 0, 이도이동, 이도재영샤르빌, 1060, 82.8126, 2024, 10, 26, 35000, 4, 50110-3191,  ,  , 중개거래, 제주 제주시, null,  , 개인, 개인, N, 2011, 126.536, 33.4972, Y, N, 2024-11-17 18:35:00, 2024-11-17 21:18:38, 202d96ef64e49ce37de8808bd11b6d44
2024-11-24 17:52:54 - <==        Row: 35207, 12200, 1, 50110, 754, 4, 과원로, 50110, 3349013, 1, 0, 11, 0, 노형동, 부영2차, 754-4, 45.9078, 2024, 10, 26, 34700, 9, 50110-366,  ,  , 중개거래, 제주 제주시, null, 203, 개인, 개인, N, 2001, 126.485, 33.4765, Y, N, 2024-11-17 18:34:22, 2024-11-17 21:18:40, 9f25497f849b343d78933ff23767a45d
2024-11-24 17:52:54 - <==        Row: 36256, 12200, 1, 50110, 754, 3, 과원로, 50110, 3349013, 1, 0, 27, 0, 노형동, 부영3차, 754-3, 84.9508, 2024, 10, 26, 70000, 7, 50110-365,  ,  , 중개거래, 제주 제주시, null,  , 개인, 개인, N, 2001, 126.486, 33.4773, Y, N, 2024-11-17 18:35:01, 2024-11-17 21:18:39, 0c8dc6e434456a5703b6d376557578ed
2024-11-24 17:52:54 - <==        Row: 36262, 12300, 1, 50110, 560, 2, 우평로, 50110, 3349161, 2, 0, 318, 0, 외도일동, 부영(2차), 560-2, 84.9873, 2024, 10, 26, 46900, 3, 50110-375,  ,  , 중개거래, 제주 제주시, null,  , 개인, 개인, N, 2001, 126.434, 33.485, Y, N, 2024-11-17 18:35:01, 2024-11-17 21:18:40, 444e029ba6e4c8f939a7fbb64b840d2e
2024-11-24 17:52:54 - <==        Row: 36267, 10400, 1, 50110, 1083, 14, 오복4길, 50110, 4848342, 1, 0, 38, 0, 이도이동, 이도한우리, 1083-14, 84.5, 2024, 10, 26, 35000, 5, 50110-346,  ,  , 중개거래, 제주 제주시, null,  , 개인, 개인, N, 2004, 126.538, 33.4935, Y, N, 2024-11-17 18:35:01, 2024-11-17 21:18:40, c3f1de4948f3db95ea43e688acbfea3e
2024-11-24 17:52:54 - <==        Row: 36248, 10900, 1, 50110, 356, 1, 흥운길, 50110, 4849131, 1, 0, 16, 1, 용담이동, 한라, 356-1, 59.75, 2024, 10, 25, 8500, 5, 50110-90,  ,  , 직거래,  , null, 한라아파트, 개인, 개인, N, 1993, 126.512, 33.5104, Y, N, 2024-11-17 18:35:01, 2024-11-17 21:18:39, 3db873a998bc564e875d137e249926cb
2024-11-24 17:52:54 - <==        Row: 36211, 11200, 1, 50110, 117, 0, 화삼로, 50110, 4849184, 1, 0, 32, 0, 화북이동, 제주삼화엘에이치2단지, 117, 84.95, 2024, 10, 24, 59500, 9, 50110-3675,  ,  , 중개거래, 제주 제주시, null,  , 개인, 개인, N, 2014, 126.576, 33.5134, Y, N, 2024-11-17 18:34:59, 2024-11-17 21:18:38, 54398f239c570667ca3fa281a1221e39
2024-11-24 17:52:54 - <==        Row: 36228, 12300, 1, 50110, 549, 5, 우정로15길, 50110, 4848476, 1, 0, 1, 0, 외도일동, 대원상록수11차아파트, 549-5, 84.59, 2024, 10, 24, 37200, 3, 50110-3872,  ,  , 중개거래, 제주 제주시, null,  , 개인, 개인, N, 2016, 126.431, 33.4861, Y, N, 2024-11-17 18:35:00, 2024-11-17 21:18:38, 61d226935a0af6d0f0f319e2e5419245
2024-11-24 17:52:54 - <==        Row: 36240, 12200, 1, 50110, 912, 2, 원노형5길, 50110, 4848494, 1, 0, 34, 0, 노형동, 재영샤르빌, 912-2, 39.5816, 2024, 10, 24, 13500, 4, 50110-3225,  ,  , 중개거래, 제주 제주시, null,  , 개인, 개인, N, 2012, 126.482, 33.4865, Y, N, 2024-11-17 18:35:00, 2024-11-17 21:18:39, 49b458b6958e9a863d699238341fa064
2024-11-24 17:52:54 - <==        Row: 36273, 13700, 1, 50110, 293, 1, 신대로14길, 50110, 4848088, 1, 0, 29, 0, 연동, 연동엘리트빌, 293-1, 76.84, 2024, 10, 24, 23500, 3, 50110-388,  ,  , 중개거래, 제주 제주시, null,  , 개인, 개인, N, 2004, 126.493, 33.4877, Y, N, 2024-11-17 18:35:01, 2024-11-17 21:18:40, a4b537ca3ffc0c7eaab3cb135c57c33b
2024-11-24 17:52:54 - <==        Row: 36275, 13000, 1, 50110, 1909, 0, 화삼북로, 50110, 3349227, 4, 0, 90, 0, 도련일동, 제주삼화사랑으로부영7차, 1909, 84.9868, 2024, 10, 24, 61000, 5, 50110-3816,  ,  , 중개거래, 제주 제주시, null,  , 개인, 개인, N, 2015, 126.582, 33.517, Y, N, 2024-11-17 18:35:02, 2024-11-17 21:18:40, 357a9e63361bc9356e31aecdbaf60d58
2024-11-24 17:52:54 - <==        Row: 36276, 11200, 1, 50110, 4960, 1, 거로길, 50110, 4847019, 2, 0, 8, 0, 화북이동, 제동해피죤, 4960-1, 84.739, 2024, 10, 24, 24000, 5, 50110-360,  ,  , 직거래,  , null, 제동해피죤101동, 개인, 개인, N, 2004, 126.556, 33.5136, Y, N, 2024-11-17 18:35:02, 2024-11-17 21:18:40, dc463ceaed9e803eae9add73a305d0a3
2024-11-24 17:52:54 - <==        Row: 36279, 13700, 1, 50110, 290, 4, 신광로1길, 50110, 4848081, 1, 0, 6, 0, 연동, 이레빌, 290-4, 25.01, 2024, 10, 24, 5360, 4, 50110-3235,  ,  , 직거래,  , null,  , 공공기관, 개인, N, 2012, 126.494, 33.4932, Y, N, 2024-11-17 18:35:02, 2024-11-17 21:18:40, 2157d67289eed9d7d14284c1575eb4a6
2024-11-24 17:52:54 - <==        Row: 36280, 13700, 1, 50110, 290, 4, 신광로1길, 50110, 4848081, 1, 0, 6, 0, 연동, 이레빌, 290-4, 25.01, 2024, 10, 24, 5516, 6, 50110-3235,  ,  , 직거래,  , null,  , 공공기관, 개인, N, 2012, 126.494, 33.4932, Y, N, 2024-11-17 18:35:02, 2024-11-17 21:18:40, a576eede6955fb0fcced3da34a29cf13
2024-11-24 17:52:54 - <==        Row: 36282, 13700, 1, 50110, 271, 19, 삼무로3길, 50110, 4847823, 1, 0, 41, 0, 연동, 해월루, 271-19, 29.33, 2024, 10, 24, 6916, 3, 50110-3295,  ,  , 직거래,  , null,  , 공공기관, 개인, N, 2012, 126.491, 33.4903, Y, N, 2024-11-17 18:35:02, 2024-11-17 21:18:40, 3157a2967e97d0d19539938abae97267
2024-11-24 17:52:54 - <==        Row: 36283, 13700, 1, 50110, 2332, 5, 도령로15길, 50110, 4847542, 1, 0, 4, 0, 연동, 연동아이진빌, 2332-5, 23.37, 2024, 10, 24, 5661, 4, 50110-3183,  ,  , 직거래,  , null,  , 공공기관, 개인, N, 2011, 126.49, 33.4929, Y, N, 2024-11-17 18:35:02, 2024-11-17 21:18:40, 9886943361413ea3d33ce31eec91795f
2024-11-24 17:52:54 - <==        Row: 36220, 11400, 1, 50110, 2135, 2, 설촌로2길, 50110, 4847985, 0, 0, 30, 0, 삼양이동, 삼양더힐링빌, 2135-2, 29.78, 2024, 10, 23, 11200, 2, 50110-4069,  ,  , 직거래,  , null,  , 개인, 개인, N, 2016, 126.585, 33.5217, Y, N, 2024-11-17 18:35:00, 2024-11-17 21:18:38, 8b6f5d684cd998af94509d53bf89decc
2024-11-24 17:52:54 - <==        Row: 36221, 13700, 1, 50110, 2322, 1, 성신로1길, 50110, 4847993, 1, 0, 13, 0, 연동, 연동세기2차, 2322-1, 59.65, 2024, 10, 23, 12500, 6, 50110-146,  ,  , 직거래,  , null,  , 개인, 개인, N, 1994, 126.487, 33.4914, Y, N, 2024-11-17 18:35:00, 2024-11-17 21:18:38, 8a56837dfc61d941698c6c8500875dd6
2024-11-24 17:52:54 - <==        Row: 36225, 10200, 1, 50110, 330, 8, 고마로, 50110, 3349007, 1, 0, 54, 0, 일도이동, 평화(2차), 330-8, 83.18, 2024, 10, 23, 21000, 10, 50110-331,  ,  , 중개거래, 제주 제주시, null,  , 개인, 개인, N, 2004, 126.539, 33.5094, Y, N, 2024-11-17 18:35:00, 2024-11-17 21:18:38, 814791de38294deb4fe5d7d3a7af7778
2024-11-24 17:52:54 - <==        Row: 36247, 10300, 1, 50110, 1784, 10, 광양6길, 50110, 4847210, 0, 0, 24, 0, 이도일동, 화이트하우스, 1784-10, 22.66, 2024, 10, 23, 9400, 4, 50110-4018,  ,  , 직거래,  , null,  , 개인, 개인, N, 2016, 126.526, 33.501, Y, N, 2024-11-17 18:35:01, 2024-11-17 21:18:39, 8a0366f04c25495c473528161d676bf7
2024-11-24 17:52:54 - <==        Row: 36253, 12900, 1, 50110, 69, 1, 도남로, 50110, 3349051, 3, 0, 129, 0, 도남동, 수선화(69-1)2차, 69-1, 39.89, 2024, 10, 23, 13900, 5, 50110-64,  ,  , 중개거래, 제주 제주시, null,  , 개인, 개인, N, 1993, 126.53, 33.4892, Y, N, 2024-11-17 18:35:01, 2024-11-17 21:18:39, 8d79b0a902fd7e3a89f9b67f792c2e83
2024-11-24 17:52:54 - <==        Row: 36277, 12300, 1, 50110, 560, 1, 우정로11길, 50110, 4848472, 1, 0, 22, 0, 외도일동, 외도부영1차, 560-1, 49.896, 2024, 10, 23, 20800, 6, 50110-374,  ,  , 중개거래, 제주 제주시, null,  , 개인, 개인, N, 2000, 126.434, 33.4876, Y, N, 2024-11-17 18:35:02, 2024-11-17 21:18:40, 2ed04f68f2405cfcea1132bb8c559f6b
2024-11-24 17:52:54 - <==        Row: 36278, 25341, 1, 50110, 1437, 0, 항몽로, 50110, 3349220, 1, , 7, 0, 애월읍 하귀2리, 하귀코아루오션뷰, 1437, 84.9619, 2024, 10, 23, 38880, 3, 50110-4522,  ,  , 직거래,  , null, 103동, 법인, 법인, N, 2018, 126.405, 33.4833, Y, N, 2024-11-17 18:35:02, 2024-11-17 21:18:40, 3e12af4aa5a0aaaabaca636be77e9c2b
2024-11-24 17:52:54 - <==        Row: 36284, 12300, 1, 50110, 463, 13, 우령6길, 50110, 4848463, 1, 0, 15, 5, 외도일동, 아모르102, 463-13, 49.7317, 2024, 10, 23, 12000, 5, 50110-3544,  ,  , 직거래,  , null,  , 개인, 개인, N, 2013, 126.429, 33.4899, Y, N, 2024-11-17 18:35:02, 2024-11-17 21:18:40, e03be3f28754f54adb66e234fcd27621
2024-11-24 17:52:54 - <==        Row: 36285, 25924, 1, 50110, 4178, 0, 함덕5길, 50110, 4849054, 1, 0, 14, 0, 조천읍 함덕리, 천마에버하임오션, 4178, 84.844, 2024, 10, 23, 28500, 2, 50110-4750,  ,  , 중개거래, 제주 제주시, null,  , 개인, 개인, N, 2021, 126.659, 33.5446, Y, N, 2024-11-17 18:35:02, 2024-11-17 21:18:40, 591d21f933429faf7dabc51921bd9117
2024-11-24 17:52:54 - <==        Row: 36287, 12200, 1, 50110, 1040, 1, 월랑북길, 50110, 4848533, 1, 0, 18, 0, 노형동, 삼환3차, 1040-1, 59.4, 2024, 10, 23, 19500, 8, 50110-183,  ,  , 중개거래, 제주 제주시, null,  , 개인, 개인, N, 1998, 126.476, 33.4911, Y, N, 2024-11-17 18:35:02, 2024-11-17 21:18:40, 6877dfc141e3d42052d30a7944afc068
2024-11-24 17:52:54 - <==        Row: 36230, 12200, 1, 50110, 2583, 1, 수덕로, 50110, 3349107, 1, 0, 44, 0, 노형동, 노형뜨란채, 2583-1, 84.67, 2024, 10, 22, 57800, 5, 50110-2909,  ,  , 중개거래, 제주 제주시, null,  , 개인, 개인, N, 2006, 126.473, 33.4871, Y, N, 2024-11-17 18:35:00, 2024-11-17 21:18:38, 42333e8bb80c3a9cb3b59f4bed190ed3
2024-11-24 17:52:54 - <==        Row: 36242, 12200, 1, 50110, 2585, 2, 수덕로, 50110, 3349107, 1, 0, 78, 0, 노형동, 노형이-편한세상, 2585-2, 125.659, 2024, 10, 22, 97000, 7, 50110-2884,  ,  , 중개거래, 제주 제주시, null,  , 개인, 개인, N, 2005, 126.47, 33.4852, Y, N, 2024-11-17 18:35:00, 2024-11-17 21:18:39, f27a1e19e3b4093eaad2b0e4d33e1608
2024-11-24 17:52:54 - <==        Row: 36249, 12300, 1, 50110, 560, 2, 우평로, 50110, 3349161, 2, 0, 318, 0, 외도일동, 부영(2차), 560-2, 84.9873, 2024, 10, 22, 41100, 6, 50110-375,  ,  , 중개거래, 제주 제주시, null,  , 개인, 개인, N, 2001, 126.434, 33.485, Y, N, 2024-11-17 18:35:01, 2024-11-17 21:18:39, 6a249b63cc9259bf4d9e1ec39210958a
2024-11-24 17:52:54 - <==        Row: 36261, 11100, 1, 50110, 1989, 30, 진동로1길, 50110, 4848812, 1, 0, 26, 0, 화북일동, 덕진9차, 1989-30, 84.99, 2024, 10, 22, 25000, 7, 50110-279,  ,  , 중개거래, 제주 제주시, null,  , 개인, 개인, N, 2003, 126.567, 33.5192, Y, N, 2024-11-17 18:35:01, 2024-11-17 21:18:40, 995568b7eddbab8430a47882d3145949
2024-11-24 17:52:54 - <==        Row: 36286, 12200, 1, 50110, 2585, 1, 광평동로, 50110, 3349020, 1, 0, 66, 0, 노형동, 중흥에스클래스(미리내마을), 2585-1, 120.943, 2024, 10, 22, 80000, 1, 50110-2910,  ,  , 중개거래, 제주 제주시, null,  , 개인, 개인, N, 2006, 126.468, 33.4851, Y, N, 2024-11-17 18:35:02, 2024-11-17 21:18:40, d90dd1109bd1c01fe064af0c4086d8f5
2024-11-24 17:52:54 - <==        Row: 36290, 12300, 1, 50110, 634, 9, 우정로16길, 50110, 4848477, 1, 0, 13, 0, 외도일동, 허브라벤다, 634-9, 84.49, 2024, 10, 22, 26900, 5, 50110-3110,  ,  , 중개거래, 제주 제주시, null,  , 개인, 개인, N, 2011, 126.43, 33.4858, Y, N, 2024-11-17 18:35:02, 2024-11-17 21:18:41, 077d7d6b00e75277d676c7882d420601
2024-11-24 17:52:54 - <==        Row: 36292, 13700, 1, 50110, 276, 3, 연동8길, 50110, 4848259, 0, 0, 28, 0, 연동, 청목더웰연동, 276-3, 17.6127, 2024, 10, 22, 10000, 8, 50110-4462,  ,  , 직거래,  , null,  , 개인, 개인, N, 2018, 126.49, 33.4835, Y, N, 2024-11-17 18:35:02, 2024-11-17 21:18:41, d6f21c4f7c07c731ba802e19192c06e9
2024-11-24 17:52:54 - <==        Row: 35534, 11100, 1, 50110, 12, 1, 동화로1길, 50110, 4847618, 1, 0, 10, 0, 화북일동, 화북주공4단지, 12-1, 49.5, 2024, 10, 22, 28000, 5, 50110-118,  ,  , 중개거래, 제주 제주시, null,  , 개인, 개인, N, 1998, 126.574, 33.518, Y, N, 2024-11-17 18:34:34, 2024-11-17 21:18:39, bd6f19fa960ef16ec164d4d3da549c7d
2024-11-24 17:52:54 - <==        Row: 36215, 11200, 1, 50110, 4748, 1, 거로동길, 50110, 4847026, 0, 0, 18, 0, 화북이동, 벨루스타운Ⅲ, 4748-1, 82.15, 2024, 10, 21, 31500, 5, 50110-4369,  ,  , 중개거래, 제주 제주시, null,  , 개인, 개인, N, 2018, 126.559, 33.514, Y, N, 2024-11-17 18:34:59, 2024-11-17 21:18:38, 70c4145f1152f7f6ed7067b681cd367a
2024-11-24 17:52:54 - <==        Row: 36222, 10200, 1, 50110, 321, 19, 고마로9길, 50110, 4847075, 0, 0, 3, 0, 일도이동, 일도더팰리스, 321-19, 88.82, 2024, 10, 21, 33061, 6, 50110-4897,  ,  , 직거래,  , null,  , 법인, 개인, N, 2023, 126.539, 33.5104, Y, N, 2024-11-17 18:35:00, 2024-11-17 21:18:38, 7bfabbb647e0c97f34ade72bb16c28e8
2024-11-24 17:52:54 - <==        Row: 36226, 10200, 1, 50110, 160, 0, 고마로5길, 50110, 4847073, 1, 0, 2, 0, 일도이동, 백강수피아2차, 160, 84.2634, 2024, 10, 21, 30500, 4, 50110-3423,  ,  , 중개거래, 제주 제주시, null,  , 개인, 개인, N, 2013, 126.539, 33.5119, Y, N, 2024-11-17 18:35:00, 2024-11-17 21:18:38, b69f1a7b2554d868a35076794a5ecf6b
2024-11-24 17:52:54 - <==        Row: 35477, 12200, 1, 50110, 754, 4, 과원로, 50110, 3349013, 1, 0, 11, 0, 노형동, 부영2차, 754-4, 45.9078, 2024, 10, 21, 31800, 6, 50110-366,  ,  , 중개거래, 제주 제주시, null,  , 개인, 개인, N, 2001, 126.485, 33.4765, Y, N, 2024-11-17 18:34:32, 2024-11-17 21:18:40, 23d76fceaba50cc905c795c83498fdfd
2024-11-24 17:52:54 - <==        Row: 36294, 10600, 1, 50110, 802, 3, 전농로9길, 50110, 4848649, 1, 0, 52, 0, 삼도이동, 삼도쉐르빌1차, 802-3, 116.38, 2024, 10, 21, 27000, 10, 50110-790,  ,  , 중개거래, 제주 제주시, null,  , 개인, 개인, N, 2005, 126.521, 33.5089, Y, N, 2024-11-17 18:35:02, 2024-11-17 21:18:41, 37f29d31210fd74a2842d7846817f18a
2024-11-24 17:52:54 - <==        Row: 35865, 12200, 1, 50110, 732, 0, 원노형로, 50110, 3349162, 1, 0, 93, 0, 노형동, 부영1차, 732, 80.6583, 2024, 10, 20, 67000, 3, 50110-181,  ,  , 중개거래, 제주 제주시, null,  , 개인, 개인, N, 2001, 126.486, 33.4804, Y, N, 2024-11-17 18:34:46, 2024-11-17 21:18:41, 14f7a9c9e961154e00925bf447e08a3d
2024-11-24 17:52:54 - <==        Row: 36233, 13000, 1, 50110, 1689, 8, 도련길, 50110, 4847531, 0, 0, 24, 0, 도련일동, 세경캐슬2, 1689-8, 79.65, 2024, 10, 20, 34200, 7, 50110-4453,  ,  , 중개거래, 제주 제주시, null,  , 개인, 개인, N, 2018, 126.587, 33.5091, Y, N, 2024-11-17 18:35:00, 2024-11-17 21:18:38, 9759437e0b96c21358d31e5734bb2e1f
2024-11-24 17:52:54 - <==        Row: 36259, 13700, 1, 50110, 1399, 1, 연화로, 50110, 3349141, 2, 0, 25, 0, 연동, 대림이편한세상2차, 1399-1, 119.296, 2024, 10, 20, 100000, 3, 50110-208,  ,  , 중개거래, 제주 제주시, null, 201, 개인, 개인, N, 2002, 126.488, 33.4797, Y, N, 2024-11-17 18:35:01, 2024-11-17 21:18:39, d3c80ad0545791b12cb9c398fd274a28
2024-11-24 17:52:54 - <==        Row: 36270, 12200, 1, 50110, 1290, 1, 다랑곶4길, 50110, 4847433, 1, 0, 9, 0, 노형동, 대림, 1290-1, 83.73, 2024, 10, 20, 41000, 2, 50110-175,  ,  , 중개거래, 제주 제주시, null,  , 개인, 개인, N, 1992, 126.48, 33.4877, Y, N, 2024-11-17 18:35:01, 2024-11-17 21:18:40, 190da44f83637ae86ab4fd06334e606f
2024-11-24 17:52:54 - <==        Row: 36300, 12200, 1, 50110, 1290, 1, 다랑곶4길, 50110, 4847433, 1, 0, 9, 0, 노형동, 대림, 1290-1, 83.73, 2024, 10, 20, 41000, 2, 50110-175, O, 24.10.21, 중개거래, 제주 제주시, null,  , 개인, 개인, N, 1992, 126.48, 33.4877, Y, N, 2024-11-17 18:35:02, 2024-11-17 21:18:41, 9695d2f69c311126c2733709e63dbcac
2024-11-24 17:52:54 - <==        Row: 36190, 13700, 1, 50110, 260, 24, 도령로, 50110, 3349052, 3, 0, 106, 0, 연동, 갤럭시타운, 260-24, 40.9, 2024, 10, 19, 14600, 7, 50110-3337,  ,  , 중개거래, 제주 제주시, null,  , 개인, 개인, N, 2012, 126.489, 33.4912, Y, N, 2024-11-17 18:34:58, 2024-11-17 21:18:41, 3cb854a78246c22340deb176df9e6d26
2024-11-24 17:52:54 - <==        Row: 36232, 12200, 1, 50110, 754, 4, 과원로, 50110, 3349013, 1, 0, 11, 0, 노형동, 부영2차, 754-4, 45.9078, 2024, 10, 19, 34300, 5, 50110-366,  ,  , 중개거래, 제주 제주시, null,  , 개인, 개인, N, 2001, 126.485, 33.4765, Y, N, 2024-11-17 18:35:00, 2024-11-17 21:18:38, 7114ea0f609728c959926bbf7d2afaf8
2024-11-24 17:52:54 - <==        Row: 36091, 12300, 1, 50110, 560, 1, 우정로11길, 50110, 4848472, 1, 0, 22, 0, 외도일동, 외도부영1차, 560-1, 59.933, 2024, 10, 19, 27400, 5, 50110-374,  ,  , 중개거래, 제주 제주시, null,  , 개인, 개인, N, 2000, 126.434, 33.4876, Y, N, 2024-11-17 18:34:55, 2024-11-17 21:18:39, 82d0961973b70d7ee9b89e4b2c581ba6
2024-11-24 17:52:54 - <==        Row: 35631, 12200, 1, 50110, 731, 2, 원노형로, 50110, 3349162, 1, 0, 102, 0, 노형동, 한화, 731-2, 108.444, 2024, 10, 18, 95000, 8, 50110-198,  ,  , 중개거래, 제주 제주시, null,  , 개인, 개인, N, 2002, 126.484, 33.4799, Y, N, 2024-11-17 18:34:37, 2024-11-17 21:18:41, b3e540b25be9a3c839b8a905d4df8d3b
2024-11-24 17:52:54 - <==        Row: 36265, 10200, 1, 50110, 321, 19, 고마로9길, 50110, 4847075, 0, 0, 3, 0, 일도이동, 일도더팰리스, 321-19, 88.82, 2024, 10, 18, 34800, 5, 50110-4897,  ,  , 직거래,  , null,  , 법인, 개인, N, 2023, 126.539, 33.5104, Y, N, 2024-11-17 18:35:01, 2024-11-17 21:18:40, ac8ba512ddbc28b3129da58fa2089a5f
2024-11-24 17:52:54 - <==        Row: 36274, 12300, 1, 50110, 529, 4, 우정로7길, 50110, 4848483, 1, 0, 24, 0, 외도일동, 외도에이스아크로빌2차, 529-4, 84.98, 2024, 10, 18, 32700, 5, 50110-3093,  ,  , 중개거래, 제주 제주시, null,  , 개인, 개인, N, 2010, 126.433, 33.489, Y, N, 2024-11-17 18:35:02, 2024-11-17 21:18:40, 2bf9741e366581167e8d4776468141f4
2024-11-24 17:52:54 - <==        Row: 36299, 12300, 1, 50110, 529, 4, 우정로7길, 50110, 4848483, 1, 0, 24, 0, 외도일동, 외도에이스아크로빌2차, 529-4, 84.98, 2024, 10, 18, 32700, 5, 50110-3093, O, 24.10.24, 중개거래, 제주 제주시, null,  , 개인, 개인, N, 2010, 126.433, 33.489, Y, N, 2024-11-17 18:35:02, 2024-11-17 21:18:41, 98f9f344a499700df9ba29439c36eb31
2024-11-24 17:52:54 - <==        Row: 36305, 25340, 1, 50110, 167, 0, 하귀9길, 50110, 4848952, 1, 0, 45, 0, 애월읍 하귀1리, 제주하귀휴먼시아1단지, 167, 84.84, 2024, 10, 18, 45000, 11, 50110-3078,  ,  , 중개거래, 제주 제주시, null,  , 개인, 개인, N, 2010, 126.417, 33.4837, Y, N, 2024-11-17 18:35:03, 2024-11-17 21:18:41, 76f9dd476096f0c474c3969f41661598
2024-11-24 17:52:54 - <==        Row: 36306, 10200, 1, 50110, 330, 8, 고마로, 50110, 3349007, 1, 0, 54, 0, 일도이동, 평화(2차), 330-8, 83.18, 2024, 10, 18, 22000, 4, 50110-331,  ,  , 중개거래, 제주 제주시, null,  , 개인, 개인, N, 2004, 126.539, 33.5094, Y, N, 2024-11-17 18:35:03, 2024-11-17 21:18:41, 6905cffd684593be018a80a6a9b2aae7
2024-11-24 17:52:54 - <==        Row: 36310, 13700, 1, 50110, 271, 19, 삼무로3길, 50110, 4847823, 1, 0, 41, 0, 연동, 해월루, 271-19, 18.2655, 2024, 10, 18, 6500, 9, 50110-3295,  ,  , 중개거래, 제주 제주시, null,  , 개인, 개인, N, 2012, 126.491, 33.4903, Y, N, 2024-11-17 18:35:03, 2024-11-17 21:18:41, cc404d05798040444838bd8998731af8
2024-11-24 17:52:54 - <==        Row: 36311, 10900, 1, 50110, 609, 77, 성화로, 50110, 3349103, 1, 0, 2, 0, 용담이동, 헤르지아, 609-77, 84.9781, 2024, 10, 18, 34000, 6, 50110-3326,  ,  , 중개거래, 제주 제주시, null,  , 개인, 개인, N, 2012, 126.505, 33.5101, Y, N, 2024-11-17 18:35:03, 2024-11-17 21:18:41, daf1590202dd956962dc394fe2a59d45
2024-11-24 17:52:54 - <==        Row: 36293, 11200, 1, 50110, 116, 0, 화삼로, 50110, 4849184, 1, 0, 12, 0, 화북이동, 제주삼화사랑으로부영2차, 116, 84.3616, 2024, 10, 17, 54000, 4, 50110-3427,  ,  , 중개거래, 제주 제주시, null,  , 개인, 개인, N, 2013, 126.574, 33.5139, Y, N, 2024-11-17 18:35:02, 2024-11-17 21:18:41, f59ca3b9c345b0ef0ef4fc6a85c9f6d7
2024-11-24 17:52:54 - <==        Row: 36296, 10400, 1, 50110, 1010, 12, 중앙로, 50110, 3349184, 3, 0, 258, 1, 이도이동, 엘루체, 1010-12, 43.9, 2024, 10, 17, 11000, 4, 50110-3608,  ,  , 중개거래, 제주 제주시, null,  , 개인, 개인, N, 2014, 126.531, 33.4969, Y, N, 2024-11-17 18:35:02, 2024-11-17 21:18:41, 719b67b05e5fdb44aa5035402bd7ff3f
2024-11-24 17:52:54 - <==        Row: 36312, 13000, 1, 50110, 2873, 0, 도련3길, 50110, 4847527, 0, , 5, 4, 도련일동, 도련영도갤럭시타운, 2873, 78.8063, 2024, 10, 17, 35000, 7, 50110-4680,  ,  , 중개거래, 제주 제주시, null,  , 개인, 개인, N, 2020, 126.586, 33.5075, Y, N, 2024-11-17 18:35:03, 2024-11-17 21:18:41, 3227bebf5759ddef299750ba32044808
2024-11-24 17:52:54 - <==        Row: 36314, 13100, 1, 50110, 548, 0, 화삼북로, 50110, 3349227, 2, 0, 136, 0, 도련이동, 제주삼화사랑으로부영1차, 548, 84.3616, 2024, 10, 17, 53700, 4, 50110-3421,  ,  , 중개거래, 제주 제주시, null,  , 개인, 개인, N, 2013, 126.587, 33.5168, Y, N, 2024-11-17 18:35:03, 2024-11-17 21:18:41, 529e8b4c959b629a309337fa762efc52
2024-11-24 17:52:54 - <==        Row: 36315, 11200, 1, 50110, 116, 0, 화삼로, 50110, 4849184, 1, 0, 12, 0, 화북이동, 제주삼화사랑으로부영2차, 116, 84.3616, 2024, 10, 17, 54000, 4, 50110-3427, O, 24.10.21, 중개거래, 제주 제주시, null,  , 개인, 개인, N, 2013, 126.574, 33.5139, Y, N, 2024-11-17 18:35:03, 2024-11-17 21:18:41, 00eb74fcfeccd6e07f1fb2fa3c05baec
2024-11-24 17:52:54 - <==        Row: 36271, 11200, 1, 50110, 117, 0, 화삼로, 50110, 4849184, 1, 0, 32, 0, 화북이동, 제주삼화엘에이치2단지, 117, 84.95, 2024, 10, 16, 61000, 8, 50110-3675,  ,  , 중개거래, 제주 제주시, null,  , 개인, 개인, N, 2014, 126.576, 33.5134, Y, N, 2024-11-17 18:35:01, 2024-11-17 21:18:40, f1d08738bd02de48455926ae0e70e878
2024-11-24 17:52:54 - <==        Row: 36304, 12200, 1, 50110, 2583, 1, 수덕로, 50110, 3349107, 1, 0, 44, 0, 노형동, 노형뜨란채, 2583-1, 84.98, 2024, 10, 16, 59900, 10, 50110-2909,  ,  , 중개거래, 제주 제주시, null,  , 개인, 개인, N, 2006, 126.473, 33.4871, Y, N, 2024-11-17 18:35:03, 2024-11-17 21:18:41, 08678250129ce9a543d7ce5f3b461a07
2024-11-24 17:52:54 - <==        Row: 36313, 12600, 1, 50110, 117, 0, 대동길, 50110, 4847453, 0, , 17, 4, 이호이동, 해밀타운, 117, 83.91, 2024, 10, 16, 32000, 7, 50110-4654, O, 24.10.28, 직거래,  , null,  , 개인, 개인, N, 2019, 126.464, 33.4928, Y, N, 2024-11-17 18:35:03, 2024-11-17 21:18:41, 30d9087cb5f8783701996929736f2b0a
2024-11-24 17:52:54 - <==        Row: 36316, 10200, 1, 50110, 360, 11, 동광로15길, 50110, 4847561, 1, 0, 2, 0, 일도이동, 일도위더스빌23차, 360-11, 84.52, 2024, 10, 16, 43500, 3, 50110-3651,  ,  , 중개거래, 제주 제주시, null,  , 개인, 개인, N, 2014, 126.538, 33.506, Y, N, 2024-11-17 18:35:03, 2024-11-17 21:18:42, ba72204c4aaad6f3675a7c44cc3170d4
2024-11-24 17:52:54 - <==        Row: 36318, 12700, 1, 50110, 2614, 0, 도두항서길, 50110, 4847524, 0, 0, 41, 0, 도두일동, 블루파크시티, 2614, 24.8006, 2024, 10, 16, 15200, 6, 50110-4472,  ,  , 직거래,  , null,  , 법인, 법인, N, 2018, 126.464, 33.506, Y, N, 2024-11-17 18:35:03, 2024-11-17 21:18:42, 9bae4abe6c0ecd3415096c41999fcadd
2024-11-24 17:52:54 - <==        Row: 36212, 13700, 1, 50110, 2325, 7, 도령로, 50110, 3349052, 3, 0, 103, 0, 연동, 연동한일씨티파크, 2325-7, 84.8779, 2024, 10, 15, 38500, 10, 50110-3692,  ,  , 중개거래, 제주 제주시, null,  , 개인, 개인, N, 2014, 126.489, 33.4916, Y, N, 2024-11-17 18:34:59, 2024-11-17 21:18:39, 0a969e247f92e674a6b437239a67e779
2024-11-24 17:52:54 - <==        Row: 36289, 12200, 1, 50110, 1056, 5, 수덕9길, 50110, 4848047, 1, 0, 12, 0, 노형동, 덕진웰리브, 1056-5, 84.877, 2024, 10, 15, 36000, 6, 50110-3074,  ,  , 중개거래, 제주 제주시, null,  , 개인, 개인, N, 2010, 126.476, 33.4876, Y, N, 2024-11-17 18:35:02, 2024-11-17 21:18:41, f112faeb3054c39c6e5d7e3b07e2071d
2024-11-24 17:52:54 - <==        Row: 36320, 10400, 1, 50110, 1011, 3, 중앙로, 50110, 3349184, 0, 0, 266, 0, 이도이동, 영도갤럭시타운, 1011-3, 22.3279, 2024, 10, 15, 12400, 10, 50110-4330,  ,  , 중개거래, 제주 제주시, null,  , 법인, 개인, N, 2017, 126.532, 33.4961, Y, N, 2024-11-17 18:35:03, 2024-11-17 21:18:42, f65698f51ea57f1981b4b3ae456c30e0
2024-11-24 17:52:54 - <==        Row: 35355, 11000, 1, 50110, 505, 0, 용담로5길, 50110, 4848405, 1, 0, 25, 0, 용담삼동, 용두암현대1, 505, 83.55, 2024, 10, 14, 25000, 4, 50110-91,  ,  , 중개거래, 제주 제주시, null, 103, 개인, 개인, N, 1991, 126.508, 33.5161, Y, N, 2024-11-17 18:34:27, 2024-11-17 21:18:42, 0858f51b8b558161ca701ef8123fb0bf
2024-11-24 17:52:54 - <==        Row: 36219, 13500, 1, 50110, 745, 0, 첨단로동길, 50110, 4849167, 0, 0, 74, 0, 월평동, 제주첨단꿈에그린2단지아파트, 745, 97.8898, 2024, 10, 14, 54000, 1, 50110-4335,  ,  , 중개거래, 제주 제주시, null,  , 개인, 개인, N, 2017, 126.576, 33.4542, Y, N, 2024-11-17 18:35:00, 2024-11-17 21:18:38, 72414521e27d6b41ce2b082ca7b19ea6
2024-11-24 17:52:54 - <==        Row: 36231, 12900, 1, 50110, 800, 0, 오남로, 50110, 3349144, 3, 0, 7, 13, 도남동, 도남1차e-편한세상, 800, 103.488, 2024, 10, 14, 58000, 7, 50110-404,  ,  , 중개거래, 제주 제주시, null,  , 개인, 개인, N, 2005, 126.522, 33.4958, Y, N, 2024-11-17 18:35:00, 2024-11-17 21:18:38, cf1a6ccc64a4ab4e284f0c783364915c
2024-11-24 17:52:54 - <==        Row: 36322, 13500, 1, 50110, 745, 0, 첨단로동길, 50110, 4849167, 0, 0, 74, 0, 월평동, 제주첨단꿈에그린2단지아파트, 745, 97.8898, 2024, 10, 14, 54000, 1, 50110-4335, O, 24.11.06, 중개거래, 제주 제주시, null,  , 개인, 개인, N, 2017, 126.576, 33.4542, Y, N, 2024-11-17 18:35:03, 2024-11-17 21:18:42, 03813c489b3ea55a85ed522a79e49760
2024-11-24 17:52:54 - <==        Row: 36323, 13700, 1, 50110, 290, 5, 연삼로, 50110, 3349137, 12, 0, 18, 0, 연동, 엘리시아뷰, 290-5, 24.77, 2024, 10, 14, 9800, 8, 50110-3409,  ,  , 중개거래, 제주 제주시, null,  , 개인, 개인, N, 2012, 126.494, 33.4934, Y, N, 2024-11-17 18:35:03, 2024-11-17 21:18:42, d604dd873eafd660d39388b98ecd7ce5
2024-11-24 17:52:54 - <==        Row: 36326, 10700, 1, 50110, 1044, 3, 임항로, 50110, 3349174, 1, 0, 286, 0, 건입동, 미듬하나로, 1044-3, 84.67, 2024, 10, 14, 27500, 2, 50110-254,  ,  , 직거래,  , null,  , 개인, 개인, N, 2004, 126.538, 33.5154, Y, N, 2024-11-17 18:35:03, 2024-11-17 21:18:42, 6a5d6487e2c4d996705731aa02ffc5fc
2024-11-24 17:52:54 - <==        Row: 36210, 13700, 1, 50110, 280, 15, 도령로, 50110, 3349052, 3, 0, 128, 0, 연동, 삼무파크빌, 280-15, 84.9, 2024, 10, 13, 28800, 4, 50110-2965,  ,  , 직거래,  , null,  , 개인, 개인, N, 2007, 126.491, 33.4927, Y, N, 2024-11-17 18:34:59, 2024-11-17 21:18:38, f9569c50c21fbd34c20df4445bef70b3
2024-11-24 17:52:54 - <==        Row: 36241, 12600, 1, 50110, 1046, 0, 오광로, 50110, 3349143, 0, 0, 65, 0, 이호이동, 이호휴캐슬, 1046, 60.58, 2024, 10, 13, 24000, 4, 50110-4314,  ,  , 직거래,  , null,  , 개인, 개인, N, 2017, 126.458, 33.4903, Y, N, 2024-11-17 18:35:00, 2024-11-17 21:18:39, 0bd432549a061e6df2b5303dfcde5c6f
2024-11-24 17:52:54 - <==        Row: 36297, 12200, 1, 50110, 732, 0, 원노형로, 50110, 3349162, 1, 0, 93, 0, 노형동, 부영1차, 732, 80.6583, 2024, 10, 13, 70500, 12, 50110-181,  ,  , 중개거래, 제주 제주시, null,  , 개인, 개인, N, 2001, 126.486, 33.4804, Y, N, 2024-11-17 18:35:02, 2024-11-17 21:18:41, c17911c31f495901b53e3316f2dda472
2024-11-24 17:52:54 - <==        Row: 36239, 12200, 1, 50110, 2583, 1, 수덕로, 50110, 3349107, 1, 0, 44, 0, 노형동, 노형뜨란채, 2583-1, 84.85, 2024, 10, 12, 59300, 4, 50110-2909,  ,  , 중개거래, 제주 제주시, null,  , 개인, 개인, N, 2006, 126.473, 33.4871, Y, N, 2024-11-17 18:35:00, 2024-11-17 21:18:39, 645d9ce56e991ebf2dca7446bef6c951
2024-11-24 17:52:54 - <==        Row: 36324, 10200, 1, 50110, 47, 0, 천수로8길, 50110, 4848832, 0, 0, 18, 0, 일도이동, 일도삼주, 47, 59.97, 2024, 10, 12, 27600, 1, 50110-12,  ,  , 중개거래, 제주 제주시, null,  , 개인, 개인, N, 1993, 126.543, 33.5042, Y, N, 2024-11-17 18:35:03, 2024-11-17 21:18:42, cdbc9652d23d48ce379fdc0e93394bdb
2024-11-24 17:52:54 - <==        Row: 36329, 13700, 1, 50110, 271, 3, 신광로, 50110, 3349109, 1, 0, 17, 0, 연동, 가완에어텔, 271-3, 33.16, 2024, 10, 12, 7300, 7, 50110-317,  ,  , 직거래,  , null,  , 개인, 개인, N, 2003, 126.49, 33.4906, Y, N, 2024-11-17 18:35:03, 2024-11-17 21:18:42, 52c102d330ce06718cbc22065754d5e3
2024-11-24 17:52:54 - <==        Row: 36330, 13000, 1, 50110, 1910, 0, 화삼로, 50110, 4849184, 2, , 89, 0, 도련일동, 제주삼화사랑으로부영8차, 1910, 84.9933, 2024, 10, 12, 58700, 1, 50110-3971,  ,  , 중개거래, 제주 제주시, null,  , 개인, 개인, N, 2016, 126.582, 33.5155, Y, N, 2024-11-17 18:35:04, 2024-11-17 21:18:42, 4201b75969865985d8c6988f6b2577d5
2024-11-24 17:52:54 - <==        Row: 36108, 13500, 1, 50110, 747, 0, 첨단로동길, 50110, 4849167, 0, 0, 106, 0, 월평동, 제주첨단꿈에그린3단지아파트, 747, 97.8898, 2024, 10, 11, 53000, 1, 50110-4387,  ,  , 중개거래, 제주 제주시, null, 314동, 개인, 개인, N, 2018, 126.576, 33.4514, Y, N, 2024-11-17 18:34:55, 2024-11-17 21:18:40, 8e168e76aa0cc9ddfbfd14818eb43ffe
2024-11-24 17:52:54 - <==        Row: 36309, 25340, 1, 50110, 166, 1, 하귀9길, 50110, 4848952, 1, 0, 71, 0, 애월읍 하귀1리, 제주하귀휴먼시아2단지, 166-1, 84.67, 2024, 10, 11, 42200, 3, 50110-3077,  ,  , 중개거래, 제주 제주시, null,  , 개인, 개인, N, 2010, 126.415, 33.4812, Y, N, 2024-11-17 18:35:03, 2024-11-17 21:18:41, c579dc3d28a8ff0cd66ca2243a21008b
2024-11-24 17:52:54 - <==        Row: 36319, 12300, 1, 50110, 560, 1, 우정로11길, 50110, 4848472, 1, 0, 22, 0, 외도일동, 외도부영1차, 560-1, 49.896, 2024, 10, 11, 20900, 6, 50110-374,  ,  , 중개거래, 제주 제주시, null,  , 개인, 개인, N, 2000, 126.434, 33.4876, Y, N, 2024-11-17 18:35:03, 2024-11-17 21:18:42, ad6efcae977866403d584e9a9c4b48dc
2024-11-24 17:52:54 - <==        Row: 36331, 11400, 1, 50110, 2333, 0, 화삼로, 50110, 4849184, 4, 0, 166, 0, 삼양이동, 제주삼화사랑으로부영5차, 2333, 84.3616, 2024, 10, 11, 52900, 5, 50110-3571,  ,  , 중개거래, 제주 제주시, null, 512, 개인, 개인, N, 2013, 126.586, 33.5193, Y, N, 2024-11-17 18:35:04, 2024-11-17 21:18:42, 962c1cffe8f7c6811fc71c5ff937e78a
2024-11-24 17:52:54 - <==        Row: 36332, 12200, 1, 50110, 754, 3, 과원로, 50110, 3349013, 1, 0, 27, 0, 노형동, 부영3차, 754-3, 84.9508, 2024, 10, 11, 64000, 8, 50110-365,  ,  , 중개거래, 제주 제주시, null,  , 개인, 개인, N, 2001, 126.486, 33.4773, Y, N, 2024-11-17 18:35:04, 2024-11-17 21:18:42, 219ab3bdeda49fdb883b12dd7f0ab7e4
2024-11-24 17:52:54 - <==        Row: 36335, 13100, 1, 50110, 548, 0, 화삼북로, 50110, 3349227, 2, 0, 136, 0, 도련이동, 제주삼화사랑으로부영1차, 548, 73.9049, 2024, 10, 11, 47400, 5, 50110-3421,  ,  , 중개거래, 제주 제주시, null,  , 개인, 개인, N, 2013, 126.587, 33.5168, Y, N, 2024-11-17 18:35:04, 2024-11-17 21:18:42, 6c973d2a83d400b3865f986a3a96649a
2024-11-24 17:52:54 - <==        Row: 35314, 12200, 1, 50110, 2583, 1, 수덕로, 50110, 3349107, 1, 0, 44, 0, 노형동, 노형뜨란채, 2583-1, 84.98, 2024, 10, 11, 59500, 2, 50110-2909,  ,  , 중개거래, 제주 제주시, null,  , 개인, 개인, N, 2006, 126.473, 33.4871, Y, N, 2024-11-17 18:34:26, 2024-11-17 21:18:39, e227203b67061f3ea00d7e62046e91d8
2024-11-24 17:52:54 - <==        Row: 36224, 11400, 1, 50110, 2180, 16, 지석12길, 50110, 4848790, 1, 0, 5, 0, 삼양이동, 한양, 2180-16, 103.32, 2024, 10, 10, 20000, 5, 50110-361,  ,  , 직거래,  , null,  , 개인, 개인, N, 1995, 126.584, 33.5205, Y, N, 2024-11-17 18:35:00, 2024-11-17 21:18:38, 853e9e0db1663380ea2dc897bf00725e
2024-11-24 17:52:54 - <==        Row: 36338, 25024, 1, 50110, 1449, 1, 한림남2길, 50110, 4848994, 1, 1, 8, 0, 한림읍 한림리, 회성푸르니5차, 1449-1, 84.0119, 2024, 10, 10, 27000, 5, 50110-3831,  ,  , 직거래,  , null, A동, 개인, 개인, N, 2015, 126.264, 33.4125, Y, N, 2024-11-17 18:35:04, 2024-11-17 21:18:42, 9c788dfda4aa47c91956233d74ad7a7c
2024-11-24 17:52:54 - <==        Row: 36339, 25024, 1, 50110, 555, 0, 명랑로, 50110, 3349063, 1, 0, 49, 0, 한림읍 한림리, 한림대호(대호베리골), 555, 59.85, 2024, 10, 10, 11200, 2, 50110-397,  ,  , 중개거래, 제주 제주시, null, 나, 개인, 개인, N, 2001, 126.27, 33.4142, Y, N, 2024-11-17 18:35:04, 2024-11-17 21:18:42, eff1e7a0deba12ef0f6c7c734cffbbc7
2024-11-24 17:52:54 - <==        Row: 36269, 13700, 1, 50110, 2325, 6, 도령로, 50110, 3349052, 3, 0, 95, 0, 연동, 타워프로빌, 2325-6, 138.14, 2024, 10, 9, 51000, 6, 50110-3056,  ,  , 중개거래, 제주 제주시, null,  , 개인, 개인, N, 2010, 126.488, 33.4912, Y, N, 2024-11-17 18:35:01, 2024-11-17 21:18:40, e2b4ff1f22bca8851b0233104d421abc
2024-11-24 17:52:54 - <==        Row: 36340, 10200, 1, 50110, 321, 19, 고마로9길, 50110, 4847075, 0, 0, 3, 0, 일도이동, 일도더팰리스, 321-19, 83.47, 2024, 10, 9, 41000, 2, 50110-4897,  ,  , 중개거래, 제주 제주시, null,  , 개인, 개인, N, 2023, 126.539, 33.5104, Y, N, 2024-11-17 18:35:04, 2024-11-17 21:18:42, 8dd9b1e9a9fd0d03b21c25c80e1aef64
2024-11-24 17:52:54 - <==        Row: 36227, 10800, 1, 50110, 219, 8, 용담로, 50110, 3349152, 1, 0, 141, 0, 용담일동, 다올해피죤, 219-8, 84.9525, 2024, 10, 8, 30000, 6, 50110-3457,  ,  , 중개거래, 제주 제주시, null,  , 개인, 개인, N, 2013, 126.516, 33.5091, Y, N, 2024-11-17 18:35:00, 2024-11-17 21:18:38, ea4343f04278c73d7139cd0536e34b8a
2024-11-24 17:52:54 - <==        Row: 36243, 10700, 1, 50110, 674, 0, 임항로, 50110, 3349174, 1, 0, 279, 0, 건입동, 아산프라자, 674, 71.58, 2024, 10, 8, 23500, 8, 50110-2956,  ,  , 중개거래, 제주 제주시, null,  , 개인, 개인, N, 2006, 126.539, 33.5158, Y, N, 2024-11-17 18:35:00, 2024-11-17 21:18:39, de314e4b36b060d07498997d7618c101
2024-11-24 17:52:54 - <==        Row: 36281, 12000, 1, 50110, 1495, 0, 연사2길, 50110, 4848272, 0, 0, 16, 11, 오라이동, 화인퍼스트빌3차, 1495, 84.93, 2024, 10, 8, 35500, 4, 50110-3978,  ,  , 중개거래, 제주 제주시, null,  , 개인, 개인, N, 2016, 126.512, 33.4871, Y, N, 2024-11-17 18:35:02, 2024-11-17 21:18:40, 65ffa8a2c7bd082d7d9c1500bdd8114a
2024-11-24 17:52:54 - <==        Row: 36336, 12300, 1, 50110, 560, 1, 우정로11길, 50110, 4848472, 1, 0, 22, 0, 외도일동, 외도부영1차, 560-1, 59.933, 2024, 10, 8, 24100, 2, 50110-374,  ,  , 중개거래, 제주 제주시, null,  , 개인, 개인, N, 2000, 126.434, 33.4876, Y, N, 2024-11-17 18:35:04, 2024-11-17 21:18:42, 47b5910775d2b943bbd829bb6b567c84
2024-11-24 17:52:54 - <==        Row: 36341, 13700, 1, 50110, 2319, 5, 성신로, 50110, 3349101, 1, 0, 16, 0, 연동, 연동대일, 2319-5, 84.9, 2024, 10, 8, 27000, 5, 50110-136,  ,  , 중개거래, 제주 제주시, null, 가, 개인, 개인, N, 1991, 126.486, 33.4916, Y, N, 2024-11-17 18:35:04, 2024-11-17 21:18:42, 470efaacf9e35d990fbbe01b2b257186
2024-11-24 17:52:54 - <==        Row: 36258, 25921, 1, 50110, 1951, 1, 신촌11길, 50110, 4848165, 1, 0, 28, 1, 조천읍 신촌리, 태흥빌라, 1951-1, 84.74, 2024, 10, 7, 12200, 2, 50110-400,  ,  , 중개거래, 제주 제주시, null,  , 개인, 개인, N, 2001, 126.623, 33.5371, Y, N, 2024-11-17 18:35:01, 2024-11-17 21:18:39, cd8c96e1f4801b773df8e94843b869b9
2024-11-24 17:52:54 - <==        Row: 36264, 25340, 1, 50110, 167, 0, 하귀9길, 50110, 4848952, 1, 0, 45, 0, 애월읍 하귀1리, 제주하귀휴먼시아1단지, 167, 84.72, 2024, 10, 7, 43500, 9, 50110-3078,  ,  , 중개거래, 제주 제주시, null, 108, 개인, 개인, N, 2010, 126.417, 33.4837, Y, N, 2024-11-17 18:35:01, 2024-11-17 21:18:40, 6991576b9562850d84deaaa3413790ce
2024-11-24 17:52:54 - <==        Row: 36307, 25340, 1, 50110, 167, 0, 하귀9길, 50110, 4848952, 1, 0, 45, 0, 애월읍 하귀1리, 제주하귀휴먼시아1단지, 167, 84.82, 2024, 10, 7, 41500, 2, 50110-3078,  ,  , 중개거래, 제주 제주시, null,  , 개인, 개인, N, 2010, 126.417, 33.4837, Y, N, 2024-11-17 18:35:03, 2024-11-17 21:18:41, 0f18856fce33ae2dd0e9db33fbb7961e
2024-11-24 17:52:54 - <==        Row: 36337, 12200, 1, 50110, 906, 4, 원노형5길, 50110, 4848494, 1, 0, 4, 0, 노형동, 공간에버빌, 906-4, 84.97, 2024, 10, 7, 37500, 3, 50110-216,  ,  , 중개거래, 제주 제주시, null,  , 개인, 개인, N, 2004, 126.484, 33.4884, Y, N, 2024-11-17 18:35:04, 2024-11-17 21:18:42, 40323eabf881e44961735dddaac9ea45
2024-11-24 17:52:54 - <==        Row: 36345, 10400, 1, 50110, 1956, 0, 신설로, 50110, 3349115, 1, 0, 55, 0, 이도이동, 이도한일베라체, 1956, 84.5, 2024, 10, 7, 60500, 1, 50110-3101,  ,  , 중개거래, 제주 제주시, null,  , 개인, 개인, N, 2011, 126.548, 33.4932, Y, N, 2024-11-17 18:35:04, 2024-11-17 21:18:43, dbff942801ed4a0dc568911bd2d6ba7d
2024-11-24 17:52:54 - <==        Row: 36347, 13700, 1, 50110, 2332, 17, 도령로, 50110, 3349052, 3, 0, 127, 1, 연동, 도령해든빌, 2332-17, 21.7292, 2024, 10, 7, 6900, 10, 50110-3096,  ,  , 중개거래, 제주 제주시, null,  , 개인, 개인, N, 2011, 126.491, 33.4929, Y, N, 2024-11-17 18:35:04, 2024-11-17 21:18:43, 857399922284056c0ccd599ed1d4da2e
2024-11-24 17:52:54 - <==        Row: 36155, 13500, 1, 50110, 745, 0, 첨단로동길, 50110, 4849167, 0, 0, 74, 0, 월평동, 제주첨단꿈에그린2단지아파트, 745, 84.7938, 2024, 10, 6, 49800, 5, 50110-4335,  ,  , 중개거래, 제주 제주시, null,  , 개인, 개인, N, 2017, 126.576, 33.4542, Y, N, 2024-11-17 18:34:57, 2024-11-17 21:18:42, 5265c32b851bb1f37e4f175dce559948
2024-11-24 17:52:54 - <==        Row: 36288, 11700, 1, 50110, 6082, 3, 중앙로, 50110, 3349184, 6, 0, 578, 0, 아라일동, 아라원신, 6082-3, 84.84, 2024, 10, 6, 35500, 2, 50110-130,  ,  , 중개거래, 제주 제주시, null,  , 개인, 개인, N, 1992, 126.544, 33.4715, Y, N, 2024-11-17 18:35:02, 2024-11-17 21:18:40, 7e64a289fab123b18154ef1495835dbb
2024-11-24 17:52:54 - <==        Row: 36349, 13700, 1, 50110, 1961, 5, 도령로7길, 50110, 4847543, 1, 0, 22, 0, 연동, 한라하이츠빌라, 1961-5, 84.92, 2024, 10, 6, 24750, 4, 50110-326,  ,  , 중개거래, 제주 제주시, null,  , 개인, 개인, N, 1998, 126.484, 33.4911, Y, N, 2024-11-17 18:35:04, 2024-11-17 21:18:43, 31173d1605c51b2e29b4481c0c36d779
2024-11-24 17:52:54 - <==        Row: 35168, 12200, 1, 50110, 754, 4, 과원로, 50110, 3349013, 1, 0, 11, 0, 노형동, 부영2차, 754-4, 45.9078, 2024, 10, 4, 33000, 5, 50110-366,  ,  , 중개거래, 제주 제주시, null, 206, 개인, 개인, N, 2001, 126.485, 33.4765, Y, N, 2024-11-17 18:34:20, 2024-11-17 21:18:40, f60da16710a0bb2f16869414330a2c86
2024-11-24 17:52:54 - <==        Row: 36246, 12900, 1, 50110, 811, 0, 도남서길, 50110, 4847515, 1, 0, 14, 0, 도남동, 도남해모로리치힐아파트, 811, 84.9753, 2024, 10, 4, 68500, 2, 50110-4601,  ,  , 중개거래, 제주 제주시, null,  , 개인, 개인, N, 2019, 126.524, 33.4932, Y, N, 2024-11-17 18:35:01, 2024-11-17 21:18:39, 1a86324aeb11035f6a8c8328a800e328
2024-11-24 17:52:54 - <==        Row: 36291, 13700, 1, 50110, 1964, 3, 도령로, 50110, 3349052, 3, 0, 73, 0, 연동, 펠리체, 1964-3, 84.9864, 2024, 10, 4, 50000, 14, 50110-3288,  ,  , 중개거래, 제주 제주시, null,  , 개인, 개인, N, 2012, 126.486, 33.4901, Y, N, 2024-11-17 18:35:02, 2024-11-17 21:18:41, 7746c454b8fe311e88915ca452bc517c
2024-11-24 17:52:54 - <==        Row: 36298, 12200, 1, 50110, 754, 4, 과원로, 50110, 3349013, 1, 0, 11, 0, 노형동, 부영2차, 754-4, 45.9078, 2024, 10, 4, 34500, 6, 50110-366,  ,  , 중개거래, 제주 제주시, null, 204, 개인, 개인, N, 2001, 126.485, 33.4765, Y, N, 2024-11-17 18:35:02, 2024-11-17 21:18:41, d82baace0b10f77e913c12d80e279830
2024-11-24 17:52:54 - <==        Row: 36333, 12200, 1, 50110, 731, 1, 원노형로, 50110, 3349162, 1, 0, 90, 0, 노형동, 현대아이파크, 731-1, 84.98, 2024, 10, 4, 70000, 9, 50110-200,  ,  , 중개거래, 제주 제주시, null, 102, 개인, 개인, N, 2001, 126.484, 33.4804, Y, N, 2024-11-17 18:35:04, 2024-11-17 21:18:42, d446205f23ce22842c2324e6e7cda1a6
2024-11-24 17:52:54 - <==        Row: 36346, 12200, 1, 50110, 2585, 2, 수덕로, 50110, 3349107, 1, 0, 78, 0, 노형동, 노형이-편한세상, 2585-2, 125.659, 2024, 10, 4, 116500, 11, 50110-2884,  ,  , 중개거래, 제주 제주시, null,  , 개인, 개인, N, 2005, 126.47, 33.4852, Y, N, 2024-11-17 18:35:04, 2024-11-17 21:18:43, 07bb6a61bc05e5ca204e918ee45c8e52
2024-11-24 17:52:54 - <==        Row: 36352, 12200, 1, 50110, 731, 1, 원노형로, 50110, 3349162, 1, 0, 90, 0, 노형동, 현대아이파크, 731-1, 84.98, 2024, 10, 3, 74000, 13, 50110-200,  ,  , 중개거래, 제주 제주시, null,  , 개인, 개인, N, 2001, 126.484, 33.4804, Y, N, 2024-11-17 18:35:04, 2024-11-17 21:18:43, d68534a9bee2970209fda94874b45149
2024-11-24 17:52:54 - <==        Row: 36353, 11200, 1, 50110, 116, 0, 화삼로, 50110, 4849184, 1, 0, 12, 0, 화북이동, 제주삼화사랑으로부영2차, 116, 84.3616, 2024, 10, 3, 56500, 8, 50110-3427,  ,  , 중개거래, 제주 제주시, null,  , 개인, 개인, N, 2013, 126.574, 33.5139, Y, N, 2024-11-17 18:35:04, 2024-11-17 21:18:43, 18c62cb433c9a0a5b6bdd9d03cf5c2a5
2024-11-24 17:52:54 - <==        Row: 35998, 12300, 1, 50110, 560, 1, 우정로11길, 50110, 4848472, 1, 0, 22, 0, 외도일동, 외도부영1차, 560-1, 49.896, 2024, 10, 3, 21700, 10, 50110-374,  ,  , 중개거래, 제주 제주시, null,  , 개인, 개인, N, 2000, 126.434, 33.4876, Y, N, 2024-11-17 18:34:51, 2024-11-17 21:18:42, 598ef96d1bd3718b2c3ab8afcf5da060
2024-11-24 17:52:54 - <==        Row: 36325, 10600, 1, 50110, 248, 15, 남성로26길, 50110, 4847380, 1, 0, 10, 0, 삼도이동, 대명참이슬, 248-15, 84.32, 2024, 10, 3, 21900, 4, 50110-81,  ,  , 중개거래, 제주 제주시, null,  , 개인, 개인, N, 2001, 126.523, 33.5086, Y, N, 2024-11-17 18:35:03, 2024-11-17 21:18:42, 9526734ec201db6441241b4f1da739f1
2024-11-24 17:52:54 - <==        Row: 36344, 10300, 1, 50110, 1258, 1, 동광로3길, 50110, 4847571, 1, 0, 3, 0, 이도일동, 장원스카이팰리스, 1258-1, 120.045, 2024, 10, 3, 47200, 6, 50110-3448,  ,  , 중개거래, 제주 제주시, null,  , 개인, 개인, N, 2013, 126.531, 33.5018, Y, N, 2024-11-17 18:35:04, 2024-11-17 21:18:43, 2beb67ff1922145f21f341992fcfd64b
2024-11-24 17:52:54 - <==        Row: 36348, 13500, 1, 50110, 745, 0, 첨단로동길, 50110, 4849167, 0, 0, 74, 0, 월평동, 제주첨단꿈에그린2단지아파트, 745, 84.7938, 2024, 10, 3, 49750, 5, 50110-4335,  ,  , 중개거래, 제주 제주시, null,  , 개인, 개인, N, 2017, 126.576, 33.4542, Y, N, 2024-11-17 18:35:04, 2024-11-17 21:18:43, d83e37310d232547f00b313bca27a890
2024-11-24 17:52:54 - <==        Row: 36350, 10200, 1, 50110, 133, 9, 동문로, 50110, 3349056, 2, 0, 132, 0, 일도이동, 전원아트빌(2차), 133-9, 73.14, 2024, 10, 3, 19000, 9, 50110-329,  ,  , 중개거래, 제주 제주시, null,  , 개인, 개인, N, 2004, 126.541, 33.5135, Y, N, 2024-11-17 18:35:04, 2024-11-17 21:18:43, a33ec9cc5f8efe2bbc7933fa42c46446
2024-11-24 17:52:54 - <==        Row: 36354, 12300, 1, 50110, 448, 1, 절물2길, 50110, 4848653, 1, 0, 8, 7, 외도일동, 외도타워, 448-1, 84.3978, 2024, 10, 2, 30000, 6, 50110-3472,  ,  , 중개거래, 제주 제주시, null,  , 개인, 개인, N, 2013, 126.432, 33.4917, Y, N, 2024-11-17 18:35:04, 2024-11-17 21:18:43, 70044c13df9e41b48171a73ba5f89b9a
2024-11-24 17:52:54 - <==        Row: 36355, 13700, 1, 50110, 252, 19, 제원4길, 50110, 4848690, 1, 0, 21, 0, 연동, 준영푸른빌, 252-19, 178.98, 2024, 10, 2, 32000, 6, 50110-3193,  ,  , 직거래,  , null,  , 개인, 개인, N, 2011, 126.487, 33.4864, Y, N, 2024-11-17 18:35:04, 2024-11-17 21:18:43, 1d4cc943ae161d73a71f16cee085744c
2024-11-24 17:52:54 - <==        Row: 36245, 10400, 1, 50110, 777, 0, 구남로, 50110, 3349021, 0, 0, 31, 0, 이도이동, 주공3, 777, 39.69, 2024, 10, 2, 40000, 1, 50110-46,  ,  , 중개거래, 제주 제주시, null, 307, 개인, 개인, N, 1989, 126.533, 33.4904, Y, N, 2024-11-17 18:35:01, 2024-11-17 21:18:39, aa0de57c8a1fa00cbbab8f1b805eaafe
2024-11-24 17:52:54 - <==        Row: 36327, 10400, 1, 50110, 1956, 0, 신설로, 50110, 3349115, 1, 0, 55, 0, 이도이동, 이도한일베라체, 1956, 106.46, 2024, 10, 2, 89000, 10, 50110-3101,  ,  , 중개거래, 제주 제주시, null, 109, 개인, 개인, N, 2011, 126.548, 33.4932, Y, N, 2024-11-17 18:35:03, 2024-11-17 21:18:42, 5309387a4c7bc6d2923363c344894fc6
2024-11-24 17:52:54 - <==        Row: 36334, 12200, 1, 50110, 731, 1, 원노형로, 50110, 3349162, 1, 0, 90, 0, 노형동, 현대아이파크, 731-1, 75.05, 2024, 10, 2, 61500, 5, 50110-200,  ,  , 중개거래, 제주 제주시, null, 101, 개인, 개인, N, 2001, 126.484, 33.4804, Y, N, 2024-11-17 18:35:04, 2024-11-17 21:18:42, dc2468080442954eeab5c49e37b66747
2024-11-24 17:52:54 - <==        Row: 36351, 10200, 1, 50110, 392, 3, 가령골길, 50110, 4847003, 1, 0, 11, 0, 일도이동, 이담세띠앙, 392-3, 48.125, 2024, 10, 2, 17500, 8, 50110-3398,  ,  , 직거래,  , null,  , 개인, 개인, N, 2012, 126.541, 33.5053, Y, N, 2024-11-17 18:35:04, 2024-11-17 21:18:43, 5805fe268ee79b2b09ad26f39579646d
2024-11-24 17:52:54 - <==        Row: 36357, 13000, 1, 50110, 1910, 0, 화삼로, 50110, 4849184, 2, , 89, 0, 도련일동, 제주삼화사랑으로부영8차, 1910, 84.9933, 2024, 10, 1, 59000, 3, 50110-3971,  ,  , 중개거래, 제주 제주시, null,  , 개인, 개인, N, 2016, 126.582, 33.5155, Y, N, 2024-11-17 18:35:04, 2024-11-17 21:18:43, c41ecebe1e3acfc15f38a94ce7589c16
2024-11-24 17:52:54 - <==        Row: 35629, 12300, 1, 50110, 560, 1, 우정로11길, 50110, 4848472, 1, 0, 22, 0, 외도일동, 외도부영1차, 560-1, 59.933, 2024, 10, 1, 27000, 10, 50110-374,  ,  , 중개거래, 제주 제주시, null, 105, 개인, 개인, N, 2000, 126.434, 33.4876, Y, N, 2024-11-17 18:34:37, 2024-11-17 21:18:43, 9b6340341024084803c0786914f839d7
2024-11-24 17:52:54 - <==        Row: 36302, 13700, 1, 50110, 308, 8, 비월길, 50110, 4847779, 1, 0, 34, 0, 연동, 그린, 308-8, 84.24, 2024, 10, 1, 21900, 9, 50110-276,  ,  , 중개거래, 제주 제주시, null,  , 개인, 개인, N, 2003, 126.497, 33.4826, Y, N, 2024-11-17 18:35:03, 2024-11-17 21:18:41, 85a76e127502f09a7bcfee9b51262c33
2024-11-24 17:52:54 - <==        Row: 36328, 13700, 1, 50110, 257, 0, 연동4길, 50110, 4848256, 1, 0, 32, 0, 연동, 디지털한빛, 257, 79.9929, 2024, 10, 1, 49000, 12, 50110-2892,  ,  , 중개거래, 제주 제주시, null, 디지털한빛아파트 102, 개인, 개인, N, 2005, 126.487, 33.4832, Y, N, 2024-11-17 18:35:03, 2024-11-17 21:18:42, 311dc4a26de64e6740cc1ade227e2566
2024-11-24 17:52:54 - <==        Row: 36102, 10200, 1, 50110, 113, 0, 태성로, 50110, 3349199, 1, 0, 3, 0, 일도이동, 일도우성1, 113, 76.43, 2024, 9, 30, 40000, 2, 50110-24,  ,  , 직거래,  , null, 101, 개인, 개인, N, 1995, 126.549, 33.5021, Y, N, 2024-11-17 18:34:55, 2024-11-17 21:18:33, f3be2aea6a681699eab52048149d6eeb
2024-11-24 17:52:54 - <==        Row: 36104, 13700, 1, 50110, 260, 39, 삼무로, 50110, 3349083, 1, 0, 15, 0, 연동, 연동태홍누리안3차, 260-39, 84.42, 2024, 9, 30, 34300, 10, 50110-3042, O, 24.10.21, 중개거래, 제주 제주시, null,  , 개인, 개인, N, 2009, 126.488, 33.4902, Y, N, 2024-11-17 18:34:55, 2024-11-17 21:18:33, a79b975a69a283a1dd1db104283fbd31
2024-11-24 17:52:54 - <==        Row: 36061, 13700, 1, 50110, 260, 39, 삼무로, 50110, 3349083, 1, 0, 15, 0, 연동, 연동태홍누리안3차, 260-39, 84.42, 2024, 9, 30, 34300, 10, 50110-3042,  ,  , 중개거래, 제주 제주시, null,  , 개인, 개인, N, 2009, 126.488, 33.4902, Y, N, 2024-11-17 18:34:54, 2024-11-17 21:18:32, f863f88f3a0f0f3c951b50c244b6ac94
2024-11-24 17:52:54 - <==        Row: 36068, 13700, 1, 50110, 293, 13, 연동11길, 50110, 4848250, 1, 0, 39, 0, 연동, 시스빌, 293-13, 37.58, 2024, 9, 30, 10400, 11, 50110-389,  ,  , 직거래,  , null,  , 개인, 개인, N, 2004, 126.493, 33.4862, Y, N, 2024-11-17 18:34:54, 2024-11-17 21:18:32, 4734ef97abd16c88b9ec011c4640f60b
2024-11-24 17:52:54 - <==        Row: 36071, 25924, 1, 50110, 2872, 1, 함덕6길, 50110, 4849055, 0, 0, 39, 0, 조천읍 함덕리, 함덕천마에코피아, 2872-1, 66.4009, 2024, 9, 30, 20000, 2, 50110-4367,  ,  , 중개거래, 제주 제주시, null,  , 개인, 개인, N, 2018, 126.661, 33.5398, Y, N, 2024-11-17 18:34:54, 2024-11-17 21:18:32, 29aa9d3ef75044db173b0769e0664836
2024-11-24 17:52:54 - <==        Row: 36078, 12200, 1, 50110, 2585, 2, 수덕로, 50110, 3349107, 1, 0, 78, 0, 노형동, 노형이-편한세상, 2585-2, 110.63, 2024, 9, 30, 87000, 4, 50110-2884,  ,  , 중개거래, 제주 제주시, null, 107동, 개인, 개인, N, 2005, 126.47, 33.4852, Y, N, 2024-11-17 18:34:54, 2024-11-17 21:18:32, 0e0c44716fb1986aa9bffaacafbee50c
2024-11-24 17:52:54 - <==        Row: 36081, 11700, 1, 50110, 6121, 0, 인다1길, 50110, 4848607, 1, 0, 20, 0, 아라일동, 아라아이파크, 6121, 107.516, 2024, 9, 30, 84800, 1, 50110-3553,  ,  , 중개거래, 제주 제주시, null,  , 개인, 개인, N, 2013, 126.55, 33.4776, Y, N, 2024-11-17 18:34:54, 2024-11-17 21:18:32, 13131356bf8e674e35039f8d74aaaa55
2024-11-24 17:52:54 - <==        Row: 36089, 10700, 1, 50110, 940, 3, 만덕로3길, 50110, 4847631, 1, 0, 26, 0, 건입동, 현대, 940-3, 67.93, 2024, 9, 30, 25800, 5, 50110-98,  ,  , 중개거래, 제주 제주시, null,  , 개인, 개인, N, 1993, 126.535, 33.5167, Y, N, 2024-11-17 18:34:55, 2024-11-17 21:18:33, 44b230246f386b300bcd1f57b30883be
2024-11-24 17:52:54 - <==        Row: 35690, 11400, 1, 50110, 2333, 0, 화삼로, 50110, 4849184, 4, 0, 166, 0, 삼양이동, 제주삼화사랑으로부영5차, 2333, 66.4409, 2024, 9, 29, 45000, 4, 50110-3571,  ,  , 중개거래, 제주 제주시, null,  , 개인, 개인, N, 2013, 126.586, 33.5193, Y, N, 2024-11-17 18:34:40, 2024-11-17 21:18:33, a1837c68573feaa3db3819906c41fe6b
2024-11-24 17:52:54 - <==        Row: 36067, 11100, 1, 50110, 9, 1, 동화로1길, 50110, 4847618, 1, 0, 39, 0, 화북일동, 화북주공2,3단지, 9-1, 59.93, 2024, 9, 29, 26900, 1, 50110-115,  ,  , 중개거래, 제주 제주시, null,  , 개인, 개인, N, 1998, 126.577, 33.5209, Y, N, 2024-11-17 18:34:54, 2024-11-17 21:18:32, 88fce763bafb16758ce0b08af32db233
2024-11-24 17:52:54 - <==        Row: 36073, 11100, 1, 50110, 1972, 8, 진남로8길, 50110, 4848811, 1, 0, 12, 0, 화북일동, 남양, 1972-8, 69.69, 2024, 9, 29, 15000, 4, 50110-103,  ,  , 중개거래, 제주 제주시, null,  , 개인, 개인, N, 1991, 126.567, 33.5199, Y, N, 2024-11-17 18:34:54, 2024-11-17 21:18:32, 49c7b925fec45147345ecca490bd05b6
2024-11-24 17:52:54 - <==        Row: 36097, 13700, 1, 50110, 2332, 5, 도령로15길, 50110, 4847542, 1, 0, 4, 0, 연동, 연동아이진빌, 2332-5, 33.21, 2024, 9, 28, 12300, 8, 50110-3183,  ,  , 중개거래, 제주 제주시, null,  , 개인, 개인, N, 2011, 126.49, 33.4929, Y, N, 2024-11-17 18:34:55, 2024-11-17 21:18:33, d08c3797a1ed2ade3c725451642f4d0a
2024-11-24 17:52:54 - <==        Row: 36107, 12900, 1, 50110, 800, 0, 오남로, 50110, 3349144, 3, 0, 7, 13, 도남동, 도남1차e-편한세상, 800, 103.488, 2024, 9, 28, 60800, 9, 50110-404,  ,  , 중개거래, 제주 제주시, null,  , 개인, 개인, N, 2005, 126.522, 33.4958, Y, N, 2024-11-17 18:34:55, 2024-11-17 21:18:33, bbe1b99a803bb3e94acd5ff8f65d40b9
2024-11-24 17:52:54 - <==        Row: 36120, 12300, 1, 50110, 636, 3, 우령4길, 50110, 4848462, 1, 0, 37, 0, 외도일동, 챠밍2차, 636-3, 84.98, 2024, 9, 28, 26800, 2, 50110-2888,  ,  , 중개거래, 제주 제주시, null,  , 개인, 개인, N, 2005, 126.43, 33.4856, Y, N, 2024-11-17 18:34:56, 2024-11-17 21:18:34, a2875e140e5c9ef021353ef67b5b4d44
2024-11-24 17:52:54 - <==        Row: 35097, 11000, 1, 50110, 505, 0, 용담로5길, 50110, 4848405, 1, 0, 25, 0, 용담삼동, 용두암현대1, 505, 83.55, 2024, 9, 28, 30000, 4, 50110-91,  ,  , 중개거래, 제주 제주시, null,  , 개인, 개인, N, 1991, 126.508, 33.5161, Y, N, 2024-11-17 18:34:18, 2024-11-17 21:18:34, 611a2715294228f490f9f10e722e9fb6
2024-11-24 17:52:54 - <==        Row: 36063, 10900, 1, 50110, 609, 2, 용화로5길, 50110, 4848449, 1, 0, 7, 0, 용담이동, 영보맨션, 609-2, 54.66, 2024, 9, 28, 12500, 3, 50110-89,  ,  , 중개거래, 제주 제주시, null,  , 개인, 개인, N, 1992, 126.506, 33.5106, Y, N, 2024-11-17 18:34:54, 2024-11-17 21:18:32, 8c94e608382a976529b46eb40721de30
2024-11-24 17:52:54 - <==        Row: 36088, 12300, 1, 50110, 533, 1, 우정로7길, 50110, 4848483, 1, 0, 26, 1, 외도일동, 하늘숲, 533-1, 84.823, 2024, 9, 28, 26500, 3, 50110-3599,  ,  , 중개거래, 제주 제주시, null,  , 개인, 개인, N, 2013, 126.434, 33.489, Y, N, 2024-11-17 18:34:55, 2024-11-17 21:18:33, dca561fb48ed2250f210e32bdd41e1ee
2024-11-24 17:52:54 - <==        Row: 36076, 10500, 1, 50110, 321, 1, 홍랑길, 50110, 4849117, 1, , 26, 17, 삼도일동, 삼성뜨래별, 321-1, 84.19, 2024, 9, 27, 38500, 6, 50110-3954,  ,  , 중개거래, 제주 제주시, null,  , 개인, 개인, N, 2016, 126.524, 33.5024, Y, N, 2024-11-17 18:34:54, 2024-11-17 21:18:32, d9d913077d68c0e411d6261ee27aa0ef
2024-11-24 17:52:54 - <==        Row: 36093, 10200, 1, 50110, 321, 19, 고마로9길, 50110, 4847075, 0, 0, 3, 0, 일도이동, 일도더팰리스, 321-19, 81.6, 2024, 9, 27, 30770, 6, 50110-4897,  ,  , 직거래,  , null,  , 법인, 개인, N, 2023, 126.539, 33.5104, Y, N, 2024-11-17 18:34:55, 2024-11-17 21:18:33, 84819cd30c11370ea10f40b1194e25f6
2024-11-24 17:52:54 - <==        Row: 36101, 10200, 1, 50110, 321, 19, 고마로9길, 50110, 4847075, 0, 0, 3, 0, 일도이동, 일도더팰리스, 321-19, 82.22, 2024, 9, 26, 33000, 7, 50110-4897,  ,  , 직거래,  , null,  , 법인, 개인, N, 2023, 126.539, 33.5104, Y, N, 2024-11-17 18:34:55, 2024-11-17 21:18:33, 92799ee66f523d3ba263e09728c60446
2024-11-24 17:52:54 - <==        Row: 36128, 10900, 1, 50110, 609, 77, 성화로, 50110, 3349103, 1, 0, 2, 0, 용담이동, 헤르지아, 609-77, 84.9902, 2024, 9, 26, 31900, 3, 50110-3326,  ,  , 직거래,  , null,  , 개인, 개인, N, 2012, 126.505, 33.5101, Y, N, 2024-11-17 18:34:56, 2024-11-17 21:18:34, b0df83b7d6de7c5d1ab0f1bf95bbe4f0
2024-11-24 17:52:54 - <==        Row: 36129, 10200, 1, 50110, 133, 9, 동문로, 50110, 3349056, 2, 0, 132, 0, 일도이동, 전원아트빌(2차), 133-9, 83.19, 2024, 9, 26, 21800, 4, 50110-329,  ,  , 중개거래, 제주 제주시, null,  , 개인, 개인, N, 2004, 126.541, 33.5135, Y, N, 2024-11-17 18:34:56, 2024-11-17 21:18:34, b3e0fd56c689b25f0a55f10fea4efcb5
2024-11-24 17:52:54 - <==        Row: 36134, 10400, 1, 50110, 1080, 16, 중앙로, 50110, 3349184, 3, 0, 323, 1, 이도이동, 은하, 1080-16, 75.09, 2024, 9, 26, 20700, 4, 50110-290,  ,  , 중개거래, 제주 제주시, null,  , 개인, 개인, N, 2002, 126.536, 33.4927, Y, N, 2024-11-17 18:34:56, 2024-11-17 21:18:34, 40246f3d20ab871bbc494743163b4140
2024-11-24 17:52:54 - <==        Row: 36136, 13700, 1, 50110, 279, 2, 신대로22길, 50110, 4848096, 1, 0, 40, 0, 연동, 벽강하이본타워, 279-2, 40.06, 2024, 9, 26, 9950, 6, 50110-156,  ,  , 중개거래, 제주 제주시, null,  , 개인, 개인, N, 2003, 126.491, 33.4826, Y, N, 2024-11-17 18:34:56, 2024-11-17 21:18:34, 8658e9534d8aced6e2c0798e582843df
2024-11-24 17:52:54 - <==        Row: 36058, 11100, 1, 50110, 1966, 4, 진남로6길, 50110, 4848810, 1, 0, 22, 1, 화북일동, 정우빌리지, 1966-4, 84.99, 2024, 9, 26, 26000, 2, 50110-3098,  ,  , 중개거래, 제주 제주시, null,  , 개인, 개인, N, 2011, 126.566, 33.521, Y, N, 2024-11-17 18:34:54, 2024-11-17 21:18:32, ab486e3b11238bfedbe1361806ddc804
2024-11-24 17:52:54 - <==        Row: 36080, 10200, 1, 50110, 321, 19, 고마로9길, 50110, 4847075, 0, 0, 3, 0, 일도이동, 일도더팰리스, 321-19, 81.06, 2024, 9, 26, 29300, 4, 50110-4897,  ,  , 직거래,  , null,  , 법인, 개인, N, 2023, 126.539, 33.5104, Y, N, 2024-11-17 18:34:54, 2024-11-17 21:18:32, d61b10681f433aabe5c4871512342a6e
2024-11-24 17:52:54 - <==        Row: 36092, 10200, 1, 50110, 321, 19, 고마로9길, 50110, 4847075, 0, 0, 3, 0, 일도이동, 일도더팰리스, 321-19, 94.59, 2024, 9, 26, 37110, 12, 50110-4897,  ,  , 직거래,  , null,  , 법인, 개인, N, 2023, 126.539, 33.5104, Y, N, 2024-11-17 18:34:55, 2024-11-17 21:18:33, 15b33b3a550cd2f757c7c2ea0db03ab0
2024-11-24 17:52:54 - <==        Row: 36094, 10200, 1, 50110, 321, 19, 고마로9길, 50110, 4847075, 0, 0, 3, 0, 일도이동, 일도더팰리스, 321-19, 81.06, 2024, 9, 26, 28021, 3, 50110-4897,  ,  , 직거래,  , null,  , 법인, 개인, N, 2023, 126.539, 33.5104, Y, N, 2024-11-17 18:34:55, 2024-11-17 21:18:33, a96a5e4ad2a21125d8a49fea9e6549e4
2024-11-24 17:52:54 - <==        Row: 36106, 13100, 1, 50110, 548, 0, 화삼북로, 50110, 3349227, 2, 0, 136, 0, 도련이동, 제주삼화사랑으로부영1차, 548, 73.9049, 2024, 9, 25, 47700, 6, 50110-3421,  ,  , 중개거래, 제주 제주시, null, 101, 개인, 개인, N, 2013, 126.587, 33.5168, Y, N, 2024-11-17 18:34:55, 2024-11-17 21:18:33, 05e4ea1505eabf0923e0f2b537180a0d
2024-11-24 17:52:54 - <==        Row: 36112, 10200, 1, 50110, 321, 19, 고마로9길, 50110, 4847075, 0, 0, 3, 0, 일도이동, 일도더팰리스, 321-19, 88.82, 2024, 9, 25, 33663, 7, 50110-4897,  ,  , 직거래,  , null,  , 법인, 개인, N, 2023, 126.539, 33.5104, Y, N, 2024-11-17 18:34:55, 2024-11-17 21:18:34, ef455d3f4e685536b1e382e3349f4802
2024-11-24 17:52:54 - <==        Row: 36137, 11700, 1, 50110, 6082, 3, 중앙로, 50110, 3349184, 6, 0, 578, 0, 아라일동, 아라원신, 6082-3, 84.735, 2024, 9, 25, 34000, 2, 50110-130,  ,  , 직거래,  , null, 102, 개인, 개인, N, 1992, 126.544, 33.4715, Y, N, 2024-11-17 18:34:56, 2024-11-17 21:18:34, fa04b4d34363413afb430941fe26c3ae
2024-11-24 17:52:54 - <==        Row: 36138, 12200, 1, 50110, 945, 0, 원노형10길, 50110, 4848490, 1, 0, 28, 0, 노형동, 유나이티드, 945, 68.97, 2024, 9, 25, 22000, 6, 50110-194,  ,  , 직거래,  , null,  , 개인, 개인, N, 1984, 126.486, 33.4836, Y, N, 2024-11-17 18:34:56, 2024-11-17 21:18:34, 377fa544882813611ff6a262bcab755b
2024-11-24 17:52:54 - <==        Row: 36142, 10200, 1, 50110, 47, 0, 천수로8길, 50110, 4848832, 0, 0, 18, 0, 일도이동, 일도삼주, 47, 59.97, 2024, 9, 25, 33500, 6, 50110-12,  ,  , 직거래,  , null, 103, 개인, 개인, N, 1993, 126.543, 33.5042, Y, N, 2024-11-17 18:34:56, 2024-11-17 21:18:35, 5043a5278281343ccd876d33f1c6e974
2024-11-24 17:52:54 - <==        Row: 36146, 12200, 1, 50110, 914, 1, 원노형3길, 50110, 4848492, 1, 0, 17, 0, 노형동, 재형파크빌, 914-1, 83.15, 2024, 9, 25, 27500, 3, 50110-278,  ,  , 중개거래, 제주 제주시, null,  , 개인, 개인, N, 2003, 126.484, 33.4865, Y, N, 2024-11-17 18:34:57, 2024-11-17 21:18:35, 7cc5d52048a543944dbd9ef36991d675
2024-11-24 17:52:54 - <==        Row: 36059, 11100, 1, 50110, 12, 1, 동화로1길, 50110, 4847618, 1, 0, 10, 0, 화북일동, 화북주공4단지, 12-1, 49.5, 2024, 9, 25, 24000, 1, 50110-118,  ,  , 중개거래, 제주 제주시, null,  , 개인, 개인, N, 1998, 126.574, 33.518, Y, N, 2024-11-17 18:34:54, 2024-11-17 21:18:32, c3a0ed8d4be4c21388a5ad193220f831
2024-11-24 17:52:54 - <==        Row: 36066, 11200, 1, 50110, 4748, 1, 거로동길, 50110, 4847026, 0, 0, 18, 0, 화북이동, 벨루스타운Ⅲ, 4748-1, 79.33, 2024, 9, 25, 29900, 5, 50110-4369,  ,  , 중개거래, 제주 제주시, null,  , 개인, 개인, N, 2018, 126.559, 33.514, Y, N, 2024-11-17 18:34:54, 2024-11-17 21:18:32, 6be2cd9a790492d1992c7a81f66b8b72
2024-11-24 17:52:54 - <==        Row: 36075, 13500, 1, 50110, 747, 0, 첨단로동길, 50110, 4849167, 0, 0, 106, 0, 월평동, 제주첨단꿈에그린3단지아파트, 747, 97.8898, 2024, 9, 25, 50000, 1, 50110-4387,  ,  , 중개거래, 제주 제주시, null, 315동, 개인, 개인, N, 2018, 126.576, 33.4514, Y, N, 2024-11-17 18:34:54, 2024-11-17 21:18:32, 3591967860617fc80def0a42f07934e5
2024-11-24 17:52:54 - <==        Row: 36086, 10400, 1, 50110, 1011, 3, 중앙로, 50110, 3349184, 0, 0, 266, 0, 이도이동, 영도갤럭시타운, 1011-3, 22.3279, 2024, 9, 25, 11900, 8, 50110-4330,  ,  , 직거래,  , null,  , 개인, 개인, N, 2017, 126.532, 33.4961, Y, N, 2024-11-17 18:34:54, 2024-11-17 21:18:33, dfad503160e4baaca106768814878c08
2024-11-24 17:52:54 - <==        Row: 36095, 13700, 1, 50110, 279, 2, 신대로22길, 50110, 4848096, 1, 0, 40, 0, 연동, 벽강하이본타워, 279-2, 32.04, 2024, 9, 25, 9500, 8, 50110-156,  ,  , 직거래,  , null,  , 개인, 개인, N, 2003, 126.491, 33.4826, Y, N, 2024-11-17 18:34:55, 2024-11-17 21:18:33, 2e3f524aa2b36c10ba0938c821576b0a
2024-11-24 17:52:54 - <==        Row: 36110, 13700, 1, 50110, 280, 33, 신광로1길, 50110, 4848081, 1, 0, 20, 0, 연동, 연동리젠시빌, 280-33, 82.88, 2024, 9, 24, 25300, 5, 50110-385,  ,  , 중개거래, 제주 제주시, null,  , 개인, 개인, N, 2004, 126.493, 33.4933, Y, N, 2024-11-17 18:34:55, 2024-11-17 21:18:34, 83ecff38360c897ca44bcbbb302fd260
2024-11-24 17:52:54 - <==        Row: 36115, 12900, 1, 50110, 800, 0, 오남로, 50110, 3349144, 3, 0, 7, 13, 도남동, 도남1차e-편한세상, 800, 120.362, 2024, 9, 24, 67000, 5, 50110-404, O, 24.10.24, 중개거래, 제주 제주시, null,  , 개인, 개인, N, 2005, 126.522, 33.4958, Y, N, 2024-11-17 18:34:56, 2024-11-17 21:18:34, 8707e19bc7cd2b73fedfc077a885913b
2024-11-24 17:52:54 - <==        Row: 36147, 11100, 1, 50110, 10, 1, 동화로1길, 50110, 4847618, 1, 0, 11, 0, 화북일동, 화북주공1단지, 10-1, 84.6, 2024, 9, 24, 43500, 5, 50110-114,  ,  , 중개거래, 제주 제주시, null,  , 개인, 개인, N, 1998, 126.575, 33.5207, Y, N, 2024-11-17 18:34:57, 2024-11-17 21:18:35, 7293a36c919e8655a6d3258c750812f6
2024-11-24 17:52:54 - <==        Row: 36151, 11100, 1, 50110, 10, 1, 동화로1길, 50110, 4847618, 1, 0, 11, 0, 화북일동, 화북주공1단지, 10-1, 84.6, 2024, 9, 24, 43500, 5, 50110-114, O, 24.09.24, 중개거래, 제주 제주시, null,  , 개인, 개인, N, 1998, 126.575, 33.5207, Y, N, 2024-11-17 18:34:57, 2024-11-17 21:18:35, b13043c7e48689a841eb3a62c91fe2a7
2024-11-24 17:52:54 - <==        Row: 36060, 12200, 1, 50110, 1058, 1, 수덕로, 50110, 3349107, 1, 0, 25, 0, 노형동, 노형수선화, 1058-1, 59.9, 2024, 9, 24, 17000, 5, 50110-171,  ,  , 중개거래, 제주 제주시, null,  , 개인, 개인, N, 1994, 126.474, 33.4874, Y, N, 2024-11-17 18:34:54, 2024-11-17 21:18:32, 94a824495d3cd2dc6b9e5baee219d83e
2024-11-24 17:52:54 - <==        Row: 36111, 10200, 1, 50110, 321, 19, 고마로9길, 50110, 4847075, 0, 0, 3, 0, 일도이동, 일도더팰리스, 321-19, 81.06, 2024, 9, 23, 29100, 5, 50110-4897,  ,  , 직거래,  , null,  , 법인, 개인, N, 2023, 126.539, 33.5104, Y, N, 2024-11-17 18:34:55, 2024-11-17 21:18:34, 9d735f015b2e7df63732a19eaaa9a97e
2024-11-24 17:52:54 - <==        Row: 36130, 10200, 1, 50110, 321, 19, 고마로9길, 50110, 4847075, 0, 0, 3, 0, 일도이동, 일도더팰리스, 321-19, 81.6, 2024, 9, 23, 30670, 2, 50110-4897,  ,  , 직거래,  , null,  , 법인, 개인, N, 2023, 126.539, 33.5104, Y, N, 2024-11-17 18:34:56, 2024-11-17 21:18:34, 0bbd8c0b40fb0b1eeb0af8551f5bd686
2024-11-24 17:52:54 - <==        Row: 36131, 10200, 1, 50110, 321, 19, 고마로9길, 50110, 4847075, 0, 0, 3, 0, 일도이동, 일도더팰리스, 321-19, 81.6, 2024, 9, 23, 30530, 8, 50110-4897,  ,  , 직거래,  , null,  , 법인, 개인, N, 2023, 126.539, 33.5104, Y, N, 2024-11-17 18:34:56, 2024-11-17 21:18:34, ddb43e94880e2b6115ab2188533c36cc
2024-11-24 17:52:54 - <==        Row: 36132, 10200, 1, 50110, 321, 19, 고마로9길, 50110, 4847075, 0, 0, 3, 0, 일도이동, 일도더팰리스, 321-19, 81.6, 2024, 9, 23, 28899, 5, 50110-4897,  ,  , 직거래,  , null,  , 법인, 개인, N, 2023, 126.539, 33.5104, Y, N, 2024-11-17 18:34:56, 2024-11-17 21:18:34, dd87fd74f761aef5427498af923792f4
2024-11-24 17:52:54 - <==        Row: 36133, 10200, 1, 50110, 321, 19, 고마로9길, 50110, 4847075, 0, 0, 3, 0, 일도이동, 일도더팰리스, 321-19, 81.06, 2024, 9, 23, 30730, 12, 50110-4897,  ,  , 직거래,  , null,  , 법인, 개인, N, 2023, 126.539, 33.5104, Y, N, 2024-11-17 18:34:56, 2024-11-17 21:18:34, 0b4c7d4dc9d8974875786069ea48bccf
2024-11-24 17:52:54 - <==        Row: 36140, 13700, 1, 50110, 293, 61, 은남4길, 50110, 4848593, 1, 0, 17, 0, 연동, 가나타운, 293-61, 21.2225, 2024, 9, 23, 5400, 4, 50110-3617,  ,  , 직거래,  , null,  , 개인, 개인, N, 2014, 126.494, 33.4862, Y, N, 2024-11-17 18:34:56, 2024-11-17 21:18:35, 307c17910ceb26ee318bdc372e8de6d7
2024-11-24 17:52:54 - <==        Row: 36156, 13100, 1, 50110, 548, 0, 화삼북로, 50110, 3349227, 2, 0, 136, 0, 도련이동, 제주삼화사랑으로부영1차, 548, 73.9049, 2024, 9, 23, 47800, 6, 50110-3421,  ,  , 중개거래, 제주 제주시, null, 106, 개인, 개인, N, 2013, 126.587, 33.5168, Y, N, 2024-11-17 18:34:57, 2024-11-17 21:18:35, 4c78a9f8e495e0fb99afe5e31089e28c
2024-11-24 17:52:54 - <==        Row: 36157, 11400, 1, 50110, 2333, 0, 화삼로, 50110, 4849184, 4, 0, 166, 0, 삼양이동, 제주삼화사랑으로부영5차, 2333, 66.4409, 2024, 9, 23, 45200, 6, 50110-3571,  ,  , 중개거래, 제주 제주시, null, 505, 개인, 개인, N, 2013, 126.586, 33.5193, Y, N, 2024-11-17 18:34:57, 2024-11-17 21:18:35, 1352c3c8499bb0dd79a48d0e8a6ac197
2024-11-24 17:52:54 - <==        Row: 36158, 11400, 1, 50110, 2333, 0, 화삼로, 50110, 4849184, 4, 0, 166, 0, 삼양이동, 제주삼화사랑으로부영5차, 2333, 66.4409, 2024, 9, 23, 45200, 6, 50110-3571, O, 24.09.23, 중개거래, 제주 제주시, null,  , 개인, 개인, N, 2013, 126.586, 33.5193, Y, N, 2024-11-17 18:34:57, 2024-11-17 21:18:35, 459ae388face375766534dcaa5ac886d
2024-11-24 17:52:54 - <==        Row: 36057, 12900, 1, 50110, 800, 0, 오남로, 50110, 3349144, 3, 0, 7, 13, 도남동, 도남1차e-편한세상, 800, 120.362, 2024, 9, 23, 67000, 5, 50110-404,  ,  , 중개거래, 제주 제주시, null, 도남1차e-편한세상 104, 개인, 개인, N, 2005, 126.522, 33.4958, Y, N, 2024-11-17 18:34:53, 2024-11-17 21:18:32, 9ae7a579d71a87c5712cfdf0b9bf5686
2024-11-24 17:52:54 - <==        Row: 36062, 12200, 1, 50110, 906, 3, 원노형5길, 50110, 4848494, 1, 0, 8, 0, 노형동, 세원멤버스노형2차, 906-3, 84.78, 2024, 9, 23, 29700, 8, 50110-250,  ,  , 직거래,  , null,  , 개인, 개인, N, 2004, 126.484, 33.4883, Y, N, 2024-11-17 18:34:54, 2024-11-17 21:18:32, 013c2ee14bbc9951e4df43312d57d47b
2024-11-24 17:52:54 - <==        Row: 36064, 10600, 1, 50110, 14, 7, 북성로, 50110, 3349076, 2, 0, 14, 0, 삼도이동, JNC패밀리3차, 14-7, 84.8497, 2024, 9, 23, 31500, 7, 50110-3549,  ,  , 직거래,  , null,  , 개인, 개인, N, 2013, 126.523, 33.5159, Y, N, 2024-11-17 18:34:54, 2024-11-17 21:18:32, 960b4196ba96f062a057288292c8d4a3
2024-11-24 17:52:54 - <==        Row: 36074, 10200, 1, 50110, 321, 19, 고마로9길, 50110, 4847075, 0, 0, 3, 0, 일도이동, 일도더팰리스, 321-19, 81.06, 2024, 9, 23, 29318, 7, 50110-4897,  ,  , 직거래,  , null,  , 법인, 개인, N, 2023, 126.539, 33.5104, Y, N, 2024-11-17 18:34:54, 2024-11-17 21:18:32, b3c4576949a952e851e9b4f8eaada0ef
2024-11-24 17:52:54 - <==        Row: 36065, 10600, 1, 50110, 602, 1, 전농로9길, 50110, 4848649, 0, 0, 27, 0, 삼도이동, 아이린5차, 602-1, 84.72, 2024, 9, 22, 41500, 2, 50110-4466,  ,  , 직거래,  , null,  , 개인, 개인, N, 2018, 126.52, 33.5068, Y, N, 2024-11-17 18:34:54, 2024-11-17 21:18:32, ac80c8eef094b50347e4656a7f80c86d
2024-11-24 17:52:54 - <==        Row: 36149, 13000, 1, 50110, 1910, 0, 화삼로, 50110, 4849184, 2, , 89, 0, 도련일동, 제주삼화사랑으로부영8차, 1910, 84.9933, 2024, 9, 21, 57200, 1, 50110-3971,  ,  , 중개거래, 제주 제주시, null,  , 개인, 개인, N, 2016, 126.582, 33.5155, Y, N, 2024-11-17 18:34:57, 2024-11-17 21:18:35, 92203993c00280c77801468dcfd91b66
2024-11-24 17:52:54 - <==        Row: 36150, 12200, 1, 50110, 1060, 1, 수덕7길, 50110, 4848046, 1, 0, 14, 0, 노형동, 대왕, 1060-1, 59.7, 2024, 9, 21, 16500, 4, 50110-176,  ,  , 중개거래, 제주 제주시, null,  , 개인, 개인, N, 1998, 126.476, 33.4868, Y, N, 2024-11-17 18:34:57, 2024-11-17 21:18:35, cf2e4459a8c7ea8fdb887bccb6487833
2024-11-24 17:52:54 - <==        Row: 35186, 12200, 1, 50110, 754, 0, 과원북2길, 50110, 4847143, 1, 0, 12, 0, 노형동, 부영5차, 754, 84.9508, 2024, 9, 21, 65000, 12, 50110-364,  ,  , 중개거래, 제주 제주시, null,  , 개인, 개인, N, 2001, 126.484, 33.4786, Y, N, 2024-11-17 18:34:21, 2024-11-17 21:18:36, c014a70a58dfa68b3170669f91e5ebc1
2024-11-24 17:52:54 - <==        Row: 36069, 25924, 1, 50110, 1424, 0, 함덕12길, 50110, 4849038, 0, 0, 51, 0, 조천읍 함덕리, 쉬젠비아채, 1424, 80.0535, 2024, 9, 21, 26500, 3, 50110-4227,  ,  , 직거래,  , null, 다동, 개인, 개인, N, 2017, 126.666, 33.5379, Y, N, 2024-11-17 18:34:54, 2024-11-17 21:18:32, e73411e12bdbf6d6684f54b563d1ea11
2024-11-24 17:52:54 - <==        Row: 36072, 11100, 1, 50110, 9, 1, 동화로1길, 50110, 4847618, 1, 0, 39, 0, 화북일동, 화북주공2,3단지, 9-1, 59.93, 2024, 9, 21, 31000, 5, 50110-115,  ,  , 중개거래, 제주 제주시, null, 화북2아파트208, 개인, 개인, N, 1998, 126.577, 33.5209, Y, N, 2024-11-17 18:34:54, 2024-11-17 21:18:32, 84fb7e3291dfcb5987f4fc961e538670
2024-11-24 17:52:54 - <==        Row: 36084, 12200, 1, 50110, 920, 13, 원노형2길, 50110, 4848491, 1, 0, 38, 0, 노형동, 노형해든빌(920-13), 920-13, 84.11, 2024, 9, 21, 43000, 3, 50110-3381,  ,  , 중개거래, 제주 제주시, null,  , 개인, 개인, N, 2012, 126.482, 33.4829, Y, N, 2024-11-17 18:34:54, 2024-11-17 21:18:33, 122422e2c2bdaa18d7e107111687d002
2024-11-24 17:52:54 - <==        Row: 36096, 10300, 1, 50110, 1692, 2, 오현길, 50110, 4848350, 1, 0, 9, 0, 이도일동, 신세계에덴, 1692-2, 59.986, 2024, 9, 20, 20300, 6, 50110-33, O, 24.10.11, 중개거래, 제주 제주시, null,  , 개인, 개인, N, 1995, 126.527, 33.5064, Y, N, 2024-11-17 18:34:55, 2024-11-17 21:18:33, 6687eafbb8115006673452afdd71c4d0
2024-11-24 17:52:54 - <==        Row: 36119, 10300, 1, 50110, 1708, 4, 고전길, 50110, 4847127, 1, 0, 5, 0, 이도일동, 극동오벨리스크3차, 1708-4, 120.527, 2024, 9, 20, 46200, 5, 50110-3259,  ,  , 중개거래, 제주 제주시, null,  , 개인, 개인, N, 2012, 126.525, 33.5065, Y, N, 2024-11-17 18:34:56, 2024-11-17 21:18:34, 0b895d5d0fd92381f9f2a259e8f2d94b
2024-11-24 17:52:54 - <==        Row: 36122, 25340, 1, 50110, 167, 0, 하귀9길, 50110, 4848952, 1, 0, 45, 0, 애월읍 하귀1리, 제주하귀휴먼시아1단지, 167, 84.82, 2024, 9, 20, 43500, 8, 50110-3078,  ,  , 중개거래, 제주 제주시, null, 103, 개인, 개인, N, 2010, 126.417, 33.4837, Y, N, 2024-11-17 18:34:56, 2024-11-17 21:18:34, b79a754262656f0d1bc651bbbf93f147
2024-11-24 17:52:54 - <==        Row: 36163, 10400, 1, 50110, 1956, 0, 신설로, 50110, 3349115, 1, 0, 55, 0, 이도이동, 이도한일베라체, 1956, 84.85, 2024, 9, 20, 75000, 10, 50110-3101,  ,  , 중개거래, 제주 제주시, null, 103, 개인, 개인, N, 2011, 126.548, 33.4932, Y, N, 2024-11-17 18:34:57, 2024-11-17 21:18:36, 8a86716624f766dc9cb0685bc40e047f
2024-11-24 17:52:54 - <==        Row: 36165, 11400, 1, 50110, 2333, 0, 화삼로, 50110, 4849184, 4, 0, 166, 0, 삼양이동, 제주삼화사랑으로부영5차, 2333, 66.4409, 2024, 9, 20, 42000, 3, 50110-3571,  ,  , 중개거래, 제주 제주시, null, 506, 개인, 개인, N, 2013, 126.586, 33.5193, Y, N, 2024-11-17 18:34:57, 2024-11-17 21:18:36, 1c62f4c03a8e5013862f3b9f9862395a
2024-11-24 17:52:54 - <==        Row: 36116, 10200, 1, 50110, 321, 19, 고마로9길, 50110, 4847075, 0, 0, 3, 0, 일도이동, 일도더팰리스, 321-19, 88.82, 2024, 9, 19, 37013, 8, 50110-4897,  ,  , 직거래,  , null,  , 법인, 개인, N, 2023, 126.539, 33.5104, Y, N, 2024-11-17 18:34:56, 2024-11-17 21:18:34, c9ecb2ecbc0dbacec8c98d8fbef0dda6
2024-11-24 17:52:54 - <==        Row: 36124, 11600, 1, 50110, 1965, 6, 봉개4길, 50110, 4847731, 1, 0, 22, 0, 봉개동, 봉개갤럭시타운1차, 1965-6, 60.2425, 2024, 9, 19, 24000, 5, 50110-3855,  ,  , 중개거래, 제주 제주시, null,  , 개인, 개인, N, 2016, 126.593, 33.4891, Y, N, 2024-11-17 18:34:56, 2024-11-17 21:18:34, a534453de66023e9a79701bfa49be970
2024-11-24 17:52:54 - <==        Row: 36135, 12300, 1, 50110, 537, 3, 우령서로, 50110, 3349159, 0, 0, 69, 0, 외도일동, 더그라벨, 537-3, 81.7001, 2024, 9, 19, 34000, 8, 50110-4060,  ,  , 중개거래, 제주 제주시, null,  , 개인, 개인, N, 2016, 126.427, 33.4862, Y, N, 2024-11-17 18:34:56, 2024-11-17 21:18:34, d6d9016788be57a606507e8675b50e37
2024-11-24 17:52:54 - <==        Row: 36168, 25340, 1, 50110, 167, 0, 하귀9길, 50110, 4848952, 1, 0, 45, 0, 애월읍 하귀1리, 제주하귀휴먼시아1단지, 167, 84.82, 2024, 9, 19, 40000, 1, 50110-3078,  ,  , 직거래,  , null, 102, 개인, 개인, N, 2010, 126.417, 33.4837, Y, N, 2024-11-17 18:34:57, 2024-11-17 21:18:36, 538316bc75f08b371d6bf249c27baa81
2024-11-24 17:52:54 - <==        Row: 36171, 25924, 1, 50110, 4168, 0, 함덕30길, 50110, 4849052, 1, 0, 27, 0, 조천읍 함덕리, 광명샤인빌, 4168, 84.5989, 2024, 9, 19, 26800, 1, 50110-2908,  ,  , 중개거래, 제주 제주시, null, 107, 개인, 개인, N, 2006, 126.677, 33.538, Y, N, 2024-11-17 18:34:57, 2024-11-17 21:18:36, 63865016d177bfad842b0c534f81ef14
2024-11-24 17:52:54 - <==        Row: 36172, 10200, 1, 50110, 330, 26, 고마로, 50110, 3349007, 1, 0, 56, 0, 일도이동, 삼부장미주상, 330-26, 40.26, 2024, 9, 19, 11300, 10, 50110-334,  ,  , 중개거래, 제주 제주시, null,  , 개인, 개인, N, 2004, 126.539, 33.5092, Y, N, 2024-11-17 18:34:57, 2024-11-17 21:18:36, 9a8c6c33bde59fbfe6aa31e4fa0caff6
2024-11-24 17:52:54 - <==        Row: 35317, 13500, 1, 50110, 745, 0, 첨단로동길, 50110, 4849167, 0, 0, 74, 0, 월평동, 제주첨단꿈에그린2단지아파트, 745, 101.868, 2024, 9, 19, 59000, 4, 50110-4335,  ,  , 중개거래, 제주 제주시, null,  , 개인, 개인, N, 2017, 126.576, 33.4542, Y, N, 2024-11-17 18:34:26, 2024-11-17 21:18:33, 73ada05841e4dea5ebbbe4ce65058cc8
2024-11-24 17:52:54 - <==        Row: 36083, 10400, 1, 50110, 888, 0, 구남로7길, 50110, 4847233, 1, 0, 36, 0, 이도이동, 주공1, 888, 49.22, 2024, 9, 18, 58000, 5, 50110-44,  ,  , 중개거래, 제주 제주시, null,  , 개인, 개인, N, 1985, 126.534, 33.4923, Y, N, 2024-11-17 18:34:54, 2024-11-17 21:18:33, 4fdc06b6dd4025b462b9bd98bded631b
2024-11-24 17:52:54 - <==        Row: 36087, 13700, 1, 50110, 1399, 0, 국기로, 50110, 3349025, 1, 0, 14, 0, 연동, 대림이편한세상1차, 1399, 84.991, 2024, 9, 18, 75000, 8, 50110-135,  ,  , 중개거래, 제주 제주시, null, 105, 개인, 개인, N, 2001, 126.489, 33.4802, Y, N, 2024-11-17 18:34:55, 2024-11-17 21:18:33, 12dde63a65bf3493a98dcdf29316d816
2024-11-24 17:52:54 - <==        Row: 36077, 25924, 1, 50110, 4168, 0, 함덕30길, 50110, 4849052, 1, 0, 27, 0, 조천읍 함덕리, 광명샤인빌, 4168, 59.2517, 2024, 9, 17, 23300, 4, 50110-2908,  ,  , 직거래,  , null, 101, 법인, 개인, N, 2006, 126.677, 33.538, Y, N, 2024-11-17 18:34:54, 2024-11-17 21:18:32, cc8ce8020a6e49af629032654cd6a46c
2024-11-24 17:52:54 - <==        Row: 36105, 10200, 1, 50110, 113, 7, 남광로, 50110, 3349035, 0, , 181, 0, 일도이동, 대유대림아파트, 113-7, 84.945, 2024, 9, 15, 52700, 2, 50110-6,  ,  , 중개거래, 제주 제주시, null,  , 개인, 개인, N, 1997, 126.552, 33.5031, Y, N, 2024-11-17 18:34:55, 2024-11-17 21:18:33, d2f857bcf8dc001231266585662fe772
2024-11-24 17:52:54 - <==        Row: 36070, 12200, 1, 50110, 1061, 1, 정존13길, 50110, 4848674, 1, 0, 23, 0, 노형동, 노형영진1차, 1061-1, 58.78, 2024, 9, 15, 19800, 7, 50110-193,  ,  , 중개거래, 제주 제주시, null,  , 개인, 개인, N, 1995, 126.476, 33.4865, Y, N, 2024-11-17 18:34:54, 2024-11-17 21:18:32, 622d082d7d29e5b313177ce0f683e9cb
2024-11-24 17:52:54 - <==        Row: 36085, 12200, 1, 50110, 1061, 1, 정존13길, 50110, 4848674, 1, 0, 23, 0, 노형동, 노형영진1차, 1061-1, 58.78, 2024, 9, 15, 19800, 7, 50110-193, O, 24.10.17, 중개거래, 제주 제주시, null,  , 개인, 개인, N, 1995, 126.476, 33.4865, Y, N, 2024-11-17 18:34:54, 2024-11-17 21:18:33, 83763557c3c003bf2c60ff5e6d449cd9
2024-11-24 17:52:54 - <==        Row: 36098, 12300, 1, 50110, 448, 1, 절물2길, 50110, 4848653, 1, 0, 8, 7, 외도일동, 외도타워, 448-1, 84.7456, 2024, 9, 14, 32800, 11, 50110-3472, O, 24.11.01, 중개거래, 제주 제주시, null,  , 개인, 개인, N, 2013, 126.432, 33.4917, Y, N, 2024-11-17 18:34:55, 2024-11-17 21:18:33, cc664259606bb3bbb0b3ba3f96a081e3
2024-11-24 17:52:54 - <==        Row: 36118, 13100, 1, 50110, 548, 0, 화삼북로, 50110, 3349227, 2, 0, 136, 0, 도련이동, 제주삼화사랑으로부영1차, 548, 84.3616, 2024, 9, 14, 52500, 4, 50110-3421,  ,  , 중개거래, 제주 제주시, null,  , 개인, 개인, N, 2013, 126.587, 33.5168, Y, N, 2024-11-17 18:34:56, 2024-11-17 21:18:34, e91f1eafe932a626e4aba4ca71b436c5
2024-11-24 17:52:54 - <==        Row: 36123, 12300, 1, 50110, 560, 1, 우정로11길, 50110, 4848472, 1, 0, 22, 0, 외도일동, 외도부영1차, 560-1, 59.933, 2024, 9, 14, 26800, 6, 50110-374,  ,  , 중개거래, 제주 제주시, null, 104, 개인, 개인, N, 2000, 126.434, 33.4876, Y, N, 2024-11-17 18:34:56, 2024-11-17 21:18:34, da67989b05b85314e18883aaa95df9e5
2024-11-24 17:52:54 - <==        Row: 36170, 12300, 1, 50110, 560, 1, 우정로11길, 50110, 4848472, 1, 0, 22, 0, 외도일동, 외도부영1차, 560-1, 59.933, 2024, 9, 14, 26800, 6, 50110-374, O, 24.09.27, 중개거래, 제주 제주시, null,  , 개인, 개인, N, 2000, 126.434, 33.4876, Y, N, 2024-11-17 18:34:57, 2024-11-17 21:18:36, 6b6f2197de30a529789f063ce557aea6
2024-11-24 17:52:54 - <==        Row: 36175, 12200, 1, 50110, 940, 7, 원노형로, 50110, 3349162, 1, 0, 35, 0, 노형동, 송우수자인, 940-7, 84.96, 2024, 9, 14, 40000, 10, 50110-3766,  ,  , 중개거래, 제주 제주시, null,  , 개인, 개인, N, 2015, 126.485, 33.4856, Y, N, 2024-11-17 18:34:58, 2024-11-17 21:18:36, d044031d7225bc41d35af823c505a3f5
2024-11-24 17:52:54 - <==        Row: 36056, 12300, 1, 50110, 448, 1, 절물2길, 50110, 4848653, 1, 0, 8, 7, 외도일동, 외도타워, 448-1, 84.7456, 2024, 9, 14, 32800, 11, 50110-3472,  ,  , 중개거래, 제주 제주시, null,  , 개인, 개인, N, 2013, 126.432, 33.4917, Y, N, 2024-11-17 18:34:53, 2024-11-17 21:18:32, 25718189ef2934333053afd629892e41
2024-11-24 17:52:54 - <==        Row: 36079, 11400, 1, 50110, 2113, 6, 지석15길, 50110, 4848793, 1, 0, 30, 0, 삼양이동, 삼부비치, 2113-6, 59.69, 2024, 9, 14, 20000, 10, 50110-236,  ,  , 중개거래, 제주 제주시, null,  , 개인, 개인, N, 2003, 126.586, 33.524, Y, N, 2024-11-17 18:34:54, 2024-11-17 21:18:32, 46de0d635fcc9cab3d78433948dbac08
2024-11-24 17:52:54 - <==        Row: 36103, 12200, 1, 50110, 2585, 2, 수덕로, 50110, 3349107, 1, 0, 78, 0, 노형동, 노형이-편한세상, 2585-2, 125.659, 2024, 9, 13, 92000, 5, 50110-2884,  ,  , 중개거래, 제주 제주시, null,  , 개인, 개인, N, 2005, 126.47, 33.4852, Y, N, 2024-11-17 18:34:55, 2024-11-17 21:18:33, b02e838713dea67658086787e05ae461
2024-11-24 17:52:54 - <==        Row: 36114, 12300, 1, 50110, 454, 2, 우령서로, 50110, 3349159, 1, 0, 27, 0, 외도일동, 대원상록수7차, 454-2, 84.66, 2024, 9, 13, 25700, 7, 50110-3086,  ,  , 중개거래, 제주 제주시, null,  , 개인, 개인, N, 2010, 126.427, 33.49, Y, N, 2024-11-17 18:34:55, 2024-11-17 21:18:34, 66e14a15676daeecb23f5097a6f1eca2
2024-11-24 17:52:54 - <==        Row: 36139, 11200, 1, 50110, 5762, 0, 거로남4길, 50110, 4847023, 0, 0, 28, 0, 화북이동, 화북세원멤버스, 5762, 84.9458, 2024, 9, 13, 42600, 5, 50110-5028,  ,  , 직거래,  , null,  , 법인, 개인, N, 2023, 126.561, 33.5077, Y, N, 2024-11-17 18:34:56, 2024-11-17 21:18:35, b675330ca5256e533c660e6eabf6868b
2024-11-24 17:52:54 - <==        Row: 36141, 13100, 1, 50110, 548, 0, 화삼북로, 50110, 3349227, 2, 0, 136, 0, 도련이동, 제주삼화사랑으로부영1차, 548, 84.3616, 2024, 9, 13, 51200, 2, 50110-3421,  ,  , 중개거래, 제주 제주시, null,  , 개인, 개인, N, 2013, 126.587, 33.5168, Y, N, 2024-11-17 18:34:56, 2024-11-17 21:18:35, 8e2f530b6acfebf742fbf0298dbc6954
2024-11-24 17:52:54 - <==        Row: 36162, 10300, 1, 50110, 1244, 2, 돈내길, 50110, 4847553, 1, 0, 50, 0, 이도일동, 태성하이츠빌라, 1244-2, 83.13, 2024, 9, 13, 13500, 4, 50110-35,  ,  , 중개거래, 제주 제주시, null,  , 개인, 개인, N, 2001, 126.534, 33.5034, Y, N, 2024-11-17 18:34:57, 2024-11-17 21:18:36, 9260ae68484295c89aad71701063fee1
2024-11-24 17:52:54 - <==        Row: 36177, 12900, 1, 50110, 70, 0, 독짓골2길, 50110, 4847549, 1, 0, 26, 0, 도남동, 수선화(70)1차, 70, 53.89, 2024, 9, 13, 18000, 1, 50110-65,  ,  , 직거래,  , null, 수선화아파트 가, 개인, 개인, N, 1992, 126.53, 33.4897, Y, N, 2024-11-17 18:34:58, 2024-11-17 21:18:36, 99eb588062d46f4d439bd6f69451dcba
2024-11-24 17:52:54 - <==        Row: 36082, 12300, 1, 50110, 633, 4, 우정로18길, 50110, 4848478, 1, 0, 26, 0, 외도일동, 블루캐슬, 633-4, 84.97, 2024, 9, 13, 28000, 5, 50110-3656,  ,  , 중개거래, 제주 제주시, null,  , 개인, 개인, N, 2014, 126.428, 33.4851, Y, N, 2024-11-17 18:34:54, 2024-11-17 21:18:33, ac5ec47cc6130fa364a909dd723fd2c3
2024-11-24 17:52:54 - <==        Row: 36109, 25026, 1, 50110, 1581, 1, 동명북2길, 50110, 4847592, 1, 0, 15, 0, 한림읍 동명리, 제주한림코아루, 1581-1, 78.993, 2024, 9, 12, 29500, 6, 50110-3918,  ,  , 중개거래, 제주 제주시, null,  , 개인, 개인, N, 2016, 126.265, 33.4079, Y, N, 2024-11-17 18:34:55, 2024-11-17 21:18:34, 2f9d05e95a31a9dfd905bc28a496cf9c
2024-11-24 17:52:54 - <==        Row: 36127, 11000, 1, 50110, 505, 0, 용담로5길, 50110, 4848405, 1, 0, 25, 0, 용담삼동, 용두암현대1, 505, 67.32, 2024, 9, 12, 22400, 1, 50110-91,  ,  , 중개거래, 제주 제주시, null, 101, 개인, 개인, N, 1991, 126.508, 33.5161, Y, N, 2024-11-17 18:34:56, 2024-11-17 21:18:34, a2d56de4620088e1396ccb75637fb0cf
2024-11-24 17:52:54 - <==        Row: 35904, 25923, 1, 50110, 2645, 1, 조천북2길, 50110, 4848733, 1, , 28, 0, 조천읍 조천리, 일이삼타운, 2645-1, 67.7585, 2024, 9, 12, 21000, 6, 50110-4146,  ,  , 중개거래, 제주 제주시, null,  , 법인, 개인, N, 2017, 126.64, 33.5398, Y, N, 2024-11-17 18:34:47, 2024-11-17 21:18:35, 6f012547d18021f2dee70ed33f4dd091
2024-11-24 17:52:54 - <==        Row: 36166, 12900, 1, 50110, 69, 1, 도남로, 50110, 3349051, 3, 0, 129, 0, 도남동, 수선화(69-1)2차, 69-1, 39.89, 2024, 9, 12, 10000, 5, 50110-64,  ,  , 중개거래, 제주 제주시, null, 201, 개인, 개인, N, 1993, 126.53, 33.4892, Y, N, 2024-11-17 18:34:57, 2024-11-17 21:18:36, befaa3ca01ae3f6872fb87f3b63debac
2024-11-24 17:52:54 - <==        Row: 36178, 12200, 1, 50110, 1282, 3, 수덕3길, 50110, 4848044, 1, 0, 9, 0, 노형동, 세기3차, 1282-3, 34.38, 2024, 9, 12, 9000, 1, 50110-187,  ,  , 직거래,  , null,  , 개인, 개인, N, 1994, 126.477, 33.4859, Y, N, 2024-11-17 18:34:58, 2024-11-17 21:18:36, fb1ab5b45e4245b76a19bbdeb3e873de
2024-11-24 17:52:54 - <==        Row: 36182, 10400, 1, 50110, 1909, 74, 독짓골8길, 50110, 4847552, 1, 0, 57, 0, 이도이동, 명주2차, 1909-74, 59.69, 2024, 9, 12, 10000, 1, 50110-39,  ,  , 직거래,  , null,  , 개인, 개인, N, 1993, 126.531, 33.4897, Y, N, 2024-11-17 18:34:58, 2024-11-17 21:18:36, 7a9af6fa544ccadb9bdae3e3963e696e
2024-11-24 17:52:54 - <==        Row: 36184, 11600, 1, 50110, 1965, 1, 봉개4길, 50110, 4847731, 1, 0, 21, 0, 봉개동, 봉개갤럭시타운2차, 1965-1, 65.0266, 2024, 9, 12, 23200, 4, 50110-3885,  ,  , 중개거래, 제주 제주시, null,  , 개인, 개인, N, 2016, 126.593, 33.4895, Y, N, 2024-11-17 18:34:58, 2024-11-17 21:18:36, 76b5b63b00be730f9252d0a7cc507819
2024-11-24 17:52:54 - <==        Row: 36185, 13700, 1, 50110, 2325, 6, 도령로, 50110, 3349052, 3, 0, 95, 0, 연동, 타워프로빌, 2325-6, 84.94, 2024, 9, 12, 49000, 4, 50110-3056,  ,  , 중개거래, 제주 제주시, null,  , 개인, 개인, N, 2010, 126.488, 33.4912, Y, N, 2024-11-17 18:34:58, 2024-11-17 21:18:36, 11a7697155d71388cdfb9576a8e5f5d6
2024-11-24 17:52:54 - <==        Row: 36186, 10400, 1, 50110, 1011, 1, 신성로14길, 50110, 4848131, 1, 0, 13, 0, 이도이동, 화이트스톤빌, 1011-1, 19.88, 2024, 9, 12, 5400, 2, 50110-3654,  ,  , 직거래,  , null,  , 개인, 개인, N, 2014, 126.532, 33.4963, Y, N, 2024-11-17 18:34:58, 2024-11-17 21:18:36, d37fe79c906fc8472444032c2b53929d
2024-11-24 17:52:54 - <==        Row: 36113, 12300, 1, 50110, 560, 1, 우정로11길, 50110, 4848472, 1, 0, 22, 0, 외도일동, 외도부영1차, 560-1, 49.896, 2024, 9, 11, 22000, 5, 50110-374,  ,  , 중개거래, 제주 제주시, null,  , 개인, 개인, N, 2000, 126.434, 33.4876, Y, N, 2024-11-17 18:34:55, 2024-11-17 21:18:34, d01265e0943c180739edba45861718e2
2024-11-24 17:52:54 - <==        Row: 36153, 13700, 1, 50110, 280, 24, 신대로8길, 50110, 4848100, 0, 0, 34, 0, 연동, 라이오니파크1차, 280-24, 46.0331, 2024, 9, 11, 21900, 5, 50110-4527, O, 24.11.13, 중개거래, 제주 제주시, null,  , 법인, 개인, N, 2018, 126.493, 33.4921, Y, N, 2024-11-17 18:34:57, 2024-11-17 21:18:35, 479104491724b92c5f5fffec70b0a709
2024-11-24 17:52:54 - <==        Row: 36173, 12200, 1, 50110, 754, 3, 과원로, 50110, 3349013, 1, 0, 27, 0, 노형동, 부영3차, 754-3, 84.9508, 2024, 9, 11, 68000, 9, 50110-365,  ,  , 중개거래, 제주 제주시, null,  , 개인, 개인, N, 2001, 126.486, 33.4773, Y, N, 2024-11-17 18:34:57, 2024-11-17 21:18:36, c7e898a3b44fd887bef6902aaaebfab9
2024-11-24 17:52:54 - <==        Row: 36174, 12200, 1, 50110, 732, 1, 연화로, 50110, 3349141, 1, 0, 16, 0, 노형동, 해오름, 732-1, 59.56, 2024, 9, 11, 57000, 15, 50110-199,  ,  , 중개거래, 제주 제주시, null,  , 개인, 개인, N, 2001, 126.486, 33.4809, Y, N, 2024-11-17 18:34:58, 2024-11-17 21:18:36, 865ec0035207217b87e9646942e42d98
2024-11-24 17:52:54 - <==        Row: 36188, 13000, 1, 50110, 1910, 0, 화삼로, 50110, 4849184, 2, , 89, 0, 도련일동, 제주삼화사랑으로부영8차, 1910, 84.9933, 2024, 9, 11, 61500, 5, 50110-3971,  ,  , 중개거래, 제주 제주시, null,  , 개인, 개인, N, 2016, 126.582, 33.5155, Y, N, 2024-11-17 18:34:58, 2024-11-17 21:18:36, 5b5e8a2c4086be68e7b7597a2cccb85e
2024-11-24 17:52:54 - <==        Row: 36191, 13700, 1, 50110, 290, 5, 연삼로, 50110, 3349137, 12, 0, 18, 0, 연동, 엘리시아뷰, 290-5, 30.33, 2024, 9, 11, 9400, 3, 50110-3409,  ,  , 중개거래, 제주 제주시, null,  , 개인, 개인, N, 2012, 126.494, 33.4934, Y, N, 2024-11-17 18:34:58, 2024-11-17 21:18:37, 9a2404eb5617a7087f4ec6803b16ae67
2024-11-24 17:52:54 - <==        Row: 36192, 10500, 1, 50110, 530, 1, 서사로14길, 50110, 4847915, 1, 0, 2, 0, 삼도일동, 만진리치빌, 530-1, 84.88, 2024, 9, 11, 25000, 7, 50110-299,  ,  , 직거래,  , null,  , 개인, 개인, N, 2003, 126.519, 33.5037, Y, N, 2024-11-17 18:34:58, 2024-11-17 21:18:37, 94a74637620bda7db72155200cb4f101
2024-11-24 17:52:54 - <==        Row: 36126, 10200, 1, 50110, 321, 19, 고마로9길, 50110, 4847075, 0, 0, 3, 0, 일도이동, 일도더팰리스, 321-19, 82.22, 2024, 9, 10, 29220, 4, 50110-4897,  ,  , 직거래,  , null,  , 법인, 개인, N, 2023, 126.539, 33.5104, Y, N, 2024-11-17 18:34:56, 2024-11-17 21:18:34, 0366e24c43cb3c559f1db23f6a345f00
2024-11-24 17:52:54 - <==        Row: 36152, 10200, 1, 50110, 321, 19, 고마로9길, 50110, 4847075, 0, 0, 3, 0, 일도이동, 일도더팰리스, 321-19, 88.82, 2024, 9, 10, 37505, 10, 50110-4897,  ,  , 직거래,  , null,  , 법인, 개인, N, 2023, 126.539, 33.5104, Y, N, 2024-11-17 18:34:57, 2024-11-17 21:18:35, 420364c2400e03296d4a1feac9fb5b30
2024-11-24 17:52:54 - <==        Row: 36154, 10200, 1, 50110, 321, 19, 고마로9길, 50110, 4847075, 0, 0, 3, 0, 일도이동, 일도더팰리스, 321-19, 94.59, 2024, 9, 10, 38510, 11, 50110-4897, O, 24.10.18, 직거래,  , null,  , 법인, 개인, N, 2023, 126.539, 33.5104, Y, N, 2024-11-17 18:34:57, 2024-11-17 21:18:35, 15fa9bedcec4afa9ff641e0c02e7cab0
2024-11-24 17:52:54 - <==        Row: 36176, 25340, 1, 50110, 527, 1, 하귀12길, 50110, 4848942, 1, 0, 12, 0, 애월읍 하귀1리, 서진비치빌리지, 527-1, 73.4635, 2024, 9, 10, 13000, 1, 50110-207,  ,  , 중개거래, 제주 제주시, null,  , 개인, 개인, N, 2001, 126.41, 33.4861, Y, N, 2024-11-17 18:34:58, 2024-11-17 21:18:36, 6582dc7336f7a6963c2ffd1408347deb
2024-11-24 17:52:54 - <==        Row: 36194, 13700, 1, 50110, 2325, 6, 도령로, 50110, 3349052, 3, 0, 95, 0, 연동, 타워프로빌, 2325-6, 84.94, 2024, 9, 10, 49000, 4, 50110-3056, O, 24.09.11, 중개거래, 제주 제주시, null,  , 개인, 개인, N, 2010, 126.488, 33.4912, Y, N, 2024-11-17 18:34:58, 2024-11-17 21:18:37, 618a54e086bcc02cafcb1d8c6db6c7c2
2024-11-24 17:52:54 - <==        Row: 35892, 10600, 1, 50110, 599, 3, 서사로, 50110, 3349092, 0, 0, 73, 0, 삼도이동, 수미안아파트, 599-3, 77.88, 2024, 9, 9, 35000, 10, 50110-4600,  ,  , 중개거래, 제주 제주시, null,  , 개인, 개인, N, 2019, 126.52, 33.5059, Y, N, 2024-11-17 18:34:47, 2024-11-17 21:18:36, dadc559a1fe10cd7d9bfb4311eb6809e
2024-11-24 17:52:54 - <==        Row: 36180, 10200, 1, 50110, 113, 5, 태성로, 50110, 3349199, 1, 0, 39, 0, 일도이동, 일도2차대림, 113-5, 77.02, 2024, 9, 9, 37000, 4, 50110-4,  ,  , 중개거래, 제주 제주시, null, 204, 개인, 개인, N, 1995, 126.55, 33.5003, Y, N, 2024-11-17 18:34:58, 2024-11-17 21:18:36, fdce39ea3b75f1df05347dc117e7b1d4
2024-11-24 17:52:54 - <==        Row: 36193, 13700, 1, 50110, 1399, 0, 국기로, 50110, 3349025, 1, 0, 14, 0, 연동, 대림이편한세상1차, 1399, 59.953, 2024, 9, 8, 51000, 1, 50110-135,  ,  , 중개거래, 제주 제주시, null, 103, 개인, 개인, N, 2001, 126.489, 33.4802, Y, N, 2024-11-17 18:34:58, 2024-11-17 21:18:37, 1622ed16a83f1c8e7d0fd18f12f38384
2024-11-24 17:52:54 - <==        Row: 35486, 12300, 1, 50110, 560, 1, 우정로11길, 50110, 4848472, 1, 0, 22, 0, 외도일동, 외도부영1차, 560-1, 39.84, 2024, 9, 8, 17300, 7, 50110-374,  ,  , 중개거래, 제주 제주시, null, 104, 개인, 개인, N, 2000, 126.434, 33.4876, Y, N, 2024-11-17 18:34:32, 2024-11-17 21:18:37, fa34a5fb73286232215f6da52a9ed241
2024-11-24 17:52:54 - <==        Row: 36161, 13700, 1, 50110, 271, 19, 삼무로3길, 50110, 4847823, 1, 0, 41, 0, 연동, 해월루, 271-19, 27.2655, 2024, 9, 7, 7800, 5, 50110-3295,  ,  , 직거래,  , null,  , 개인, 개인, N, 2012, 126.491, 33.4903, Y, N, 2024-11-17 18:34:57, 2024-11-17 21:18:35, 529ed2c0ec748258c93c7ca01b847a2d
2024-11-24 17:52:54 - <==        Row: 36197, 25334, 1, 50110, 1622, 0, 애원로, 50110, 3349128, 0, 0, 11, 0, 애월읍 애월리, 혁승애월다움, 1622, 84.8015, 2024, 9, 7, 24000, 5, 50110-4294,  ,  , 중개거래, 제주 제주시, null,  , 개인, 개인, N, 2017, 126.321, 33.4634, Y, N, 2024-11-17 18:34:58, 2024-11-17 21:18:37, a601581b56254880b40f036ead9d0cf2
2024-11-24 17:52:54 - <==        Row: 36144, 10600, 1, 50110, 599, 3, 서사로, 50110, 3349092, 0, 0, 73, 0, 삼도이동, 수미안아파트, 599-3, 70.97, 2024, 9, 6, 34500, 6, 50110-4600,  ,  , 중개거래, 제주 제주시, null,  , 개인, 개인, N, 2019, 126.52, 33.5059, Y, N, 2024-11-17 18:34:57, 2024-11-17 21:18:35, 6f6eede4af93ccfa91535b912e319c10
2024-11-24 17:52:54 - <==        Row: 36148, 13100, 1, 50110, 548, 0, 화삼북로, 50110, 3349227, 2, 0, 136, 0, 도련이동, 제주삼화사랑으로부영1차, 548, 84.3616, 2024, 9, 6, 53500, 8, 50110-3421,  ,  , 중개거래, 제주 제주시, null, 108, 개인, 개인, N, 2013, 126.587, 33.5168, Y, N, 2024-11-17 18:34:57, 2024-11-17 21:18:35, f79f711367907b2571b6d8fc9cefcf3a
2024-11-24 17:52:54 - <==        Row: 36160, 25628, 1, 50110, 1307, 1, 일주동로, 50110, 3349235, 0, 0, 3171, 0, 구좌읍 세화리, 세화비치타운, 1307-1, 39.8, 2024, 9, 6, 9500, 4, 50110-4092,  ,  , 직거래,  , null,  , 개인, 개인, N, 2017, 126.858, 33.5205, Y, N, 2024-11-17 18:34:57, 2024-11-17 21:18:35, 79b75b576d6aed8509fce7cf9488e599
2024-11-24 17:52:54 - <==        Row: 35923, 12200, 1, 50110, 3791, 1, 노형12길, 50110, 4849220, 1, 0, 24, 0, 노형동, 노형2차아이파크, 3791-1, 84.9071, 2024, 9, 6, 80000, 6, 50110-3609,  ,  , 중개거래, 제주 제주시, null, 201, 개인, 개인, N, 2014, 126.48, 33.483, Y, N, 2024-11-17 18:34:48, 2024-11-17 21:18:33, 67a6bef60af0fa1aefd927a94bd71a4d
2024-11-24 17:52:54 - <==        Row: 36196, 11300, 1, 50110, 1583, 9, 선사로8길, 50110, 4847968, 0, 0, 61, 0, 삼양일동, 라오체블랙비치, 1583-9, 84.6628, 2024, 9, 6, 31400, 5, 50110-4391,  ,  , 중개거래, 제주 제주시, null,  , 개인, 개인, N, 2018, 126.591, 33.5284, Y, N, 2024-11-17 18:34:58, 2024-11-17 21:18:37, f282986d69884215036a804fab048f55
2024-11-24 17:52:54 - <==        Row: 36199, 13700, 1, 50110, 300, 3, 삼무로11길, 50110, 4847821, 0, 0, 9, 0, 연동, 남해오네뜨, 300-3, 29.36, 2024, 9, 6, 16000, 7, 50110-4649,  ,  , 중개거래, 제주 제주시, null,  , 개인, 개인, N, 2019, 126.496, 33.4926, Y, N, 2024-11-17 18:34:58, 2024-11-17 21:18:37, 74823fe1ae1ae4ba788f4cc5b35e4dba
2024-11-24 17:52:54 - <==        Row: 36200, 13700, 1, 50110, 280, 24, 신대로8길, 50110, 4848100, 0, 0, 34, 0, 연동, 라이오니파크1차, 280-24, 42.8039, 2024, 9, 6, 20700, 4, 50110-4527,  ,  , 중개거래, 제주 제주시, null,  , 법인, 개인, N, 2018, 126.493, 33.4921, Y, N, 2024-11-17 18:34:58, 2024-11-17 21:18:37, f2a83cf0709eee98d67e28313a5ffbd7
2024-11-24 17:52:54 - <==        Row: 36201, 12300, 1, 50110, 560, 1, 우정로11길, 50110, 4848472, 1, 0, 22, 0, 외도일동, 외도부영1차, 560-1, 39.84, 2024, 9, 6, 16125, 10, 50110-374,  ,  , 직거래,  , null, 102, 공공기관, 개인, N, 2000, 126.434, 33.4876, Y, N, 2024-11-17 18:34:59, 2024-11-17 21:18:37, c93cad1d8271f926a770c42cd9299140
2024-11-24 17:52:54 - <==        Row: 36183, 13700, 1, 50110, 2331, 6, 성신로1길, 50110, 4847993, 1, 0, 34, 0, 연동, 신동부삼무3차, 2331-6, 56.86, 2024, 9, 5, 14700, 13, 50110-798,  ,  , 직거래,  , null,  , 법인, 법인, N, 2005, 126.489, 33.4922, Y, N, 2024-11-17 18:34:58, 2024-11-17 21:18:36, 3b993212d235b903fab91a2e1a7cb4c0
2024-11-24 17:52:54 - <==        Row: 36187, 25634, 1, 50110, 1220, 0, 김녕로21길, 50110, 4847347, 0, 0, 5, 5, 구좌읍 김녕리, 김녕센트럴시티에덴, 1220, 65.9007, 2024, 9, 5, 20000, 2, 50110-4531,  ,  , 중개거래, 제주 제주시, null, 102동, 개인, 개인, N, 2018, 126.755, 33.5564, Y, N, 2024-11-17 18:34:58, 2024-11-17 21:18:36, 9d227cb3439a24fcb3279c8f68fd7d28
2024-11-24 17:52:54 - <==        Row: 36189, 11400, 1, 50110, 2101, 1, 설촌로, 50110, 3349099, 1, 0, 26, 0, 삼양이동, 한라하이츠빌(2차), 2101-1, 68.36, 2024, 9, 5, 26300, 9, 50110-243,  ,  , 중개거래, 제주 제주시, null,  , 개인, 개인, N, 2003, 126.582, 33.5237, Y, N, 2024-11-17 18:34:58, 2024-11-17 21:18:36, 3b4b9e916bbdf82d5c9e0370fc7450d6
2024-11-24 17:52:54 - <==        Row: 36195, 10900, 1, 50110, 609, 77, 성화로, 50110, 3349103, 1, 0, 2, 0, 용담이동, 헤르지아, 609-77, 84.9902, 2024, 9, 4, 32000, 3, 50110-3326,  ,  , 직거래,  , null,  , 개인, 개인, N, 2012, 126.505, 33.5101, Y, N, 2024-11-17 18:34:58, 2024-11-17 21:18:37, 74668bdd78705bb3fb6ede1b70f762d0
2024-11-24 17:52:54 - <==        Row: 36202, 13100, 1, 50110, 645, 6, 매촌서1길, 50110, 4847641, 1, 0, 28, 0, 도련이동, 제일일출, 645-6, 81.21, 2024, 9, 4, 22000, 6, 50110-381,  ,  , 중개거래, 제주 제주시, null,  , 개인, 개인, N, 2002, 126.592, 33.5152, Y, N, 2024-11-17 18:34:59, 2024-11-17 21:18:37, 5e337a5d62a4ca32b0fb6b81eed2b3cf
2024-11-24 17:52:54 - <==        Row: 36203, 13100, 1, 50110, 645, 6, 매촌서1길, 50110, 4847641, 1, 0, 28, 0, 도련이동, 제일일출, 645-6, 81.21, 2024, 9, 4, 22000, 6, 50110-381, O, 24.09.05, 중개거래, 제주 제주시, null,  , 개인, 개인, N, 2002, 126.592, 33.5152, Y, N, 2024-11-17 18:34:59, 2024-11-17 21:18:37, 7cb22f5cce484d74dea6156bf98bd0a3
2024-11-24 17:52:54 - <==        Row: 36205, 12300, 1, 50110, 492, 20, 우정로10길, 50110, 4848471, 1, 0, 29, 0, 외도일동, 더펠리스1차, 492-20, 84.9136, 2024, 9, 4, 34500, 4, 50110-3699,  ,  , 중개거래, 제주 제주시, null,  , 개인, 개인, N, 2014, 126.428, 33.4884, Y, N, 2024-11-17 18:34:59, 2024-11-17 21:18:37, 413848447951ccecb3374d426d5f8e42
2024-11-24 17:52:54 - <==        Row: 36121, 11400, 1, 50110, 2333, 0, 화삼로, 50110, 4849184, 4, 0, 166, 0, 삼양이동, 제주삼화사랑으로부영5차, 2333, 84.3616, 2024, 9, 3, 52500, 3, 50110-3571,  ,  , 중개거래, 제주 제주시, null, 512, 개인, 개인, N, 2013, 126.586, 33.5193, Y, N, 2024-11-17 18:34:56, 2024-11-17 21:18:34, 3831742e7b13e603bf26913486d4a66b
2024-11-24 17:52:54 - <==        Row: 36145, 10200, 1, 50110, 113, 6, 남광로, 50110, 3349035, 1, 0, 223, 0, 일도이동, 일도우성2, 113-6, 86.15, 2024, 9, 3, 33000, 5, 50110-25,  ,  , 중개거래, 제주 제주시, null, 201, 개인, 개인, N, 1995, 126.551, 33.5041, Y, N, 2024-11-17 18:34:57, 2024-11-17 21:18:35, e58e5fc824c47d420d16b9c23ee237f9
2024-11-24 17:52:54 - <==        Row: 36167, 12000, 1, 50110, 1400, 7, 사평6길, 50110, 4847804, 0, 0, 37, 15, 오라이동, 벽강하이본타워(5차), 1400-7, 67.3826, 2024, 9, 3, 28800, 2, 50110-4380,  ,  , 중개거래, 제주 제주시, null,  , 개인, 개인, N, 2018, 126.515, 33.4898, Y, N, 2024-11-17 18:34:57, 2024-11-17 21:18:36, 393688a641e4167e29f1bf8d719b88cb
2024-11-24 17:52:54 - <==        Row: 36181, 13700, 1, 50110, 2326, 1, 도령로13길, 50110, 4847541, 1, 0, 9, 0, 연동, 제주베스트빌라, 2326-1, 135.18, 2024, 9, 3, 42500, 3, 50110-154,  ,  , 중개거래, 제주 제주시, null,  , 개인, 개인, N, 2001, 126.488, 33.4923, Y, N, 2024-11-17 18:34:58, 2024-11-17 21:18:36, 6bf2f9efc84b44446092276542b4fa0e
2024-11-24 17:52:54 - <==        Row: 36204, 11400, 1, 50110, 2318, 0, 화삼로, 50110, 4849184, 4, 0, 167, 0, 삼양이동, 제주삼화사랑으로부영3차, 2318, 84.3616, 2024, 9, 3, 53000, 6, 50110-3536,  ,  , 직거래,  , null, 301, 개인, 개인, N, 2013, 126.585, 33.5192, Y, N, 2024-11-17 18:34:59, 2024-11-17 21:18:37, bee49663271e7ecb98cd8055cbed32ae
2024-11-24 17:52:54 - <==        Row: 36207, 13700, 1, 50110, 276, 3, 연동8길, 50110, 4848259, 0, 0, 28, 0, 연동, 청목더웰연동, 276-3, 17.6127, 2024, 9, 3, 8900, 12, 50110-4462,  ,  , 중개거래, 제주 제주시, null,  , 개인, 개인, N, 2018, 126.49, 33.4835, Y, N, 2024-11-17 18:34:59, 2024-11-17 21:18:37, cb310e6893e62f34cf6ae79c084561a5
2024-11-24 17:52:54 - <==        Row: 36206, 10600, 1, 50110, 14, 7, 북성로, 50110, 3349076, 2, 0, 14, 0, 삼도이동, JNC패밀리3차, 14-7, 84.8497, 2024, 9, 2, 30500, 4, 50110-3549,  ,  , 직거래,  , null,  , 개인, 개인, N, 2013, 126.523, 33.5159, Y, N, 2024-11-17 18:34:59, 2024-11-17 21:18:37, 91b0a67b905971989ae892fe17f41421
2024-11-24 17:52:54 - <==        Row: 35196, 10400, 1, 50110, 1781, 6, 광양8길, 50110, 4847212, 1, 0, 32, 0, 이도이동, 극동오벨리스크, 1781-6, 79.62, 2024, 9, 2, 22500, 7, 50110-262,  ,  , 직거래,  , null,  , 개인, 개인, N, 2004, 126.526, 33.4998, Y, N, 2024-11-17 18:34:21, 2024-11-17 21:18:37, 3020b60f80637a26c4bebcb50d7fa1d1
2024-11-24 17:52:54 - <==        Row: 36179, 12300, 1, 50110, 523, 2, 우령2길, 50110, 4848461, 0, , 9, 0, 외도일동, 외도휴안1차, 523-2, 84.87, 2024, 9, 1, 34000, 3, 50110-3804,  ,  , 중개거래, 제주 제주시, null,  , 개인, 개인, N, 2015, 126.432, 33.4885, Y, N, 2024-11-17 18:34:58, 2024-11-17 21:18:36, 9bd6ece4473a28fca970a2b42b14692f
2024-11-24 17:52:54 - <==        Row: 36209, 10500, 1, 50110, 539, 4, 서광로19길, 50110, 4847885, 1, 0, 45, 0, 삼도일동, 아델리안, 539-4, 76.51, 2024, 9, 1, 26500, 4, 50110-4356,  ,  , 중개거래, 제주 제주시, null,  , 개인, 개인, N, 2017, 126.52, 33.5039, Y, N, 2024-11-17 18:34:59, 2024-11-17 21:18:37, b1f6c1b405cdae3f16e7ea54a91eeaf4
2024-11-24 17:52:54 - <==        Row: 35932, 10300, 1, 50110, 1326, 9, 중앙로23길, 50110, 4848772, 1, 0, 26, 0, 이도일동, 다솜, 1326-9, 83.0208, 2024, 8, 30, 26000, 6, 50110-3396,  ,  , 직거래,  , null,  , 개인, 개인, N, 2012, 126.528, 33.5077, Y, N, 2024-11-17 18:34:49, 2024-11-17 21:18:27, 95c3fa1414da318eb50a9cb2312ef84a
2024-11-24 17:52:54 - <==        Row: 35945, 10200, 1, 50110, 160, 0, 고마로5길, 50110, 4847073, 1, 0, 2, 0, 일도이동, 백강수피아2차, 160, 82.5239, 2024, 8, 30, 29000, 3, 50110-3423,  ,  , 중개거래, 제주 제주시, null,  , 개인, 개인, N, 2013, 126.539, 33.5119, Y, N, 2024-11-17 18:34:49, 2024-11-17 21:18:27, 1f7e69495c299765477b91fddf6055c0
2024-11-24 17:52:54 - <==        Row: 35965, 13700, 1, 50110, 280, 24, 신대로8길, 50110, 4848100, 0, 0, 34, 0, 연동, 라이오니파크1차, 280-24, 64.6427, 2024, 8, 30, 26000, 3, 50110-4527,  ,  , 중개거래, 제주 제주시, null,  , 법인, 개인, N, 2018, 126.493, 33.4921, Y, N, 2024-11-17 18:34:50, 2024-11-17 21:18:28, 4c4b34a5593d50964642dd2e288a550a
2024-11-24 17:52:54 - <==        Row: 35933, 10500, 1, 50110, 321, 1, 홍랑길, 50110, 4849117, 1, , 26, 17, 삼도일동, 삼성뜨래별, 321-1, 81.21, 2024, 8, 29, 34000, 9, 50110-3954,  ,  , 직거래,  , null,  , 개인, 개인, N, 2016, 126.524, 33.5024, Y, N, 2024-11-17 18:34:49, 2024-11-17 21:18:27, 9bf323c97cd940be4680081ea8763511
2024-11-24 17:52:54 - <==        Row: 35934, 25340, 1, 50110, 166, 1, 하귀9길, 50110, 4848952, 1, 0, 71, 0, 애월읍 하귀1리, 제주하귀휴먼시아2단지, 166-1, 84.82, 2024, 8, 29, 45200, 10, 50110-3077,  ,  , 중개거래, 제주 제주시, null,  , 개인, 개인, N, 2010, 126.415, 33.4812, Y, N, 2024-11-17 18:34:49, 2024-11-17 21:18:27, 1f224e88768dfa015f791b1c2a12e16d
2024-11-24 17:52:54 - <==        Row: 35951, 13700, 1, 50110, 251, 7, 연동1길, 50110, 4848254, 1, 0, 3, 0, 연동, 동서연동타워, 251-7, 84.9, 2024, 8, 29, 26700, 9, 50110-795,  ,  , 중개거래, 제주 제주시, null,  , 개인, 개인, N, 2005, 126.487, 33.4896, Y, N, 2024-11-17 18:34:49, 2024-11-17 21:18:28, c0468fe971196263ab684680a194c75d
2024-11-24 17:52:54 - <==        Row: 35957, 12200, 1, 50110, 2585, 2, 수덕로, 50110, 3349107, 1, 0, 78, 0, 노형동, 노형이-편한세상, 2585-2, 125.659, 2024, 8, 29, 88500, 10, 50110-2884,  ,  , 직거래,  , null,  , 개인, 개인, N, 2005, 126.47, 33.4852, Y, N, 2024-11-17 18:34:50, 2024-11-17 21:18:28, 7deab37ded1e07a24bac5c84ac020ecb
2024-11-24 17:52:54 - <==        Row: 35919, 12300, 1, 50110, 560, 1, 우정로11길, 50110, 4848472, 1, 0, 22, 0, 외도일동, 외도부영1차, 560-1, 49.896, 2024, 8, 28, 21400, 3, 50110-374,  ,  , 중개거래, 제주 제주시, null, 101, 개인, 개인, N, 2000, 126.434, 33.4876, Y, N, 2024-11-17 18:34:48, 2024-11-17 21:18:28, 483a9535d56837b03258abaadedde428
2024-11-24 17:52:54 - <==        Row: 35939, 12200, 1, 50110, 731, 1, 원노형로, 50110, 3349162, 1, 0, 90, 0, 노형동, 현대아이파크, 731-1, 75.05, 2024, 8, 28, 61000, 9, 50110-200,  ,  , 중개거래, 제주 제주시, null, 101, 개인, 개인, N, 2001, 126.484, 33.4804, Y, N, 2024-11-17 18:34:49, 2024-11-17 21:18:27, 80698bd70717a9b06114b0bc69aead29
2024-11-24 17:52:54 - <==        Row: 35940, 12200, 1, 50110, 732, 1, 연화로, 50110, 3349141, 1, 0, 16, 0, 노형동, 해오름, 732-1, 59.56, 2024, 8, 28, 49800, 4, 50110-199,  ,  , 중개거래, 제주 제주시, null,  , 개인, 개인, N, 2001, 126.486, 33.4809, Y, N, 2024-11-17 18:34:49, 2024-11-17 21:18:27, 54639368ec402b9e464f9fc52c8b2960
2024-11-24 17:52:54 - <==        Row: 35950, 13100, 1, 50110, 548, 0, 화삼북로, 50110, 3349227, 2, 0, 136, 0, 도련이동, 제주삼화사랑으로부영1차, 548, 73.9049, 2024, 8, 28, 47000, 4, 50110-3421,  ,  , 중개거래, 제주 제주시, null, 103, 개인, 개인, N, 2013, 126.587, 33.5168, Y, N, 2024-11-17 18:34:49, 2024-11-17 21:18:28, c0c2d36aae2e7124d965d84a5b5a3067
2024-11-24 17:52:54 - <==        Row: 35959, 10600, 1, 50110, 300, 4, 중앙로26길, 50110, 4848775, 1, 0, 25, 0, 삼도이동, 미듬아뜨리에, 300-4, 84.7042, 2024, 8, 28, 33800, 7, 50110-2912,  ,  , 중개거래, 제주 제주시, null, 미듬아뜨리에 104, 개인, 개인, N, 2006, 126.523, 33.5051, Y, N, 2024-11-17 18:34:50, 2024-11-17 21:18:28, 65cb10151d6b5c9d63d15d9423284666
2024-11-24 17:52:54 - <==        Row: 35973, 13000, 1, 50110, 1911, 0, 화삼로, 50110, 4849184, 2, 0, 107, 0, 도련일동, 제주삼화사랑으로부영6차, 1911, 84.3616, 2024, 8, 28, 51000, 2, 50110-3596,  ,  , 중개거래, 제주 제주시, null, 606, 개인, 개인, N, 2013, 126.584, 33.5158, Y, N, 2024-11-17 18:34:50, 2024-11-17 21:18:28, 476f37784330e1e7646c60faf4bed9bb
2024-11-24 17:52:54 - <==        Row: 35937, 12000, 1, 50110, 1373, 1, 연사길, 50110, 4848276, 1, 0, 60, 0, 오라이동, 회성푸르니3차, 1373-1, 84.785, 2024, 8, 27, 38200, 7, 50110-3503,  ,  , 중개거래, 제주 제주시, null,  , 개인, 개인, N, 2013, 126.513, 33.4893, Y, N, 2024-11-17 18:34:49, 2024-11-17 21:18:27, 6181cd57361398d8b87fbafd217b90cf
2024-11-24 17:52:54 - <==        Row: 35942, 12200, 1, 50110, 2585, 1, 광평동로, 50110, 3349020, 1, 0, 66, 0, 노형동, 중흥에스클래스(미리내마을), 2585-1, 120.943, 2024, 8, 27, 84000, 7, 50110-2910,  ,  , 중개거래, 제주 제주시, null,  , 개인, 개인, N, 2006, 126.468, 33.4851, Y, N, 2024-11-17 18:34:49, 2024-11-17 21:18:27, c059c1c8a0552d2ef484944caa760147
2024-11-24 17:52:54 - <==        Row: 35952, 12200, 1, 50110, 945, 0, 원노형10길, 50110, 4848490, 1, 0, 28, 0, 노형동, 유나이티드, 945, 68.97, 2024, 8, 27, 18500, 4, 50110-194,  ,  , 중개거래, 제주 제주시, null,  , 개인, 개인, N, 1984, 126.486, 33.4836, Y, N, 2024-11-17 18:34:49, 2024-11-17 21:18:28, d7524cb6ca7b6dac82dd4fcf4bad1cc8
2024-11-24 17:52:54 - <==        Row: 35978, 12000, 1, 50110, 1400, 7, 사평6길, 50110, 4847804, 0, 0, 37, 15, 오라이동, 벽강하이본타워(5차), 1400-7, 67.3826, 2024, 8, 27, 27800, 5, 50110-4380,  ,  , 중개거래, 제주 제주시, null, 102동, 개인, 개인, N, 2018, 126.515, 33.4898, Y, N, 2024-11-17 18:34:50, 2024-11-17 21:18:29, 234bdad10de5bc652dbcb1cb8d29f686
2024-11-24 17:52:54 - <==        Row: 35949, 12300, 1, 50110, 463, 13, 우령6길, 50110, 4848463, 1, 0, 15, 5, 외도일동, 아모르102, 463-13, 49.9704, 2024, 8, 26, 15500, 3, 50110-3544,  ,  , 중개거래, 제주 제주시, null,  , 개인, 개인, N, 2013, 126.429, 33.4899, Y, N, 2024-11-17 18:34:49, 2024-11-17 21:18:27, c51c746b35cee5260f3d979a908d3a0c
2024-11-24 17:52:54 - <==        Row: 35960, 25921, 1, 50110, 1934, 2, 신북로, 50110, 3349112, 1, 0, 97, 1, 조천읍 신촌리, 로잔팰리스, 1934-2, 83.521, 2024, 8, 26, 26000, 3, 50110-4360,  ,  , 직거래,  , null,  , 법인, 개인, N, 2017, 126.624, 33.5361, Y, N, 2024-11-17 18:34:50, 2024-11-17 21:18:28, f0432611b167f895aa5a1891168e352e
2024-11-24 17:52:54 - <==        Row: 35985, 12300, 1, 50110, 463, 13, 우령6길, 50110, 4848463, 1, 0, 15, 5, 외도일동, 아모르102, 463-13, 49.9224, 2024, 8, 26, 15800, 3, 50110-3544,  ,  , 중개거래, 제주 제주시, null,  , 개인, 개인, N, 2013, 126.429, 33.4899, Y, N, 2024-11-17 18:34:51, 2024-11-17 21:18:29, b798bcf937df0d2a42aa2538a7f20aaa
2024-11-24 17:52:54 - <==        Row: 35989, 12300, 1, 50110, 440, 8, 우령8길, 50110, 4848464, 1, , 5, 6, 외도일동, 한울아파트, 440-8, 84.75, 2024, 8, 26, 30300, 4, 50110-3969,  ,  , 중개거래, 제주 제주시, null,  , 개인, 개인, N, 2016, 126.428, 33.4907, Y, N, 2024-11-17 18:34:51, 2024-11-17 21:18:29, b59c92544c0105ed6a430c985ad0f586
2024-11-24 17:52:54 - <==        Row: 35994, 10400, 1, 50110, 777, 0, 구남로, 50110, 3349021, 0, 0, 31, 0, 이도이동, 주공3, 777, 39.3, 2024, 8, 26, 34000, 3, 50110-46,  ,  , 중개거래, 제주 제주시, null, 305, 개인, 개인, N, 1989, 126.533, 33.4904, Y, N, 2024-11-17 18:34:51, 2024-11-17 21:18:29, 1e56ced77387d9bdfd38cd21a061f7ad
2024-11-24 17:52:54 - <==        Row: 35987, 12200, 1, 50110, 753, 1, 한라대학로, 50110, 4849157, 1, 0, 107, 0, 노형동, 중흥에스클래스, 753-1, 59.957, 2024, 8, 25, 53500, 6, 50110-201,  ,  , 중개거래, 제주 제주시, null,  , 개인, 개인, N, 2002, 126.481, 33.4773, Y, N, 2024-11-17 18:34:51, 2024-11-17 21:18:29, 252a4b6eaf683a2fb9a27963e8465ed2
2024-11-24 17:52:54 - <==        Row: 35935, 25924, 1, 50110, 3052, 1, 신북로, 50110, 3349112, 0, 0, 460, 0, 조천읍 함덕리, 함덕해밀타운아파트, 3052-1, 78.92, 2024, 8, 24, 31000, 8, 50110-4386,  ,  , 직거래,  , null,  , 개인, 개인, N, 2018, 126.66, 33.5436, Y, N, 2024-11-17 18:34:49, 2024-11-17 21:18:27, ea96f9044d307b66ba9cc42113070e56
2024-11-24 17:52:54 - <==        Row: 35188, 12200, 1, 50110, 753, 1, 한라대학로, 50110, 4849157, 1, 0, 107, 0, 노형동, 중흥에스클래스, 753-1, 84.9963, 2024, 8, 24, 68000, 11, 50110-201,  ,  , 중개거래, 제주 제주시, null, 101, 개인, 개인, N, 2002, 126.481, 33.4773, Y, N, 2024-11-17 18:34:21, 2024-11-17 21:18:28, 3921107b7ea0b85922c4c7599ec244b9
2024-11-24 17:52:54 - <==        Row: 35970, 12700, 1, 50110, 2614, 0, 도두항서길, 50110, 4847524, 0, 0, 41, 0, 도두일동, 블루파크시티, 2614, 24.8006, 2024, 8, 24, 16000, 7, 50110-4472,  ,  , 중개거래, 경북 울릉군, null,  , 개인, 개인, N, 2018, null, null, Y, N, 2024-11-17 18:34:50, 2024-11-17 21:18:28, 87c802be19671ee9b492c283714f6063
2024-11-24 17:52:54 - <==        Row: 35938, 12600, 1, 50110, 1049, 0, 오광로, 50110, 3349143, 0, 0, 69, 0, 이호이동, 성지휴캐슬, 1049, 82.581, 2024, 8, 23, 32500, 6, 50110-4315,  ,  , 중개거래, 제주 제주시, null,  , 개인, 개인, N, 2017, 126.459, 33.49, Y, N, 2024-11-17 18:34:49, 2024-11-17 21:18:27, 3422cbb7e1e334b4ac38f023178f41f4
2024-11-24 17:52:54 - <==        Row: 35982, 12200, 1, 50110, 1028, 1, 월랑북길, 50110, 4848533, 1, 0, 43, 0, 노형동, 노형세기5차, 1028-1, 58.37, 2024, 8, 23, 12500, 4, 50110-169,  ,  , 중개거래, 제주 제주시, null,  , 개인, 개인, N, 1995, 126.477, 33.4931, Y, N, 2024-11-17 18:34:50, 2024-11-17 21:18:29, 3b9e155431c83541034de379e00b883c
2024-11-24 17:52:54 - <==        Row: 35986, 13700, 1, 50110, 261, 44, 신광로6길, 50110, 4848083, 1, 0, 14, 0, 연동, 제원1차, 261-44, 42.24, 2024, 8, 23, 30000, 4, 50110-271,  ,  , 직거래,  , null, 라, 개인, 개인, N, 1978, 126.489, 33.488, Y, N, 2024-11-17 18:34:51, 2024-11-17 21:18:29, bd0c49920e973deee773d5e1d27ed23b
2024-11-24 17:52:54 - <==        Row: 35997, 13700, 1, 50110, 293, 46, 신대로14길, 50110, 4848088, 0, 0, 13, 0, 연동, e편한세상연동센트럴파크1단지, 293-46, 84.9665, 2024, 8, 23, 86000, 8, 50110-5013,  ,  , 중개거래, 제주 제주시, null, 101동, 개인, 개인, N, 2023, 126.495, 33.4875, Y, N, 2024-11-17 18:34:51, 2024-11-17 21:18:29, 6e634fd2c8dc3f72a40a4efcc87102e8
2024-11-24 17:52:54 - <==        Row: 36000, 25340, 1, 50110, 167, 0, 하귀9길, 50110, 4848952, 1, 0, 45, 0, 애월읍 하귀1리, 제주하귀휴먼시아1단지, 167, 84.84, 2024, 8, 23, 43880, 7, 50110-3078,  ,  , 중개거래, 제주 제주시, null, 104, 법인, 개인, N, 2010, 126.417, 33.4837, Y, N, 2024-11-17 18:34:51, 2024-11-17 21:18:29, 4880ecb11b86e9b2fa6e63278218df27
2024-11-24 17:52:54 - <==        Row: 35936, 13700, 1, 50110, 292, 8, 은남1길, 50110, 4848590, 1, 0, 18, 0, 연동, 연동엘리시아3차, 292-8, 84.98, 2024, 8, 22, 38000, 2, 50110-3585,  ,  , 직거래,  , null,  , 개인, 개인, N, 2013, 126.494, 33.4894, Y, N, 2024-11-17 18:34:49, 2024-11-17 21:18:27, 65cbc58d4d8d0785c6dd70f05b78b18c
2024-11-24 17:52:54 - <==        Row: 35941, 12300, 1, 50110, 560, 1, 우정로11길, 50110, 4848472, 1, 0, 22, 0, 외도일동, 외도부영1차, 560-1, 59.933, 2024, 8, 22, 25500, 11, 50110-374,  ,  , 중개거래, 제주 제주시, null, 107, 개인, 개인, N, 2000, 126.434, 33.4876, Y, N, 2024-11-17 18:34:49, 2024-11-17 21:18:27, 79c39ad0075b040a513dd1360781cccd
2024-11-24 17:52:54 - <==        Row: 35946, 10600, 1, 50110, 602, 1, 전농로9길, 50110, 4848649, 0, 0, 27, 0, 삼도이동, 아이린5차, 602-1, 84.72, 2024, 8, 22, 38400, 3, 50110-4466,  ,  , 중개거래, 제주 제주시, null,  , 개인, 개인, N, 2018, 126.52, 33.5068, Y, N, 2024-11-17 18:34:49, 2024-11-17 21:18:27, 1387bf9e38ccca5fd723ef27b70e7a6d
2024-11-24 17:52:54 - <==        Row: 35948, 12300, 1, 50110, 485, 3, 우정로7길, 50110, 4848483, 1, 0, 25, 0, 외도일동, 해담은, 485-3, 82.8628, 2024, 8, 22, 49300, 11, 50110-4764,  ,  , 중개거래, 제주 제주시, null,  , 개인, 개인, N, 2021, 126.434, 33.4894, Y, N, 2024-11-17 18:34:49, 2024-11-17 21:18:27, b571f5a00d99cafbb0b9d84f4977423b
2024-11-24 17:52:54 - <==        Row: 35962, 11400, 1, 50110, 2101, 1, 설촌로, 50110, 3349099, 1, 0, 26, 0, 삼양이동, 한라하이츠빌(2차), 2101-1, 84.94, 2024, 8, 22, 28000, 2, 50110-243,  ,  , 중개거래, 제주 제주시, null,  , 개인, 개인, N, 2003, 126.582, 33.5237, Y, N, 2024-11-17 18:34:50, 2024-11-17 21:18:28, 13d1d3f8cbdcf18ce43465f20eee045c
2024-11-24 17:52:54 - <==        Row: 35975, 12300, 1, 50110, 560, 1, 우정로11길, 50110, 4848472, 1, 0, 22, 0, 외도일동, 외도부영1차, 560-1, 59.933, 2024, 8, 22, 23660, 6, 50110-374,  ,  , 직거래,  , null, 104, 공공기관, 개인, N, 2000, 126.434, 33.4876, Y, N, 2024-11-17 18:34:50, 2024-11-17 21:18:28, 3c3df26a24398fc18a8a601f93cbaa5b
2024-11-24 17:52:54 - <==        Row: 35976, 10200, 1, 50110, 355, 16, 고마로, 50110, 3349007, 1, 0, 59, 0, 일도이동, 일도주원라비앙, 355-16, 34.69, 2024, 8, 22, 8450, 3, 50110-3386,  ,  , 직거래,  , null,  , 공공기관, 개인, N, 2012, 126.54, 33.509, Y, N, 2024-11-17 18:34:50, 2024-11-17 21:18:28, 220752bead4797e28c76cc896b4f7529
2024-11-24 17:52:54 - <==        Row: 35981, 12300, 1, 50110, 560, 1, 우정로11길, 50110, 4848472, 1, 0, 22, 0, 외도일동, 외도부영1차, 560-1, 39.84, 2024, 8, 22, 15682, 7, 50110-374,  ,  , 직거래,  , null, 104, 공공기관, 개인, N, 2000, 126.434, 33.4876, Y, N, 2024-11-17 18:34:50, 2024-11-17 21:18:29, 05c9b052a6f91cb8af768d6aa63361f0
2024-11-24 17:52:54 - <==        Row: 35990, 12300, 1, 50110, 485, 3, 우정로7길, 50110, 4848483, 1, 0, 25, 0, 외도일동, 해담은, 485-3, 82.8628, 2024, 8, 22, 49300, 11, 50110-4764, O, 24.09.03, 중개거래, 제주 제주시, null,  , 개인, 개인, N, 2021, 126.434, 33.4894, Y, N, 2024-11-17 18:34:51, 2024-11-17 21:18:29, 825b8ce170ec8bbc6dd6be8b4024f632
2024-11-24 17:52:54 - <==        Row: 35992, 12600, 1, 50110, 116, 3, 대동길, 50110, 4847453, 1, 0, 17, 1, 이호이동, 대일, 116-3, 55.8, 2024, 8, 22, 13400, 3, 50110-203,  ,  , 중개거래, 제주 제주시, null,  , 개인, 개인, N, 1992, 126.464, 33.4932, Y, N, 2024-11-17 18:34:51, 2024-11-17 21:18:29, 8397579873c415bc52a3e12bb2b8e39c
2024-11-24 17:52:54 - <==        Row: 36001, 10700, 1, 50110, 708, 5, 사라봉1길, 50110, 4847789, 1, 0, 50, 0, 건입동, 광덕(광덕사라봉), 708-5, 51.24, 2024, 8, 22, 8500, 1, 50110-94,  ,  , 중개거래, 제주 제주시, null,  , 개인, 개인, N, 1987, 126.541, 33.5147, Y, N, 2024-11-17 18:34:51, 2024-11-17 21:18:29, be97b04bd9295e76c5f093434194eeaf
2024-11-24 17:52:54 - <==        Row: 36003, 13700, 1, 50110, 293, 46, 신대로14길, 50110, 4848088, 0, 0, 13, 0, 연동, e편한세상연동센트럴파크1단지, 293-46, 84.9418, 2024, 8, 22, 82500, 9, 50110-5013,  ,  , 중개거래, 제주 제주시, null, 101동, 개인, 개인, N, 2023, 126.495, 33.4875, Y, N, 2024-11-17 18:34:51, 2024-11-17 21:18:29, 26bd53ee1cb74f243d470bf21ed46563
2024-11-24 17:52:54 - <==        Row: 35969, 13700, 1, 50110, 294, 3, 노연로, 50110, 3349041, 2, 0, 126, 0, 연동, 대원에버그린빌, 294-3, 29.31, 2024, 8, 21, 12000, 10, 50110-3237,  ,  , 직거래,  , null,  , 개인, 개인, N, 2012, 126.494, 33.4856, Y, N, 2024-11-17 18:34:50, 2024-11-17 21:18:28, fb4cd41085890b0897e6af6dafae6e1e
2024-11-24 17:52:54 - <==        Row: 35980, 13700, 1, 50110, 2325, 7, 도령로, 50110, 3349052, 3, 0, 103, 0, 연동, 연동한일씨티파크, 2325-7, 84.8714, 2024, 8, 21, 40500, 14, 50110-3692,  ,  , 중개거래, 제주 제주시, null,  , 개인, 개인, N, 2014, 126.489, 33.4916, Y, N, 2024-11-17 18:34:50, 2024-11-17 21:18:29, c108678647276b38780494477bdb1143
2024-11-24 17:52:54 - <==        Row: 36013, 10200, 1, 50110, 320, 9, 고마로, 50110, 3349007, 1, 0, 40, 0, 일도이동, 인화에코비치, 320-9, 27.02, 2024, 8, 21, 7900, 7, 50110-3308,  ,  , 중개거래, 제주 제주시, null,  , 개인, 개인, N, 2012, 126.539, 33.5105, Y, N, 2024-11-17 18:34:52, 2024-11-17 21:18:30, 3a8fc2f366e0595b20e556e39abf9340
2024-11-24 17:52:54 - <==        Row: 35974, 10300, 1, 50110, 1692, 2, 오현길, 50110, 4848350, 1, 0, 9, 0, 이도일동, 신세계에덴, 1692-2, 84.983, 2024, 8, 20, 22000, 7, 50110-33,  ,  , 직거래,  , null,  , 개인, 개인, N, 1995, 126.527, 33.5064, Y, N, 2024-11-17 18:34:50, 2024-11-17 21:18:28, 0c48422356f81d4c7c2844d8bfa65581
2024-11-24 17:52:54 - <==        Row: 35983, 11400, 1, 50110, 2146, 3, 지석4길, 50110, 4848795, 1, 0, 16, 0, 삼양이동, 삼양대일(가동나동), 2146-3, 61.74, 2024, 8, 20, 15000, 2, 50110-124,  ,  , 중개거래, 제주 제주시, null, 가, 개인, 개인, N, 1992, 126.579, 33.5199, Y, N, 2024-11-17 18:34:50, 2024-11-17 21:18:29, 4d5217ce2cd7648dde81cabaa549a93c
2024-11-24 17:52:54 - <==        Row: 35988, 12900, 1, 50110, 50, 6, 도남로10길, 50110, 4847501, 1, 0, 35, 10, 도남동, 성원1, 50-6, 51.73, 2024, 8, 20, 13900, 4, 50110-309,  ,  , 직거래,  , null,  , 개인, 개인, N, 1993, 126.524, 33.4937, Y, N, 2024-11-17 18:34:51, 2024-11-17 21:18:29, 74bc0d8d4cafb7154e7678e43d9a0ab5
2024-11-24 17:52:54 - <==        Row: 36007, 13700, 1, 50110, 2326, 1, 도령로13길, 50110, 4847541, 1, 0, 9, 0, 연동, 제주베스트빌라, 2326-1, 150.7, 2024, 8, 20, 43000, 4, 50110-154,  ,  , 직거래,  , null,  , 개인, 개인, N, 2001, 126.488, 33.4923, Y, N, 2024-11-17 18:34:51, 2024-11-17 21:18:30, a842b0888ae794d472e599c920689200
2024-11-24 17:52:54 - <==        Row: 35131, 13700, 1, 50110, 300, 3, 삼무로11길, 50110, 4847821, 0, 0, 9, 0, 연동, 남해오네뜨, 300-3, 32.39, 2024, 8, 19, 19500, 7, 50110-4649,  ,  , 중개거래, 제주 제주시, null,  , 개인, 개인, N, 2019, 126.496, 33.4926, Y, N, 2024-11-17 18:34:19, 2024-11-17 21:18:30, a27f15e981dde2672a7b73440da1e52e
2024-11-24 17:52:54 - <==        Row: 35999, 25921, 1, 50110, 1861, 0, 신촌3길, 50110, 4848167, 1, 0, 16, 5, 조천읍 신촌리, 신촌다정타운, 1861, 47.0171, 2024, 8, 19, 8800, 4, 50110-399,  ,  , 직거래,  , null, 나, 개인, 개인, N, 2002, 126.619, 33.5351, Y, N, 2024-11-17 18:34:51, 2024-11-17 21:18:29, 47d30d66b875a76f5cfb085732ac0e59
2024-11-24 17:52:54 - <==        Row: 36015, 25024, 1, 50110, 932, 3, 한림중앙로, 50110, 3349210, 1, 0, 61, 7, 한림읍 한림리, 삼영노블리안아파트2차, 932-3, 73.83, 2024, 8, 19, 24900, 7, 50110-3853,  ,  , 중개거래, 제주 제주시, null,  , 개인, 개인, N, 2016, 126.267, 33.4101, Y, N, 2024-11-17 18:34:52, 2024-11-17 21:18:30, 327ba2a6e02de1c3d701daa52187c394
2024-11-24 17:52:54 - <==        Row: 35963, 13500, 1, 50110, 745, 0, 첨단로동길, 50110, 4849167, 0, 0, 74, 0, 월평동, 제주첨단꿈에그린2단지아파트, 745, 84.7938, 2024, 8, 18, 49500, 4, 50110-4335,  ,  , 중개거래, 제주 제주시, null, 216동, 개인, 개인, N, 2017, 126.576, 33.4542, Y, N, 2024-11-17 18:34:50, 2024-11-17 21:18:28, 2c48ff725f08080ef05f040f8d4f3786
2024-11-24 17:52:54 - <==        Row: 36017, 12900, 1, 50110, 902, 0, 서광로22길, 50110, 4847888, 2, 0, 32, 0, 도남동, 도남2차e-편한세상, 902, 84.647, 2024, 8, 18, 53300, 7, 50110-403,  ,  , 중개거래, 제주 제주시, null, 도남2차e-편한세상 201, 개인, 개인, N, 2005, 126.522, 33.4976, Y, N, 2024-11-17 18:34:52, 2024-11-17 21:18:30, 03a66206737630a8a67f4e8f00528039
2024-11-24 17:52:54 - <==        Row: 35435, 12200, 1, 50110, 2583, 1, 수덕로, 50110, 3349107, 1, 0, 44, 0, 노형동, 노형뜨란채, 2583-1, 75.18, 2024, 8, 16, 57000, 4, 50110-2909,  ,  , 중개거래, 제주 제주시, null,  , 개인, 개인, N, 2006, 126.473, 33.4871, Y, N, 2024-11-17 18:34:30, 2024-11-17 21:18:30, afe8c74ab460de1240b598e95af07807
2024-11-24 17:52:54 - <==        Row: 35717, 12200, 1, 50110, 945, 0, 원노형10길, 50110, 4848490, 1, 0, 28, 0, 노형동, 유나이티드, 945, 42.75, 2024, 8, 16, 17000, 4, 50110-194,  ,  , 중개거래, 제주 제주시, null,  , 개인, 개인, N, 1984, 126.486, 33.4836, Y, N, 2024-11-17 18:34:41, 2024-11-17 21:18:30, f340a05f6bee83a037e0868a6fc84dc4
2024-11-24 17:52:54 - <==        Row: 35943, 11000, 1, 50110, 984, 1, 용마로1길, 50110, 4848414, 1, 0, 15, 0, 용담삼동, 용담이레빌, 984-1, 69.7875, 2024, 8, 15, 19900, 5, 50110-3447,  ,  , 중개거래, 제주 제주시, null,  , 개인, 개인, N, 2013, 126.505, 33.514, Y, N, 2024-11-17 18:34:49, 2024-11-17 21:18:27, 9ab82ed292c82e5c4bc703b0c3cbbb73
2024-11-24 17:52:54 - <==        Row: 35953, 10200, 1, 50110, 419, 4, 천수로, 50110, 3349190, 1, 0, 75, 0, 일도이동, 동남1, 419-4, 84.68, 2024, 8, 15, 20000, 2, 50110-7,  ,  , 중개거래, 제주 제주시, null,  , 개인, 개인, N, 1990, 126.544, 33.5057, Y, N, 2024-11-17 18:34:49, 2024-11-17 21:18:28, c7a084fbee1e212c075f64d3f3e1d503
2024-11-24 17:52:54 - <==        Row: 35955, 11700, 1, 50110, 6088, 0, 아란9길, 50110, 4848203, 1, 0, 22, 0, 아라일동, 아라스위첸, 6088, 133.28, 2024, 8, 15, 105800, 7, 50110-3408,  ,  , 중개거래, 제주 제주시, null,  , 개인, 개인, N, 2012, 126.542, 33.4741, Y, N, 2024-11-17 18:34:49, 2024-11-17 21:18:28, 6f722cb27415dff0aba946637d756fe2
2024-11-24 17:52:54 - <==        Row: 35961, 10200, 1, 50110, 113, 0, 태성로, 50110, 3349199, 1, 0, 3, 0, 일도이동, 일도우성1, 113, 76.43, 2024, 8, 15, 40000, 2, 50110-24,  ,  , 중개거래, 제주 제주시, null, 104, 개인, 개인, N, 1995, 126.549, 33.5021, Y, N, 2024-11-17 18:34:50, 2024-11-17 21:18:28, 00d326d416efe32214aacbe7fc984db2
2024-11-24 17:52:54 - <==        Row: 35971, 12200, 1, 50110, 731, 1, 원노형로, 50110, 3349162, 1, 0, 90, 0, 노형동, 현대아이파크, 731-1, 84.98, 2024, 8, 15, 73000, 2, 50110-200,  ,  , 중개거래, 제주 제주시, null,  , 개인, 개인, N, 2001, 126.484, 33.4804, Y, N, 2024-11-17 18:34:50, 2024-11-17 21:18:28, bafd67f0075f253c80fa37ee156a7af0
2024-11-24 17:52:54 - <==        Row: 35977, 11100, 1, 50110, 10, 1, 동화로1길, 50110, 4847618, 1, 0, 11, 0, 화북일동, 화북주공1단지, 10-1, 84.6, 2024, 8, 15, 43300, 5, 50110-114,  ,  , 중개거래, 제주 제주시, null, 화북1아파트 103동, 개인, 개인, N, 1998, 126.575, 33.5207, Y, N, 2024-11-17 18:34:50, 2024-11-17 21:18:28, eb7cf7e49baef733cdd1ccac53bf9bb9
2024-11-24 17:52:54 - <==        Row: 36004, 10400, 1, 50110, 1062, 3, 연삼로, 50110, 3349137, 2, 0, 436, 0, 이도이동, 하늘그린5차, 1062-3, 84.65, 2024, 8, 15, 36500, 8, 50110-3403,  ,  , 중개거래, 제주 제주시, null,  , 개인, 개인, N, 2013, 126.537, 33.497, Y, N, 2024-11-17 18:34:51, 2024-11-17 21:18:29, 105d8e8bc1d58fd7f8e66f807ea1d172
2024-11-24 17:52:54 - <==        Row: 35944, 11200, 1, 50110, 116, 0, 화삼로, 50110, 4849184, 1, 0, 12, 0, 화북이동, 제주삼화사랑으로부영2차, 116, 84.3616, 2024, 8, 14, 54800, 12, 50110-3427,  ,  , 중개거래, 제주 제주시, null,  , 개인, 개인, N, 2013, 126.574, 33.5139, Y, N, 2024-11-17 18:34:49, 2024-11-17 21:18:27, fbec19b59de8c219e02d5b3b8cef0779
2024-11-24 17:52:54 - <==        Row: 35947, 13700, 1, 50110, 2307, 4, 일주서로, 50110, 3349236, 0, 0, 7882, 0, 연동, 연동정한, 2307-4, 73.1, 2024, 8, 14, 14000, 1, 50110-151,  ,  , 직거래,  , null, 가, 개인, 개인, N, 1992, 126.489, 33.4934, Y, N, 2024-11-17 18:34:49, 2024-11-17 21:18:27, 6e3b33812d73e347433b898e0dde4189
2024-11-24 17:52:54 - <==        Row: 35956, 12200, 1, 50110, 2583, 1, 수덕로, 50110, 3349107, 1, 0, 44, 0, 노형동, 노형뜨란채, 2583-1, 75.18, 2024, 8, 14, 59900, 4, 50110-2909,  ,  , 중개거래, 제주 제주시, null,  , 법인, 개인, N, 2006, 126.473, 33.4871, Y, N, 2024-11-17 18:34:49, 2024-11-17 21:18:28, cb8c3a265293ab5caf96ee6feaee3b90
2024-11-24 17:52:54 - <==        Row: 35964, 13700, 1, 50110, 294, 107, 신대로18길, 50110, 4848092, 1, 0, 22, 0, 연동, 현암노블레스빌1차, 294-107, 69.08, 2024, 8, 14, 20500, 6, 50110-800,  ,  , 중개거래, 제주 제주시, null,  , 개인, 법인, N, 2005, 126.494, 33.4848, Y, N, 2024-11-17 18:34:50, 2024-11-17 21:18:28, 8a02eb0997994d35fe72fbb55c6eec82
2024-11-24 17:52:54 - <==        Row: 36021, 13700, 1, 50110, 280, 24, 신대로8길, 50110, 4848100, 0, 0, 34, 0, 연동, 라이오니파크1차, 280-24, 46.0331, 2024, 8, 14, 20700, 4, 50110-4527,  ,  , 중개거래, 제주 제주시, null,  , 법인, 개인, N, 2018, 126.493, 33.4921, Y, N, 2024-11-17 18:34:52, 2024-11-17 21:18:30, 21c83a13718c2a8c278157044ae1fba6
2024-11-24 17:52:54 - <==        Row: 35984, 12300, 1, 50110, 491, 4, 우정로10길, 50110, 4848471, 0, 0, 26, 0, 외도일동, 제이시티팰리스3차, 491-4, 68.52, 2024, 8, 13, 43000, 11, 50110-5051,  ,  , 직거래,  , null, 제이시티팰리스3차, 개인, 개인, N, 2023, 126.428, 33.4889, Y, N, 2024-11-17 18:34:50, 2024-11-17 21:18:29, 7602edf5835f1187064eaeaa5464e06f
2024-11-24 17:52:54 - <==        Row: 35993, 12300, 1, 50110, 560, 2, 우평로, 50110, 3349161, 2, 0, 318, 0, 외도일동, 부영(2차), 560-2, 84.9873, 2024, 8, 13, 27000, 1, 50110-375,  ,  , 직거래,  , null, 부영아파트 201, 개인, 개인, N, 2001, 126.434, 33.485, Y, N, 2024-11-17 18:34:51, 2024-11-17 21:18:29, 0d68ef8b6370d146142c733f08546469
2024-11-24 17:52:54 - <==        Row: 36024, 11400, 1, 50110, 2318, 0, 화삼로, 50110, 4849184, 4, 0, 167, 0, 삼양이동, 제주삼화사랑으로부영3차, 2318, 84.3616, 2024, 8, 13, 54500, 10, 50110-3536,  ,  , 중개거래, 제주 제주시, null, 301, 개인, 개인, N, 2013, 126.585, 33.5192, Y, N, 2024-11-17 18:34:52, 2024-11-17 21:18:30, f98d42d50357ed8efd6e4fa88f9c41d9
2024-11-24 17:52:54 - <==        Row: 35968, 12300, 1, 50110, 426, 1, 도근내길, 50110, 4847500, 1, 0, 2, 0, 외도일동, 일우한란, 426-1, 75.21, 2024, 8, 12, 17300, 6, 50110-202,  ,  , 중개거래, 제주 제주시, null, 101, 개인, 개인, N, 1993, 126.431, 33.4924, Y, N, 2024-11-17 18:34:50, 2024-11-17 21:18:28, 3e11d91e05c3c1f87b60419fddd1290f
2024-11-24 17:52:54 - <==        Row: 36008, 10600, 1, 50110, 599, 3, 서사로, 50110, 3349092, 0, 0, 73, 0, 삼도이동, 수미안아파트, 599-3, 80.47, 2024, 8, 12, 36000, 10, 50110-4600,  ,  , 직거래,  , null,  , 개인, 개인, N, 2019, 126.52, 33.5059, Y, N, 2024-11-17 18:34:52, 2024-11-17 21:18:30, f6138d1ffc1139fe99c981965d980cae
2024-11-24 17:52:54 - <==        Row: 35368, 12300, 1, 50110, 560, 1, 우정로11길, 50110, 4848472, 1, 0, 22, 0, 외도일동, 외도부영1차, 560-1, 49.896, 2024, 8, 11, 21800, 10, 50110-374,  ,  , 중개거래, 제주 제주시, null, 102, 개인, 개인, N, 2000, 126.434, 33.4876, Y, N, 2024-11-17 18:34:28, 2024-11-17 21:18:30, 267978a00cc354246ab326ca7f396945
2024-11-24 17:52:54 - <==        Row: 35929, 12000, 1, 50110, 1365, 0, 연사3길, 50110, 4848273, 1, 0, 9, 0, 오라이동, 헤르지아, 1365, 84.57, 2024, 8, 11, 40700, 3, 50110-3763,  ,  , 중개거래, 제주 제주시, null,  , 개인, 개인, N, 2015, 126.513, 33.4885, Y, N, 2024-11-17 18:34:49, 2024-11-17 21:18:27, 215b5cb9f4e8327390503321e558b6d6
2024-11-24 17:52:54 - <==        Row: 36006, 12000, 1, 50110, 1365, 0, 연사3길, 50110, 4848273, 1, 0, 9, 0, 오라이동, 헤르지아, 1365, 84.57, 2024, 8, 11, 40700, 3, 50110-3763, O, 24.11.13, 중개거래, 제주 제주시, null,  , 개인, 개인, N, 2015, 126.513, 33.4885, Y, N, 2024-11-17 18:34:51, 2024-11-17 21:18:30, cd5f6c40d20df61166ec7179114e6330
2024-11-24 17:52:54 - <==        Row: 36019, 12900, 1, 50110, 811, 0, 도남서길, 50110, 4847515, 1, 0, 14, 0, 도남동, 도남해모로리치힐아파트, 811, 84.9908, 2024, 8, 11, 67500, 1, 50110-4601,  ,  , 중개거래, 제주 제주시, null, 102동, 개인, 개인, N, 2019, 126.524, 33.4932, Y, N, 2024-11-17 18:34:52, 2024-11-17 21:18:30, d9d9a596200d3c257286c4e1f1002b4b
2024-11-24 17:52:54 - <==        Row: 36030, 12200, 1, 50110, 2583, 1, 수덕로, 50110, 3349107, 1, 0, 44, 0, 노형동, 노형뜨란채, 2583-1, 84.67, 2024, 8, 11, 60500, 9, 50110-2909,  ,  , 중개거래, 경기 남양주시, 제주 제주시, null, 218, 개인, 개인, N, 2006, null, null, Y, N, 2024-11-17 18:34:52, 2024-11-17 21:18:30, 35a5f63585ee3142145a67edef0c4723
2024-11-24 17:52:54 - <==        Row: 35954, 10400, 1, 50110, 1956, 0, 신설로, 50110, 3349115, 1, 0, 55, 0, 이도이동, 이도한일베라체, 1956, 84.67, 2024, 8, 10, 70000, 12, 50110-3101,  ,  , 중개거래, 제주 제주시, null,  , 개인, 개인, N, 2011, 126.548, 33.4932, Y, N, 2024-11-17 18:34:49, 2024-11-17 21:18:28, 26b5b81ec681ebeb18c8de968711c946
2024-11-24 17:52:54 - <==        Row: 36002, 12200, 1, 50110, 2585, 1, 광평동로, 50110, 3349020, 1, 0, 66, 0, 노형동, 중흥에스클래스(미리내마을), 2585-1, 120.943, 2024, 8, 10, 86000, 8, 50110-2910,  ,  , 중개거래, 제주 제주시, null, 103, 개인, 개인, N, 2006, 126.468, 33.4851, Y, N, 2024-11-17 18:34:51, 2024-11-17 21:18:29, ebdf475b512930362ea9f135f281623f
2024-11-24 17:52:54 - <==        Row: 36028, 10700, 1, 50110, 661, 0, 임항로, 50110, 3349174, 1, 0, 239, 0, 건입동, 건입이화, 661, 84.0, 2024, 8, 10, 22400, 2, 50110-93,  ,  , 중개거래, 제주 제주시, null,  , 개인, 개인, N, 1997, 126.541, 33.5181, Y, N, 2024-11-17 18:34:52, 2024-11-17 21:18:30, 3cd73e83f2883cb92b34698bddfa778c
2024-11-24 17:52:54 - <==        Row: 36029, 10200, 1, 50110, 47, 1, 천수로, 50110, 3349190, 0, 0, 72, 0, 일도이동, 일도신천지, 47-1, 59.97, 2024, 8, 10, 26000, 2, 50110-28,  ,  , 중개거래, 제주 제주시, null, 109, 개인, 개인, N, 1993, 126.545, 33.5045, Y, N, 2024-11-17 18:34:52, 2024-11-17 21:18:30, d6529813e742acb5d09691fb5dc09c63
2024-11-24 17:52:54 - <==        Row: 35745, 12200, 1, 50110, 754, 0, 과원북2길, 50110, 4847143, 1, 0, 12, 0, 노형동, 부영5차, 754, 84.9508, 2024, 8, 9, 64000, 8, 50110-364,  ,  , 중개거래, 제주 제주시, null, 501, 개인, 개인, N, 2001, 126.484, 33.4786, Y, N, 2024-11-17 18:34:42, 2024-11-17 21:18:30, a7bd530e08c82240c531a316f2351ffa
2024-11-24 17:52:54 - <==        Row: 36010, 12200, 1, 50110, 732, 1, 연화로, 50110, 3349141, 1, 0, 16, 0, 노형동, 해오름, 732-1, 59.56, 2024, 8, 9, 50500, 4, 50110-199,  ,  , 중개거래, 제주 제주시, null,  , 개인, 개인, N, 2001, 126.486, 33.4809, Y, N, 2024-11-17 18:34:52, 2024-11-17 21:18:30, e252992bb426d9f04a8cd6c6808005fa
2024-11-24 17:52:54 - <==        Row: 36033, 12200, 1, 50110, 2583, 1, 수덕로, 50110, 3349107, 1, 0, 44, 0, 노형동, 노형뜨란채, 2583-1, 84.67, 2024, 8, 9, 59800, 11, 50110-2909,  ,  , 중개거래, 제주 제주시, null, 208, 개인, 개인, N, 2006, 126.473, 33.4871, Y, N, 2024-11-17 18:34:52, 2024-11-17 21:18:31, 1245b9dcd7828297bd4b61ad85296292
2024-11-24 17:52:54 - <==        Row: 36034, 12200, 1, 50110, 2583, 1, 수덕로, 50110, 3349107, 1, 0, 44, 0, 노형동, 노형뜨란채, 2583-1, 84.67, 2024, 8, 9, 59800, 11, 50110-2909, O, 24.08.09, 중개거래, 제주 제주시, null,  , 개인, 개인, N, 2006, 126.473, 33.4871, Y, N, 2024-11-17 18:34:52, 2024-11-17 21:18:31, f791be15e5fe872ac49d5929b26d0b38
2024-11-24 17:52:54 - <==        Row: 36035, 12200, 1, 50110, 754, 0, 과원북2길, 50110, 4847143, 1, 0, 12, 0, 노형동, 부영5차, 754, 84.9508, 2024, 8, 9, 64000, 8, 50110-364, O, 24.08.12, 중개거래, 제주 제주시, null,  , 개인, 개인, N, 2001, 126.484, 33.4786, Y, N, 2024-11-17 18:34:52, 2024-11-17 21:18:31, 847ff01054b7c5ebe30e93d6cfde5998
2024-11-24 17:52:54 - <==        Row: 36037, 25340, 1, 50110, 167, 0, 하귀9길, 50110, 4848952, 1, 0, 45, 0, 애월읍 하귀1리, 제주하귀휴먼시아1단지, 167, 84.72, 2024, 8, 9, 42000, 4, 50110-3078,  ,  , 중개거래, 제주 제주시, null, 106, 개인, 개인, N, 2010, 126.417, 33.4837, Y, N, 2024-11-17 18:34:53, 2024-11-17 21:18:31, 92fb2ede31d13f67bf150099d358e5b7
2024-11-24 17:52:54 - <==        Row: 35996, 25023, 1, 50110, 1781, 0, 한림상로, 50110, 3349209, 1, 0, 216, 0, 한림읍 대림리, 한림대성유니크, 1781, 78.32, 2024, 8, 8, 20000, 3, 50110-3917,  ,  , 직거래,  , null,  , 개인, 개인, N, 2016, 126.269, 33.4176, Y, N, 2024-11-17 18:34:51, 2024-11-17 21:18:29, bcffb527149dcf7312d15610c1b5f324
2024-11-24 17:52:54 - <==        Row: 36018, 10300, 1, 50110, 1692, 2, 오현길, 50110, 4848350, 1, 0, 9, 0, 이도일동, 신세계에덴, 1692-2, 31.676, 2024, 8, 8, 12380, 6, 50110-33,  ,  , 중개거래, 제주 제주시, null,  , 개인, 개인, N, 1995, 126.527, 33.5064, Y, N, 2024-11-17 18:34:52, 2024-11-17 21:18:30, b62ba1ab717f6b4d4bcc0817f5500917
2024-11-24 17:52:54 - <==        Row: 36039, 11400, 1, 50110, 2113, 6, 지석15길, 50110, 4848793, 1, 0, 30, 0, 삼양이동, 삼부비치, 2113-6, 66.86, 2024, 8, 8, 21750, 8, 50110-236,  ,  , 직거래,  , null,  , 개인, 개인, N, 2003, 126.586, 33.524, Y, N, 2024-11-17 18:34:53, 2024-11-17 21:18:31, b1f94357520ca9b6e81db0b812751a05
2024-11-24 17:52:54 - <==        Row: 36041, 10300, 1, 50110, 1685, 6, 서광로29길, 50110, 4847894, 1, 0, 22, 7, 이도일동, 남건휴먼스, 1685-6, 30.71, 2024, 8, 8, 9000, 6, 50110-3667,  ,  , 직거래,  , null,  , 개인, 개인, N, 2014, 126.527, 33.5024, Y, N, 2024-11-17 18:34:53, 2024-11-17 21:18:31, ce1548d7322c3dfa30809f32387dd279
2024-11-24 17:52:54 - <==        Row: 35930, 25340, 1, 50110, 167, 0, 하귀9길, 50110, 4848952, 1, 0, 45, 0, 애월읍 하귀1리, 제주하귀휴먼시아1단지, 167, 84.72, 2024, 8, 7, 53500, 12, 50110-3078,  ,  , 중개거래, 제주 제주시, null,  , 개인, 개인, N, 2010, 126.417, 33.4837, Y, N, 2024-11-17 18:34:49, 2024-11-17 21:18:27, e9b89a103bb6b902725c8f1387d5b88a
2024-11-24 17:52:54 - <==        Row: 35995, 13500, 1, 50110, 745, 0, 첨단로동길, 50110, 4849167, 0, 0, 74, 0, 월평동, 제주첨단꿈에그린2단지아파트, 745, 101.868, 2024, 8, 7, 57300, 3, 50110-4335,  ,  , 중개거래, 제주 제주시, null,  , 개인, 개인, N, 2017, 126.576, 33.4542, Y, N, 2024-11-17 18:34:51, 2024-11-17 21:18:29, a0b26eadf741f36235c0395584b13b42
2024-11-24 17:52:54 - <==        Row: 36036, 25340, 1, 50110, 167, 0, 하귀9길, 50110, 4848952, 1, 0, 45, 0, 애월읍 하귀1리, 제주하귀휴먼시아1단지, 167, 84.72, 2024, 8, 7, 53500, 12, 50110-3078, O, 24.11.04, 중개거래, 제주 제주시, null,  , 개인, 개인, N, 2010, 126.417, 33.4837, Y, N, 2024-11-17 18:34:52, 2024-11-17 21:18:31, bd710c3c4aa79d7d7f7bb8a6ba63b93d
2024-11-24 17:52:54 - <==        Row: 36043, 12200, 1, 50110, 754, 4, 과원로, 50110, 3349013, 1, 0, 11, 0, 노형동, 부영2차, 754-4, 45.9078, 2024, 8, 7, 30800, 4, 50110-366,  ,  , 중개거래, 제주 제주시, null, 204, 개인, 개인, N, 2001, 126.485, 33.4765, Y, N, 2024-11-17 18:34:53, 2024-11-17 21:18:31, f5ed1cd6a8fdfcfe8751c0868874a6e7
2024-11-24 17:52:54 - <==        Row: 36044, 10600, 1, 50110, 1241, 7, 남성로26길, 50110, 4847380, 1, 0, 39, 0, 삼도이동, 세일파크빌, 1241-7, 30.02, 2024, 8, 7, 11000, 4, 50110-3368,  ,  , 중개거래, 제주 제주시, null,  , 개인, 개인, N, 2012, 126.525, 33.5063, Y, N, 2024-11-17 18:34:53, 2024-11-17 21:18:31, 20a7ced5639306d9bcc01d712e06279d
2024-11-24 17:52:54 - <==        Row: 35453, 13700, 1, 50110, 262, 18, 노연로, 50110, 3349041, 2, 0, 87, 0, 연동, 연동ABC주상복합, 262-18, 40.62, 2024, 8, 6, 12000, 9, 50110-3525,  ,  , 중개거래, 제주 제주시, null,  , 개인, 개인, N, 2013, 126.489, 33.486, Y, N, 2024-11-17 18:34:31, 2024-11-17 21:18:31, 165824d8d8dac2459a48c174ad848cff
2024-11-24 17:52:54 - <==        Row: 36009, 10600, 1, 50110, 599, 1, 서사로, 50110, 3349092, 0, 0, 69, 0, 삼도이동, 모다세인트빌, 599-1, 80.72, 2024, 8, 6, 27000, 9, 50110-4662,  ,  , 직거래,  , null,  , 개인, 개인, N, 2020, 126.52, 33.5062, Y, N, 2024-11-17 18:34:52, 2024-11-17 21:18:30, 2ec735ba1c24c4b1b8fa6443e7cfd0b7
2024-11-24 17:52:54 - <==        Row: 36022, 25924, 1, 50110, 4178, 0, 함덕5길, 50110, 4849054, 1, 0, 14, 0, 조천읍 함덕리, 천마에버하임오션, 4178, 77.9131, 2024, 8, 6, 30000, 3, 50110-4750,  ,  , 중개거래, 제주 제주시, null,  , 개인, 개인, N, 2021, 126.659, 33.5446, Y, N, 2024-11-17 18:34:52, 2024-11-17 21:18:30, aa3ce305db4bff9505a77bc8c6d609d7
2024-11-24 17:52:54 - <==        Row: 36046, 10200, 1, 50110, 113, 5, 태성로, 50110, 3349199, 1, 0, 39, 0, 일도이동, 일도2차대림, 113-5, 77.02, 2024, 8, 6, 40000, 3, 50110-4,  ,  , 중개거래, 제주 제주시, null, 204, 개인, 개인, N, 1995, 126.55, 33.5003, Y, N, 2024-11-17 18:34:53, 2024-11-17 21:18:31, 5361bc771ac2053e08b93dcc6081a7cd
2024-11-24 17:52:54 - <==        Row: 35958, 12200, 1, 50110, 1058, 1, 수덕로, 50110, 3349107, 1, 0, 25, 0, 노형동, 노형수선화, 1058-1, 59.9, 2024, 8, 5, 23500, 1, 50110-171,  ,  , 직거래,  , null, 나, 개인, 개인, N, 1994, 126.474, 33.4874, Y, N, 2024-11-17 18:34:50, 2024-11-17 21:18:28, f4b465fe17dd7816b9c40299969edf76
2024-11-24 17:52:54 - <==        Row: 35967, 10200, 1, 50110, 160, 2, 고마로11길, 50110, 4847063, 0, 0, 37, 0, 일도이동, 스카이캐슬, 160-2, 84.46, 2024, 8, 5, 54000, 8, 50110-4855,  ,  , 직거래,  , null,  , 법인, 개인, N, 2022, 126.539, 33.5117, Y, N, 2024-11-17 18:34:50, 2024-11-17 21:18:28, a21bbe302ad009a2e978a5c2ea0285a2
2024-11-24 17:52:54 - <==        Row: 36005, 12900, 1, 50110, 902, 0, 서광로22길, 50110, 4847888, 2, 0, 32, 0, 도남동, 도남2차e-편한세상, 902, 120.362, 2024, 8, 5, 66000, 2, 50110-403,  ,  , 중개거래, 제주 제주시, null, 도남2차e-편한세상 204, 개인, 개인, N, 2005, 126.522, 33.4976, Y, N, 2024-11-17 18:34:51, 2024-11-17 21:18:30, 893af82f0d75a3c7e958879bf04b67b7
2024-11-24 17:52:54 - <==        Row: 36016, 13700, 1, 50110, 258, 0, 연동4길, 50110, 4848256, 1, 0, 36, 0, 연동, 연동뜨레모아, 258, 84.9044, 2024, 8, 5, 65000, 10, 50110-3849,  ,  , 중개거래, 제주 제주시, null,  , 개인, 개인, N, 2016, 126.487, 33.4827, Y, N, 2024-11-17 18:34:52, 2024-11-17 21:18:30, 1463fe4e8496452898e8d8e3260cd943
2024-11-24 17:52:54 - <==        Row: 36040, 13700, 1, 50110, 1965, 3, 성신로, 50110, 3349101, 1, 0, 13, 8, 연동, 연동이화, 1965-3, 59.99, 2024, 8, 5, 19500, 3, 50110-147,  ,  , 중개거래, 제주 제주시, null,  , 개인, 개인, N, 1994, 126.485, 33.4909, Y, N, 2024-11-17 18:34:53, 2024-11-17 21:18:31, 0b6d0ea043e1aa1ac3116045c9146e37
2024-11-24 17:52:54 - <==        Row: 36045, 13700, 1, 50110, 2303, 13, 도령북길, 50110, 4847544, 1, 0, 11, 0, 연동, 제성대일, 2303-13, 84.3, 2024, 8, 5, 15000, 1, 50110-324,  ,  , 중개거래, 제주 제주시, null,  , 개인, 개인, N, 1991, 126.486, 33.4934, Y, N, 2024-11-17 18:34:53, 2024-11-17 21:18:31, f27cb5c3a4893897026b5992d93e02da
2024-11-24 17:52:54 - <==        Row: 36048, 13700, 1, 50110, 290, 5, 연삼로, 50110, 3349137, 12, 0, 18, 0, 연동, 엘리시아뷰, 290-5, 24.77, 2024, 8, 5, 9000, 4, 50110-3409,  ,  , 중개거래, 제주 제주시, null,  , 개인, 개인, N, 2012, 126.494, 33.4934, Y, N, 2024-11-17 18:34:53, 2024-11-17 21:18:31, c3b65866327048a5882d323f82e141c9
2024-11-24 17:52:54 - <==        Row: 36049, 10200, 1, 50110, 113, 4, 태성로, 50110, 3349199, 0, 0, 31, 0, 일도이동, 일도1차대림, 113-4, 77.02, 2024, 8, 5, 37500, 4, 50110-3,  ,  , 중개거래, 제주 제주시, null,  , 개인, 개인, N, 1994, 126.551, 33.5009, Y, N, 2024-11-17 18:34:53, 2024-11-17 21:18:31, afe042704c59c3f37370aab65f11e05b
2024-11-24 17:52:54 - <==        Row: 35931, 13100, 1, 50110, 548, 0, 화삼북로, 50110, 3349227, 2, 0, 136, 0, 도련이동, 제주삼화사랑으로부영1차, 548, 84.3616, 2024, 8, 4, 53000, 6, 50110-3421,  ,  , 중개거래, 제주 서귀포시, 제주 제주시, null,  , 개인, 개인, N, 2013, null, null, Y, N, 2024-11-17 18:34:49, 2024-11-17 21:18:27, d1c4d5b44cf8b136c22aecce1f61536c
2024-11-24 17:52:54 - <==        Row: 36012, 13100, 1, 50110, 548, 0, 화삼북로, 50110, 3349227, 2, 0, 136, 0, 도련이동, 제주삼화사랑으로부영1차, 548, 84.3616, 2024, 8, 4, 53000, 6, 50110-3421, O, 24.10.10, 중개거래, 제주 서귀포시, 제주 제주시, null,  , 개인, 개인, N, 2013, null, null, Y, N, 2024-11-17 18:34:52, 2024-11-17 21:18:30, edab8db8fdc5ab0e0380ed8914986318
2024-11-24 17:52:54 - <==        Row: 36051, 13700, 1, 50110, 2331, 7, 도령로, 50110, 3349052, 3, 0, 111, 0, 연동, 진호뉴캐슬, 2331-7, 83.37, 2024, 8, 3, 22500, 9, 50110-396,  ,  , 중개거래, 제주 제주시, null,  , 개인, 개인, N, 2004, 126.489, 33.492, Y, N, 2024-11-17 18:34:53, 2024-11-17 21:18:31, 01b1f9ca3386e3d6c21a6c214335d401
2024-11-24 17:52:54 - <==        Row: 35979, 12200, 1, 50110, 732, 0, 원노형로, 50110, 3349162, 1, 0, 93, 0, 노형동, 부영1차, 732, 80.6583, 2024, 8, 2, 66000, 12, 50110-181,  ,  , 중개거래, 제주 제주시, null, 105, 개인, 개인, N, 2001, 126.486, 33.4804, Y, N, 2024-11-17 18:34:50, 2024-11-17 21:18:29, e234cd8a4586843788ab7664ff6f73f3
2024-11-24 17:52:54 - <==        Row: 35991, 12200, 1, 50110, 754, 0, 과원북2길, 50110, 4847143, 1, 0, 12, 0, 노형동, 부영5차, 754, 84.9508, 2024, 8, 2, 68000, 11, 50110-364,  ,  , 중개거래, 제주 제주시, null, 502, 개인, 개인, N, 2001, 126.484, 33.4786, Y, N, 2024-11-17 18:34:51, 2024-11-17 21:18:29, 4055e7a85aa278eec0a69dfd045b881f
2024-11-24 17:52:54 - <==        Row: 36026, 25340, 1, 50110, 167, 0, 하귀9길, 50110, 4848952, 1, 0, 45, 0, 애월읍 하귀1리, 제주하귀휴먼시아1단지, 167, 84.97, 2024, 8, 2, 49500, 10, 50110-3078,  ,  , 중개거래, 제주 제주시, null, 110, 개인, 개인, N, 2010, 126.417, 33.4837, Y, N, 2024-11-17 18:34:52, 2024-11-17 21:18:30, 52347e6ed2d51215f9b7a51949505080
2024-11-24 17:52:54 - <==        Row: 36038, 12200, 1, 50110, 731, 1, 원노형로, 50110, 3349162, 1, 0, 90, 0, 노형동, 현대아이파크, 731-1, 84.98, 2024, 8, 2, 73500, 13, 50110-200,  ,  , 중개거래, 제주 제주시, null, 102, 개인, 개인, N, 2001, 126.484, 33.4804, Y, N, 2024-11-17 18:34:53, 2024-11-17 21:18:31, 9e02783bfa22182d51751b0a01bc1f1e
2024-11-24 17:52:54 - <==        Row: 36047, 10200, 1, 50110, 47, 0, 천수로8길, 50110, 4848832, 0, 0, 18, 0, 일도이동, 일도삼주, 47, 59.97, 2024, 8, 2, 27150, 4, 50110-12,  ,  , 중개거래, 제주 제주시, null, 103, 개인, 개인, N, 1993, 126.543, 33.5042, Y, N, 2024-11-17 18:34:53, 2024-11-17 21:18:31, 0dca20ffd2699405a1f52bfffc14e74f
2024-11-24 17:52:54 - <==        Row: 36050, 10200, 1, 50110, 47, 0, 천수로8길, 50110, 4848832, 0, 0, 18, 0, 일도이동, 일도삼주, 47, 59.97, 2024, 8, 2, 27150, 4, 50110-12, O, 24.08.06, 중개거래, 제주 제주시, null,  , 개인, 개인, N, 1993, 126.543, 33.5042, Y, N, 2024-11-17 18:34:53, 2024-11-17 21:18:31, c985a7caaeda9157c1861f9688eb4260
2024-11-24 17:52:54 - <==        Row: 36052, 12200, 1, 50110, 1051, 5, 월랑로10길, 50110, 4848524, 1, 0, 12, 0, 노형동, 지산15차위더스빌, 1051-5, 84.88, 2024, 8, 2, 35000, 3, 50110-3072,  ,  , 중개거래, 제주 제주시, null,  , 개인, 개인, N, 2010, 126.477, 33.4895, Y, N, 2024-11-17 18:34:53, 2024-11-17 21:18:31, 1aeb57f1a5b22baba1636b45cb635d01
2024-11-24 17:52:54 - <==        Row: 36023, 11100, 1, 50110, 9, 1, 동화로1길, 50110, 4847618, 1, 0, 39, 0, 화북일동, 화북주공2,3단지, 9-1, 59.93, 2024, 8, 1, 31000, 6, 50110-115,  ,  , 직거래,  , null, 화북2아파트204, 개인, 개인, N, 1998, 126.577, 33.5209, Y, N, 2024-11-17 18:34:52, 2024-11-17 21:18:30, cd4549aeb2ba7be421b2cba0de77d57c
2024-11-24 17:52:54 - <==        Row: 36027, 13100, 1, 50110, 548, 0, 화삼북로, 50110, 3349227, 2, 0, 136, 0, 도련이동, 제주삼화사랑으로부영1차, 548, 84.3616, 2024, 8, 1, 55000, 12, 50110-3421,  ,  , 중개거래, 제주 제주시, null, 107, 개인, 개인, N, 2013, 126.587, 33.5168, Y, N, 2024-11-17 18:34:52, 2024-11-17 21:18:30, b5b8eb9b6d4c6678ae444f27e3083ede
2024-11-24 17:52:54 - <==        Row: 36032, 10400, 1, 50110, 1080, 16, 중앙로, 50110, 3349184, 3, 0, 323, 1, 이도이동, 은하, 1080-16, 75.09, 2024, 8, 1, 19000, 5, 50110-290,  ,  , 직거래,  , null,  , 개인, 개인, N, 2002, 126.536, 33.4927, Y, N, 2024-11-17 18:34:52, 2024-11-17 21:18:30, ee9c8aa4a1e316546c670994bed2357e
2024-11-24 17:52:54 - <==        Row: 36053, 12900, 1, 50110, 811, 0, 도남서길, 50110, 4847515, 1, 0, 14, 0, 도남동, 도남해모로리치힐아파트, 811, 74.976, 2024, 8, 1, 60000, 3, 50110-4601,  ,  , 중개거래, 제주 제주시, null, 107동, 개인, 개인, N, 2019, 126.524, 33.4932, Y, N, 2024-11-17 18:34:53, 2024-11-17 21:18:31, dcfecee71e0daa71b1ca16b1c2795a47
2024-11-24 17:52:54 - <==        Row: 36054, 11200, 1, 50110, 116, 0, 화삼로, 50110, 4849184, 1, 0, 12, 0, 화북이동, 제주삼화사랑으로부영2차, 116, 84.3616, 2024, 8, 1, 52300, 1, 50110-3427,  ,  , 중개거래, 제주 제주시, null,  , 개인, 개인, N, 2013, 126.574, 33.5139, Y, N, 2024-11-17 18:34:53, 2024-11-17 21:18:31, f2542cf94c1ec15ab82516472796c9b7
2024-11-24 17:52:54 - <==        Row: 36055, 10300, 1, 50110, 1380, 0, 관덕로8길, 50110, 4847168, 0, 0, 11, 0, 이도일동, 극동행복그린, 1380, 84.9233, 2024, 8, 1, 34500, 9, 50110-4027,  ,  , 직거래,  , null,  , 개인, 개인, N, 2016, 126.524, 33.5122, Y, N, 2024-11-17 18:34:53, 2024-11-17 21:18:31, 847cbe5ceb0fc6689c7557af21786769
2024-11-24 17:52:54 - <==        Row: 35795, 10900, 1, 50110, 609, 77, 성화로, 50110, 3349103, 1, 0, 2, 0, 용담이동, 헤르지아, 609-77, 84.8208, 2024, 7, 31, 33000, 8, 50110-3326,  ,  , 중개거래, 제주 제주시, null,  , 개인, 개인, N, 2012, 126.505, 33.5101, Y, N, 2024-11-17 18:34:44, 2024-11-17 21:18:22, 0e553edc753963254c6a20d09a6cea46
2024-11-24 17:52:54 - <==        Row: 35802, 13700, 1, 50110, 1399, 1, 연화로, 50110, 3349141, 2, 0, 25, 0, 연동, 대림이편한세상2차, 1399-1, 84.978, 2024, 7, 31, 75000, 5, 50110-208, O, 24.09.20, 중개거래, 제주 제주시, null,  , 개인, 개인, N, 2002, 126.488, 33.4797, Y, N, 2024-11-17 18:34:44, 2024-11-17 21:18:22, 7fee7b4170ef719797bca0e3281ced1b
2024-11-24 17:52:54 - <==        Row: 35821, 12600, 1, 50110, 1046, 0, 오광로, 50110, 3349143, 0, 0, 65, 0, 이호이동, 이호휴캐슬, 1046, 75.687, 2024, 7, 31, 29500, 4, 50110-4314,  ,  , 중개거래, 제주 제주시, null,  , 개인, 개인, N, 2017, 126.458, 33.4903, Y, N, 2024-11-17 18:34:44, 2024-11-17 21:18:23, 2bebc4010395d71d0ddd4d5fd545f3ed
2024-11-24 17:52:54 - <==        Row: 35823, 12600, 1, 50110, 1049, 0, 오광로, 50110, 3349143, 0, 0, 69, 0, 이호이동, 성지휴캐슬, 1049, 82.581, 2024, 7, 31, 28000, 1, 50110-4315,  ,  , 직거래,  , null,  , 법인, 개인, N, 2017, 126.459, 33.49, Y, N, 2024-11-17 18:34:45, 2024-11-17 21:18:23, ec7c7696155bd6f16f382a05edb22688
2024-11-24 17:52:54 - <==        Row: 35792, 12300, 1, 50110, 440, 8, 우령8길, 50110, 4848464, 1, , 5, 6, 외도일동, 한울아파트, 440-8, 84.75, 2024, 7, 30, 35900, 8, 50110-3969,  ,  , 중개거래, 제주 제주시, null,  , 개인, 개인, N, 2016, 126.428, 33.4907, Y, N, 2024-11-17 18:34:43, 2024-11-17 21:18:21, 0bd5a1e5e2341935c0541a49e72bdc1d
2024-11-24 17:52:54 - <==        Row: 35805, 12000, 1, 50110, 1477, 0, 연사3길, 50110, 4848273, 1, 0, 14, 0, 오라이동, 오라뜨래별, 1477, 84.13, 2024, 7, 30, 38400, 5, 50110-3603,  ,  , 중개거래, 제주 제주시, null, 101, 개인, 개인, N, 2014, 126.512, 33.4877, Y, N, 2024-11-17 18:34:44, 2024-11-17 21:18:22, 5cfe93465631797a03e5407c0b3bbeed
2024-11-24 17:52:54 - <==        Row: 35806, 12300, 1, 50110, 529, 1, 우정로15길, 50110, 4848476, 0, 0, 48, 0, 외도일동, 해밀마루, 529-1, 46.74, 2024, 7, 30, 19800, 6, 50110-4554,  ,  , 중개거래, 제주 제주시, null,  , 개인, 개인, N, 2019, 126.433, 33.489, Y, N, 2024-11-17 18:34:44, 2024-11-17 21:18:22, bc8d4e8ed6b3d4c78f2398f45b174b3f
2024-11-24 17:52:54 - <==        Row: 35855, 13700, 1, 50110, 279, 2, 신대로22길, 50110, 4848096, 1, 0, 40, 0, 연동, 벽강하이본타워, 279-2, 32.04, 2024, 7, 29, 9500, 4, 50110-156,  ,  , 중개거래, 제주 제주시, null,  , 개인, 개인, N, 2003, 126.491, 33.4826, Y, N, 2024-11-17 18:34:46, 2024-11-17 21:18:24, 027beee01869e94cbdb26987a808031b
2024-11-24 17:52:54 - <==        Row: 35003, 25334, 1, 50110, 1596, 1, 애월로10길, 50110, 4848213, 0, 0, 4, 0, 애월읍 애월리, 그린트리, 1596-1, 80.04, 2024, 7, 29, 26000, 5, 50110-4162,  ,  , 중개거래, 제주 제주시, null,  , 개인, 개인, N, 2017, 126.32, 33.4637, Y, N, 2024-11-17 18:34:14, 2024-11-17 21:18:22, ca6f0ae0680a677147964425648e7c7a
2024-11-24 17:52:54 - <==        Row: 35807, 13100, 1, 50110, 548, 0, 화삼북로, 50110, 3349227, 2, 0, 136, 0, 도련이동, 제주삼화사랑으로부영1차, 548, 73.9049, 2024, 7, 29, 46500, 8, 50110-3421,  ,  , 중개거래, 제주 제주시, null, 103, 개인, 개인, N, 2013, 126.587, 33.5168, Y, N, 2024-11-17 18:34:44, 2024-11-17 21:18:22, 0e78cd7482919fb92111500042af355f
2024-11-24 17:52:54 - <==        Row: 35827, 11200, 1, 50110, 4955, 2, 일주동로, 50110, 3349235, 3, 0, 80, 0, 화북이동, 문화, 4955-2, 81.6021, 2024, 7, 29, 20600, 5, 50110-119,  ,  , 중개거래, 제주 제주시, null, 문화아파트 나동, 개인, 개인, N, 2001, 126.555, 33.5137, Y, N, 2024-11-17 18:34:45, 2024-11-17 21:18:23, 310330fa18149c465900ea86fb91d664
2024-11-24 17:52:54 - <==        Row: 35838, 11000, 1, 50110, 505, 0, 용담로5길, 50110, 4848405, 1, 0, 25, 0, 용담삼동, 용두암현대1, 505, 83.55, 2024, 7, 29, 24500, 5, 50110-91,  ,  , 중개거래, 제주 제주시, null,  , 개인, 개인, N, 1991, 126.508, 33.5161, Y, N, 2024-11-17 18:34:45, 2024-11-17 21:18:23, 2236d6698fe1230224658ad325c1f532
2024-11-24 17:52:54 - <==        Row: 35839, 10400, 1, 50110, 1011, 3, 중앙로, 50110, 3349184, 0, 0, 266, 0, 이도이동, 영도갤럭시타운, 1011-3, 34.7519, 2024, 7, 29, 16700, 10, 50110-4330,  ,  , 직거래,  , null,  , 개인, 개인, N, 2017, 126.532, 33.4961, Y, N, 2024-11-17 18:34:45, 2024-11-17 21:18:23, ea11e4acb3d276eec6768a325f4b8093
2024-11-24 17:52:54 - <==        Row: 35846, 13700, 1, 50110, 292, 71, 신대로14길, 50110, 4848088, 1, 0, 24, 0, 연동, 드림아트빌, 292-71, 84.57, 2024, 7, 28, 25000, 2, 50110-387,  ,  , 중개거래, 제주 제주시, null,  , 개인, 개인, N, 2004, 126.494, 33.4879, Y, N, 2024-11-17 18:34:45, 2024-11-17 21:18:24, f92d0aa21dd0326daa7996dc7c1841ec
2024-11-24 17:52:54 - <==        Row: 35080, 12300, 1, 50110, 560, 1, 우정로11길, 50110, 4848472, 1, 0, 22, 0, 외도일동, 외도부영1차, 560-1, 49.896, 2024, 7, 28, 22700, 8, 50110-374,  ,  , 중개거래, 제주 제주시, null,  , 개인, 개인, N, 2000, 126.434, 33.4876, Y, N, 2024-11-17 18:34:17, 2024-11-17 21:18:23, 85ed669ccca6d75ed0e74c01d350c5eb
2024-11-24 17:52:54 - <==        Row: 35858, 10300, 1, 50110, 1244, 3, 돈내길, 50110, 4847553, 1, 0, 46, 0, 이도일동, 고덕쉐르빌, 1244-3, 84.79, 2024, 7, 28, 27500, 12, 50110-789, O, 24.08.18, 중개거래, 제주 제주시, null,  , 개인, 개인, N, 2005, 126.534, 33.5033, Y, N, 2024-11-17 18:34:46, 2024-11-17 21:18:24, 801ce55f3cfcfcc319228312c2e30062
2024-11-24 17:52:54 - <==        Row: 35230, 11400, 1, 50110, 2333, 0, 화삼로, 50110, 4849184, 4, 0, 166, 0, 삼양이동, 제주삼화사랑으로부영5차, 2333, 84.3616, 2024, 7, 28, 51000, 1, 50110-3571,  ,  , 중개거래, 제주 제주시, null, 515, 개인, 개인, N, 2013, 126.586, 33.5193, Y, N, 2024-11-17 18:34:23, 2024-11-17 21:18:22, 2cfcb1b7d5dad4a09c559c4a0640ff95
2024-11-24 17:52:54 - <==        Row: 35796, 12300, 1, 50110, 549, 5, 우정로15길, 50110, 4848476, 1, 0, 1, 0, 외도일동, 대원상록수11차아파트, 549-5, 84.89, 2024, 7, 28, 37000, 3, 50110-3872,  ,  , 중개거래, 제주 제주시, null,  , 개인, 개인, N, 2016, 126.431, 33.4861, Y, N, 2024-11-17 18:34:44, 2024-11-17 21:18:22, 1844900fb855fc4cb78a16433087eb3a
2024-11-24 17:52:54 - <==        Row: 35797, 10300, 1, 50110, 1244, 3, 돈내길, 50110, 4847553, 1, 0, 46, 0, 이도일동, 고덕쉐르빌, 1244-3, 84.79, 2024, 7, 28, 27500, 12, 50110-789,  ,  , 중개거래, 제주 제주시, null,  , 개인, 개인, N, 2005, 126.534, 33.5033, Y, N, 2024-11-17 18:34:44, 2024-11-17 21:18:22, 71b3d671d9e8100bf56cabd9f7c448c4
2024-11-24 17:52:54 - <==        Row: 35800, 13700, 1, 50110, 2325, 7, 도령로, 50110, 3349052, 3, 0, 103, 0, 연동, 연동한일씨티파크, 2325-7, 84.8714, 2024, 7, 27, 41000, 9, 50110-3692,  ,  , 중개거래, 제주 제주시, null,  , 개인, 개인, N, 2014, 126.489, 33.4916, Y, N, 2024-11-17 18:34:44, 2024-11-17 21:18:22, bba2f3e31602f8921bbe6859746f60b5
2024-11-24 17:52:54 - <==        Row: 35801, 11200, 1, 50110, 116, 0, 화삼로, 50110, 4849184, 1, 0, 12, 0, 화북이동, 제주삼화사랑으로부영2차, 116, 84.8953, 2024, 7, 27, 58000, 9, 50110-3427,  ,  , 중개거래, 제주 제주시, null, 208, 개인, 개인, N, 2013, 126.574, 33.5139, Y, N, 2024-11-17 18:34:44, 2024-11-17 21:18:22, 0bc02581213a57aecb8169015361025e
2024-11-24 17:52:54 - <==        Row: 35840, 13000, 1, 50110, 1910, 0, 화삼로, 50110, 4849184, 2, , 89, 0, 도련일동, 제주삼화사랑으로부영8차, 1910, 84.9933, 2024, 7, 26, 57300, 2, 50110-3971,  ,  , 중개거래, 제주 제주시, null,  , 개인, 개인, N, 2016, 126.582, 33.5155, Y, N, 2024-11-17 18:34:45, 2024-11-17 21:18:23, 56d0caeb64888186587aa0992223e076
2024-11-24 17:52:54 - <==        Row: 35841, 12200, 1, 50110, 2585, 1, 광평동로, 50110, 3349020, 1, 0, 66, 0, 노형동, 중흥에스클래스(미리내마을), 2585-1, 120.943, 2024, 7, 26, 78000, 8, 50110-2910,  ,  , 중개거래, 제주 제주시, null, 101, 개인, 개인, N, 2006, 126.468, 33.4851, Y, N, 2024-11-17 18:34:45, 2024-11-17 21:18:23, dc309e765819989fcb22b19fcfedc468
2024-11-24 17:52:54 - <==        Row: 35852, 10400, 1, 50110, 888, 0, 구남로7길, 50110, 4847233, 1, 0, 36, 0, 이도이동, 주공1, 888, 59.3, 2024, 7, 26, 65000, 5, 50110-44,  ,  , 중개거래, 제주 제주시, null, 102, 개인, 개인, N, 1985, 126.534, 33.4923, Y, N, 2024-11-17 18:34:46, 2024-11-17 21:18:24, 674620b48708b518371f6c002e161819
2024-11-24 17:52:54 - <==        Row: 35604, 13700, 1, 50110, 1399, 1, 연화로, 50110, 3349141, 2, 0, 25, 0, 연동, 대림이편한세상2차, 1399-1, 84.978, 2024, 7, 26, 74000, 3, 50110-208,  ,  , 중개거래, 제주 제주시, null, 205, 개인, 개인, N, 2002, 126.488, 33.4797, Y, N, 2024-11-17 18:34:36, 2024-11-17 21:18:23, dfd35975f607ca318699ccd6cc7c5bd1
2024-11-24 17:52:54 - <==        Row: 35862, 12300, 1, 50110, 560, 1, 우정로11길, 50110, 4848472, 1, 0, 22, 0, 외도일동, 외도부영1차, 560-1, 59.933, 2024, 7, 26, 25000, 8, 50110-374,  ,  , 중개거래, 제주 제주시, null, 104, 개인, 개인, N, 2000, 126.434, 33.4876, Y, N, 2024-11-17 18:34:46, 2024-11-17 21:18:24, ed7bda858cb6453f1e3cf9c99471c9b4
2024-11-24 17:52:54 - <==        Row: 35794, 13700, 1, 50110, 300, 3, 삼무로11길, 50110, 4847821, 0, 0, 9, 0, 연동, 남해오네뜨, 300-3, 22.36, 2024, 7, 26, 13300, 9, 50110-4649,  ,  , 중개거래, 제주 제주시, null,  , 개인, 개인, N, 2019, 126.496, 33.4926, Y, N, 2024-11-17 18:34:43, 2024-11-17 21:18:22, 3ba0abc5d6d6f095df53d84a3a35f22e
2024-11-24 17:52:54 - <==        Row: 35834, 12200, 1, 50110, 754, 3, 과원로, 50110, 3349013, 1, 0, 27, 0, 노형동, 부영3차, 754-3, 84.9508, 2024, 7, 26, 65000, 10, 50110-365,  ,  , 중개거래, 제주 제주시, null, 306, 개인, 개인, N, 2001, 126.486, 33.4773, Y, N, 2024-11-17 18:34:45, 2024-11-17 21:18:23, 7d90834b614b58c46052eccf4a775f39
2024-11-24 17:52:54 - <==        Row: 35842, 12900, 1, 50110, 77, 1, 독짓골4길, 50110, 4847550, 1, 0, 11, 6, 도남동, 우주도남, 77-1, 84.723, 2024, 7, 25, 20500, 4, 50110-57,  ,  , 중개거래, 제주 제주시, null,  , 개인, 개인, N, 1995, 126.531, 33.4914, Y, N, 2024-11-17 18:34:45, 2024-11-17 21:18:23, 212edff7c8eaf9159a00ce588f14d7b4
2024-11-24 17:52:54 - <==        Row: 35859, 11400, 1, 50110, 2333, 0, 화삼로, 50110, 4849184, 4, 0, 166, 0, 삼양이동, 제주삼화사랑으로부영5차, 2333, 84.3616, 2024, 7, 25, 55200, 8, 50110-3571,  ,  , 중개거래, 제주 제주시, null, 514, 개인, 개인, N, 2013, 126.586, 33.5193, Y, N, 2024-11-17 18:34:46, 2024-11-17 21:18:24, 0230119cd85ed94cb3066f7fd8d7606c
2024-11-24 17:52:54 - <==        Row: 35817, 25924, 1, 50110, 3052, 1, 신북로, 50110, 3349112, 0, 0, 460, 0, 조천읍 함덕리, 함덕해밀타운아파트, 3052-1, 78.92, 2024, 7, 25, 28000, 4, 50110-4386,  ,  , 중개거래, 제주 제주시, null,  , 개인, 개인, N, 2018, 126.66, 33.5436, Y, N, 2024-11-17 18:34:44, 2024-11-17 21:18:22, 4bd82dd8e75c4956d3ba796f4a589577
2024-11-24 17:52:54 - <==        Row: 35872, 11000, 1, 50110, 541, 4, 용담로1길, 50110, 4848400, 1, 0, 18, 0, 용담삼동, 용담이타스, 541-4, 84.64, 2024, 7, 24, 25000, 7, 50110-3224,  ,  , 중개거래, 제주 제주시, null,  , 개인, 개인, N, 2012, 126.507, 33.5144, Y, N, 2024-11-17 18:34:46, 2024-11-17 21:18:24, f4e76d69b82ecc1ba05782a903bd35df
2024-11-24 17:52:54 - <==        Row: 35927, 10200, 1, 50110, 330, 26, 고마로, 50110, 3349007, 1, 0, 56, 0, 일도이동, 삼부장미주상, 330-26, 40.2, 2024, 7, 24, 11000, 4, 50110-334,  ,  , 중개거래, 제주 제주시, null,  , 개인, 개인, N, 2004, 126.539, 33.5092, Y, N, 2024-11-17 18:34:48, 2024-11-17 21:18:26, f0284cc80930e85568b8505db2e40e2b
2024-11-24 17:52:54 - <==        Row: 35810, 10300, 1, 50110, 1244, 10, 동광로9길, 50110, 4847577, 1, 0, 6, 0, 이도일동, 태홍누리안2차, 1244-10, 83.08, 2024, 7, 24, 30000, 7, 50110-2990,  ,  , 중개거래, 제주 제주시, null,  , 개인, 개인, N, 2007, 126.534, 33.5033, Y, N, 2024-11-17 18:34:44, 2024-11-17 21:18:22, 4b9a3e6b60d006e25c6a0a88d407021f
2024-11-24 17:52:54 - <==        Row: 35811, 12200, 1, 50110, 754, 0, 과원북2길, 50110, 4847143, 1, 0, 12, 0, 노형동, 부영5차, 754, 84.9508, 2024, 7, 24, 63000, 5, 50110-364,  ,  , 중개거래, 제주 제주시, null, 502, 개인, 개인, N, 2001, 126.484, 33.4786, Y, N, 2024-11-17 18:34:44, 2024-11-17 21:18:22, 38084d6b63392753e992b5989b4bdbdd
2024-11-24 17:52:54 - <==        Row: 35835, 12200, 1, 50110, 754, 4, 과원로, 50110, 3349013, 1, 0, 11, 0, 노형동, 부영2차, 754-4, 45.9078, 2024, 7, 24, 33500, 10, 50110-366,  ,  , 중개거래, 제주 제주시, null, 201, 개인, 개인, N, 2001, 126.485, 33.4765, Y, N, 2024-11-17 18:34:45, 2024-11-17 21:18:23, be3e7952dc33040d9a0484e816f3a572
2024-11-24 17:52:54 - <==        Row: 35869, 12200, 1, 50110, 2583, 1, 수덕로, 50110, 3349107, 1, 0, 44, 0, 노형동, 노형뜨란채, 2583-1, 75.18, 2024, 7, 23, 55000, 5, 50110-2909,  ,  , 중개거래, 제주 제주시, null,  , 개인, 개인, N, 2006, 126.473, 33.4871, Y, N, 2024-11-17 18:34:46, 2024-11-17 21:18:24, 72a9f121ce6c062f4986782fd694d128
2024-11-24 17:52:54 - <==        Row: 35877, 12300, 1, 50110, 560, 2, 우평로, 50110, 3349161, 2, 0, 318, 0, 외도일동, 부영(2차), 560-2, 84.9873, 2024, 7, 23, 41000, 6, 50110-375,  ,  , 중개거래, 제주 제주시, null, 부영아파트 201, 개인, 개인, N, 2001, 126.434, 33.485, Y, N, 2024-11-17 18:34:46, 2024-11-17 21:18:25, 19095340b9a1aa503720a4d85684bdd7
2024-11-24 17:52:54 - <==        Row: 35880, 12700, 1, 50110, 2614, 0, 도두항서길, 50110, 4847524, 0, 0, 41, 0, 도두일동, 블루파크시티, 2614, 21.2369, 2024, 7, 23, 14000, 8, 50110-4472,  ,  , 중개거래, 제주 제주시, null,  , 개인, 개인, N, 2018, 126.464, 33.506, Y, N, 2024-11-17 18:34:47, 2024-11-17 21:18:25, 66b898c03148dc518f73949fed1e763e
2024-11-24 17:52:54 - <==        Row: 35825, 10400, 1, 50110, 1021, 3, 신성로10길, 50110, 4848128, 1, 0, 41, 0, 이도이동, 도남아델하임, 1021-3, 83.87, 2024, 7, 23, 35400, 3, 50110-3410,  ,  , 중개거래, 제주 제주시, null,  , 개인, 개인, N, 2013, 126.531, 33.4935, Y, N, 2024-11-17 18:34:45, 2024-11-17 21:18:23, 8e28f0fa8128470b9f5aabf7e2e94d29
2024-11-24 17:52:54 - <==        Row: 35830, 11100, 1, 50110, 9, 1, 동화로1길, 50110, 4847618, 1, 0, 39, 0, 화북일동, 화북주공2,3단지, 9-1, 59.93, 2024, 7, 23, 32700, 7, 50110-115,  ,  , 중개거래, 제주 제주시, null, 화북2아파트213, 개인, 개인, N, 1998, 126.577, 33.5209, Y, N, 2024-11-17 18:34:45, 2024-11-17 21:18:23, 24b33940a6ab45bd65836863eb0d9257
2024-11-24 17:52:54 - <==        Row: 35849, 13700, 1, 50110, 2325, 5, 성신로1길, 50110, 4847993, 1, 0, 18, 0, 연동, 장원타운, 2325-5, 155.38, 2024, 7, 22, 44000, 4, 50110-222,  ,  , 중개거래, 제주 제주시, null, 장원타운아파트, 개인, 개인, N, 2003, 126.488, 33.4914, Y, N, 2024-11-17 18:34:45, 2024-11-17 21:18:24, 0d1251a76bc73a3d107de2a68e83b520
2024-11-24 17:52:54 - <==        Row: 35853, 13700, 1, 50110, 1399, 0, 국기로, 50110, 3349025, 1, 0, 14, 0, 연동, 대림이편한세상1차, 1399, 75.014, 2024, 7, 22, 71500, 5, 50110-135,  ,  , 중개거래, 제주 제주시, null,  , 개인, 개인, N, 2001, 126.489, 33.4802, Y, N, 2024-11-17 18:34:46, 2024-11-17 21:18:24, b24df679c76b8b221d0084237eb4f278
2024-11-24 17:52:54 - <==        Row: 35870, 12300, 1, 50110, 560, 2, 우평로, 50110, 3349161, 2, 0, 318, 0, 외도일동, 부영(2차), 560-2, 84.9873, 2024, 7, 22, 42300, 4, 50110-375,  ,  , 중개거래, 제주 제주시, null, 부영아파트 207, 개인, 개인, N, 2001, 126.434, 33.485, Y, N, 2024-11-17 18:34:46, 2024-11-17 21:18:24, 0e500d9fb6ffd58d3375d974818e6974
2024-11-24 17:52:54 - <==        Row: 35873, 10400, 1, 50110, 1036, 4, 고산동산3길, 50110, 4847091, 1, 0, 24, 0, 이도이동, 굿모닝아파트, 1036-4, 83.42, 2024, 7, 22, 24700, 6, 50110-242,  ,  , 중개거래, 제주 제주시, null,  , 개인, 개인, N, 2002, 126.534, 33.498, Y, N, 2024-11-17 18:34:46, 2024-11-17 21:18:24, bbbe212d2f43b8fac09f5acf19ec4484
2024-11-24 17:52:54 - <==        Row: 35875, 25924, 1, 50110, 1424, 0, 함덕12길, 50110, 4849038, 0, 0, 51, 0, 조천읍 함덕리, 쉬젠비아채, 1424, 84.8055, 2024, 7, 22, 27000, 1, 50110-4227,  ,  , 중개거래, 제주 서귀포시, null, 나동, 개인, 개인, N, 2017, null, null, Y, N, 2024-11-17 18:34:46, 2024-11-17 21:18:25, a1bc96b69d0e06d72d10f579010b57de
2024-11-24 17:52:54 - <==        Row: 35876, 12200, 1, 50110, 754, 4, 과원로, 50110, 3349013, 1, 0, 11, 0, 노형동, 부영2차, 754-4, 45.9078, 2024, 7, 22, 35500, 7, 50110-366,  ,  , 중개거래, 제주 제주시, null, 205, 개인, 개인, N, 2001, 126.485, 33.4765, Y, N, 2024-11-17 18:34:46, 2024-11-17 21:18:25, 165b8a6569a75193231ccfcba60be4de
2024-11-24 17:52:54 - <==        Row: 35885, 25334, 1, 50110, 1596, 1, 애월로10길, 50110, 4848213, 0, 0, 4, 0, 애월읍 애월리, 그린트리, 1596-1, 80.04, 2024, 7, 22, 25500, 3, 50110-4162,  ,  , 중개거래, 제주 제주시, null,  , 개인, 개인, N, 2017, 126.32, 33.4637, Y, N, 2024-11-17 18:34:47, 2024-11-17 21:18:25, 0f4cebaa4dfe931c98b516e41e08468f
2024-11-24 17:52:54 - <==        Row: 35799, 12200, 1, 50110, 2528, 1, 정존5길, 50110, 4848679, 1, 0, 39, 0, 노형동, 성환그린1차, 2528-1, 59.94, 2024, 7, 22, 29300, 6, 50110-168,  ,  , 중개거래, 제주 제주시, null, 102, 개인, 개인, N, 1996, 126.471, 33.4851, Y, N, 2024-11-17 18:34:44, 2024-11-17 21:18:22, 1579aaf032ac716c972fed0abea48aef
2024-11-24 17:52:54 - <==        Row: 35820, 11400, 1, 50110, 2333, 0, 화삼로, 50110, 4849184, 4, 0, 166, 0, 삼양이동, 제주삼화사랑으로부영5차, 2333, 66.4409, 2024, 7, 22, 46400, 9, 50110-3571,  ,  , 중개거래, 제주 제주시, null, 506, 개인, 개인, N, 2013, 126.586, 33.5193, Y, N, 2024-11-17 18:34:44, 2024-11-17 21:18:23, 50b7b7fa35accafaf981c9bbd1819e12
2024-11-24 17:52:54 - <==        Row: 35867, 25628, 1, 50110, 1555, 1, 구좌로, 50110, 3349023, 0, 0, 26, 12, 구좌읍 세화리, 나이스6차, 1555-1, 79.336, 2024, 7, 21, 26000, 5, 50110-4216,  ,  , 중개거래, 제주 제주시, null,  , 개인, 개인, N, 2017, 126.854, 33.5226, Y, N, 2024-11-17 18:34:46, 2024-11-17 21:18:24, c56d4a45d0f7c1db41ac2435069fcddd
2024-11-24 17:52:54 - <==        Row: 35887, 11400, 1, 50110, 2318, 0, 화삼로, 50110, 4849184, 4, 0, 167, 0, 삼양이동, 제주삼화사랑으로부영3차, 2318, 84.3616, 2024, 7, 21, 55500, 5, 50110-3536, O, 24.08.13, 중개거래, 제주 제주시, null,  , 개인, 개인, N, 2013, 126.585, 33.5192, Y, N, 2024-11-17 18:34:47, 2024-11-17 21:18:25, a94270ec5da081d1870699beb94dd63c
2024-11-24 17:52:54 - <==        Row: 35809, 11400, 1, 50110, 2318, 0, 화삼로, 50110, 4849184, 4, 0, 167, 0, 삼양이동, 제주삼화사랑으로부영3차, 2318, 84.3616, 2024, 7, 21, 55500, 5, 50110-3536,  ,  , 중개거래, 제주 제주시, null, 308, 개인, 개인, N, 2013, 126.585, 33.5192, Y, N, 2024-11-17 18:34:44, 2024-11-17 21:18:22, 0648794543a9b87db0d2a2d4c2db9b21
2024-11-24 17:52:54 - <==        Row: 35878, 12300, 1, 50110, 437, 2, 우령서로, 50110, 3349159, 0, 0, 15, 0, 외도일동, 더펠리스10차, 437-2, 61.3849, 2024, 7, 20, 36600, 4, 50110-4889,  ,  , 중개거래, 제주 제주시, null,  , 법인, 개인, N, 2023, 126.427, 33.491, Y, N, 2024-11-17 18:34:46, 2024-11-17 21:18:25, aa0b3a037563863ce48a9c4f9f3e38f8
2024-11-24 17:52:54 - <==        Row: 35884, 10400, 1, 50110, 1011, 3, 중앙로, 50110, 3349184, 0, 0, 266, 0, 이도이동, 영도갤럭시타운, 1011-3, 22.3279, 2024, 7, 20, 11000, 5, 50110-4330,  ,  , 중개거래, 제주 제주시, null,  , 개인, 개인, N, 2017, 126.532, 33.4961, Y, N, 2024-11-17 18:34:47, 2024-11-17 21:18:25, 8ae81858225cbf718152a7652848a303
2024-11-24 17:52:54 - <==        Row: 35890, 12900, 1, 50110, 49, 0, 도남로10길, 50110, 4847501, 1, 0, 37, 0, 도남동, 한솔, 49, 83.36, 2024, 7, 20, 19000, 1, 50110-49,  ,  , 중개거래, 제주 제주시, null,  , 개인, 개인, N, 1993, 126.524, 33.4948, Y, N, 2024-11-17 18:34:47, 2024-11-17 21:18:25, e76bc70114d895e0f83b57179b027909
2024-11-24 17:52:54 - <==        Row: 35808, 25024, 1, 50110, 1555, 1, 한림로6길, 50110, 4849006, 1, , 41, 0, 한림읍 한림리, 남건휴먼스3차, 1555-1, 60.075, 2024, 7, 20, 17900, 5, 50110-3808,  ,  , 중개거래, 제주 제주시, null,  , 개인, 개인, N, 2015, 126.265, 33.4105, Y, N, 2024-11-17 18:34:44, 2024-11-17 21:18:22, aee3514cfda14faf7a3ee1cc795dc310
2024-11-24 17:52:54 - <==        Row: 35844, 12600, 1, 50110, 1046, 0, 오광로, 50110, 3349143, 0, 0, 65, 0, 이호이동, 이호휴캐슬, 1046, 60.58, 2024, 7, 19, 25000, 3, 50110-4314,  ,  , 중개거래, 제주 제주시, null,  , 개인, 개인, N, 2017, 126.458, 33.4903, Y, N, 2024-11-17 18:34:45, 2024-11-17 21:18:23, 07d13f0fa2f9626ab8d21b65e09520bb
2024-11-24 17:52:54 - <==        Row: 35888, 10500, 1, 50110, 305, 74, 홍랑길, 50110, 4849117, 1, 0, 44, 9, 삼도일동, 아산플라자, 305-74, 84.86, 2024, 7, 19, 31000, 3, 50110-3213,  ,  , 직거래,  , null,  , 개인, 개인, N, 2012, 126.524, 33.5038, Y, N, 2024-11-17 18:34:47, 2024-11-17 21:18:25, 1fe85a6ef80cd4c2b2749e2c037ee332
2024-11-24 17:52:54 - <==        Row: 35242, 13500, 1, 50110, 745, 0, 첨단로동길, 50110, 4849167, 0, 0, 74, 0, 월평동, 제주첨단꿈에그린2단지아파트, 745, 84.7938, 2024, 7, 19, 48000, 4, 50110-4335,  ,  , 중개거래, 제주 제주시, null, 208동, 개인, 개인, N, 2017, 126.576, 33.4542, Y, N, 2024-11-17 18:34:23, 2024-11-17 21:18:25, cc376e92dbb0620fb9e46762449e1252
2024-11-24 17:52:54 - <==        Row: 35894, 10400, 1, 50110, 777, 0, 구남로, 50110, 3349021, 0, 0, 31, 0, 이도이동, 주공3, 777, 39.3, 2024, 7, 18, 34000, 3, 50110-46, O, 24.08.23, 중개거래, 제주 제주시, null,  , 개인, 개인, N, 1989, 126.533, 33.4904, Y, N, 2024-11-17 18:34:47, 2024-11-17 21:18:25, 9e50ea0b74ddd4aa0a8877121440d578
2024-11-24 17:52:54 - <==        Row: 35896, 10400, 1, 50110, 1780, 1, 서광로30길, 50110, 4847896, 1, 0, 8, 0, 이도이동, 석정시티빌, 1780-1, 19.55, 2024, 7, 18, 6200, 7, 50110-3194,  ,  , 직거래,  , null,  , 개인, 개인, N, 2011, 126.527, 33.4994, Y, N, 2024-11-17 18:34:47, 2024-11-17 21:18:25, c31912e27073f2189bf7a50526c8fe10
2024-11-24 17:52:54 - <==        Row: 35385, 10400, 1, 50110, 1780, 1, 서광로30길, 50110, 4847896, 1, 0, 8, 0, 이도이동, 석정시티빌, 1780-1, 19.55, 2024, 7, 18, 6200, 7, 50110-3194,  ,  , 중개거래, 경기 수원시팔달구, 제주 제주시, null,  , 개인, 개인, N, 2011, 126.527, 33.4994, Y, N, 2024-11-17 18:34:28, 2024-11-17 21:18:25, acda310a7961c63edf7d372687648aa6
2024-11-24 17:52:54 - <==        Row: 35829, 12300, 1, 50110, 485, 3, 우정로7길, 50110, 4848483, 1, 0, 25, 0, 외도일동, 해담은, 485-3, 82.8628, 2024, 7, 18, 48500, 4, 50110-4764,  ,  , 중개거래, 제주 제주시, null,  , 개인, 개인, N, 2021, 126.434, 33.4894, Y, N, 2024-11-17 18:34:45, 2024-11-17 21:18:23, bb4a62ef7e6bc9b05f4241efd23795df
2024-11-24 17:52:54 - <==        Row: 35868, 25628, 1, 50110, 1323, 3, 구좌로, 50110, 3349023, 0, 0, 70, 0, 구좌읍 세화리, 이루안아파트, 1323-3, 84.48, 2024, 7, 17, 26000, 3, 50110-4005,  ,  , 중개거래, 제주 제주시, null,  , 개인, 개인, N, 2016, 126.858, 33.5218, Y, N, 2024-11-17 18:34:46, 2024-11-17 21:18:24, 3871c800da535a725584032c76552e44
2024-11-24 17:52:54 - <==        Row: 35898, 11200, 1, 50110, 116, 0, 화삼로, 50110, 4849184, 1, 0, 12, 0, 화북이동, 제주삼화사랑으로부영2차, 116, 84.3616, 2024, 7, 17, 55000, 9, 50110-3427,  ,  , 중개거래, 제주 제주시, null, 204, 개인, 개인, N, 2013, 126.574, 33.5139, Y, N, 2024-11-17 18:34:47, 2024-11-17 21:18:25, 9c19ad238f68f6cde0067bd5f1f09ecd
2024-11-24 17:52:54 - <==        Row: 35903, 10300, 1, 50110, 1650, 4, 서광로29길, 50110, 4847894, 1, 0, 25, 0, 이도일동, 장원월드컵, 1650-4, 84.78, 2024, 7, 17, 38500, 5, 50110-34,  ,  , 중개거래, 제주 제주시, null, 103, 개인, 개인, N, 2001, 126.526, 33.5022, Y, N, 2024-11-17 18:34:47, 2024-11-17 21:18:26, 4168bba168e7d93348bff7228e4c2d70
2024-11-24 17:52:54 - <==        Row: 35824, 10700, 1, 50110, 1226, 2, 공덕길, 50110, 4847137, 0, 0, 1, 0, 건입동, 골드트리, 1226-2, 74.22, 2024, 7, 17, 25214, 7, 50110-4703,  ,  , 직거래,  , null,  , 법인, 법인, N, 2020, 126.531, 33.5138, Y, N, 2024-11-17 18:34:45, 2024-11-17 21:18:23, 6c9f8bddc72d9ca15181a8d3b68cc2da
2024-11-24 17:52:54 - <==        Row: 35864, 13700, 1, 50110, 293, 61, 은남4길, 50110, 4848593, 1, 0, 17, 0, 연동, 가나타운, 293-61, 39.615, 2024, 7, 16, 14800, 9, 50110-3617,  ,  , 중개거래, 제주 제주시, null,  , 개인, 개인, N, 2014, 126.494, 33.4862, Y, N, 2024-11-17 18:34:46, 2024-11-17 21:18:24, a1417662973aa7f1bc7b0c637e9651c2
2024-11-24 17:52:54 - <==        Row: 35881, 13700, 1, 50110, 273, 43, 노연로, 50110, 3349041, 0, 0, 103, 0, 연동, 제주연동리슈빌디에스, 273-43, 25.8165, 2024, 7, 16, 12800, 6, 50110-4510,  ,  , 중개거래, 제주 제주시, null,  , 개인, 개인, N, 2018, 126.491, 33.4862, Y, N, 2024-11-17 18:34:47, 2024-11-17 21:18:25, e3d0b99a032cb4b72aa86b9b9c0085b0
2024-11-24 17:52:54 - <==        Row: 35900, 13700, 1, 50110, 277, 5, 신대로20길, 50110, 4848094, 1, 0, 45, 0, 연동, 제웅솔내음, 277-5, 34.9583, 2024, 7, 16, 10800, 6, 50110-3323,  ,  , 중개거래, 제주 제주시, null,  , 개인, 개인, N, 2012, 126.492, 33.4836, Y, N, 2024-11-17 18:34:47, 2024-11-17 21:18:26, ecdd6532d85dcb17fa1f10a67b8574ed
2024-11-24 17:52:54 - <==        Row: 35861, 25923, 1, 50110, 1361, 3, 조천14길, 50110, 4848718, 0, 0, 24, 0, 조천읍 조천리, 대진유토피아빌리지(3차), 1361-3, 72.33, 2024, 7, 15, 19000, 3, 50110-4164, O, 24.08.16, 중개거래, 제주 제주시, null,  , 개인, 개인, N, 2017, 126.641, 33.5353, Y, N, 2024-11-17 18:34:46, 2024-11-17 21:18:24, e9b93718ecd06c2df877f496776f3727
2024-11-24 17:52:54 - <==        Row: 35895, 13700, 1, 50110, 275, 6, 신대로20길, 50110, 4848094, 1, 0, 46, 0, 연동, 연동가나휘닉스1, 275-6, 84.933, 2024, 7, 15, 38000, 8, 50110-3201,  ,  , 중개거래, 제주 제주시, null,  , 개인, 개인, N, 2011, 126.492, 33.4839, Y, N, 2024-11-17 18:34:47, 2024-11-17 21:18:25, 1a48338ea4f807b00c8289b285f43ccc
2024-11-24 17:52:54 - <==        Row: 35899, 13000, 1, 50110, 1789, 2, 삼봉로, 50110, 3349084, 3, 0, 115, 1, 도련일동, 미듬하나로(도련), 1789-2, 58.2203, 2024, 7, 15, 17500, 7, 50110-380,  ,  , 중개거래, 제주 제주시, null, 미듬하나로아파트 가동, 개인, 개인, N, 2002, 126.59, 33.511, Y, N, 2024-11-17 18:34:47, 2024-11-17 21:18:25, 3c9ade719f75ce4e80fa372807f4f69a
2024-11-24 17:52:54 - <==        Row: 35906, 11200, 1, 50110, 116, 0, 화삼로, 50110, 4849184, 1, 0, 12, 0, 화북이동, 제주삼화사랑으로부영2차, 116, 84.3616, 2024, 7, 15, 51500, 5, 50110-3427, O, 24.10.29, 중개거래, 제주 제주시, null,  , 개인, 개인, N, 2013, 126.574, 33.5139, Y, N, 2024-11-17 18:34:47, 2024-11-17 21:18:26, a33718c83dcc555fe55ef966def2836c
2024-11-24 17:52:54 - <==        Row: 35907, 25340, 1, 50110, 167, 0, 하귀9길, 50110, 4848952, 1, 0, 45, 0, 애월읍 하귀1리, 제주하귀휴먼시아1단지, 167, 84.72, 2024, 7, 15, 45300, 10, 50110-3078,  ,  , 중개거래, 제주 제주시, null, 105, 개인, 개인, N, 2010, 126.417, 33.4837, Y, N, 2024-11-17 18:34:47, 2024-11-17 21:18:26, 04b2d923ab13199179ff6b7cf52f48cc
2024-11-24 17:52:54 - <==        Row: 35790, 11200, 1, 50110, 116, 0, 화삼로, 50110, 4849184, 1, 0, 12, 0, 화북이동, 제주삼화사랑으로부영2차, 116, 84.3616, 2024, 7, 15, 51500, 5, 50110-3427,  ,  , 중개거래, 제주 제주시, null,  , 개인, 개인, N, 2013, 126.574, 33.5139, Y, N, 2024-11-17 18:34:43, 2024-11-17 21:18:21, f904fbd3d1da873362c466d64bf00805
2024-11-24 17:52:54 - <==        Row: 35798, 25923, 1, 50110, 1361, 3, 조천14길, 50110, 4848718, 0, 0, 24, 0, 조천읍 조천리, 대진유토피아빌리지(3차), 1361-3, 72.33, 2024, 7, 15, 19000, 3, 50110-4164,  ,  , 중개거래, 제주 제주시, null,  , 개인, 개인, N, 2017, 126.641, 33.5353, Y, N, 2024-11-17 18:34:44, 2024-11-17 21:18:22, 5faf8fac1fce527ea81bdf8acee7b972
2024-11-24 17:52:54 - <==        Row: 35803, 25923, 1, 50110, 1361, 3, 조천14길, 50110, 4848718, 0, 0, 24, 0, 조천읍 조천리, 대진유토피아빌리지(3차), 1361-3, 72.33, 2024, 7, 15, 19000, 3, 50110-4164, O, 24.08.19, 중개거래, 제주 제주시, null,  , 개인, 개인, N, 2017, 126.641, 33.5353, Y, N, 2024-11-17 18:34:44, 2024-11-17 21:18:22, e9509fb3b9e549e22d906f643fa7a5f0
2024-11-24 17:52:54 - <==        Row: 35818, 12200, 1, 50110, 930, 1, 노연로, 50110, 3349041, 1, 0, 30, 0, 노형동, 에코빌리지Ⅰ, 930-1, 84.9, 2024, 7, 15, 41500, 14, 50110-3025,  ,  , 중개거래, 제주 제주시, null,  , 개인, 개인, N, 2009, 126.483, 33.4859, Y, N, 2024-11-17 18:34:44, 2024-11-17 21:18:22, 4c23e9a2b25def8690e91d77a44ef7de
2024-11-24 17:52:54 - <==        Row: 35828, 10200, 1, 50110, 160, 0, 고마로5길, 50110, 4847073, 1, 0, 2, 0, 일도이동, 백강수피아2차, 160, 84.2634, 2024, 7, 15, 30000, 3, 50110-3423,  ,  , 직거래,  , null,  , 개인, 개인, N, 2013, 126.539, 33.5119, Y, N, 2024-11-17 18:34:45, 2024-11-17 21:18:23, 5edb4a2c3e96a0473b76c68c6a5b697f
2024-11-24 17:52:54 - <==        Row: 35845, 10500, 1, 50110, 530, 23, 서사로, 50110, 3349092, 1, 0, 96, 0, 삼도일동, 서림아이빌, 530-23, 113.46, 2024, 7, 14, 39000, 8, 50110-3120,  ,  , 중개거래, 제주 제주시, null,  , 개인, 개인, N, 2011, 126.52, 33.5039, Y, N, 2024-11-17 18:34:45, 2024-11-17 21:18:23, f6cf42c82c107b6e9f5dc89d560c87fc
2024-11-24 17:52:54 - <==        Row: 35911, 12000, 1, 50110, 1365, 0, 연사3길, 50110, 4848273, 1, 0, 9, 0, 오라이동, 헤르지아, 1365, 84.64, 2024, 7, 14, 41000, 3, 50110-3763,  ,  , 중개거래, 제주 제주시, null, 101, 개인, 개인, N, 2015, 126.513, 33.4885, Y, N, 2024-11-17 18:34:48, 2024-11-17 21:18:26, 923dbdadb09ae0d906b30baa3756a520
2024-11-24 17:52:54 - <==        Row: 35813, 11200, 1, 50110, 4748, 1, 거로동길, 50110, 4847026, 0, 0, 18, 0, 화북이동, 벨루스타운Ⅲ, 4748-1, 81.38, 2024, 7, 14, 30000, 7, 50110-4369,  ,  , 직거래,  , null,  , 개인, 개인, N, 2018, 126.559, 33.514, Y, N, 2024-11-17 18:34:44, 2024-11-17 21:18:22, d574eae7c731a514e04a6c4e9ad8289b
2024-11-24 17:52:54 - <==        Row: 35857, 10200, 1, 50110, 113, 7, 남광로, 50110, 3349035, 0, , 181, 0, 일도이동, 대유대림아파트, 113-7, 84.945, 2024, 7, 13, 40000, 4, 50110-6,  ,  , 중개거래, 제주 제주시, null, 제주대유대림아파트 310, 개인, 개인, N, 1997, 126.552, 33.5031, Y, N, 2024-11-17 18:34:46, 2024-11-17 21:18:24, 8cf9c13414a3e7f10b8586b2aa02c65a
2024-11-24 17:52:54 - <==        Row: 35886, 10200, 1, 50110, 403, 1, 동광로20길, 50110, 4847567, 1, 0, 9, 0, 일도이동, 명주, 403-1, 67.68, 2024, 7, 13, 10800, 4, 50110-9,  ,  , 중개거래, 제주 제주시, null,  , 개인, 개인, N, 1989, 126.544, 33.5072, Y, N, 2024-11-17 18:34:47, 2024-11-17 21:18:25, c8584902b0e8c885bbe54a77a9db26ac
2024-11-24 17:52:54 - <==        Row: 35814, 10900, 1, 50110, 471, 7, 흥운길, 50110, 4849131, 0, 0, 55, 9, 용담이동, 디어하우스, 471-7, 81.6738, 2024, 7, 13, 34000, 2, 50110-4095,  ,  , 직거래,  , null,  , 개인, 개인, N, 2017, 126.512, 33.5138, Y, N, 2024-11-17 18:34:44, 2024-11-17 21:18:22, d6829784fca15fd028554e44ad8c6a83
2024-11-24 17:52:54 - <==        Row: 35819, 12300, 1, 50110, 632, 11, 우정로16길, 50110, 4848477, 0, 0, 29, 0, 외도일동, 외도해든빌5차, 632-11, 84.83, 2024, 7, 13, 34100, 7, 50110-3737,  ,  , 중개거래, 제주 제주시, null,  , 개인, 개인, N, 2015, 126.428, 33.4858, Y, N, 2024-11-17 18:34:44, 2024-11-17 21:18:23, 2398fee8eff4e92526127c1a1ae43e13
2024-11-24 17:52:54 - <==        Row: 35822, 12300, 1, 50110, 445, 5, 우정로6길, 50110, 4848482, 1, 0, 6, 0, 외도일동, 외도탐나지오, 445-5, 81.485, 2024, 7, 13, 37000, 3, 50110-4770,  ,  , 중개거래, 제주 제주시, null,  , 개인, 개인, N, 2021, 126.43, 33.4905, Y, N, 2024-11-17 18:34:44, 2024-11-17 21:18:23, 3754fe9687e4c8db301369baa72b3556
2024-11-24 17:52:54 - <==        Row: 35882, 13700, 1, 50110, 2325, 7, 도령로, 50110, 3349052, 3, 0, 103, 0, 연동, 연동한일씨티파크, 2325-7, 84.8714, 2024, 7, 12, 37500, 3, 50110-3692,  ,  , 중개거래, 제주 제주시, null,  , 개인, 개인, N, 2014, 126.489, 33.4916, Y, N, 2024-11-17 18:34:47, 2024-11-17 21:18:25, 01c286aa6b88e13117b7031683e8a582
2024-11-24 17:52:54 - <==        Row: 35889, 25341, 1, 50110, 3026, 0, 답동2길, 50110, 4849155, 0, 0, 23, 25, 애월읍 하귀2리, 하귀푸르미르, 3026, 84.5492, 2024, 7, 12, 36000, 3, 50110-4886,  ,  , 중개거래, 제주 제주시, null,  , 법인, 개인, N, 2022, 126.404, 33.4795, Y, N, 2024-11-17 18:34:47, 2024-11-17 21:18:25, 5d9a61afcba2d971dd65ae7d3bd3b6db
2024-11-24 17:52:54 - <==        Row: 35912, 12200, 1, 50110, 754, 3, 과원로, 50110, 3349013, 1, 0, 27, 0, 노형동, 부영3차, 754-3, 84.9508, 2024, 7, 12, 64300, 10, 50110-365,  ,  , 중개거래, 제주 제주시, null, 301, 개인, 개인, N, 2001, 126.486, 33.4773, Y, N, 2024-11-17 18:34:48, 2024-11-17 21:18:26, c4d3a51809c91d9b0897b4c54c591820
2024-11-24 17:52:54 - <==        Row: 35914, 10200, 1, 50110, 320, 9, 고마로, 50110, 3349007, 1, 0, 40, 0, 일도이동, 인화에코비치, 320-9, 27.02, 2024, 7, 12, 7200, 10, 50110-3308,  ,  , 중개거래, 제주 제주시, null,  , 개인, 개인, N, 2012, 126.539, 33.5105, Y, N, 2024-11-17 18:34:48, 2024-11-17 21:18:26, ba26a4760fbdd1bd27351fa0c8317c83
2024-11-24 17:52:54 - <==        Row: 35804, 10200, 1, 50110, 330, 26, 고마로, 50110, 3349007, 1, 0, 56, 0, 일도이동, 삼부장미주상, 330-26, 40.26, 2024, 7, 12, 10161, 10, 50110-334,  ,  , 직거래,  , null,  , 공공기관, 개인, N, 2004, 126.539, 33.5092, Y, N, 2024-11-17 18:34:44, 2024-11-17 21:18:22, 50bf233b6eedb630128d07b3c73767dc
2024-11-24 17:52:54 - <==        Row: 35874, 12200, 1, 50110, 2583, 1, 수덕로, 50110, 3349107, 1, 0, 44, 0, 노형동, 노형뜨란채, 2583-1, 84.85, 2024, 7, 11, 61500, 13, 50110-2909,  ,  , 중개거래, 제주 제주시, null, 203, 개인, 개인, N, 2006, 126.473, 33.4871, Y, N, 2024-11-17 18:34:46, 2024-11-17 21:18:25, 0802f78d67b6479bbda0ac109d7e04a2
2024-11-24 17:52:54 - <==        Row: 35897, 11100, 1, 50110, 12, 1, 동화로1길, 50110, 4847618, 1, 0, 10, 0, 화북일동, 화북주공4단지, 12-1, 59.93, 2024, 7, 11, 33000, 4, 50110-118,  ,  , 중개거래, 제주 제주시, null, 404, 개인, 개인, N, 1998, 126.574, 33.518, Y, N, 2024-11-17 18:34:47, 2024-11-17 21:18:25, 4d09dcf95e81570ed9b8c55a0b3c0b9a
2024-11-24 17:52:54 - <==        Row: 35917, 12200, 1, 50110, 2514, 3, 수덕5길, 50110, 4848045, 1, 0, 72, 0, 노형동, 노형영진2차, 2514-3, 30.06, 2024, 7, 11, 8000, 7, 50110-173,  ,  , 직거래,  , null, 2, 개인, 개인, N, 1996, 126.472, 33.4833, Y, N, 2024-11-17 18:34:48, 2024-11-17 21:18:26, e1ca4bdf1ce84f2906d8e4fbe1746898
2024-11-24 17:52:54 - <==        Row: 35250, 11200, 1, 50110, 117, 0, 화삼로, 50110, 4849184, 1, 0, 32, 0, 화북이동, 제주삼화엘에이치2단지, 117, 84.95, 2024, 7, 11, 60000, 9, 50110-3675,  ,  , 중개거래, 제주 제주시, null,  , 개인, 개인, N, 2014, 126.576, 33.5134, Y, N, 2024-11-17 18:34:23, 2024-11-17 21:18:23, afde8812ab8ddbdbdc8e5d757ff0f418
2024-11-24 17:52:54 - <==        Row: 35856, 12200, 1, 50110, 1273, 6, 남녕로, 50110, 3349036, 1, 0, 17, 0, 노형동, 연동, 1273-6, 65.16, 2024, 7, 10, 18000, 3, 50110-191,  ,  , 직거래,  , null, 가, 개인, 개인, N, 1991, 126.482, 33.4895, Y, N, 2024-11-17 18:34:46, 2024-11-17 21:18:24, 8f7bbb90912eadee9a81f0606c2a61e9
2024-11-24 17:52:54 - <==        Row: 35851, 11100, 1, 50110, 1932, 9, 진남로2길, 50110, 4848808, 1, 0, 38, 0, 화북일동, 삼부, 1932-9, 59.05, 2024, 7, 9, 6700, 4, 50110-107,  ,  , 중개거래, 제주 제주시, null,  , 개인, 개인, N, 1992, 126.564, 33.5222, Y, N, 2024-11-17 18:34:45, 2024-11-17 21:18:24, a04492066d2447973208e96be7f7470f
2024-11-24 17:52:54 - <==        Row: 35863, 10200, 1, 50110, 46, 1, 연수로, 50110, 3349138, 1, 0, 40, 0, 일도이동, 혜성대유, 46-1, 59.82, 2024, 7, 9, 31500, 3, 50110-29,  ,  , 중개거래, 제주 제주시, null, 101, 개인, 개인, N, 1995, 126.545, 33.5059, Y, N, 2024-11-17 18:34:46, 2024-11-17 21:18:24, c4f6868fe8f4d7b2d980da94f6a08d0b
2024-11-24 17:52:54 - <==        Row: 35879, 10400, 1, 50110, 888, 0, 구남로7길, 50110, 4847233, 1, 0, 36, 0, 이도이동, 주공1, 888, 47.33, 2024, 7, 9, 52000, 1, 50110-44,  ,  , 중개거래, 제주 제주시, null, 114, 개인, 개인, N, 1985, 126.534, 33.4923, Y, N, 2024-11-17 18:34:46, 2024-11-17 21:18:25, 643e7637dac2c3b4159777a288f9ad34
2024-11-24 17:52:54 - <==        Row: 35860, 12200, 1, 50110, 732, 1, 연화로, 50110, 3349141, 1, 0, 16, 0, 노형동, 해오름, 732-1, 59.56, 2024, 7, 8, 54000, 11, 50110-199,  ,  , 중개거래, 제주 제주시, null, 101, 개인, 개인, N, 2001, 126.486, 33.4809, Y, N, 2024-11-17 18:34:46, 2024-11-17 21:18:24, 8e2d796ae901e622754f3c5f6ded8d21
2024-11-24 17:52:54 - <==        Row: 35866, 25924, 1, 50110, 1213, 0, 함덕16길, 50110, 4849041, 1, 0, 55, 0, 조천읍 함덕리, 노블하우스, 1213, 84.84, 2024, 7, 8, 19000, 3, 50110-3638,  ,  , 중개거래, 제주 제주시, null,  , 개인, 개인, N, 2014, 126.664, 33.542, Y, N, 2024-11-17 18:34:46, 2024-11-17 21:18:24, 017003c3ca453e50513b284dc326534a
2024-11-24 17:52:54 - <==        Row: 35910, 10700, 1, 50110, 708, 5, 사라봉1길, 50110, 4847789, 1, 0, 50, 0, 건입동, 광덕(광덕사라봉), 708-5, 61.56, 2024, 7, 8, 13700, 3, 50110-94, O, 24.08.23, 중개거래, 제주 제주시, null,  , 개인, 개인, N, 1987, 126.541, 33.5147, Y, N, 2024-11-17 18:34:48, 2024-11-17 21:18:26, fd499dec61e9006cc49ca54d93b4e0a0
2024-11-24 17:52:54 - <==        Row: 35913, 10200, 1, 50110, 151, 15, 고마로3길, 50110, 4847072, 1, 0, 32, 0, 일도이동, 대원상록수, 151-15, 66.97, 2024, 7, 8, 12000, 5, 50110-5,  ,  , 중개거래, 제주 제주시, null,  , 개인, 개인, N, 1994, 126.541, 33.512, Y, N, 2024-11-17 18:34:48, 2024-11-17 21:18:26, 190cab0136c4e0b5a19a0e6d42b3ad65
2024-11-24 17:52:54 - <==        Row: 35916, 11100, 1, 50110, 9, 1, 동화로1길, 50110, 4847618, 1, 0, 39, 0, 화북일동, 화북주공2,3단지, 9-1, 59.93, 2024, 7, 8, 31900, 7, 50110-115,  ,  , 중개거래, 제주 제주시, null, 화북2아파트203, 개인, 개인, N, 1998, 126.577, 33.5209, Y, N, 2024-11-17 18:34:48, 2024-11-17 21:18:26, 47ded9b2eeab9b60456823496d8f55f8
2024-11-24 17:52:54 - <==        Row: 35920, 13500, 1, 50110, 745, 0, 첨단로동길, 50110, 4849167, 0, 0, 74, 0, 월평동, 제주첨단꿈에그린2단지아파트, 745, 84.7938, 2024, 7, 8, 48500, 6, 50110-4335, O, 24.08.06, 중개거래, 제주 제주시, null,  , 개인, 개인, N, 2017, 126.576, 33.4542, Y, N, 2024-11-17 18:34:48, 2024-11-17 21:18:26, b22506c9e4613c6ae89049999b44db9a
2024-11-24 17:52:54 - <==        Row: 35922, 13500, 1, 50110, 747, 0, 첨단로동길, 50110, 4849167, 0, 0, 106, 0, 월평동, 제주첨단꿈에그린3단지아파트, 747, 101.868, 2024, 7, 8, 70000, 6, 50110-4387,  ,  , 중개거래, 제주 제주시, null, 303동, 법인, 개인, N, 2018, 126.576, 33.4514, Y, N, 2024-11-17 18:34:48, 2024-11-17 21:18:26, c3a60dcc36b4ab2e0a3ac2c4de97c4a8
2024-11-24 17:52:54 - <==        Row: 35924, 10500, 1, 50110, 532, 13, 서사로, 50110, 3349092, 1, 0, 112, 0, 삼도일동, 화인퍼스트빌, 532-13, 84.5449, 2024, 7, 8, 33000, 6, 50110-3547, O, 24.07.16, 직거래,  , null,  , 개인, 개인, N, 2013, 126.52, 33.5024, Y, N, 2024-11-17 18:34:48, 2024-11-17 21:18:26, 25d4bbf6c668584b5cb1b817f5ee050c
2024-11-24 17:52:54 - <==        Row: 35570, 13700, 1, 50110, 1399, 1, 연화로, 50110, 3349141, 2, 0, 25, 0, 연동, 대림이편한세상2차, 1399-1, 84.978, 2024, 7, 8, 75000, 12, 50110-208,  ,  , 중개거래, 제주 제주시, null, 206, 개인, 개인, N, 2002, 126.488, 33.4797, Y, N, 2024-11-17 18:34:35, 2024-11-17 21:18:24, c09562eddf60f55139233109b25eeb83
2024-11-24 17:52:54 - <==        Row: 35908, 12200, 1, 50110, 754, 4, 과원로, 50110, 3349013, 1, 0, 11, 0, 노형동, 부영2차, 754-4, 45.9078, 2024, 7, 6, 30000, 4, 50110-366,  ,  , 중개거래, 제주 제주시, null, 203, 개인, 개인, N, 2001, 126.485, 33.4765, Y, N, 2024-11-17 18:34:48, 2024-11-17 21:18:26, a58914321207b0244156dad78ee8bb4c
2024-11-24 17:52:54 - <==        Row: 35815, 13500, 1, 50110, 745, 0, 첨단로동길, 50110, 4849167, 0, 0, 74, 0, 월평동, 제주첨단꿈에그린2단지아파트, 745, 84.7938, 2024, 7, 6, 48500, 3, 50110-4335,  ,  , 중개거래, 제주 제주시, null, 216동, 개인, 개인, N, 2017, 126.576, 33.4542, Y, N, 2024-11-17 18:34:44, 2024-11-17 21:18:26, e958805ad787319d2e4da03f7ace5ae7
2024-11-24 17:52:54 - <==        Row: 35831, 10600, 1, 50110, 300, 4, 중앙로26길, 50110, 4848775, 1, 0, 25, 0, 삼도이동, 미듬아뜨리에, 300-4, 84.2631, 2024, 7, 6, 32500, 2, 50110-2912,  ,  , 중개거래, 제주 제주시, null, 미듬아뜨리에 103, 개인, 개인, N, 2006, 126.523, 33.5051, Y, N, 2024-11-17 18:34:45, 2024-11-17 21:18:23, 9595954c2d95fefa033a78484e990a1c
2024-11-24 17:52:54 - <==        Row: 35837, 11100, 1, 50110, 10, 1, 동화로1길, 50110, 4847618, 1, 0, 11, 0, 화북일동, 화북주공1단지, 10-1, 84.6, 2024, 7, 6, 42500, 5, 50110-114,  ,  , 중개거래, 제주 제주시, null, 화북1아파트 110동, 개인, 개인, N, 1998, 126.575, 33.5207, Y, N, 2024-11-17 18:34:45, 2024-11-17 21:18:23, cabdefb787197e8dff6faacc21ae1ccc
2024-11-24 17:52:54 - <==        Row: 35847, 12200, 1, 50110, 754, 0, 과원북2길, 50110, 4847143, 1, 0, 12, 0, 노형동, 부영5차, 754, 84.9508, 2024, 7, 5, 61000, 6, 50110-364,  ,  , 중개거래, 제주 제주시, null, 505, 개인, 개인, N, 2001, 126.484, 33.4786, Y, N, 2024-11-17 18:34:45, 2024-11-17 21:18:24, b2843bbdfb8cabb452227e7898ac43f6
2024-11-24 17:52:54 - <==        Row: 35101, 12200, 1, 50110, 754, 4, 과원로, 50110, 3349013, 1, 0, 11, 0, 노형동, 부영2차, 754-4, 45.9078, 2024, 7, 5, 31000, 8, 50110-366,  ,  , 중개거래, 제주 제주시, null, 201, 개인, 개인, N, 2001, 126.485, 33.4765, Y, N, 2024-11-17 18:34:18, 2024-11-17 21:18:24, a69f7ef4f9c79f4950d337839b562921
2024-11-24 17:52:54 - <==        Row: 35926, 11200, 1, 50110, 117, 0, 화삼로, 50110, 4849184, 1, 0, 32, 0, 화북이동, 제주삼화엘에이치2단지, 117, 84.95, 2024, 7, 5, 60500, 7, 50110-3675,  ,  , 중개거래, 제주 제주시, null,  , 개인, 개인, N, 2014, 126.576, 33.5134, Y, N, 2024-11-17 18:34:48, 2024-11-17 21:18:26, 1470390c8b0a36783333c7083d8c4eed
2024-11-24 17:52:54 - <==        Row: 35901, 25340, 1, 50110, 167, 0, 하귀9길, 50110, 4848952, 1, 0, 45, 0, 애월읍 하귀1리, 제주하귀휴먼시아1단지, 167, 84.85, 2024, 7, 4, 44000, 5, 50110-3078,  ,  , 중개거래, 제주 제주시, null, 103, 개인, 개인, N, 2010, 126.417, 33.4837, Y, N, 2024-11-17 18:34:47, 2024-11-17 21:18:26, 6778b7358f5e2a7f029d730cfc44ca69
2024-11-24 17:52:54 - <==        Row: 35909, 12200, 1, 50110, 731, 2, 원노형로, 50110, 3349162, 1, 0, 102, 0, 노형동, 한화, 731-2, 108.444, 2024, 7, 4, 88000, 1, 50110-198,  ,  , 중개거래, 제주 제주시, null, 101, 기타, 개인, N, 2002, 126.484, 33.4799, Y, N, 2024-11-17 18:34:48, 2024-11-17 21:18:26, b98e01c9620ff6845cec5913fa0e45a4
2024-11-24 17:52:54 - <==        Row: 35918, 12300, 1, 50110, 400, 1, 우령서로, 50110, 3349159, 0, 0, 1, 0, 외도일동, 외도휴안2차, 400-1, 56.69, 2024, 7, 4, 25500, 8, 50110-4102,  ,  , 중개거래, 제주 제주시, null,  , 개인, 개인, N, 2017, 126.426, 33.4923, Y, N, 2024-11-17 18:34:48, 2024-11-17 21:18:26, 978d6f0f26b01f55e783df11422aabab
2024-11-24 17:52:54 - <==        Row: 35915, 13700, 1, 50110, 2317, 1, 도령로11길, 50110, 4847540, 1, 0, 25, 0, 연동, 남주, 2317-1, 56.56, 2024, 7, 3, 14500, 3, 50110-133,  ,  , 직거래,  , null,  , 개인, 개인, N, 1994, 126.486, 33.4927, Y, N, 2024-11-17 18:34:48, 2024-11-17 21:18:26, 67a897687942affd2da574ba19f54a7c
2024-11-24 17:52:54 - <==        Row: 35793, 10700, 1, 50110, 708, 5, 사라봉1길, 50110, 4847789, 1, 0, 50, 0, 건입동, 광덕(광덕사라봉), 708-5, 61.56, 2024, 7, 3, 13700, 3, 50110-94,  ,  , 중개거래, 제주 제주시, null,  , 개인, 개인, N, 1987, 126.541, 33.5147, Y, N, 2024-11-17 18:34:43, 2024-11-17 21:18:22, 861252e324032e930ecdab973ab562d7
2024-11-24 17:52:54 - <==        Row: 35925, 12000, 1, 50110, 1495, 0, 연사2길, 50110, 4848272, 0, 0, 16, 11, 오라이동, 화인퍼스트빌3차, 1495, 84.93, 2024, 7, 2, 37000, 6, 50110-3978,  ,  , 중개거래, 제주 제주시, null,  , 개인, 개인, N, 2016, 126.512, 33.4871, Y, N, 2024-11-17 18:34:48, 2024-11-17 21:18:26, f7c488abaaac629cca3c60e90ec614b1
2024-11-24 17:52:54 - <==        Row: 35510, 12300, 1, 50110, 560, 2, 우평로, 50110, 3349161, 2, 0, 318, 0, 외도일동, 부영(2차), 560-2, 84.9873, 2024, 7, 2, 43500, 8, 50110-375,  ,  , 중개거래, 제주 제주시, null, 부영아파트 201, 개인, 개인, N, 2001, 126.434, 33.485, Y, N, 2024-11-17 18:34:33, 2024-11-17 21:18:26, 3dfdc5f94a8e0677ac12671957553e05
2024-11-24 17:52:54 - <==        Row: 35843, 10900, 1, 50110, 2688, 1, 용문로18길, 50110, 4848429, 1, 0, 27, 8, 용담이동, 세흥빌라(A동), 2688-1, 84.39, 2024, 7, 1, 13100, 3, 50110-88,  ,  , 직거래,  , null,  , 개인, 개인, N, 1991, 126.511, 33.5051, Y, N, 2024-11-17 18:34:45, 2024-11-17 21:18:23, 92f0610564e65fa8d7cc33ec82c12dad
2024-11-24 17:52:54 - <==        Row: 35850, 11400, 1, 50110, 2135, 2, 설촌로2길, 50110, 4847985, 0, 0, 30, 0, 삼양이동, 삼양더힐링빌, 2135-2, 36.8575, 2024, 7, 1, 16400, 7, 50110-4069,  ,  , 직거래,  , null,  , 개인, 개인, N, 2016, 126.585, 33.5217, Y, N, 2024-11-17 18:34:45, 2024-11-17 21:18:24, 394b676891a3ce161e01c28550275e94
2024-11-24 17:52:54 - <==        Row: 35883, 12900, 1, 50110, 82, 0, 도남로, 50110, 3349051, 0, 0, 75, 6, 도남동, 도남시영, 82, 46.26, 2024, 7, 1, 13000, 2, 50110-55,  ,  , 직거래,  , null, 에이, 개인, 개인, N, 1990, 126.529, 33.493, Y, N, 2024-11-17 18:34:47, 2024-11-17 21:18:25, 157b4c859a8d4320fe3d5391361fe4f3
2024-11-24 17:52:54 - <==        Row: 35902, 10200, 1, 50110, 417, 3, 고마로19길, 50110, 4847070, 1, 0, 18, 0, 일도이동, 서해2, 417-3, 129.86, 2024, 7, 1, 43000, 4, 50110-16,  ,  , 중개거래, 제주 제주시, null,  , 개인, 개인, N, 1989, 126.543, 33.5051, Y, N, 2024-11-17 18:34:47, 2024-11-17 21:18:26, 13d806951b909f4070392056ea5025cc
2024-11-24 17:52:54 - <==        Row: 35928, 13700, 1, 50110, 300, 3, 삼무로11길, 50110, 4847821, 0, 0, 9, 0, 연동, 남해오네뜨, 300-3, 32.39, 2024, 7, 1, 21500, 4, 50110-4649,  ,  , 중개거래, 제주 제주시, null,  , 개인, 개인, N, 2019, 126.496, 33.4926, Y, N, 2024-11-17 18:34:48, 2024-11-17 21:18:26, 7b8a0d3e740f9bec51bc9c119e22b279
2024-11-24 17:52:54 - <==        Row: 35681, 12200, 1, 50110, 1060, 4, 정존11길, 50110, 4848673, 1, 0, 30, 0, 노형동, 동덕, 1060-4, 71.34, 2024, 6, 30, 26000, 2, 50110-179,  ,  , 중개거래, 제주 제주시, null,  , 개인, 개인, N, 1997, 126.475, 33.4864, Y, N, 2024-11-17 18:34:39, 2024-11-17 21:18:17, aced01b61a1c08265ef5b578808f1acc
2024-11-24 17:52:54 - <==        Row: 35670, 10300, 1, 50110, 1664, 4, 광양4길, 50110, 4847209, 1, 0, 22, 0, 이도일동, 광양미화, 1664-4, 84.46, 2024, 6, 29, 18800, 4, 50110-30,  ,  , 직거래,  , null, 가, 개인, 개인, N, 1991, 126.526, 33.5014, Y, N, 2024-11-17 18:34:39, 2024-11-17 21:18:17, 138cb5c0d2025aeafc0b51321f8ccf95
2024-11-24 17:52:54 - <==        Row: 35675, 12900, 1, 50110, 811, 0, 도남서길, 50110, 4847515, 1, 0, 14, 0, 도남동, 도남해모로리치힐아파트, 811, 84.9753, 2024, 6, 29, 65500, 1, 50110-4601,  ,  , 중개거래, 제주 제주시, null, 108동, 개인, 개인, N, 2019, 126.524, 33.4932, Y, N, 2024-11-17 18:34:39, 2024-11-17 21:18:17, 10fef5d6b53d1c3003062c58615bf016
2024-11-24 17:52:54 - <==        Row: 35684, 13100, 1, 50110, 548, 0, 화삼북로, 50110, 3349227, 2, 0, 136, 0, 도련이동, 제주삼화사랑으로부영1차, 548, 84.3616, 2024, 6, 29, 52000, 11, 50110-3421,  ,  , 중개거래, 제주 제주시, null, 102, 개인, 개인, N, 2013, 126.587, 33.5168, Y, N, 2024-11-17 18:34:39, 2024-11-17 21:18:17, d4ec8f275c47fa517469880a69d2d6ae
2024-11-24 17:52:54 - <==        Row: 35442, 12300, 1, 50110, 560, 1, 우정로11길, 50110, 4848472, 1, 0, 22, 0, 외도일동, 외도부영1차, 560-1, 49.896, 2024, 6, 29, 21500, 8, 50110-374,  ,  , 중개거래, 제주 제주시, null, 102, 개인, 개인, N, 2000, 126.434, 33.4876, Y, N, 2024-11-17 18:34:31, 2024-11-17 21:18:18, 807bbc9bb0b6c06ec48cf98bfb58326b
2024-11-24 17:52:54 - <==        Row: 35703, 10700, 1, 50110, 1044, 3, 임항로, 50110, 3349174, 1, 0, 286, 0, 건입동, 미듬하나로, 1044-3, 84.67, 2024, 6, 29, 24500, 4, 50110-254,  ,  , 중개거래, 제주 제주시, null,  , 개인, 개인, N, 2004, 126.538, 33.5154, Y, N, 2024-11-17 18:34:40, 2024-11-17 21:18:18, dd364f6bf61298883119c6e04456a788
2024-11-24 17:52:54 - <==        Row: 35682, 13700, 1, 50110, 280, 16, 신광로1길, 50110, 4848081, 1, 0, 36, 0, 연동, 휴마루, 280-16, 84.9648, 2024, 6, 28, 39000, 4, 50110-3526,  ,  , 중개거래, 제주 제주시, null,  , 개인, 개인, N, 2013, 126.491, 33.4925, Y, N, 2024-11-17 18:34:39, 2024-11-17 21:18:17, e0661ea960a826dfe470ac56c3526de9
2024-11-24 17:52:54 - <==        Row: 35688, 13000, 1, 50110, 1751, 0, 매촌2길, 50110, 4847636, 0, 0, 70, 0, 도련일동, 아르미아아파트, 1751, 76.9723, 2024, 6, 28, 32500, 2, 50110-4159, O, 24.09.26, 중개거래, 제주 제주시, null,  , 개인, 개인, N, 2017, 126.591, 33.51, Y, N, 2024-11-17 18:34:39, 2024-11-17 21:18:17, fb6e15c6a66f72488c009307550e6823
2024-11-24 17:52:54 - <==        Row: 35700, 11000, 1, 50110, 541, 4, 용담로1길, 50110, 4848400, 1, 0, 18, 0, 용담삼동, 용담이타스, 541-4, 84.64, 2024, 6, 28, 24000, 3, 50110-3224,  ,  , 중개거래, 제주 제주시, null,  , 개인, 개인, N, 2012, 126.507, 33.5144, Y, N, 2024-11-17 18:34:40, 2024-11-17 21:18:18, fb540c994d47f290d6878d148c674cf2
2024-11-24 17:52:54 - <==        Row: 35712, 10200, 1, 50110, 1046, 2, 삼성로5길, 50110, 4847838, 2, 0, 9, 0, 일도이동, 기산, 1046-2, 59.96, 2024, 6, 28, 21500, 6, 50110-2,  ,  , 중개거래, 제주 제주시, null,  , 개인, 개인, N, 1997, 126.529, 33.5071, Y, N, 2024-11-17 18:34:40, 2024-11-17 21:18:18, 5af8a77ed7ee589bf66d1eb38cfaeab6
2024-11-24 17:52:54 - <==        Row: 35718, 13700, 1, 50110, 260, 39, 삼무로, 50110, 3349083, 1, 0, 15, 0, 연동, 연동태홍누리안3차, 260-39, 84.42, 2024, 6, 28, 35000, 7, 50110-3042,  ,  , 중개거래, 제주 제주시, null,  , 개인, 개인, N, 2009, 126.488, 33.4902, Y, N, 2024-11-17 18:34:41, 2024-11-17 21:18:19, 557610874b6c81c972a610aa7886376b
2024-11-24 17:52:54 - <==        Row: 35683, 10200, 1, 50110, 47, 0, 천수로8길, 50110, 4848832, 0, 0, 18, 0, 일도이동, 일도삼주, 47, 59.97, 2024, 6, 27, 28000, 4, 50110-12,  ,  , 중개거래, 제주 제주시, null, 103, 개인, 개인, N, 1993, 126.543, 33.5042, Y, N, 2024-11-17 18:34:39, 2024-11-17 21:18:17, 0eb6c182591e795c820b9b61264bb23b
2024-11-24 17:52:54 - <==        Row: 35691, 10400, 1, 50110, 1021, 3, 신성로10길, 50110, 4848128, 1, 0, 41, 0, 이도이동, 도남아델하임, 1021-3, 84.39, 2024, 6, 27, 37500, 9, 50110-3410,  ,  , 중개거래, 제주 제주시, null,  , 개인, 개인, N, 2013, 126.531, 33.4935, Y, N, 2024-11-17 18:34:40, 2024-11-17 21:18:18, 359ff147bd6367f6dfe5724272ea4006
2024-11-24 17:52:54 - <==        Row: 35723, 10400, 1, 50110, 1061, 10, 가령로, 50110, 3349001, 1, 0, 76, 0, 이도이동, 메디치, 1061-10, 25.48, 2024, 6, 27, 7900, 8, 50110-3260,  ,  , 중개거래, 제주 제주시, null,  , 개인, 개인, N, 2012, 126.538, 33.4977, Y, N, 2024-11-17 18:34:41, 2024-11-17 21:18:19, 77a3ab2b915b1388cc57c555b94a2afa
2024-11-24 17:52:54 - <==        Row: 35668, 13700, 1, 50110, 257, 0, 연동4길, 50110, 4848256, 1, 0, 32, 0, 연동, 디지털한빛, 257, 84.719, 2024, 6, 26, 49000, 3, 50110-2892,  ,  , 중개거래, 제주 제주시, null, 디지털한빛아파트 101, 개인, 개인, N, 2005, 126.487, 33.4832, Y, N, 2024-11-17 18:34:39, 2024-11-17 21:18:17, 92f011aef99477fdd2270fca5fc58193
2024-11-24 17:52:54 - <==        Row: 35695, 13700, 1, 50110, 2322, 1, 성신로1길, 50110, 4847993, 1, 0, 13, 0, 연동, 연동세기2차, 2322-1, 59.65, 2024, 6, 26, 18500, 5, 50110-146,  ,  , 중개거래, 제주 제주시, null,  , 개인, 개인, N, 1994, 126.487, 33.4914, Y, N, 2024-11-17 18:34:40, 2024-11-17 21:18:18, bd97311734066155fc96d650475d1213
2024-11-24 17:52:54 - <==        Row: 35696, 13700, 1, 50110, 294, 3, 노연로, 50110, 3349041, 2, 0, 126, 0, 연동, 대원에버그린빌, 294-3, 29.31, 2024, 6, 26, 8500, 9, 50110-3237,  ,  , 중개거래, 제주 제주시, null,  , 개인, 개인, N, 2012, 126.494, 33.4856, Y, N, 2024-11-17 18:34:40, 2024-11-17 21:18:18, 6e5675a15050a5406726815cb14a1938
2024-11-24 17:52:54 - <==        Row: 35699, 13700, 1, 50110, 294, 3, 노연로, 50110, 3349041, 2, 0, 126, 0, 연동, 대원에버그린빌, 294-3, 29.31, 2024, 6, 26, 8500, 10, 50110-3237, O, 24.07.03, 중개거래, 제주 제주시, null,  , 개인, 개인, N, 2012, 126.494, 33.4856, Y, N, 2024-11-17 18:34:40, 2024-11-17 21:18:18, 2e188d6032a4e1c81c8505ca0f3d6bed
2024-11-24 17:52:54 - <==        Row: 35725, 10600, 1, 50110, 602, 1, 전농로9길, 50110, 4848649, 0, 0, 27, 0, 삼도이동, 아이린5차, 602-1, 84.72, 2024, 6, 26, 40700, 7, 50110-4466,  ,  , 중개거래, 제주 제주시, null,  , 개인, 개인, N, 2018, 126.52, 33.5068, Y, N, 2024-11-17 18:34:41, 2024-11-17 21:18:19, 745553abd0f09fcfa479fcb506580a9a
2024-11-24 17:52:54 - <==        Row: 35728, 10200, 1, 50110, 113, 5, 태성로, 50110, 3349199, 1, 0, 39, 0, 일도이동, 일도2차대림, 113-5, 77.02, 2024, 6, 26, 41800, 1, 50110-4,  ,  , 중개거래, 제주 제주시, null, 201, 개인, 개인, N, 1995, 126.55, 33.5003, Y, N, 2024-11-17 18:34:41, 2024-11-17 21:18:19, 538eed9a2f5d550df9eeb4c280bd3b21
2024-11-24 17:52:54 - <==        Row: 35731, 25340, 1, 50110, 167, 0, 하귀9길, 50110, 4848952, 1, 0, 45, 0, 애월읍 하귀1리, 제주하귀휴먼시아1단지, 167, 84.84, 2024, 6, 26, 44500, 9, 50110-3078,  ,  , 중개거래, 제주 제주시, null, 106, 개인, 개인, N, 2010, 126.417, 33.4837, Y, N, 2024-11-17 18:34:41, 2024-11-17 21:18:19, 29a5fd910df9e31b238cdf5fb405552d
2024-11-24 17:52:54 - <==        Row: 35732, 10400, 1, 50110, 1011, 1, 신성로14길, 50110, 4848131, 1, 0, 13, 0, 이도이동, 화이트스톤빌, 1011-1, 15.9, 2024, 6, 26, 6500, 10, 50110-3654,  ,  , 직거래,  , null,  , 개인, 개인, N, 2014, 126.532, 33.4963, Y, N, 2024-11-17 18:34:41, 2024-11-17 21:18:19, e9aa0363a7a52cd7dc4258beab4d16cd
2024-11-24 17:52:54 - <==        Row: 35305, 12300, 1, 50110, 534, 1, 우령서로, 50110, 3349159, 1, 0, 57, 0, 외도일동, 갤럭시타운, 534-1, 67.7146, 2024, 6, 26, 26000, 4, 50110-3474,  ,  , 중개거래, 제주 제주시, null,  , 개인, 개인, N, 2013, 126.427, 33.4874, Y, N, 2024-11-17 18:34:25, 2024-11-17 21:18:17, c7ba59fd1e024b7b32da3e672c529292
2024-11-24 17:52:54 - <==        Row: 35593, 12200, 1, 50110, 943, 0, 원노형10길, 50110, 4848490, 0, 0, 20, 0, 노형동, 노형해모로루엔, 943, 76.6417, 2024, 6, 25, 68000, 10, 50110-4660,  ,  , 중개거래, 제주 제주시, null, 101동, 개인, 개인, N, 2019, 126.486, 33.4846, Y, N, 2024-11-17 18:34:36, 2024-11-17 21:18:19, 56acba419d8c1210f062a74b078e9f3f
2024-11-24 17:52:54 - <==        Row: 35665, 13000, 1, 50110, 1751, 0, 매촌2길, 50110, 4847636, 0, 0, 70, 0, 도련일동, 아르미아아파트, 1751, 76.9723, 2024, 6, 25, 32500, 2, 50110-4159,  ,  , 중개거래, 제주 제주시, null, 101동, 개인, 개인, N, 2017, 126.591, 33.51, Y, N, 2024-11-17 18:34:39, 2024-11-17 21:18:17, aba8f9d3290c19c58a8a5bd39a446142
2024-11-24 17:52:54 - <==        Row: 35674, 12900, 1, 50110, 71, 0, 도남로17길, 50110, 4847507, 1, 0, 20, 0, 도남동, 수선화(71), 71, 39.79, 2024, 6, 25, 13500, 3, 50110-66,  ,  , 직거래,  , null, (102), 법인, 개인, N, 1993, 126.531, 33.4908, Y, N, 2024-11-17 18:34:39, 2024-11-17 21:18:17, f15b409bee115ffa569cac8bca4235df
2024-11-24 17:52:54 - <==        Row: 35714, 11400, 1, 50110, 2333, 0, 화삼로, 50110, 4849184, 4, 0, 166, 0, 삼양이동, 제주삼화사랑으로부영5차, 2333, 66.4409, 2024, 6, 25, 44000, 7, 50110-3571,  ,  , 중개거래, 제주 제주시, null, 503, 개인, 개인, N, 2013, 126.586, 33.5193, Y, N, 2024-11-17 18:34:40, 2024-11-17 21:18:18, 7962d86a93b64d5878066bb7a0ee3255
2024-11-24 17:52:54 - <==        Row: 35666, 25341, 1, 50110, 3026, 0, 답동2길, 50110, 4849155, 0, 0, 23, 25, 애월읍 하귀2리, 하귀푸르미르, 3026, 84.5492, 2024, 6, 24, 40500, 7, 50110-4886,  ,  , 중개거래, 제주 제주시, null,  , 법인, 개인, N, 2022, 126.404, 33.4795, Y, N, 2024-11-17 18:34:39, 2024-11-17 21:18:17, 18d61fd13ef09372474e835ad51089dc
2024-11-24 17:52:54 - <==        Row: 35677, 12200, 1, 50110, 754, 4, 과원로, 50110, 3349013, 1, 0, 11, 0, 노형동, 부영2차, 754-4, 45.9078, 2024, 6, 24, 30500, 4, 50110-366,  ,  , 중개거래, 제주 제주시, null, 201, 개인, 개인, N, 2001, 126.485, 33.4765, Y, N, 2024-11-17 18:34:39, 2024-11-17 21:18:17, fd26a3953a1e90661661c3173d4037bc
2024-11-24 17:52:54 - <==        Row: 35678, 12200, 1, 50110, 2583, 1, 수덕로, 50110, 3349107, 1, 0, 44, 0, 노형동, 노형뜨란채, 2583-1, 84.85, 2024, 6, 24, 58000, 9, 50110-2909,  ,  , 중개거래, 제주 제주시, null,  , 개인, 개인, N, 2006, 126.473, 33.4871, Y, N, 2024-11-17 18:34:39, 2024-11-17 21:18:17, ef9d6002c949bce0f92285d862513894
2024-11-24 17:52:54 - <==        Row: 35689, 10500, 1, 50110, 321, 1, 홍랑길, 50110, 4849117, 1, , 26, 17, 삼도일동, 삼성뜨래별, 321-1, 81.21, 2024, 6, 24, 40350, 8, 50110-3954,  ,  , 중개거래, 제주 제주시, null,  , 개인, 개인, N, 2016, 126.524, 33.5024, Y, N, 2024-11-17 18:34:40, 2024-11-17 21:18:17, c8df163ec0b225cbb48636b0dc0a26bf
2024-11-24 17:52:54 - <==        Row: 35704, 25341, 1, 50110, 3026, 0, 답동2길, 50110, 4849155, 0, 0, 23, 25, 애월읍 하귀2리, 하귀푸르미르, 3026, 84.5492, 2024, 6, 24, 40500, 7, 50110-4886, O, 24.08.23, 중개거래, 제주 제주시, null,  , 법인, 개인, N, 2022, 126.404, 33.4795, Y, N, 2024-11-17 18:34:40, 2024-11-17 21:18:18, 2c427c635fee22b1b2ad746916cc0cea
2024-11-24 17:52:54 - <==        Row: 35705, 13700, 1, 50110, 2313, 3, 도령로11길, 50110, 4847540, 0, 0, 26, 5, 연동, 삼오한마음, 2313-3, 84.86, 2024, 6, 24, 23000, 4, 50110-142,  ,  , 중개거래, 제주 제주시, null,  , 개인, 개인, N, 1995, 126.487, 33.493, Y, N, 2024-11-17 18:34:40, 2024-11-17 21:18:18, 40cf53e0c9decd0da964dcfdbee29f5e
2024-11-24 17:52:54 - <==        Row: 35724, 12300, 1, 50110, 560, 1, 우정로11길, 50110, 4848472, 1, 0, 22, 0, 외도일동, 외도부영1차, 560-1, 49.896, 2024, 6, 24, 21650, 11, 50110-374,  ,  , 중개거래, 제주 제주시, null, 109, 개인, 개인, N, 2000, 126.434, 33.4876, Y, N, 2024-11-17 18:34:41, 2024-11-17 21:18:19, 3a4df9ade8b0b5c06beb4ae191f004f3
2024-11-24 17:52:54 - <==        Row: 35739, 10500, 1, 50110, 565, 2, 서광로, 50110, 3349090, 3, 0, 202, 1, 삼도일동, 아이린3차, 565-2, 71.62, 2024, 6, 24, 28900, 6, 50110-3581,  ,  , 중개거래, 제주 제주시, null,  , 개인, 개인, N, 2013, 126.518, 33.4996, Y, N, 2024-11-17 18:34:41, 2024-11-17 21:18:19, 292bcc20165758e042788f26833acccb
2024-11-24 17:52:54 - <==        Row: 35730, 10900, 1, 50110, 2706, 1, 용문로14길, 50110, 4848426, 1, 0, 14, 0, 용담이동, 장원하이빌아파트, 2706-1, 84.639, 2024, 6, 23, 26000, 4, 50110-2972,  ,  , 중개거래, 제주 제주시, null, 102, 개인, 개인, N, 2007, 126.51, 33.5059, Y, N, 2024-11-17 18:34:41, 2024-11-17 21:18:19, 7be6fd609a61bb3e8beb7652bcd5ef2c
2024-11-24 17:52:54 - <==        Row: 35672, 25924, 1, 50110, 1424, 0, 함덕12길, 50110, 4849038, 0, 0, 51, 0, 조천읍 함덕리, 쉬젠비아채, 1424, 84.8055, 2024, 6, 22, 25100, 1, 50110-4227,  ,  , 중개거래, 제주 제주시, null, 나동, 법인, 개인, N, 2017, 126.666, 33.5379, Y, N, 2024-11-17 18:34:39, 2024-11-17 21:18:17, efe0ad25f5705cdcecf4cc200955f36e
2024-11-24 17:52:54 - <==        Row: 35692, 11400, 1, 50110, 2333, 0, 화삼로, 50110, 4849184, 4, 0, 166, 0, 삼양이동, 제주삼화사랑으로부영5차, 2333, 66.4409, 2024, 6, 22, 45000, 8, 50110-3571, O, 24.07.05, 중개거래, 제주 제주시, null,  , 개인, 개인, N, 2013, 126.586, 33.5193, Y, N, 2024-11-17 18:34:40, 2024-11-17 21:18:18, 0aa0c45ee4641fbe987a13746077da2d
2024-11-24 17:52:54 - <==        Row: 35742, 13700, 1, 50110, 304, 5, 신대로, 50110, 3349111, 1, 0, 136, 0, 연동, 코스모스태홍누리안5차, 304-5, 83.685, 2024, 6, 22, 44000, 4, 50110-3438,  ,  , 중개거래, 제주 제주시, null,  , 개인, 개인, N, 2013, 126.496, 33.4851, Y, N, 2024-11-17 18:34:41, 2024-11-17 21:18:19, 7437e4d600a670454de3e12f11767358
2024-11-24 17:52:54 - <==        Row: 35673, 12200, 1, 50110, 920, 13, 원노형2길, 50110, 4848491, 1, 0, 38, 0, 노형동, 노형해든빌(920-13), 920-13, 84.11, 2024, 6, 21, 47500, 2, 50110-3381,  ,  , 중개거래, 제주 제주시, null,  , 개인, 개인, N, 2012, 126.482, 33.4829, Y, N, 2024-11-17 18:34:39, 2024-11-17 21:18:17, 83fc64e9d0aed2cc686ed7416ef571f7
2024-11-24 17:52:54 - <==        Row: 35693, 12300, 1, 50110, 560, 1, 우정로11길, 50110, 4848472, 1, 0, 22, 0, 외도일동, 외도부영1차, 560-1, 59.933, 2024, 6, 21, 24800, 2, 50110-374,  ,  , 중개거래, 제주 제주시, null,  , 개인, 개인, N, 2000, 126.434, 33.4876, Y, N, 2024-11-17 18:34:40, 2024-11-17 21:18:18, 14e8cf789e112b9d988ff751dae1473a
2024-11-24 17:52:54 - <==        Row: 35720, 10900, 1, 50110, 609, 68, 용화로5길, 50110, 4848449, 1, 0, 14, 0, 용담이동, 남양맨션, 609-68, 58.02, 2024, 6, 21, 9800, 5, 50110-86,  ,  , 중개거래, 제주 제주시, null,  , 개인, 개인, N, 1989, 126.507, 33.5112, Y, N, 2024-11-17 18:34:41, 2024-11-17 21:18:19, 6148ed1c65f73409f23c77151bc116c6
2024-11-24 17:52:54 - <==        Row: 35733, 12200, 1, 50110, 754, 4, 과원로, 50110, 3349013, 1, 0, 11, 0, 노형동, 부영2차, 754-4, 45.9078, 2024, 6, 21, 33800, 7, 50110-366,  ,  , 중개거래, 제주 제주시, null, 203, 개인, 개인, N, 2001, 126.485, 33.4765, Y, N, 2024-11-17 18:34:41, 2024-11-17 21:18:19, 52c80c5e600b2001c2d4d95a0fc52c9b
2024-11-24 17:52:54 - <==        Row: 35737, 13500, 1, 50110, 745, 0, 첨단로동길, 50110, 4849167, 0, 0, 74, 0, 월평동, 제주첨단꿈에그린2단지아파트, 745, 101.868, 2024, 6, 21, 59800, 5, 50110-4335,  ,  , 중개거래, 제주 제주시, null, 204동, 개인, 개인, N, 2017, 126.576, 33.4542, Y, N, 2024-11-17 18:34:41, 2024-11-17 21:18:19, ff1b0b7f46ab8a94af7c2165c6c00ddf
2024-11-24 17:52:54 - <==        Row: 35743, 10200, 1, 50110, 330, 0, 고마로, 50110, 3349007, 0, 0, 48, 0, 일도이동, 예그린하우스텔5차, 330, 32.07, 2024, 6, 21, 13400, 3, 50110-4114,  ,  , 직거래,  , null,  , 개인, 공공기관, N, 2017, 126.539, 33.5099, Y, N, 2024-11-17 18:34:41, 2024-11-17 21:18:19, a138b44c8944e02ba84e42d447680f1a
2024-11-24 17:52:54 - <==        Row: 35744, 10700, 1, 50110, 666, 5, 사라봉1길, 50110, 4847789, 1, 0, 8, 0, 건입동, 다남맨션, 666-5, 82.34, 2024, 6, 21, 9800, 3, 50110-354,  ,  , 직거래,  , null,  , 개인, 개인, N, 1990, 126.541, 33.5178, Y, N, 2024-11-17 18:34:42, 2024-11-17 21:18:19, ec52c2074b4e8eb7a3f6ab8b4b280b86
2024-11-24 17:52:54 - <==        Row: 35746, 13700, 1, 50110, 277, 5, 신대로20길, 50110, 4848094, 1, 0, 45, 0, 연동, 제웅솔내음, 277-5, 23.853, 2024, 6, 21, 9300, 7, 50110-3323,  ,  , 직거래,  , null,  , 개인, 개인, N, 2012, 126.492, 33.4836, Y, N, 2024-11-17 18:34:42, 2024-11-17 21:18:20, 9b89d1e234513f0684ba1121831f3ca6
2024-11-24 17:52:54 - <==        Row: 35669, 11300, 1, 50110, 1583, 9, 선사로8길, 50110, 4847968, 0, 0, 61, 0, 삼양일동, 라오체블랙비치, 1583-9, 84.9084, 2024, 6, 20, 31000, 4, 50110-4391,  ,  , 중개거래, 제주 제주시, null,  , 개인, 개인, N, 2018, 126.591, 33.5284, Y, N, 2024-11-17 18:34:39, 2024-11-17 21:18:17, c332d466acc8619ba972be32736587ef
2024-11-24 17:52:54 - <==        Row: 35679, 25921, 1, 50110, 1934, 2, 신북로, 50110, 3349112, 1, 0, 97, 1, 조천읍 신촌리, 로잔팰리스, 1934-2, 83.521, 2024, 6, 20, 28500, 3, 50110-4360,  ,  , 중개거래, 제주 제주시, null,  , 개인, 개인, N, 2017, 126.624, 33.5361, Y, N, 2024-11-17 18:34:39, 2024-11-17 21:18:17, e1b2e5bd9af0e3d1e4942a6b21b3144e
2024-11-24 17:52:54 - <==        Row: 35719, 10400, 1, 50110, 777, 0, 구남로, 50110, 3349021, 0, 0, 31, 0, 이도이동, 주공3, 777, 39.69, 2024, 6, 20, 45000, 2, 50110-46,  ,  , 직거래,  , null, 304, 개인, 개인, N, 1989, 126.533, 33.4904, Y, N, 2024-11-17 18:34:41, 2024-11-17 21:18:19, a5eaf9e4b9c535f924af658349658d9f
2024-11-24 17:52:54 - <==        Row: 35749, 12200, 1, 50110, 930, 7, 노연로, 50110, 3349041, 1, 0, 38, 0, 노형동, 재영윈저캐슬, 930-7, 43.06, 2024, 6, 20, 19000, 7, 50110-3407,  ,  , 중개거래, 제주 제주시, null,  , 개인, 개인, N, 2013, 126.484, 33.4858, Y, N, 2024-11-17 18:34:42, 2024-11-17 21:18:20, d3fd8ed6cfc7a8ca5ac8a3bc07a24b46
2024-11-24 17:52:54 - <==        Row: 35751, 13700, 1, 50110, 2332, 17, 도령로, 50110, 3349052, 3, 0, 127, 1, 연동, 도령해든빌, 2332-17, 22.535, 2024, 6, 20, 7000, 10, 50110-3096,  ,  , 중개거래, 제주 제주시, null,  , 개인, 개인, N, 2011, 126.491, 33.4929, Y, N, 2024-11-17 18:34:42, 2024-11-17 21:18:20, 73172af889b1af6646f7e43c57d36f79
2024-11-24 17:52:54 - <==        Row: 35752, 10600, 1, 50110, 1241, 14, 중앙로26길, 50110, 4848775, 1, 0, 2, 0, 삼도이동, 동인스파월드빌, 1241-14, 112.32, 2024, 6, 20, 19500, 6, 50110-353,  ,  , 직거래,  , null,  , 개인, 개인, N, 2004, 126.525, 33.506, Y, N, 2024-11-17 18:34:42, 2024-11-17 21:18:20, 47f23a0b99a31e0862062f18d2392dc0
2024-11-24 17:52:54 - <==        Row: 35694, 12300, 1, 50110, 560, 1, 우정로11길, 50110, 4848472, 1, 0, 22, 0, 외도일동, 외도부영1차, 560-1, 39.84, 2024, 6, 19, 17000, 5, 50110-374,  ,  , 중개거래, 제주 제주시, null, 103, 개인, 개인, N, 2000, 126.434, 33.4876, Y, N, 2024-11-17 18:34:40, 2024-11-17 21:18:18, 97a574e90600b92fdabd2a5a1ba456fa
2024-11-24 17:52:54 - <==        Row: 35753, 12900, 1, 50110, 77, 1, 독짓골4길, 50110, 4847550, 1, 0, 11, 6, 도남동, 우주도남, 77-1, 59.265, 2024, 6, 19, 16200, 3, 50110-57,  ,  , 중개거래, 제주 제주시, null,  , 개인, 개인, N, 1995, 126.531, 33.4914, Y, N, 2024-11-17 18:34:42, 2024-11-17 21:18:20, 2005cc10374bc8ac74bde48ba2efd3c5
2024-11-24 17:52:54 - <==        Row: 35755, 12900, 1, 50110, 50, 6, 도남로10길, 50110, 4847501, 1, 0, 35, 10, 도남동, 성원1, 50-6, 43.45, 2024, 6, 19, 7000, 5, 50110-309,  ,  , 중개거래, 제주 제주시, null,  , 개인, 개인, N, 1993, 126.524, 33.4937, Y, N, 2024-11-17 18:34:42, 2024-11-17 21:18:20, 5ce4dc7008cef67f8a1c2fe0bcf1d6a5
2024-11-24 17:52:54 - <==        Row: 35756, 10900, 1, 50110, 619, 0, 성화로6길, 50110, 4848001, 1, 0, 46, 0, 용담이동, 용두암현대3, 619, 84.75, 2024, 6, 19, 24500, 3, 50110-87,  ,  , 직거래,  , null, 2동, 개인, 개인, N, 1992, 126.51, 33.5107, Y, N, 2024-11-17 18:34:42, 2024-11-17 21:18:20, b61e1d7ef05e64df60c1f9f122652ace
2024-11-24 17:52:54 - <==        Row: 35686, 13100, 1, 50110, 548, 0, 화삼북로, 50110, 3349227, 2, 0, 136, 0, 도련이동, 제주삼화사랑으로부영1차, 548, 73.9049, 2024, 6, 18, 48100, 8, 50110-3421,  ,  , 중개거래, 제주 제주시, null, 101, 개인, 개인, N, 2013, 126.587, 33.5168, Y, N, 2024-11-17 18:34:39, 2024-11-17 21:18:17, 478de814c1c205b35442e17e7155f8fc
2024-11-24 17:52:54 - <==        Row: 35706, 10200, 1, 50110, 113, 7, 남광로, 50110, 3349035, 0, , 181, 0, 일도이동, 대유대림아파트, 113-7, 79.851, 2024, 6, 18, 47000, 1, 50110-6,  ,  , 중개거래, 제주 제주시, null, 제주대유대림아파트 314, 개인, 개인, N, 1997, 126.552, 33.5031, Y, N, 2024-11-17 18:34:40, 2024-11-17 21:18:18, 5bcbc1b5e27932283c03450b8b95f049
2024-11-24 17:52:54 - <==        Row: 35721, 12900, 1, 50110, 69, 1, 도남로, 50110, 3349051, 3, 0, 129, 0, 도남동, 수선화(69-1)2차, 69-1, 39.65, 2024, 6, 18, 12800, 3, 50110-64,  ,  , 중개거래, 제주 제주시, null, 202, 개인, 개인, N, 1993, 126.53, 33.4892, Y, N, 2024-11-17 18:34:41, 2024-11-17 21:18:19, 537d7e4ef88cefe52d14e723d8804f4b
2024-11-24 17:52:54 - <==        Row: 35722, 13100, 1, 50110, 548, 0, 화삼북로, 50110, 3349227, 2, 0, 136, 0, 도련이동, 제주삼화사랑으로부영1차, 548, 73.9049, 2024, 6, 18, 44000, 7, 50110-3421,  ,  , 중개거래, 제주 제주시, null, 101, 개인, 개인, N, 2013, 126.587, 33.5168, Y, N, 2024-11-17 18:34:41, 2024-11-17 21:18:19, b31b9246423ad9acd610e350f58dddab
2024-11-24 17:52:54 - <==        Row: 35735, 13500, 1, 50110, 747, 0, 첨단로동길, 50110, 4849167, 0, 0, 106, 0, 월평동, 제주첨단꿈에그린3단지아파트, 747, 84.7938, 2024, 6, 18, 47300, 3, 50110-4387,  ,  , 중개거래, 제주 제주시, null,  , 개인, 개인, N, 2018, 126.576, 33.4514, Y, N, 2024-11-17 18:34:41, 2024-11-17 21:18:19, 7b12a654a418324a73743925797943c9
2024-11-24 17:52:54 - <==        Row: 35758, 13500, 1, 50110, 747, 0, 첨단로동길, 50110, 4849167, 0, 0, 106, 0, 월평동, 제주첨단꿈에그린3단지아파트, 747, 84.7938, 2024, 6, 18, 47000, 5, 50110-4387,  ,  , 중개거래, 제주 제주시, null, 311동, 개인, 개인, N, 2018, 126.576, 33.4514, Y, N, 2024-11-17 18:34:42, 2024-11-17 21:18:20, 0c7f12c32799e2e5d67fd47446820a44
2024-11-24 17:52:54 - <==        Row: 35680, 13700, 1, 50110, 1399, 1, 연화로, 50110, 3349141, 2, 0, 25, 0, 연동, 대림이편한세상2차, 1399-1, 84.978, 2024, 6, 17, 78000, 13, 50110-208,  ,  , 중개거래, 제주 제주시, null, 206, 개인, 개인, N, 2002, 126.488, 33.4797, Y, N, 2024-11-17 18:34:39, 2024-11-17 21:18:17, 71dc2b899a7c48cc42e4d6d6bd9fe52e
2024-11-24 17:52:54 - <==        Row: 35687, 10300, 1, 50110, 1258, 1, 동광로3길, 50110, 4847571, 1, 0, 3, 0, 이도일동, 장원스카이팰리스, 1258-1, 84.755, 2024, 6, 17, 37000, 10, 50110-3448,  ,  , 직거래,  , null,  , 개인, 개인, N, 2013, 126.531, 33.5018, Y, N, 2024-11-17 18:34:39, 2024-11-17 21:18:17, 8012f0c3c206c5aa2e5ab43a7d8eb7e0
2024-11-24 17:52:54 - <==        Row: 35698, 12200, 1, 50110, 912, 2, 원노형5길, 50110, 4848494, 1, 0, 34, 0, 노형동, 재영샤르빌, 912-2, 33.7216, 2024, 6, 17, 14000, 7, 50110-3225,  ,  , 중개거래, 제주 제주시, null,  , 개인, 개인, N, 2012, 126.482, 33.4865, Y, N, 2024-11-17 18:34:40, 2024-11-17 21:18:18, 63e4557eb8a517b08512ea077a10ff45
2024-11-24 17:52:54 - <==        Row: 35740, 12200, 1, 50110, 732, 1, 연화로, 50110, 3349141, 1, 0, 16, 0, 노형동, 해오름, 732-1, 59.56, 2024, 6, 17, 50000, 9, 50110-199,  ,  , 중개거래, 제주 제주시, null, 103, 개인, 개인, N, 2001, 126.486, 33.4809, Y, N, 2024-11-17 18:34:41, 2024-11-17 21:18:20, 757de5df2351ec278a6baef1116f2784
2024-11-24 17:52:54 - <==        Row: 35741, 12700, 1, 50110, 2614, 0, 도두항서길, 50110, 4847524, 0, 0, 41, 0, 도두일동, 블루파크시티, 2614, 21.2369, 2024, 6, 17, 13000, 6, 50110-4472,  ,  , 중개거래, 제주 제주시, null,  , 개인, 개인, N, 2018, 126.464, 33.506, Y, N, 2024-11-17 18:34:41, 2024-11-17 21:18:19, 6d694faa5b7dfa01696d5f4fa8b4fcf9
2024-11-24 17:52:54 - <==        Row: 35747, 12200, 1, 50110, 1289, 1, 다랑곶길, 50110, 4847437, 1, 0, 10, 0, 노형동, 제동프린스빌, 1289-1, 32.09, 2024, 6, 17, 12200, 8, 50110-322,  ,  , 직거래,  , null,  , 개인, 개인, N, 2003, 126.479, 33.4872, Y, N, 2024-11-17 18:34:42, 2024-11-17 21:18:20, 618027a92b3fad16d3ce3cfed4ce5042
2024-11-24 17:52:54 - <==        Row: 35761, 12200, 1, 50110, 2583, 1, 수덕로, 50110, 3349107, 1, 0, 44, 0, 노형동, 노형뜨란채, 2583-1, 75.65, 2024, 6, 17, 53700, 4, 50110-2909, O, 24.06.18, 중개거래, 제주 제주시, null,  , 개인, 개인, N, 2006, 126.473, 33.4871, Y, N, 2024-11-17 18:34:42, 2024-11-17 21:18:20, 4f5e094d719170e256314c6a82e65a57
2024-11-24 17:52:54 - <==        Row: 35762, 12200, 1, 50110, 2583, 1, 수덕로, 50110, 3349107, 1, 0, 44, 0, 노형동, 노형뜨란채, 2583-1, 75.65, 2024, 6, 17, 53700, 4, 50110-2909,  ,  , 중개거래, 제주 제주시, null, 214, 개인, 개인, N, 2006, 126.473, 33.4871, Y, N, 2024-11-17 18:34:42, 2024-11-17 21:18:20, a8dd5c84a4232829080825656f813759
2024-11-24 17:52:54 - <==        Row: 35764, 12900, 1, 50110, 69, 1, 도남로, 50110, 3349051, 3, 0, 129, 0, 도남동, 수선화(69-1)2차, 69-1, 39.89, 2024, 6, 16, 17500, 3, 50110-64,  ,  , 직거래,  , null, 201, 개인, 개인, N, 1993, 126.53, 33.4892, Y, N, 2024-11-17 18:34:42, 2024-11-17 21:18:20, 7f42fee54ea3715be8dd48c3dccea742
2024-11-24 17:52:54 - <==        Row: 35711, 12200, 1, 50110, 2583, 1, 수덕로, 50110, 3349107, 1, 0, 44, 0, 노형동, 노형뜨란채, 2583-1, 84.67, 2024, 6, 15, 56500, 2, 50110-2909,  ,  , 중개거래, 제주 제주시, null, 202, 개인, 개인, N, 2006, 126.473, 33.4871, Y, N, 2024-11-17 18:34:40, 2024-11-17 21:18:18, fa0c7dcd657900e0a52e3250f9dfe08f
2024-11-24 17:52:54 - <==        Row: 35767, 12900, 1, 50110, 811, 0, 도남서길, 50110, 4847515, 1, 0, 14, 0, 도남동, 도남해모로리치힐아파트, 811, 84.9908, 2024, 6, 15, 73000, 4, 50110-4601,  ,  , 중개거래, 제주 제주시, null,  , 개인, 개인, N, 2019, 126.524, 33.4932, Y, N, 2024-11-17 18:34:42, 2024-11-17 21:18:20, dca95274cd9f851efd7944dab296af3e
2024-11-24 17:52:54 - <==        Row: 35671, 11200, 1, 50110, 116, 0, 화삼로, 50110, 4849184, 1, 0, 12, 0, 화북이동, 제주삼화사랑으로부영2차, 116, 84.7758, 2024, 6, 14, 51500, 6, 50110-3427,  ,  , 중개거래, 제주 제주시, null, 208, 개인, 개인, N, 2013, 126.574, 33.5139, Y, N, 2024-11-17 18:34:39, 2024-11-17 21:18:17, b1f8bd6ac1e57cf96f25edafd0b694f3
2024-11-24 17:52:54 - <==        Row: 35707, 10200, 1, 50110, 113, 7, 남광로, 50110, 3349035, 0, , 181, 0, 일도이동, 대유대림아파트, 113-7, 84.945, 2024, 6, 14, 54000, 1, 50110-6,  ,  , 중개거래, 제주 제주시, null, 제주대유대림아파트 306, 개인, 개인, N, 1997, 126.552, 33.5031, Y, N, 2024-11-17 18:34:40, 2024-11-17 21:18:18, 36589e6bf017060662cd97e5212f1aab
2024-11-24 17:52:54 - <==        Row: 35716, 13700, 1, 50110, 2331, 7, 도령로, 50110, 3349052, 3, 0, 111, 0, 연동, 진호뉴캐슬, 2331-7, 83.37, 2024, 6, 14, 22000, 5, 50110-396,  ,  , 직거래,  , null,  , 개인, 개인, N, 2004, 126.489, 33.492, Y, N, 2024-11-17 18:34:41, 2024-11-17 21:18:18, f0c50d0796fcd33e5d8f8e03b10c24ed
2024-11-24 17:52:54 - <==        Row: 35765, 11200, 1, 50110, 116, 0, 화삼로, 50110, 4849184, 1, 0, 12, 0, 화북이동, 제주삼화사랑으로부영2차, 116, 84.7758, 2024, 6, 14, 51500, 6, 50110-3427, O, 24.07.17, 중개거래, 제주 제주시, null,  , 개인, 개인, N, 2013, 126.574, 33.5139, Y, N, 2024-11-17 18:34:42, 2024-11-17 21:18:20, 6b6e6b57bca729b9a7da32c04d737ba9
2024-11-24 17:52:54 - <==        Row: 35708, 10200, 1, 50110, 113, 5, 태성로, 50110, 3349199, 1, 0, 39, 0, 일도이동, 일도2차대림, 113-5, 77.02, 2024, 6, 13, 41500, 2, 50110-4,  ,  , 중개거래, 제주 제주시, null, 204, 개인, 개인, N, 1995, 126.55, 33.5003, Y, N, 2024-11-17 18:34:40, 2024-11-17 21:18:18, 9ab30aa664afd15ee965a455ec498fc0
2024-11-24 17:52:54 - <==        Row: 35726, 11400, 1, 50110, 2318, 0, 화삼로, 50110, 4849184, 4, 0, 167, 0, 삼양이동, 제주삼화사랑으로부영3차, 2318, 66.4409, 2024, 6, 13, 46700, 12, 50110-3536,  ,  , 중개거래, 제주 제주시, null, 306, 개인, 개인, N, 2013, 126.585, 33.5192, Y, N, 2024-11-17 18:34:41, 2024-11-17 21:18:19, be8f5c844fde01926568b515c1cfd786
2024-11-24 17:52:54 - <==        Row: 35754, 11600, 1, 50110, 1965, 1, 봉개4길, 50110, 4847731, 1, 0, 21, 0, 봉개동, 봉개갤럭시타운2차, 1965-1, 65.0266, 2024, 6, 13, 23000, 4, 50110-3885,  ,  , 중개거래, 제주 제주시, null,  , 개인, 개인, N, 2016, 126.593, 33.4895, Y, N, 2024-11-17 18:34:42, 2024-11-17 21:18:20, 05fbb64777ddb2c84906caa6ce18d209
2024-11-24 17:52:54 - <==        Row: 35769, 11000, 1, 50110, 984, 1, 용마로1길, 50110, 4848414, 1, 0, 15, 0, 용담삼동, 용담이레빌, 984-1, 69.7875, 2024, 6, 13, 15000, 6, 50110-3447,  ,  , 직거래,  , null,  , 개인, 개인, N, 2013, 126.505, 33.514, Y, N, 2024-11-17 18:34:42, 2024-11-17 21:18:20, a7d22c379e011b213288dc1972ef0880
2024-11-24 17:52:54 - <==        Row: 35676, 25341, 1, 50110, 1437, 0, 항몽로, 50110, 3349220, 1, , 7, 0, 애월읍 하귀2리, 하귀코아루오션뷰, 1437, 84.9619, 2024, 6, 12, 39290, 3, 50110-4522,  ,  , 중개거래, 제주 제주시, null, 101동, 법인, 개인, N, 2018, 126.405, 33.4833, Y, N, 2024-11-17 18:34:39, 2024-11-17 21:18:17, 106a9c92573a0f2c6271bbb9fb73db85
2024-11-24 17:52:54 - <==        Row: 35738, 12900, 1, 50110, 811, 0, 도남서길, 50110, 4847515, 1, 0, 14, 0, 도남동, 도남해모로리치힐아파트, 811, 84.9753, 2024, 6, 12, 65700, 1, 50110-4601,  ,  , 중개거래, 제주 제주시, null, 104동, 개인, 개인, N, 2019, 126.524, 33.4932, Y, N, 2024-11-17 18:34:41, 2024-11-17 21:18:19, c7edeb779d7377b93f16711a54717e93
2024-11-24 17:52:54 - <==        Row: 35760, 12200, 1, 50110, 732, 0, 원노형로, 50110, 3349162, 1, 0, 93, 0, 노형동, 부영1차, 732, 80.6583, 2024, 6, 12, 67000, 5, 50110-181, O, 24.08.20, 중개거래, 제주 제주시, null,  , 개인, 개인, N, 2001, 126.486, 33.4804, Y, N, 2024-11-17 18:34:42, 2024-11-17 21:18:20, 31044baee3a0f3dcc3ab98540fb401fd
2024-11-24 17:52:54 - <==        Row: 35030, 13100, 1, 50110, 548, 0, 화삼북로, 50110, 3349227, 2, 0, 136, 0, 도련이동, 제주삼화사랑으로부영1차, 548, 73.9049, 2024, 6, 12, 45000, 5, 50110-3421,  ,  , 중개거래, 제주 제주시, null, 103, 개인, 개인, N, 2013, 126.587, 33.5168, Y, N, 2024-11-17 18:34:15, 2024-11-17 21:18:20, 2c9ba212918242c3e0c95add87c3b909
2024-11-24 17:52:54 - <==        Row: 35713, 11200, 1, 50110, 4955, 6, 거로서길, 50110, 4847027, 1, 0, 15, 0, 화북이동, 장원그린빌, 4955-6, 84.7874, 2024, 6, 11, 22000, 7, 50110-120,  ,  , 중개거래, 제주 제주시, null,  , 개인, 개인, N, 2002, 126.556, 33.5128, Y, N, 2024-11-17 18:34:40, 2024-11-17 21:18:18, beafa841c8e44716fa8b76df7277b7dc
2024-11-24 17:52:54 - <==        Row: 35766, 13500, 1, 50110, 747, 0, 첨단로동길, 50110, 4849167, 0, 0, 106, 0, 월평동, 제주첨단꿈에그린3단지아파트, 747, 84.7938, 2024, 6, 11, 48500, 2, 50110-4387,  ,  , 중개거래, 제주 제주시, null,  , 개인, 개인, N, 2018, 126.576, 33.4514, Y, N, 2024-11-17 18:34:42, 2024-11-17 21:18:20, bad94a3870efc8e5cea1a38b9c538d25
2024-11-24 17:52:54 - <==        Row: 35775, 11600, 1, 50110, 1965, 6, 봉개4길, 50110, 4847731, 1, 0, 22, 0, 봉개동, 봉개갤럭시타운1차, 1965-6, 60.2425, 2024, 6, 11, 24500, 6, 50110-3855,  ,  , 중개거래, 제주 제주시, null,  , 개인, 개인, N, 2016, 126.593, 33.4891, Y, N, 2024-11-17 18:34:43, 2024-11-17 21:18:21, be9da004e009459f7f416b2e0b09fb1f
2024-11-24 17:52:54 - <==        Row: 35776, 13700, 1, 50110, 278, 2, 사장3길, 50110, 4847800, 0, 0, 32, 0, 연동, 제주연동한일베라체더퍼스트, 278-2, 83.6381, 2024, 6, 11, 59500, 5, 50110-5018,  ,  , 중개거래, 제주 제주시, null, 101동, 개인, 개인, N, 2023, 126.491, 33.4831, Y, N, 2024-11-17 18:34:43, 2024-11-17 21:18:21, 9a74f32fc9974232bde9aba8c23a6bb2
2024-11-24 17:52:54 - <==        Row: 35770, 13700, 1, 50110, 258, 0, 연동4길, 50110, 4848256, 1, 0, 36, 0, 연동, 연동뜨레모아, 258, 84.9044, 2024, 6, 9, 60500, 4, 50110-3849,  ,  , 중개거래, 제주 제주시, null,  , 개인, 개인, N, 2016, 126.487, 33.4827, Y, N, 2024-11-17 18:34:42, 2024-11-17 21:18:20, 86ae6f282f22fed95c9669a3adeb4871
2024-11-24 17:52:54 - <==        Row: 35777, 11100, 1, 50110, 9, 1, 동화로1길, 50110, 4847618, 1, 0, 39, 0, 화북일동, 화북주공2,3단지, 9-1, 59.93, 2024, 6, 9, 31600, 6, 50110-115,  ,  , 중개거래, 제주 제주시, null, 화북2아파트211, 개인, 개인, N, 1998, 126.577, 33.5209, Y, N, 2024-11-17 18:34:43, 2024-11-17 21:18:21, ad62b254df8c34d063057d72567394ad
2024-11-24 17:52:54 - <==        Row: 35768, 12300, 1, 50110, 537, 3, 우령서로, 50110, 3349159, 0, 0, 69, 0, 외도일동, 더그라벨, 537-3, 84.5244, 2024, 6, 8, 30000, 8, 50110-4060,  ,  , 중개거래, 제주 제주시, null,  , 개인, 개인, N, 2016, 126.427, 33.4862, Y, N, 2024-11-17 18:34:42, 2024-11-17 21:18:20, 6e296f2c7d4be8ec360fc26a76698b23
2024-11-24 17:52:54 - <==        Row: 35771, 10600, 1, 50110, 602, 1, 전농로9길, 50110, 4848649, 0, 0, 27, 0, 삼도이동, 아이린5차, 602-1, 84.72, 2024, 6, 8, 38500, 3, 50110-4466,  ,  , 중개거래, 제주 제주시, null,  , 개인, 개인, N, 2018, 126.52, 33.5068, Y, N, 2024-11-17 18:34:42, 2024-11-17 21:18:20, 4243796ec64e7b2c24c494d659c6dd46
2024-11-24 17:52:54 - <==        Row: 35759, 12200, 1, 50110, 3791, 1, 노형12길, 50110, 4849220, 1, 0, 24, 0, 노형동, 노형2차아이파크, 3791-1, 84.9071, 2024, 6, 6, 84500, 14, 50110-3609,  ,  , 중개거래, 제주 제주시, null, 201, 개인, 개인, N, 2014, 126.48, 33.483, Y, N, 2024-11-17 18:34:42, 2024-11-17 21:18:20, df338f13d21a41abf69154efd3a3a64c
2024-11-24 17:52:54 - <==        Row: 35781, 13700, 1, 50110, 300, 3, 삼무로11길, 50110, 4847821, 0, 0, 9, 0, 연동, 남해오네뜨, 300-3, 22.36, 2024, 6, 6, 13500, 9, 50110-4649,  ,  , 중개거래, 제주 제주시, null,  , 개인, 개인, N, 2019, 126.496, 33.4926, Y, N, 2024-11-17 18:34:43, 2024-11-17 21:18:21, f43c112e77dca3bec3605e1a2a81fc6c
2024-11-24 17:52:54 - <==        Row: 35784, 25924, 1, 50110, 4178, 0, 함덕5길, 50110, 4849054, 1, 0, 14, 0, 조천읍 함덕리, 천마에버하임오션, 4178, 60.7976, 2024, 6, 6, 30000, 6, 50110-4750,  ,  , 중개거래, 제주 제주시, null,  , 개인, 개인, N, 2021, 126.659, 33.5446, Y, N, 2024-11-17 18:34:43, 2024-11-17 21:18:21, a88063000c1c545f262f51472da15c92
2024-11-24 17:52:54 - <==        Row: 35785, 13100, 1, 50110, 548, 0, 화삼북로, 50110, 3349227, 2, 0, 136, 0, 도련이동, 제주삼화사랑으로부영1차, 548, 73.9049, 2024, 6, 6, 46400, 10, 50110-3421,  ,  , 중개거래, 제주 제주시, null, 106, 개인, 개인, N, 2013, 126.587, 33.5168, Y, N, 2024-11-17 18:34:43, 2024-11-17 21:18:21, 921b207e9d3f86bfce4ce59e202a9856
2024-11-24 17:52:54 - <==        Row: 35367, 13700, 1, 50110, 276, 3, 연동8길, 50110, 4848259, 0, 0, 28, 0, 연동, 청목더웰연동, 276-3, 17.6127, 2024, 6, 5, 8500, 3, 50110-4462,  ,  , 직거래,  , null,  , 개인, 개인, N, 2018, 126.49, 33.4835, Y, N, 2024-11-17 18:34:28, 2024-11-17 21:18:21, 103118d5af7209df94a4c6f3d8e66fad
2024-11-24 17:52:54 - <==        Row: 35709, 25023, 1, 50110, 1781, 2, 한림상로, 50110, 3349209, 0, 0, 218, 0, 한림읍 대림리, 한림대성유니크아파트2차, 1781-2, 82.51, 2024, 6, 5, 26000, 6, 50110-4250,  ,  , 중개거래, 제주 제주시, null,  , 개인, 개인, N, 2017, 126.269, 33.4179, Y, N, 2024-11-17 18:34:40, 2024-11-17 21:18:18, 64da581c559482e3718dbabc5c06902e
2024-11-24 17:52:54 - <==        Row: 35727, 11300, 1, 50110, 1583, 9, 선사로8길, 50110, 4847968, 0, 0, 61, 0, 삼양일동, 라오체블랙비치, 1583-9, 84.6909, 2024, 6, 5, 29000, 4, 50110-4391,  ,  , 중개거래, 제주 제주시, null,  , 개인, 개인, N, 2018, 126.591, 33.5284, Y, N, 2024-11-17 18:34:41, 2024-11-17 21:18:19, 3acd039d1647ef6f8a0ebc1cbad3254f
2024-11-24 17:52:54 - <==        Row: 35750, 13700, 1, 50110, 292, 53, 신대로14길, 50110, 4848088, 0, 0, 14, 0, 연동, e편한세상연동센트럴파크2단지, 292-53, 84.9418, 2024, 6, 5, 83800, 13, 50110-5015,  ,  , 중개거래, 제주 제주시, null, 201동, 개인, 개인, N, 2023, 126.495, 33.488, Y, N, 2024-11-17 18:34:42, 2024-11-17 21:18:20, d00999da29b695320d4e21c882d25ce2
2024-11-24 17:52:54 - <==        Row: 35778, 11100, 1, 50110, 10, 1, 동화로1길, 50110, 4847618, 1, 0, 11, 0, 화북일동, 화북주공1단지, 10-1, 84.6, 2024, 6, 5, 44400, 5, 50110-114,  ,  , 중개거래, 제주 제주시, null, 화북1아파트 109동, 개인, 개인, N, 1998, 126.575, 33.5207, Y, N, 2024-11-17 18:34:43, 2024-11-17 21:18:21, 2c90714da6517d88664c73bec91dc8a1
2024-11-24 17:52:54 - <==        Row: 35779, 25924, 1, 50110, 3052, 1, 신북로, 50110, 3349112, 0, 0, 460, 0, 조천읍 함덕리, 함덕해밀타운아파트, 3052-1, 84.82, 2024, 6, 5, 27800, 7, 50110-4386,  ,  , 중개거래, 제주 제주시, null,  , 개인, 개인, N, 2018, 126.66, 33.5436, Y, N, 2024-11-17 18:34:43, 2024-11-17 21:18:21, 5e804e0ab7fbdb6bdad3a711d161b257
2024-11-24 17:52:54 - <==        Row: 35636, 25340, 1, 50110, 167, 0, 하귀9길, 50110, 4848952, 1, 0, 45, 0, 애월읍 하귀1리, 제주하귀휴먼시아1단지, 167, 84.84, 2024, 6, 4, 44000, 11, 50110-3078,  ,  , 중개거래, 제주 제주시, null, 104, 개인, 개인, N, 2010, 126.417, 33.4837, Y, N, 2024-11-17 18:34:37, 2024-11-17 21:18:21, 3b61bff6ca32f493516f6784f2f6fcd6
2024-11-24 17:52:54 - <==        Row: 35702, 13700, 1, 50110, 251, 7, 연동1길, 50110, 4848254, 1, 0, 3, 0, 연동, 동서연동타워, 251-7, 36.2, 2024, 6, 4, 10500, 5, 50110-795,  ,  , 중개거래, 제주 제주시, null,  , 개인, 개인, N, 2005, 126.487, 33.4896, Y, N, 2024-11-17 18:34:40, 2024-11-17 21:18:18, 865c2f74c2bed5052afeb2b57e8b4729
2024-11-24 17:52:54 - <==        Row: 35306, 10200, 1, 50110, 160, 2, 고마로11길, 50110, 4847063, 0, 0, 37, 0, 일도이동, 스카이캐슬, 160-2, 84.46, 2024, 6, 4, 55000, 10, 50110-4855,  ,  , 직거래,  , null,  , 법인, 개인, N, 2022, 126.539, 33.5117, Y, N, 2024-11-17 18:34:26, 2024-11-17 21:18:19, 3d828ecf18bd3fab6e62e2aee803c4ce
2024-11-24 17:52:54 - <==        Row: 35729, 12900, 1, 50110, 800, 0, 오남로, 50110, 3349144, 3, 0, 7, 13, 도남동, 도남1차e-편한세상, 800, 103.488, 2024, 6, 3, 62000, 10, 50110-404,  ,  , 중개거래, 제주 제주시, null, 도남1차e-편한세상 103, 개인, 개인, N, 2005, 126.522, 33.4958, Y, N, 2024-11-17 18:34:41, 2024-11-17 21:18:19, 3ff7b4ac876f771e2c00210db2d46ffc
2024-11-24 17:52:54 - <==        Row: 35788, 10500, 1, 50110, 553, 2, 서광로21길, 50110, 4847887, 1, 0, 4, 6, 삼도일동, 에코빌리지Ⅲ, 553-2, 84.32, 2024, 6, 3, 36400, 11, 50110-3466,  ,  , 중개거래, 제주 제주시, null,  , 개인, 개인, N, 2013, 126.523, 33.5002, Y, N, 2024-11-17 18:34:43, 2024-11-17 21:18:21, 6607bb25018351829b506d8a91367c2f
2024-11-24 17:52:54 - <==        Row: 35667, 10200, 1, 50110, 408, 0, 천수로9길, 50110, 4848833, 1, 0, 10, 0, 일도이동, 서해1, 408, 84.15, 2024, 6, 2, 22800, 10, 50110-15,  ,  , 직거래,  , null,  , 개인, 개인, N, 1984, 126.543, 33.5054, Y, N, 2024-11-17 18:34:39, 2024-11-17 21:18:17, 826872427f38affa871e7bacd129782c
2024-11-24 17:52:54 - <==        Row: 35452, 13700, 1, 50110, 280, 24, 신대로8길, 50110, 4848100, 0, 0, 34, 0, 연동, 라이오니파크1차, 280-24, 42.3325, 2024, 6, 2, 19400, 2, 50110-4527,  ,  , 중개거래, 제주 제주시, null,  , 법인, 개인, N, 2018, 126.493, 33.4921, Y, N, 2024-11-17 18:34:31, 2024-11-17 21:18:21, 0173590bb672f06d1ce8e9480443e9da
2024-11-24 17:52:54 - <==        Row: 35780, 11200, 1, 50110, 116, 0, 화삼로, 50110, 4849184, 1, 0, 12, 0, 화북이동, 제주삼화사랑으로부영2차, 116, 84.8953, 2024, 6, 1, 56000, 7, 50110-3427,  ,  , 중개거래, 제주 제주시, null, 203, 개인, 개인, N, 2013, 126.574, 33.5139, Y, N, 2024-11-17 18:34:43, 2024-11-17 21:18:21, b8fa542901d772624822a82c526ab2ec
2024-11-24 17:52:54 - <==        Row: 35783, 12900, 1, 50110, 70, 0, 독짓골2길, 50110, 4847549, 1, 0, 26, 0, 도남동, 수선화(70)1차, 70, 53.89, 2024, 6, 1, 23000, 5, 50110-65,  ,  , 직거래,  , null, 수선화아파트 다, 개인, 개인, N, 1992, 126.53, 33.4897, Y, N, 2024-11-17 18:34:43, 2024-11-17 21:18:21, 74ebd38ce4d7462eb560730e45fecb1c
2024-11-24 17:52:54 - <==        Row: 35787, 25024, 1, 50110, 932, 3, 한림중앙로, 50110, 3349210, 1, 0, 61, 7, 한림읍 한림리, 삼영노블리안아파트2차, 932-3, 84.63, 2024, 6, 1, 27000, 7, 50110-3853,  ,  , 직거래,  , null,  , 개인, 개인, N, 2016, 126.267, 33.4101, Y, N, 2024-11-17 18:34:43, 2024-11-17 21:18:21, 04da3716d47fcc54ee65b7298b0510bb
2024-11-24 17:52:54 - <==        Row: 35789, 10200, 1, 50110, 417, 3, 고마로19길, 50110, 4847070, 1, 0, 18, 0, 일도이동, 서해2, 417-3, 153.387, 2024, 6, 1, 39000, 2, 50110-16,  ,  , 중개거래, 제주 제주시, null,  , 개인, 개인, N, 1989, 126.543, 33.5051, Y, N, 2024-11-17 18:34:43, 2024-11-17 21:18:21, 2205c350eb900c2012dd874548371ac9
2024-11-24 17:52:54 - <==        Row: 35594, 13700, 1, 50110, 261, 44, 신광로6길, 50110, 4848083, 1, , 13, 0, 연동, 제원1차, 261-44, 64.7, 2024, 5, 31, 42000, 2, 50110-271,  ,  , 직거래,  , null, 아, 개인, 개인, N, 1978, 126.489, 33.4878, Y, N, 2024-11-17 18:34:36, 2024-11-17 21:18:14, d7ed4d295fa682f9e02fac7646457da2
2024-11-24 17:52:54 - <==        Row: 35595, 13500, 1, 50110, 747, 0, 첨단로동길, 50110, 4849167, 0, 0, 106, 0, 월평동, 제주첨단꿈에그린3단지아파트, 747, 84.7938, 2024, 5, 31, 40000, 2, 50110-4387,  ,  , 직거래,  , null, 313동, 개인, 개인, N, 2018, 126.576, 33.4514, Y, N, 2024-11-17 18:34:36, 2024-11-17 21:18:14, 873ee9b32b76f9932599b8627dcee57f
2024-11-24 17:52:54 - <==        Row: 35559, 12300, 1, 50110, 560, 1, 우정로11길, 50110, 4848472, 1, 0, 22, 0, 외도일동, 외도부영1차, 560-1, 39.84, 2024, 5, 31, 16900, 8, 50110-374,  ,  , 중개거래, 제주 제주시, null, 105, 개인, 개인, N, 2000, 126.434, 33.4876, Y, N, 2024-11-17 18:34:35, 2024-11-17 21:18:12, 3107c28fbadccbe2663f2678d91e972c
2024-11-24 17:52:54 - <==        Row: 35561, 13700, 1, 50110, 1399, 0, 국기로, 50110, 3349025, 1, 0, 14, 0, 연동, 대림이편한세상1차, 1399, 59.953, 2024, 5, 31, 50000, 4, 50110-135,  ,  , 직거래,  , null, 103, 개인, 개인, N, 2001, 126.489, 33.4802, Y, N, 2024-11-17 18:34:35, 2024-11-17 21:18:12, 7324ab0cb54d0ed41e276af368f39915
2024-11-24 17:52:54 - <==        Row: 35567, 10300, 1, 50110, 1692, 2, 오현길, 50110, 4848350, 1, 0, 9, 0, 이도일동, 신세계에덴, 1692-2, 84.856, 2024, 5, 31, 26800, 6, 50110-33,  ,  , 중개거래, 제주 제주시, null,  , 개인, 개인, N, 1995, 126.527, 33.5064, Y, N, 2024-11-17 18:34:35, 2024-11-17 21:18:13, 51609b2172bcc5ad9672d059b51143a8
2024-11-24 17:52:54 - <==        Row: 35596, 11300, 1, 50110, 1577, 1, 선사로8길, 50110, 4847968, 1, 0, 87, 0, 삼양일동, 대유, 1577-1, 82.26, 2024, 5, 30, 12000, 2, 50110-121,  ,  , 중개거래, 제주 제주시, null,  , 개인, 개인, N, 1992, 126.593, 33.5299, Y, N, 2024-11-17 18:34:36, 2024-11-17 21:18:14, 798f4388abd323527ddbe766d78f2ca9
2024-11-24 17:52:54 - <==        Row: 35599, 10200, 1, 50110, 1046, 2, 삼성로5길, 50110, 4847838, 2, 0, 9, 0, 일도이동, 기산, 1046-2, 79.74, 2024, 5, 30, 24000, 5, 50110-2,  ,  , 중개거래, 제주 제주시, null, 101, 개인, 개인, N, 1997, 126.529, 33.5071, Y, N, 2024-11-17 18:34:36, 2024-11-17 21:18:14, 019fa39c66771e2875fa00d79f9b5893
2024-11-24 17:52:54 - <==        Row: 35571, 12200, 1, 50110, 3791, 1, 노형12길, 50110, 4849220, 1, 0, 24, 0, 노형동, 노형2차아이파크, 3791-1, 115.16, 2024, 5, 30, 95000, 2, 50110-3609,  ,  , 중개거래, 제주 제주시, null, 202, 개인, 개인, N, 2014, 126.48, 33.483, Y, N, 2024-11-17 18:34:35, 2024-11-17 21:18:13, 5d81feb075fb404c475f588a3e2f5452
2024-11-24 17:52:54 - <==        Row: 35589, 25921, 1, 50110, 1792, 7, 신북로, 50110, 3349112, 0, 0, 68, 0, 조천읍 신촌리, 에스디빌(103동), 1792-7, 84.42, 2024, 5, 29, 31300, 7, 50110-4033,  ,  , 중개거래, 제주 제주시, null,  , 개인, 개인, N, 2016, 126.621, 33.5341, Y, N, 2024-11-17 18:34:36, 2024-11-17 21:18:13, c6f5daf4a0689d9ac02258434251d449
2024-11-24 17:52:54 - <==        Row: 35560, 25341, 1, 50110, 1795, 1, 일주서로, 50110, 3349236, 0, 0, 7044, 0, 애월읍 하귀2리, 애월위너빌, 1795-1, 81.1941, 2024, 5, 28, 37000, 6, 50110-4623,  ,  , 중개거래, 제주 제주시, null,  , 개인, 개인, N, 2019, 126.402, 33.4824, Y, N, 2024-11-17 18:34:35, 2024-11-17 21:18:12, 2864134118f819d8844fd65cc0299c40
2024-11-24 17:52:54 - <==        Row: 35577, 13000, 1, 50110, 1911, 0, 화삼로, 50110, 4849184, 2, 0, 107, 0, 도련일동, 제주삼화사랑으로부영6차, 1911, 84.3616, 2024, 5, 28, 52800, 4, 50110-3596,  ,  , 중개거래, 제주 제주시, null, 603, 개인, 개인, N, 2013, 126.584, 33.5158, Y, N, 2024-11-17 18:34:35, 2024-11-17 21:18:13, 1e2ffcb3970648d970ad179ab16e8e7a
2024-11-24 17:52:54 - <==        Row: 35591, 25340, 1, 50110, 167, 0, 하귀9길, 50110, 4848952, 1, 0, 45, 0, 애월읍 하귀1리, 제주하귀휴먼시아1단지, 167, 84.97, 2024, 5, 27, 43600, 7, 50110-3078,  ,  , 중개거래, 제주 제주시, null, 101, 개인, 개인, N, 2010, 126.417, 33.4837, Y, N, 2024-11-17 18:34:36, 2024-11-17 21:18:14, e2aea8d9a293ded08f1bae24e21f5391
2024-11-24 17:52:54 - <==        Row: 35602, 12900, 1, 50110, 47, 10, 신성로4길, 50110, 4848133, 1, 0, 7, 0, 도남동, 도남일우, 47-10, 37.05, 2024, 5, 27, 7000, 1, 50110-58,  ,  , 중개거래, 제주 제주시, null,  , 개인, 개인, N, 1996, 126.524, 33.4956, Y, N, 2024-11-17 18:34:36, 2024-11-17 21:18:14, 1a9e1e0da8b4e7f318d2ae54ffd365a8
2024-11-24 17:52:54 - <==        Row: 35603, 10500, 1, 50110, 572, 15, 서광로18길, 50110, 4847884, 1, 0, 5, 19, 삼도일동, 금광아이빌, 572-15, 30.4213, 2024, 5, 27, 8500, 8, 50110-3264,  ,  , 직거래,  , null,  , 개인, 개인, N, 2012, 126.522, 33.4993, Y, N, 2024-11-17 18:34:36, 2024-11-17 21:18:14, f6bc4903db36d343125c2afbfee8d215
2024-11-24 17:52:54 - <==        Row: 35607, 11400, 1, 50110, 2142, 1, 지석2길, 50110, 4848794, 0, 0, 3, 0, 삼양이동, 삼화다온펠리스, 2142-1, 51.847, 2024, 5, 27, 20500, 10, 50110-4624,  ,  , 직거래,  , null,  , 개인, 개인, N, 2019, 126.579, 33.521, Y, N, 2024-11-17 18:34:36, 2024-11-17 21:18:14, fcb645f6941323475a1a10dfaede3300
2024-11-24 17:52:54 - <==        Row: 35568, 11400, 1, 50110, 2113, 6, 지석15길, 50110, 4848793, 1, 0, 30, 0, 삼양이동, 삼부비치, 2113-6, 66.98, 2024, 5, 26, 21600, 6, 50110-236,  ,  , 중개거래, 제주 제주시, null,  , 개인, 개인, N, 2003, 126.586, 33.524, Y, N, 2024-11-17 18:34:35, 2024-11-17 21:18:13, f643901d0c56270157c05978ac5d7f31
2024-11-24 17:52:54 - <==        Row: 35578, 12200, 1, 50110, 754, 4, 과원로, 50110, 3349013, 1, 0, 11, 0, 노형동, 부영2차, 754-4, 45.9078, 2024, 5, 26, 34900, 9, 50110-366,  ,  , 중개거래, 제주 제주시, null, 204, 개인, 개인, N, 2001, 126.485, 33.4765, Y, N, 2024-11-17 18:34:35, 2024-11-17 21:18:13, 2eddb5901befda8e2b14841307edd738
2024-11-24 17:52:54 - <==        Row: 35565, 12200, 1, 50110, 2512, 3, 수덕9길, 50110, 4848047, 1, 0, 72, 0, 노형동, 탐라빌, 2512-3, 59.58, 2024, 5, 25, 20000, 1, 50110-162,  ,  , 중개거래, 제주 제주시, null,  , 개인, 개인, N, 2001, 126.471, 33.4838, Y, N, 2024-11-17 18:34:35, 2024-11-17 21:18:13, 83ea3f6b93de91a180c0857839d1419e
2024-11-24 17:52:54 - <==        Row: 35610, 12000, 1, 50110, 1492, 0, 연사길, 50110, 4848276, 1, 0, 83, 20, 오라이동, 미듬아뜨리에, 1492, 59.6725, 2024, 5, 24, 24000, 2, 50110-3676,  ,  , 중개거래, 제주 제주시, null,  , 개인, 개인, N, 2014, 126.512, 33.4872, Y, N, 2024-11-17 18:34:37, 2024-11-17 21:18:14, 1eb5ceb19e54568e1c5c5b6142ff898d
2024-11-24 17:52:54 - <==        Row: 35558, 12900, 1, 50110, 47, 10, 신성로4길, 50110, 4848133, 1, 0, 7, 0, 도남동, 도남일우, 47-10, 37.05, 2024, 5, 24, 8900, 6, 50110-58,  ,  , 직거래,  , null,  , 개인, 개인, N, 1996, 126.524, 33.4956, Y, N, 2024-11-17 18:34:35, 2024-11-17 21:18:12, b201f62d33a7bb9361e98687d082c349
2024-11-24 17:52:54 - <==        Row: 35579, 12300, 1, 50110, 560, 1, 우정로11길, 50110, 4848472, 1, 0, 22, 0, 외도일동, 외도부영1차, 560-1, 59.933, 2024, 5, 24, 25100, 2, 50110-374,  ,  , 중개거래, 제주 제주시, null, 107, 개인, 개인, N, 2000, 126.434, 33.4876, Y, N, 2024-11-17 18:34:35, 2024-11-17 21:18:13, dfac66f963fd99a97f617f5555db13f9
2024-11-24 17:52:54 - <==        Row: 35585, 10600, 1, 50110, 632, 6, 서사로7길, 50110, 4847931, 1, 0, 1, 0, 삼도이동, 아이린, 632-6, 84.66, 2024, 5, 23, 33000, 10, 50110-3114,  ,  , 중개거래, 제주 제주시, null,  , 개인, 개인, N, 2011, 126.52, 33.5074, Y, N, 2024-11-17 18:34:36, 2024-11-17 21:18:13, 37cb6ed7c8f42245016fc28f4a5b62b8
2024-11-24 17:52:54 - <==        Row: 35601, 11700, 1, 50110, 6082, 3, 중앙로, 50110, 3349184, 6, 0, 578, 0, 아라일동, 아라원신, 6082-3, 121.925, 2024, 5, 23, 43000, 3, 50110-130,  ,  , 중개거래, 제주 제주시, null, 103, 개인, 개인, N, 1992, 126.544, 33.4715, Y, N, 2024-11-17 18:34:36, 2024-11-17 21:18:14, 2f426a905e1f04196eac67c6d597e378
2024-11-24 17:52:54 - <==        Row: 35618, 11400, 1, 50110, 2318, 0, 화삼로, 50110, 4849184, 4, 0, 167, 0, 삼양이동, 제주삼화사랑으로부영3차, 2318, 66.4409, 2024, 5, 23, 44100, 11, 50110-3536,  ,  , 직거래,  , null, 309, 개인, 개인, N, 2013, 126.585, 33.5192, Y, N, 2024-11-17 18:34:37, 2024-11-17 21:18:15, 52de774f29845b4dbad93409c22c3515
2024-11-24 17:52:54 - <==        Row: 35569, 13500, 1, 50110, 745, 0, 첨단로동길, 50110, 4849167, 0, 0, 74, 0, 월평동, 제주첨단꿈에그린2단지아파트, 745, 101.868, 2024, 5, 23, 58500, 5, 50110-4335,  ,  , 직거래,  , null, 214동, 개인, 개인, N, 2017, 126.576, 33.4542, Y, N, 2024-11-17 18:34:35, 2024-11-17 21:18:13, e26de3c60b87dd52b003249397f61f5d
2024-11-24 17:52:54 - <==        Row: 35620, 12300, 1, 50110, 529, 1, 우정로15길, 50110, 4848476, 0, 0, 48, 0, 외도일동, 해밀마루, 529-1, 47.71, 2024, 5, 22, 21500, 7, 50110-4554,  ,  , 중개거래, 제주 제주시, null,  , 개인, 개인, N, 2019, 126.433, 33.489, Y, N, 2024-11-17 18:34:37, 2024-11-17 21:18:15, e2d0538328c417f6d9c35873aa489c3f
2024-11-24 17:52:54 - <==        Row: 35562, 10200, 1, 50110, 113, 6, 남광로, 50110, 3349035, 1, 0, 223, 0, 일도이동, 일도우성2, 113-6, 86.15, 2024, 5, 22, 41000, 1, 50110-25,  ,  , 중개거래, 제주 제주시, null, 203, 개인, 개인, N, 1995, 126.551, 33.5041, Y, N, 2024-11-17 18:34:35, 2024-11-17 21:18:13, 16256be474e93f3a3b07c4329173dbfd
2024-11-24 17:52:54 - <==        Row: 35563, 25628, 1, 50110, 1323, 3, 구좌로, 50110, 3349023, 0, 0, 70, 0, 구좌읍 세화리, 이루안아파트, 1323-3, 84.48, 2024, 5, 22, 27000, 2, 50110-4005,  ,  , 중개거래, 제주 제주시, null,  , 개인, 개인, N, 2016, 126.858, 33.5218, Y, N, 2024-11-17 18:34:35, 2024-11-17 21:18:13, 15a84ba09cfea10b0fb4cf146a21e6b7
2024-11-24 17:52:54 - <==        Row: 35597, 12200, 1, 50110, 3791, 1, 노형12길, 50110, 4849220, 1, 0, 24, 0, 노형동, 노형2차아이파크, 3791-1, 84.9071, 2024, 5, 21, 84000, 11, 50110-3609,  ,  , 중개거래, 제주 제주시, null, 201, 개인, 개인, N, 2014, 126.48, 33.483, Y, N, 2024-11-17 18:34:36, 2024-11-17 21:18:14, 3825a4462c4bdeca9c6ea0a53e14f4be
2024-11-24 17:52:54 - <==        Row: 35572, 11000, 1, 50110, 505, 0, 용담로5길, 50110, 4848405, 1, 0, 25, 0, 용담삼동, 용두암현대1, 505, 83.55, 2024, 5, 21, 23500, 7, 50110-91,  ,  , 중개거래, 제주 제주시, null, 105, 개인, 개인, N, 1991, 126.508, 33.5161, Y, N, 2024-11-17 18:34:35, 2024-11-17 21:18:13, 2ebc793e87c6170616faad655628c7cf
2024-11-24 17:52:54 - <==        Row: 35586, 25031, 1, 50110, 1567, 1, 협재10길, 50110, 4849105, 1, 0, 18, 0, 한림읍 협재리, J블루오션, 1567-1, 59.79, 2024, 5, 20, 12000, 3, 50110-205,  ,  , 직거래,  , null,  , 개인, 개인, N, 1993, 126.247, 33.3977, Y, N, 2024-11-17 18:34:36, 2024-11-17 21:18:13, 3bdffaa72fe536843b64ad26fd62b6d3
2024-11-24 17:52:54 - <==        Row: 35608, 12200, 1, 50110, 1058, 1, 수덕로, 50110, 3349107, 1, 0, 25, 0, 노형동, 노형수선화, 1058-1, 59.9, 2024, 5, 20, 19500, 3, 50110-171,  ,  , 중개거래, 제주 제주시, null, 나, 개인, 개인, N, 1994, 126.474, 33.4874, Y, N, 2024-11-17 18:34:36, 2024-11-17 21:18:14, ca121dffd4e25160d66d90c0b51b1ab8
2024-11-24 17:52:54 - <==        Row: 35609, 12200, 1, 50110, 1273, 6, 남녕로, 50110, 3349036, 1, 0, 17, 0, 노형동, 연동, 1273-6, 78.39, 2024, 5, 20, 16200, 1, 50110-191,  ,  , 직거래,  , null, 가, 개인, 개인, N, 1991, 126.482, 33.4895, Y, N, 2024-11-17 18:34:37, 2024-11-17 21:18:14, 0fbe8739e5b377eaff59da0611684030
2024-11-24 17:52:54 - <==        Row: 35624, 13700, 1, 50110, 300, 3, 삼무로11길, 50110, 4847821, 0, 0, 9, 0, 연동, 남해오네뜨, 300-3, 22.36, 2024, 5, 20, 12000, 6, 50110-4649,  ,  , 중개거래, 제주 제주시, null,  , 개인, 개인, N, 2019, 126.496, 33.4926, Y, N, 2024-11-17 18:34:37, 2024-11-17 21:18:15, a85450168d33196dff600013ac2874ca
2024-11-24 17:52:54 - <==        Row: 35260, 12300, 1, 50110, 449, 1, 우정로, 50110, 3349160, 1, 0, 17, 0, 외도일동, 제웅1차솔내음빌리지, 449-1, 39.3, 2024, 5, 20, 9500, 5, 50110-3188,  ,  , 중개거래, 제주 제주시, null,  , 개인, 개인, N, 2011, 126.431, 33.4912, Y, N, 2024-11-17 18:34:24, 2024-11-17 21:18:15, d1e707d4fba9b5ba26d2ad15c208e414
2024-11-24 17:52:54 - <==        Row: 35556, 11200, 1, 50110, 116, 0, 화삼로, 50110, 4849184, 1, 0, 12, 0, 화북이동, 제주삼화사랑으로부영2차, 116, 84.3616, 2024, 5, 20, 57500, 12, 50110-3427,  ,  , 중개거래, 제주 제주시, null, 210, 개인, 개인, N, 2013, 126.574, 33.5139, Y, N, 2024-11-17 18:34:35, 2024-11-17 21:18:12, b63c865c5b4835b11b6d3e19386459c8
2024-11-24 17:52:54 - <==        Row: 35308, 12900, 1, 50110, 811, 0, 도남서길, 50110, 4847515, 1, 0, 14, 0, 도남동, 도남해모로리치힐아파트, 811, 74.976, 2024, 5, 20, 65500, 6, 50110-4601,  ,  , 중개거래, 제주 제주시, null, 108동, 개인, 개인, N, 2019, 126.524, 33.4932, Y, N, 2024-11-17 18:34:26, 2024-11-17 21:18:13, 88aae5891a8f13bebe0446b9c4a8bc1e
2024-11-24 17:52:54 - <==        Row: 35564, 13700, 1, 50110, 306, 0, 신대로, 50110, 3349111, 0, 0, 160, 0, 연동, 제주연동중흥S-클래스, 306, 74.4974, 2024, 5, 20, 39000, 12, 50110-4679,  ,  , 중개거래, 제주 제주시, null,  , 개인, 개인, N, 2020, 126.496, 33.4833, Y, N, 2024-11-17 18:34:35, 2024-11-17 21:18:13, c4e056907f78560f5e61c23ae189e16e
2024-11-24 17:52:54 - <==        Row: 35566, 13700, 1, 50110, 294, 80, 사장2길, 50110, 4847799, 0, 0, 4, 0, 연동, 까사빌4차, 294-80, 84.2396, 2024, 5, 20, 50000, 6, 50110-4786,  ,  , 직거래,  , null,  , 법인, 개인, N, 2022, 126.495, 33.4843, Y, N, 2024-11-17 18:34:35, 2024-11-17 21:18:13, 80f5aa6229d3889296ca4a588946e85b
2024-11-24 17:52:54 - <==        Row: 35574, 11200, 1, 50110, 116, 0, 화삼로, 50110, 4849184, 1, 0, 12, 0, 화북이동, 제주삼화사랑으로부영2차, 116, 84.3616, 2024, 5, 20, 57500, 12, 50110-3427, O, 24.07.24, 중개거래, 제주 제주시, null,  , 개인, 개인, N, 2013, 126.574, 33.5139, Y, N, 2024-11-17 18:34:35, 2024-11-17 21:18:13, a1fddedcd318c551bcf2cac4f857f227
2024-11-24 17:52:54 - <==        Row: 35580, 12300, 1, 50110, 560, 2, 우평로, 50110, 3349161, 2, 0, 318, 0, 외도일동, 부영(2차), 560-2, 84.9873, 2024, 5, 20, 42800, 3, 50110-375,  ,  , 중개거래, 제주 제주시, null, 부영아파트 209, 개인, 개인, N, 2001, 126.434, 33.485, Y, N, 2024-11-17 18:34:36, 2024-11-17 21:18:13, 898162db8ac6bd8f0fea22d14057632e
2024-11-24 17:52:54 - <==        Row: 35583, 12900, 1, 50110, 83, 56, 도남로, 50110, 3349051, 3, 0, 75, 1, 도남동, 도남신일, 83-56, 79.2496, 2024, 5, 20, 19000, 1, 50110-56,  ,  , 중개거래, 제주 제주시, null,  , 개인, 개인, N, 2000, 126.529, 33.4937, Y, N, 2024-11-17 18:34:36, 2024-11-17 21:18:13, d2afb223a97603c8f9e60c6c9468663d
2024-11-24 17:52:54 - <==        Row: 35614, 12600, 1, 50110, 116, 3, 대동길, 50110, 4847453, 1, 0, 17, 1, 이호이동, 대일, 116-3, 57.33, 2024, 5, 19, 11200, 4, 50110-203,  ,  , 직거래,  , null,  , 개인, 개인, N, 1992, 126.464, 33.4932, Y, N, 2024-11-17 18:34:37, 2024-11-17 21:18:14, abdc337d03c56d49c5281b4fa8700170
2024-11-24 17:52:54 - <==        Row: 35605, 12300, 1, 50110, 454, 10, 우령8길, 50110, 4848464, 0, 0, 14, 0, 외도일동, 외도제이힐, 454-10, 69.1938, 2024, 5, 17, 28000, 8, 50110-4514,  ,  , 직거래,  , null,  , 법인, 개인, N, 2018, 126.427, 33.4902, Y, N, 2024-11-17 18:34:36, 2024-11-17 21:18:14, 7796b41452a546db3d6c4875821602e9
2024-11-24 17:52:54 - <==        Row: 35516, 12900, 1, 50110, 811, 0, 도남서길, 50110, 4847515, 1, 0, 14, 0, 도남동, 도남해모로리치힐아파트, 811, 84.9753, 2024, 5, 17, 75000, 7, 50110-4601,  ,  , 중개거래, 제주 제주시, null, 105동, 개인, 법인, N, 2019, 126.524, 33.4932, Y, N, 2024-11-17 18:34:33, 2024-11-17 21:18:15, 8ae37a3898c193104d1f1c85933359f2
2024-11-24 17:52:54 - <==        Row: 35573, 10400, 1, 50110, 777, 0, 구남로, 50110, 3349021, 0, 0, 31, 0, 이도이동, 주공3, 777, 39.69, 2024, 5, 17, 39000, 1, 50110-46,  ,  , 중개거래, 제주 제주시, null, 301, 개인, 개인, N, 1989, 126.533, 33.4904, Y, N, 2024-11-17 18:34:35, 2024-11-17 21:18:13, 37063e32f3c5e378d5c7c1bd1bbb85ba
2024-11-24 17:52:54 - <==        Row: 35613, 13700, 1, 50110, 306, 0, 신대로, 50110, 3349111, 0, 0, 160, 0, 연동, 제주연동중흥S-클래스, 306, 38.9956, 2024, 5, 16, 22700, 6, 50110-4679,  ,  , 중개거래, 제주 제주시, null,  , 법인, 개인, N, 2020, 126.496, 33.4833, Y, N, 2024-11-17 18:34:37, 2024-11-17 21:18:14, 7c3ba4316aef30b26716164f7ad6bbca
2024-11-24 17:52:54 - <==        Row: 35617, 12300, 1, 50110, 492, 20, 우정로10길, 50110, 4848471, 1, 0, 29, 0, 외도일동, 더펠리스1차, 492-20, 84.6965, 2024, 5, 16, 33000, 5, 50110-3699,  ,  , 중개거래, 제주 제주시, null,  , 개인, 개인, N, 2014, 126.428, 33.4884, Y, N, 2024-11-17 18:34:37, 2024-11-17 21:18:15, 94a8520b2ee9b982f3891a03b05743fe
2024-11-24 17:52:54 - <==        Row: 35626, 13000, 1, 50110, 1910, 0, 화삼로, 50110, 4849184, 2, , 89, 0, 도련일동, 제주삼화사랑으로부영8차, 1910, 84.9933, 2024, 5, 16, 56900, 2, 50110-3971,  ,  , 중개거래, 제주 제주시, null, 801동, 개인, 개인, N, 2016, 126.582, 33.5155, Y, N, 2024-11-17 18:34:37, 2024-11-17 21:18:15, 1a54074c7f541ceb66e885055622d3cf
2024-11-24 17:52:54 - <==        Row: 35637, 13700, 1, 50110, 271, 19, 삼무로3길, 50110, 4847823, 1, 0, 41, 0, 연동, 해월루, 271-19, 28.3455, 2024, 5, 16, 8000, 2, 50110-3295,  ,  , 직거래,  , null,  , 개인, 개인, N, 2012, 126.491, 33.4903, Y, N, 2024-11-17 18:34:37, 2024-11-17 21:18:15, 13a039a8f3460b331e0766966266017b
2024-11-24 17:52:54 - <==        Row: 35606, 12200, 1, 50110, 754, 0, 과원북2길, 50110, 4847143, 1, 0, 12, 0, 노형동, 부영5차, 754, 84.9508, 2024, 5, 15, 67000, 7, 50110-364,  ,  , 중개거래, 제주 제주시, null, 502, 개인, 개인, N, 2001, 126.484, 33.4786, Y, N, 2024-11-17 18:34:36, 2024-11-17 21:18:14, 61781c08e0473ab184aa6d7df759ff94
2024-11-24 17:52:54 - <==        Row: 35641, 12300, 1, 50110, 560, 2, 우평로, 50110, 3349161, 2, 0, 318, 0, 외도일동, 부영(2차), 560-2, 84.9873, 2024, 5, 15, 44000, 8, 50110-375,  ,  , 중개거래, 제주 제주시, null, 부영아파트 209, 개인, 개인, N, 2001, 126.434, 33.485, Y, N, 2024-11-17 18:34:38, 2024-11-17 21:18:15, 3eb36ed66aad89fcde37394f8ce6d0c6
2024-11-24 17:52:54 - <==        Row: 35482, 12700, 1, 50110, 2619, 2, 도두항서7길, 50110, 4847523, 0, 0, 5, 10, 도두일동, 도두네오하임B, 2619-2, 83.34, 2024, 5, 15, 33000, 4, 50110-4222,  ,  , 중개거래, 제주 제주시, null,  , 법인, 개인, N, 2017, 126.464, 33.5038, Y, N, 2024-11-17 18:34:32, 2024-11-17 21:18:15, 8b7ee1b1837c5543c44452c3e4c467e7
2024-11-24 17:52:54 - <==        Row: 35587, 12200, 1, 50110, 754, 0, 과원북2길, 50110, 4847143, 1, 0, 12, 0, 노형동, 부영5차, 754, 84.9508, 2024, 5, 14, 61500, 1, 50110-364,  ,  , 중개거래, 제주 제주시, null, 501, 개인, 개인, N, 2001, 126.484, 33.4786, Y, N, 2024-11-17 18:34:36, 2024-11-17 21:18:13, f7c4801796dc9029dd23618e8799e4f5
2024-11-24 17:52:54 - <==        Row: 35592, 10300, 1, 50110, 1692, 2, 오현길, 50110, 4848350, 1, 0, 9, 0, 이도일동, 신세계에덴, 1692-2, 84.898, 2024, 5, 14, 23500, 5, 50110-33,  ,  , 중개거래, 제주 제주시, null,  , 개인, 개인, N, 1995, 126.527, 33.5064, Y, N, 2024-11-17 18:34:36, 2024-11-17 21:18:14, 7522c7e7cc44511c1f74e8e72f754168
2024-11-24 17:52:54 - <==        Row: 35621, 13700, 1, 50110, 280, 24, 신대로8길, 50110, 4848100, 0, 0, 34, 0, 연동, 라이오니파크1차, 280-24, 42.3325, 2024, 5, 14, 19500, 3, 50110-4527,  ,  , 중개거래, 제주 제주시, null,  , 법인, 개인, N, 2018, 126.493, 33.4921, Y, N, 2024-11-17 18:34:37, 2024-11-17 21:18:15, e7dd8872e2a1585fa37d1db47864f06e
2024-11-24 17:52:54 - <==        Row: 35638, 25341, 1, 50110, 1304, 3, 항몽로, 50110, 3349220, 1, 0, 48, 0, 애월읍 하귀2리, 아름아이빌, 1304-3, 84.87, 2024, 5, 14, 10500, 1, 50110-2921,  ,  , 직거래,  , null,  , 개인, 개인, N, 2006, 126.406, 33.4792, Y, N, 2024-11-17 18:34:38, 2024-11-17 21:18:15, ff6959839f68cf059f55233147e788f6
2024-11-24 17:52:54 - <==        Row: 35197, 10400, 1, 50110, 888, 0, 구남로7길, 50110, 4847233, 1, 0, 36, 0, 이도이동, 주공1, 888, 40.32, 2024, 5, 14, 47000, 3, 50110-44,  ,  , 중개거래, 제주 제주시, null, 111, 개인, 개인, N, 1985, 126.534, 33.4923, Y, N, 2024-11-17 18:34:21, 2024-11-17 21:18:14, d6dd26d27b153a891f8422bce29f2b77
2024-11-24 17:52:54 - <==        Row: 35635, 12200, 1, 50110, 732, 0, 원노형로, 50110, 3349162, 1, 0, 93, 0, 노형동, 부영1차, 732, 80.6583, 2024, 5, 13, 64300, 5, 50110-181, O, 24.06.07, 중개거래, 제주 제주시, null,  , 개인, 개인, N, 2001, 126.486, 33.4804, Y, N, 2024-11-17 18:34:37, 2024-11-17 21:18:15, 54e9ac954900546a2e0603869d17feb0
2024-11-24 17:52:54 - <==        Row: 35576, 12200, 1, 50110, 732, 0, 원노형로, 50110, 3349162, 1, 0, 93, 0, 노형동, 부영1차, 732, 80.6583, 2024, 5, 13, 64300, 5, 50110-181,  ,  , 중개거래, 제주 제주시, null, 105, 개인, 개인, N, 2001, 126.486, 33.4804, Y, N, 2024-11-17 18:34:35, 2024-11-17 21:18:13, 8f7baa035082f188352c71e80eac9d95
2024-11-24 17:52:54 - <==        Row: 35644, 12000, 1, 50110, 1492, 0, 연사길, 50110, 4848276, 1, 0, 83, 20, 오라이동, 미듬아뜨리에, 1492, 59.8575, 2024, 5, 12, 23500, 6, 50110-3676,  ,  , 중개거래, 제주 제주시, null,  , 개인, 개인, N, 2014, 126.512, 33.4872, Y, N, 2024-11-17 18:34:38, 2024-11-17 21:18:16, 1fca41762fc088215fce4eed33c55eca
2024-11-24 17:52:54 - <==        Row: 35646, 12300, 1, 50110, 476, 3, 우정로, 50110, 3349160, 1, 0, 37, 0, 외도일동, 체리티, 476-3, 74.56, 2024, 5, 12, 24900, 3, 50110-2886,  ,  , 중개거래, 제주 제주시, null,  , 개인, 개인, N, 2005, 126.431, 33.4895, Y, N, 2024-11-17 18:34:38, 2024-11-17 21:18:16, ba7d3712fcce707be04290eafa9b4ec6
2024-11-24 17:52:54 - <==        Row: 35413, 10200, 1, 50110, 46, 1, 연수로, 50110, 3349138, 0, 0, 40, 0, 일도이동, 혜성대유, 46-1, 59.82, 2024, 5, 12, 30000, 3, 50110-29,  ,  , 직거래,  , null, 104, 개인, 개인, N, 1995, 126.545, 33.5059, Y, N, 2024-11-17 18:34:29, 2024-11-17 21:18:13, 4bb6be87194247ed88267da26c75e42b
2024-11-24 17:52:54 - <==        Row: 35612, 13700, 1, 50110, 280, 24, 신대로8길, 50110, 4848100, 0, 0, 34, 0, 연동, 라이오니파크1차, 280-24, 77.8844, 2024, 5, 11, 35000, 6, 50110-4527,  ,  , 중개거래, 제주 제주시, null,  , 개인, 개인, N, 2018, 126.493, 33.4921, Y, N, 2024-11-17 18:34:37, 2024-11-17 21:18:14, 745ce2449427fb5ce6ec86caff1a447c
2024-11-24 17:52:54 - <==        Row: 35633, 25341, 1, 50110, 1437, 0, 항몽로, 50110, 3349220, 1, , 7, 0, 애월읍 하귀2리, 하귀코아루오션뷰, 1437, 78.9661, 2024, 5, 11, 38500, 7, 50110-4522,  ,  , 중개거래, 제주 제주시, null, 101동, 개인, 개인, N, 2018, 126.405, 33.4833, Y, N, 2024-11-17 18:34:37, 2024-11-17 21:18:15, 3e86059076116c548d692c3b7cad7ef8
2024-11-24 17:52:54 - <==        Row: 35648, 12200, 1, 50110, 2527, 5, 정존3길, 50110, 4848678, 1, 0, 34, 0, 노형동, 세기7차, 2527-5, 59.83, 2024, 5, 11, 19400, 4, 50110-170,  ,  , 중개거래, 제주 제주시, null,  , 개인, 개인, N, 1996, 126.472, 33.4844, Y, N, 2024-11-17 18:34:38, 2024-11-17 21:18:16, 982e3ecbdb0689d35d77eec2532112af
2024-11-24 17:52:54 - <==        Row: 35649, 12300, 1, 50110, 640, 1, 우령서로, 50110, 3349159, 1, 0, 87, 0, 외도일동, 해마루풍경102동, 640-1, 51.8065, 2024, 5, 11, 20500, 3, 50110-3588,  ,  , 중개거래, 제주 제주시, null,  , 개인, 개인, N, 2013, 126.427, 33.4847, Y, N, 2024-11-17 18:34:38, 2024-11-17 21:18:16, dd83f53d031ec631df50c1e42914c9b8
2024-11-24 17:52:54 - <==        Row: 35557, 13100, 1, 50110, 548, 0, 화삼북로, 50110, 3349227, 2, 0, 136, 0, 도련이동, 제주삼화사랑으로부영1차, 548, 73.9049, 2024, 5, 11, 41400, 1, 50110-3421,  ,  , 중개거래, 제주 제주시, null, 104, 개인, 개인, N, 2013, 126.587, 33.5168, Y, N, 2024-11-17 18:34:35, 2024-11-17 21:18:12, 398d3d3247acbe1e2e71a2a0cbb3a73b
2024-11-24 17:52:54 - <==        Row: 35575, 13100, 1, 50110, 548, 0, 화삼북로, 50110, 3349227, 2, 0, 136, 0, 도련이동, 제주삼화사랑으로부영1차, 548, 73.9049, 2024, 5, 11, 41400, 1, 50110-3421, O, 24.07.01, 중개거래, 제주 제주시, null,  , 개인, 개인, N, 2013, 126.587, 33.5168, Y, N, 2024-11-17 18:34:35, 2024-11-17 21:18:13, 54b6644b022be2394b4da9b3f0e6a20c
2024-11-24 17:52:54 - <==        Row: 35616, 13700, 1, 50110, 271, 19, 삼무로3길, 50110, 4847823, 1, 0, 41, 0, 연동, 해월루, 271-19, 19.6895, 2024, 5, 10, 6500, 2, 50110-3295,  ,  , 직거래,  , null,  , 개인, 개인, N, 2012, 126.491, 33.4903, Y, N, 2024-11-17 18:34:37, 2024-11-17 21:18:15, cf04eaeb2694b955d6b0bb2197a21f71
2024-11-24 17:52:54 - <==        Row: 35622, 11600, 1, 50110, 1537, 1, 중산간동로, 50110, 3349238, 0, 0, 14, 0, 봉개동, SM상명예다움, 1537-1, 84.92, 2024, 5, 10, 28000, 3, 50110-4196,  ,  , 중개거래, 제주 제주시, null,  , 개인, 개인, N, 2017, 126.599, 33.4892, Y, N, 2024-11-17 18:34:37, 2024-11-17 21:18:15, 95ace112448b4a7648e5917de53e614d
2024-11-24 17:52:54 - <==        Row: 35628, 13000, 1, 50110, 1911, 0, 화삼로, 50110, 4849184, 2, 0, 107, 0, 도련일동, 제주삼화사랑으로부영6차, 1911, 84.3616, 2024, 5, 10, 50000, 3, 50110-3596,  ,  , 직거래,  , null, 601, 법인, 개인, N, 2013, 126.584, 33.5158, Y, N, 2024-11-17 18:34:37, 2024-11-17 21:18:15, aef66744424922defbc48cf079412242
2024-11-24 17:52:54 - <==        Row: 35650, 11400, 1, 50110, 2113, 6, 지석15길, 50110, 4848793, 1, 0, 30, 0, 삼양이동, 삼부비치, 2113-6, 66.98, 2024, 5, 10, 16000, 9, 50110-236,  ,  , 직거래,  , null,  , 개인, 개인, N, 2003, 126.586, 33.524, Y, N, 2024-11-17 18:34:38, 2024-11-17 21:18:16, f2beaaae084ab98d0b89cf965792047a
2024-11-24 17:52:54 - <==        Row: 35651, 11400, 1, 50110, 2142, 4, 일주동로, 50110, 3349235, 5, 0, 322, 0, 삼양이동, 다연, 2142-4, 82.049, 2024, 5, 10, 31500, 10, 50110-804,  ,  , 중개거래, 제주 제주시, null,  , 개인, 개인, N, 2005, 126.579, 33.5211, Y, N, 2024-11-17 18:34:38, 2024-11-17 21:18:16, 1295cd7a762710f4a0511f7ed5ae4e7d
2024-11-24 17:52:54 - <==        Row: 35584, 25334, 1, 50110, 1622, 0, 애원로, 50110, 3349128, 0, 0, 11, 0, 애월읍 애월리, 혁승애월다움, 1622, 83.6878, 2024, 5, 9, 23500, 4, 50110-4294, O, 24.06.05, 직거래,  , null,  , 개인, 개인, N, 2017, 126.321, 33.4634, Y, N, 2024-11-17 18:34:36, 2024-11-17 21:18:13, c7e9916d990bb0cabec95602b2e27921
2024-11-24 17:52:54 - <==        Row: 35611, 25334, 1, 50110, 1622, 0, 애원로, 50110, 3349128, 0, 0, 11, 0, 애월읍 애월리, 혁승애월다움, 1622, 83.6878, 2024, 5, 9, 23500, 4, 50110-4294,  ,  , 직거래,  , null,  , 개인, 개인, N, 2017, 126.321, 33.4634, Y, N, 2024-11-17 18:34:37, 2024-11-17 21:18:14, 9a61ad092b149595f47b1ca04321d79d
2024-11-24 17:52:54 - <==        Row: 35639, 13500, 1, 50110, 747, 0, 첨단로동길, 50110, 4849167, 0, 0, 106, 0, 월평동, 제주첨단꿈에그린3단지아파트, 747, 101.868, 2024, 5, 9, 59400, 3, 50110-4387,  ,  , 직거래,  , null, 312동, 개인, 개인, N, 2018, 126.576, 33.4514, Y, N, 2024-11-17 18:34:38, 2024-11-17 21:18:15, 51f989ca4d5afd4448269dec9db31c93
2024-11-24 17:52:54 - <==        Row: 35647, 13500, 1, 50110, 745, 0, 첨단로동길, 50110, 4849167, 0, 0, 74, 0, 월평동, 제주첨단꿈에그린2단지아파트, 745, 84.7938, 2024, 5, 9, 52000, 6, 50110-4335,  ,  , 중개거래, 제주 제주시, null, 203동, 개인, 개인, N, 2017, 126.576, 33.4542, Y, N, 2024-11-17 18:34:38, 2024-11-17 21:18:16, 05e24b761eeaec6bf81bc27addf4c292
2024-11-24 17:52:54 - <==        Row: 35653, 13500, 1, 50110, 747, 0, 첨단로동길, 50110, 4849167, 0, 0, 106, 0, 월평동, 제주첨단꿈에그린3단지아파트, 747, 84.7938, 2024, 5, 8, 48000, 3, 50110-4387,  ,  , 직거래,  , null, 311동, 개인, 개인, N, 2018, 126.576, 33.4514, Y, N, 2024-11-17 18:34:38, 2024-11-17 21:18:16, 199553d5db9da8ef828de7e1476ec89a
2024-11-24 17:52:54 - <==        Row: 35625, 13700, 1, 50110, 2325, 6, 도령로, 50110, 3349052, 3, 0, 95, 0, 연동, 타워프로빌, 2325-6, 84.94, 2024, 5, 7, 43000, 17, 50110-3056,  ,  , 중개거래, 제주 제주시, null,  , 개인, 개인, N, 2010, 126.488, 33.4912, Y, N, 2024-11-17 18:34:37, 2024-11-17 21:18:15, ec95016a267fce23399fd87d90bf7876
2024-11-24 17:52:54 - <==        Row: 35630, 12200, 1, 50110, 1066, 2, 다랑곶1길, 50110, 4847430, 1, 0, 16, 0, 노형동, 세기6차, 1066-2, 59.93, 2024, 5, 7, 22500, 1, 50110-189,  ,  , 중개거래, 제주 제주시, null,  , 개인, 개인, N, 1995, 126.478, 33.4882, Y, N, 2024-11-17 18:34:37, 2024-11-17 21:18:15, cd1cb49c189a3f744d2abce195358c92
2024-11-24 17:52:54 - <==        Row: 35634, 12200, 1, 50110, 2585, 1, 광평동로, 50110, 3349020, 1, 0, 66, 0, 노형동, 중흥에스클래스(미리내마을), 2585-1, 149.842, 2024, 5, 7, 90000, 6, 50110-2910,  ,  , 중개거래, 제주 제주시, null, 107, 개인, 개인, N, 2006, 126.468, 33.4851, Y, N, 2024-11-17 18:34:37, 2024-11-17 21:18:15, fdbaa901d4859751d59f89c3c9a5338b
2024-11-24 17:52:54 - <==        Row: 35654, 12300, 1, 50110, 400, 1, 우령서로, 50110, 3349159, 0, 0, 1, 0, 외도일동, 외도휴안2차, 400-1, 56.778, 2024, 5, 7, 24700, 4, 50110-4102,  ,  , 중개거래, 제주 제주시, null,  , 개인, 개인, N, 2017, 126.426, 33.4923, Y, N, 2024-11-17 18:34:38, 2024-11-17 21:18:16, 0bf9cedd9cad9e0e882f11cfaa832e0c
2024-11-24 17:52:54 - <==        Row: 35657, 10800, 1, 50110, 240, 4, 용담로18길, 50110, 4848398, 1, 0, 11, 0, 용담일동, 보성, 240-4, 67.31, 2024, 5, 7, 12000, 4, 50110-84,  ,  , 직거래,  , null,  , 개인, 개인, N, 1990, 126.514, 33.5088, Y, N, 2024-11-17 18:34:38, 2024-11-17 21:18:16, 3b5e606cf5cc8b6a0df49ed6dd010ea6
2024-11-24 17:52:54 - <==        Row: 35658, 10600, 1, 50110, 1241, 7, 남성로26길, 50110, 4847380, 1, 0, 39, 0, 삼도이동, 세일파크빌, 1241-7, 30.02, 2024, 5, 7, 12000, 5, 50110-3368,  ,  , 직거래,  , null,  , 개인, 개인, N, 2012, 126.525, 33.5063, Y, N, 2024-11-17 18:34:38, 2024-11-17 21:18:16, 28f445040e75bd19380f150da3f465fd
2024-11-24 17:52:54 - <==        Row: 35659, 25340, 1, 50110, 167, 0, 하귀9길, 50110, 4848952, 1, 0, 45, 0, 애월읍 하귀1리, 제주하귀휴먼시아1단지, 167, 84.72, 2024, 5, 7, 41900, 4, 50110-3078,  ,  , 직거래,  , null, 106, 개인, 개인, N, 2010, 126.417, 33.4837, Y, N, 2024-11-17 18:34:38, 2024-11-17 21:18:16, 9262c164cdd2f093bf9946a464f22357
2024-11-24 17:52:54 - <==        Row: 35275, 25340, 1, 50110, 166, 1, 하귀9길, 50110, 4848952, 1, 0, 71, 0, 애월읍 하귀1리, 제주하귀휴먼시아2단지, 166-1, 84.85, 2024, 5, 7, 42000, 6, 50110-3077,  ,  , 중개거래, 제주 제주시, null, 202, 개인, 개인, N, 2010, 126.415, 33.4812, Y, N, 2024-11-17 18:34:24, 2024-11-17 21:18:15, a18690ebfb82fba88e9d08b893fb79cf
2024-11-24 17:52:54 - <==        Row: 35643, 25924, 1, 50110, 4178, 0, 함덕5길, 50110, 4849054, 1, 0, 14, 0, 조천읍 함덕리, 천마에버하임오션, 4178, 77.9131, 2024, 5, 6, 37000, 3, 50110-4750,  ,  , 직거래,  , null,  , 법인, 개인, N, 2021, 126.659, 33.5446, Y, N, 2024-11-17 18:34:38, 2024-11-17 21:18:16, 71d43abfb4d3f41a8250a69e1451c740
2024-11-24 17:52:54 - <==        Row: 35619, 25921, 1, 50110, 1934, 0, 신북로, 50110, 3349112, 0, 0, 97, 0, 조천읍 신촌리, 다온팰리스아파트, 1934, 63.68, 2024, 5, 5, 21000, 2, 50110-4226,  ,  , 직거래,  , null, 에이동, 개인, 개인, N, 2017, 126.624, 33.5364, Y, N, 2024-11-17 18:34:37, 2024-11-17 21:18:15, 4ff384e7f35d6ec787eafaa2175299ca
2024-11-24 17:52:54 - <==        Row: 35660, 12200, 1, 50110, 2526, 3, 수덕5길, 50110, 4848045, 1, 0, 66, 0, 노형동, 지산9차위더스빌, 2526-3, 59.0275, 2024, 5, 4, 20000, 9, 50110-371,  ,  , 중개거래, 제주 제주시, null,  , 개인, 개인, N, 2004, 126.473, 33.4836, Y, N, 2024-11-17 18:34:38, 2024-11-17 21:18:16, 414fe1caae847a18927176ca5304cbe5
2024-11-24 17:52:54 - <==        Row: 35598, 13700, 1, 50110, 2326, 1, 도령로13길, 50110, 4847541, 1, 0, 9, 0, 연동, 제주베스트빌라, 2326-1, 181.66, 2024, 5, 3, 43000, 8, 50110-154,  ,  , 직거래,  , null,  , 개인, 개인, N, 2001, 126.488, 33.4923, Y, N, 2024-11-17 18:34:36, 2024-11-17 21:18:14, ddb8d3c480eda63702427433523e0389
2024-11-24 17:52:54 - <==        Row: 35600, 12900, 1, 50110, 46, 1, 신성로4길, 50110, 4848133, 1, 0, 2, 0, 도남동, 도남성원3, 46-1, 59.875, 2024, 5, 3, 18000, 6, 50110-54,  ,  , 중개거래, 제주 제주시, null,  , 개인, 개인, N, 1996, 126.523, 33.4961, Y, N, 2024-11-17 18:34:36, 2024-11-17 21:18:14, 7e0d6af22bb5443c3dd66f52dd990a2e
2024-11-24 17:52:54 - <==        Row: 35662, 25340, 1, 50110, 167, 0, 하귀9길, 50110, 4848952, 1, 0, 45, 0, 애월읍 하귀1리, 제주하귀휴먼시아1단지, 167, 84.72, 2024, 5, 3, 43200, 2, 50110-3078,  ,  , 중개거래, 제주 제주시, null, 105, 개인, 개인, N, 2010, 126.417, 33.4837, Y, N, 2024-11-17 18:34:38, 2024-11-17 21:18:16, 10cefd4a71263e0e84b0c80ce803c4e2
2024-11-24 17:52:54 - <==        Row: 35652, 10500, 1, 50110, 565, 18, 삼오길, 50110, 4847841, 0, 0, 21, 0, 삼도일동, 골든타워1차, 565-18, 84.925, 2024, 5, 2, 35800, 4, 50110-3995,  ,  , 중개거래, 제주 제주시, null,  , 개인, 개인, N, 2016, 126.519, 33.4994, Y, N, 2024-11-17 18:34:38, 2024-11-17 21:18:16, fbc4b1c41ce54b6cb6b2649a6a156ce3
2024-11-24 17:52:54 - <==        Row: 35661, 12300, 1, 50110, 640, 1, 우령서로, 50110, 3349159, 1, 0, 87, 0, 외도일동, 해마루풍경102동, 640-1, 54.4914, 2024, 5, 2, 21500, 2, 50110-3588,  ,  , 중개거래, 제주 제주시, null,  , 개인, 개인, N, 2013, 126.427, 33.4847, Y, N, 2024-11-17 18:34:38, 2024-11-17 21:18:16, 04b74de57ed79fc3177bb63abd68c57b
2024-11-24 17:52:54 - <==        Row: 35664, 12200, 1, 50110, 732, 0, 원노형로, 50110, 3349162, 1, 0, 93, 0, 노형동, 부영1차, 732, 80.6583, 2024, 5, 2, 65000, 5, 50110-181, O, 24.06.03, 중개거래, 제주 제주시, null,  , 개인, 개인, N, 2001, 126.486, 33.4804, Y, N, 2024-11-17 18:34:38, 2024-11-17 21:18:16, 8663787ffce3eed3ebd8558b331509d6
2024-11-24 17:52:54 - <==        Row: 35581, 12200, 1, 50110, 732, 0, 원노형로, 50110, 3349162, 1, 0, 93, 0, 노형동, 부영1차, 732, 80.6583, 2024, 5, 2, 65000, 5, 50110-181,  ,  , 중개거래, 제주 제주시, null, 102, 개인, 개인, N, 2001, 126.486, 33.4804, Y, N, 2024-11-17 18:34:36, 2024-11-17 21:18:14, 0802e36c2bfb6e1e545ce7b3299a18c1
2024-11-24 17:52:54 - <==        Row: 35632, 13700, 1, 50110, 2324, 1, 성신로1길, 50110, 4847993, 1, 0, 14, 0, 연동, 도원스카이타워빌, 2324-1, 83.65, 2024, 5, 1, 29500, 4, 50110-2898,  ,  , 중개거래, 제주 제주시, null,  , 개인, 개인, N, 2005, 126.487, 33.4912, Y, N, 2024-11-17 18:34:37, 2024-11-17 21:18:15, e6fbf1dc7cbf31b683aba62fa80ef06d
2024-11-24 17:52:54 - <==        Row: 35655, 12300, 1, 50110, 560, 1, 우정로11길, 50110, 4848472, 1, 0, 22, 0, 외도일동, 외도부영1차, 560-1, 59.933, 2024, 5, 1, 26500, 7, 50110-374,  ,  , 중개거래, 제주 제주시, null, 107, 개인, 개인, N, 2000, 126.434, 33.4876, Y, N, 2024-11-17 18:34:38, 2024-11-17 21:18:16, 8c8627a200ae1570803b6453eb4e7404
2024-11-24 17:52:54 - <==        Row: 35663, 11400, 1, 50110, 2333, 0, 화삼로, 50110, 4849184, 4, 0, 166, 0, 삼양이동, 제주삼화사랑으로부영5차, 2333, 66.4409, 2024, 5, 1, 47250, 8, 50110-3571,  ,  , 중개거래, 제주 제주시, null, 501, 개인, 개인, N, 2013, 126.586, 33.5193, Y, N, 2024-11-17 18:34:38, 2024-11-17 21:18:16, 7a0c15c3f65fc24b98eebd14179e43c2
2024-11-24 17:52:54 - <==        Row: 35420, 12200, 1, 50110, 2585, 2, 수덕로, 50110, 3349107, 1, 0, 78, 0, 노형동, 노형이-편한세상, 2585-2, 125.659, 2024, 4, 30, 96000, 11, 50110-2884,  ,  , 중개거래, 제주 제주시, null, 104동, 개인, 개인, N, 2005, 126.47, 33.4852, Y, N, 2024-11-17 18:34:30, 2024-11-17 21:18:07, 9a1faaa0f59758284029ecd3398daa1c
2024-11-24 17:52:54 - <==        Row: 35423, 12200, 1, 50110, 2585, 2, 수덕로, 50110, 3349107, 1, 0, 78, 0, 노형동, 노형이-편한세상, 2585-2, 125.659, 2024, 4, 30, 93000, 3, 50110-2884,  ,  , 중개거래, 제주 제주시, null, 101동, 개인, 개인, N, 2005, 126.47, 33.4852, Y, N, 2024-11-17 18:34:30, 2024-11-17 21:18:07, 742ecc8579d473521c00090be0ff4678
2024-11-24 17:52:54 - <==        Row: 35429, 12300, 1, 50110, 560, 2, 우평로, 50110, 3349161, 2, 0, 318, 0, 외도일동, 부영(2차), 560-2, 84.9873, 2024, 4, 30, 40500, 9, 50110-375,  ,  , 중개거래, 제주 제주시, null, 부영아파트 201, 개인, 개인, N, 2001, 126.434, 33.485, Y, N, 2024-11-17 18:34:30, 2024-11-17 21:18:07, 45d6ed78d0dea750d73e0959c12d7114
2024-11-24 17:52:54 - <==        Row: 35445, 13700, 1, 50110, 271, 19, 삼무로3길, 50110, 4847823, 1, 0, 41, 0, 연동, 해월루, 271-19, 21.138, 2024, 4, 30, 5500, 2, 50110-3295,  ,  , 직거래,  , null,  , 개인, 개인, N, 2012, 126.491, 33.4903, Y, N, 2024-11-17 18:34:31, 2024-11-17 21:18:08, c9dc7c02c6b3818fcf683775a4e26df9
2024-11-24 17:52:54 - <==        Row: 35449, 10200, 1, 50110, 113, 7, 남광로, 50110, 3349035, 0, , 181, 0, 일도이동, 대유대림아파트, 113-7, 84.945, 2024, 4, 30, 49000, 5, 50110-6,  ,  , 직거래,  , null, 제주대유대림아파트 307, 개인, 개인, N, 1997, 126.552, 33.5031, Y, N, 2024-11-17 18:34:31, 2024-11-17 21:18:08, 46631fba2e302f70f095b463b569bd42
2024-11-24 17:52:54 - <==        Row: 35458, 12900, 1, 50110, 50, 6, 도남로10길, 50110, 4847501, 1, 0, 35, 10, 도남동, 성원1, 50-6, 54.61, 2024, 4, 30, 13500, 4, 50110-309,  ,  , 중개거래, 제주 제주시, null,  , 개인, 개인, N, 1993, 126.524, 33.4937, Y, N, 2024-11-17 18:34:31, 2024-11-17 21:18:08, 865ee352d09adb88559c9cadd2a9ce15
2024-11-24 17:52:54 - <==        Row: 35459, 10400, 1, 50110, 1956, 0, 신설로, 50110, 3349115, 1, 0, 55, 0, 이도이동, 이도한일베라체, 1956, 106.46, 2024, 4, 30, 85000, 4, 50110-3101,  ,  , 중개거래, 제주 제주시, null, 109, 개인, 개인, N, 2011, 126.548, 33.4932, Y, N, 2024-11-17 18:34:31, 2024-11-17 21:18:08, af49f9c454a8d68a93eef899650290bf
2024-11-24 17:52:54 - <==        Row: 35421, 11400, 1, 50110, 2333, 0, 화삼로, 50110, 4849184, 4, 0, 166, 0, 삼양이동, 제주삼화사랑으로부영5차, 2333, 84.3616, 2024, 4, 29, 51000, 12, 50110-3571,  ,  , 직거래,  , null, 510, 개인, 개인, N, 2013, 126.586, 33.5193, Y, N, 2024-11-17 18:34:30, 2024-11-17 21:18:07, 7efc64df8d40c808a789419b0179ce75
2024-11-24 17:52:54 - <==        Row: 35433, 13700, 1, 50110, 261, 44, 신광로6길, 50110, 4848083, 1, , 13, 0, 연동, 제원1차, 261-44, 64.7, 2024, 4, 29, 42000, 3, 50110-271,  ,  , 중개거래, 제주 제주시, null, 아, 개인, 개인, N, 1978, 126.489, 33.4878, Y, N, 2024-11-17 18:34:30, 2024-11-17 21:18:07, 6395a64e0d148603bd5e23c36e58e057
2024-11-24 17:52:54 - <==        Row: 35437, 13700, 1, 50110, 277, 5, 신대로20길, 50110, 4848094, 1, 0, 45, 0, 연동, 제웅솔내음, 277-5, 34.7636, 2024, 4, 29, 11000, 7, 50110-3323,  ,  , 중개거래, 제주 제주시, null,  , 개인, 개인, N, 2012, 126.492, 33.4836, Y, N, 2024-11-17 18:34:30, 2024-11-17 21:18:07, 599ddb28c1227105c45ec9dfa67a6266
2024-11-24 17:52:54 - <==        Row: 35441, 25924, 1, 50110, 2872, 1, 함덕6길, 50110, 4849055, 0, 0, 39, 0, 조천읍 함덕리, 함덕천마에코피아, 2872-1, 44.6269, 2024, 4, 29, 16200, 2, 50110-4367,  ,  , 중개거래, 제주 제주시, null,  , 개인, 개인, N, 2018, 126.661, 33.5398, Y, N, 2024-11-17 18:34:31, 2024-11-17 21:18:08, 23b6a22cb4712a7d0780c8d4e99c68a9
2024-11-24 17:52:54 - <==        Row: 35460, 13500, 1, 50110, 747, 0, 첨단로동길, 50110, 4849167, 0, 0, 106, 0, 월평동, 제주첨단꿈에그린3단지아파트, 747, 97.8898, 2024, 4, 29, 51000, 1, 50110-4387,  ,  , 직거래,  , null, 315동, 개인, 개인, N, 2018, 126.576, 33.4514, Y, N, 2024-11-17 18:34:31, 2024-11-17 21:18:08, 87bdfb8744bcbb9c5fdccbd984158329
2024-11-24 17:52:54 - <==        Row: 35422, 10400, 1, 50110, 888, 0, 구남로7길, 50110, 4847233, 1, 0, 36, 0, 이도이동, 주공1, 888, 59.3, 2024, 4, 28, 71000, 2, 50110-44,  ,  , 직거래,  , null, 101, 개인, 개인, N, 1985, 126.534, 33.4923, Y, N, 2024-11-17 18:34:30, 2024-11-17 21:18:07, 454b39cc8c9e9ccbca9936436f17e4c9
2024-11-24 17:52:54 - <==        Row: 35419, 12000, 1, 50110, 1373, 1, 연사길, 50110, 4848276, 1, 0, 60, 0, 오라이동, 회성푸르니3차, 1373-1, 84.785, 2024, 4, 27, 36000, 3, 50110-3503,  ,  , 중개거래, 제주 제주시, null,  , 개인, 개인, N, 2013, 126.513, 33.4893, Y, N, 2024-11-17 18:34:30, 2024-11-17 21:18:07, d578f0247341ddf445c14ae095ece99f
2024-11-24 17:52:54 - <==        Row: 35464, 12000, 1, 50110, 1373, 1, 연사길, 50110, 4848276, 1, 0, 60, 0, 오라이동, 회성푸르니3차, 1373-1, 84.785, 2024, 4, 27, 36000, 3, 50110-3503, O, 24.06.02, 중개거래, 제주 제주시, null,  , 개인, 개인, N, 2013, 126.513, 33.4893, Y, N, 2024-11-17 18:34:31, 2024-11-17 21:18:09, f62838308be45fe401a130466a0fc614
2024-11-24 17:52:54 - <==        Row: 35467, 12300, 1, 50110, 449, 1, 우정로, 50110, 3349160, 1, 0, 17, 0, 외도일동, 제웅1차솔내음빌리지, 449-1, 39.3, 2024, 4, 27, 10500, 8, 50110-3188,  ,  , 중개거래, 제주 제주시, null,  , 개인, 개인, N, 2011, 126.431, 33.4912, Y, N, 2024-11-17 18:34:31, 2024-11-17 21:18:09, 2598bcbacf2b38681e10526b58bae7e2
2024-11-24 17:52:54 - <==        Row: 35468, 12000, 1, 50110, 1373, 1, 연사길, 50110, 4848276, 1, 0, 60, 0, 오라이동, 회성푸르니3차, 1373-1, 84.785, 2024, 4, 27, 36000, 3, 50110-3503, O, 24.04.29, 중개거래, 제주 제주시, null,  , 개인, 개인, N, 2013, 126.513, 33.4893, Y, N, 2024-11-17 18:34:31, 2024-11-17 21:18:09, ca9bcd193245c68770fb96c3ff2b5bc1
2024-11-24 17:52:54 - <==        Row: 35469, 12300, 1, 50110, 496, 1, 우정로10길, 50110, 4848471, 0, 0, 19, 0, 외도일동, 아름지운아파트, 496-1, 76.0397, 2024, 4, 27, 26200, 7, 50110-4031,  ,  , 중개거래, 제주 제주시, null,  , 개인, 개인, N, 2016, 126.429, 33.4886, Y, N, 2024-11-17 18:34:31, 2024-11-17 21:18:09, 1e656a9b5d4e1cd881bc0fd04aa1818e
2024-11-24 17:52:54 - <==        Row: 35434, 12200, 1, 50110, 1066, 2, 다랑곶1길, 50110, 4847430, 1, 0, 16, 0, 노형동, 세기6차, 1066-2, 59.96, 2024, 4, 26, 19500, 3, 50110-189,  ,  , 직거래,  , null,  , 개인, 개인, N, 1995, 126.478, 33.4882, Y, N, 2024-11-17 18:34:30, 2024-11-17 21:18:07, fe33a89ae8f8fc89054969ef20d59c9e
2024-11-24 17:52:54 - <==        Row: 35456, 12300, 1, 50110, 400, 1, 우령서로, 50110, 3349159, 0, 0, 1, 0, 외도일동, 외도휴안2차, 400-1, 56.778, 2024, 4, 26, 24300, 6, 50110-4102,  ,  , 중개거래, 제주 제주시, null,  , 개인, 개인, N, 2017, 126.426, 33.4923, Y, N, 2024-11-17 18:34:31, 2024-11-17 21:18:08, 140e5f395041ed259e60cb97c939cf42
2024-11-24 17:52:54 - <==        Row: 35461, 12000, 1, 50110, 1477, 0, 연사3길, 50110, 4848273, 1, 0, 14, 0, 오라이동, 오라뜨래별, 1477, 84.13, 2024, 4, 26, 38000, 2, 50110-3603,  ,  , 중개거래, 제주 제주시, null, 101, 개인, 개인, N, 2014, 126.512, 33.4877, Y, N, 2024-11-17 18:34:31, 2024-11-17 21:18:08, 004e6ed1df25a3d17a857ce4cd419c52
2024-11-24 17:52:54 - <==        Row: 35470, 12300, 1, 50110, 560, 2, 우평로, 50110, 3349161, 2, 0, 318, 0, 외도일동, 부영(2차), 560-2, 84.9873, 2024, 4, 26, 38900, 1, 50110-375,  ,  , 중개거래, 제주 제주시, null, 부영아파트 205, 개인, 개인, N, 2001, 126.434, 33.485, Y, N, 2024-11-17 18:34:31, 2024-11-17 21:18:09, 120474deeff5768edf0b23f2ad65418f
2024-11-24 17:52:54 - <==        Row: 35474, 10300, 1, 50110, 1664, 4, 광양4길, 50110, 4847209, 1, 0, 22, 0, 이도일동, 광양미화, 1664-4, 84.46, 2024, 4, 26, 17000, 5, 50110-30,  ,  , 직거래,  , null, 가, 개인, 개인, N, 1991, 126.526, 33.5014, Y, N, 2024-11-17 18:34:32, 2024-11-17 21:18:09, 1f9a38363d9d18d89ad2ab954b0d67b5
2024-11-24 17:52:54 - <==        Row: 35424, 10200, 1, 50110, 46, 0, 천수로, 50110, 3349190, 1, 0, 92, 0, 일도이동, 일도2차신천지, 46, 59.98, 2024, 4, 25, 27980, 4, 50110-23,  ,  , 중개거래, 제주 제주시, null, 201, 개인, 개인, N, 1994, 126.546, 33.5061, Y, N, 2024-11-17 18:34:30, 2024-11-17 21:18:07, b7c12427b5ae0837fec11c0fdad6fe81
2024-11-24 17:52:54 - <==        Row: 35432, 10300, 1, 50110, 1549, 9, 중앙로17길, 50110, 4848765, 0, 0, 20, 0, 이도일동, 이도네오하임, 1549-9, 82.61, 2024, 4, 25, 31500, 3, 50110-4245,  ,  , 중개거래, 제주 제주시, null,  , 법인, 개인, N, 2017, 126.526, 33.5094, Y, N, 2024-11-17 18:34:30, 2024-11-17 21:18:07, 13a5aba815609937cce4ada412230b7a
2024-11-24 17:52:54 - <==        Row: 35425, 11700, 1, 50110, 6121, 0, 인다1길, 50110, 4848607, 1, 0, 20, 0, 아라일동, 아라아이파크, 6121, 84.9813, 2024, 4, 24, 76000, 7, 50110-3553,  ,  , 중개거래, 제주 제주시, null, 101, 개인, 개인, N, 2013, 126.55, 33.4776, Y, N, 2024-11-17 18:34:30, 2024-11-17 21:18:09, 9d4b5a7efbfc421db541c290ff9b7cb5
2024-11-24 17:52:54 - <==        Row: 35450, 13700, 1, 50110, 280, 24, 신대로8길, 50110, 4848100, 0, 0, 34, 0, 연동, 라이오니파크1차, 280-24, 42.8039, 2024, 4, 24, 20500, 3, 50110-4527,  ,  , 중개거래, 제주 제주시, null,  , 법인, 개인, N, 2018, 126.493, 33.4921, Y, N, 2024-11-17 18:34:31, 2024-11-17 21:18:08, 938b58541cee432d94a74a7124a0d303
2024-11-24 17:52:54 - <==        Row: 35471, 11700, 1, 50110, 6121, 0, 인다1길, 50110, 4848607, 1, 0, 20, 0, 아라일동, 아라아이파크, 6121, 84.9813, 2024, 4, 24, 76000, 7, 50110-3553, O, 24.04.26, 중개거래, 제주 제주시, null,  , 개인, 개인, N, 2013, 126.55, 33.4776, Y, N, 2024-11-17 18:34:32, 2024-11-17 21:18:09, bc23dab28a816c510b1343d3683efd7f
2024-11-24 17:52:54 - <==        Row: 35475, 12200, 1, 50110, 753, 1, 한라대학로, 50110, 4849157, 1, 0, 107, 0, 노형동, 중흥에스클래스, 753-1, 84.9963, 2024, 4, 24, 63500, 7, 50110-201,  ,  , 중개거래, 제주 제주시, null, 101, 개인, 개인, N, 2002, 126.481, 33.4773, Y, N, 2024-11-17 18:34:32, 2024-11-17 21:18:09, 444c66259bb4d01ce8f3de718f2fb71e
2024-11-24 17:52:54 - <==        Row: 35440, 12900, 1, 50110, 811, 0, 도남서길, 50110, 4847515, 1, 0, 14, 0, 도남동, 도남해모로리치힐아파트, 811, 84.9908, 2024, 4, 23, 73700, 8, 50110-4601,  ,  , 중개거래, 제주 제주시, null,  , 개인, 개인, N, 2019, 126.524, 33.4932, Y, N, 2024-11-17 18:34:30, 2024-11-17 21:18:08, 7dd7bfd8cb7254a29dc95e2a1b6c8cd2
2024-11-24 17:52:54 - <==        Row: 35485, 11100, 1, 50110, 1932, 9, 진남로2길, 50110, 4848808, 1, 0, 38, 0, 화북일동, 삼부, 1932-9, 69.74, 2024, 4, 23, 12300, 4, 50110-107,  ,  , 중개거래, 제주 제주시, null,  , 개인, 개인, N, 1992, 126.564, 33.5222, Y, N, 2024-11-17 18:34:32, 2024-11-17 21:18:09, d08a613143d1b8d73418ab9900b33c5f
2024-11-24 17:52:54 - <==        Row: 35488, 10200, 1, 50110, 408, 0, 천수로9길, 50110, 4848833, 1, 0, 10, 0, 일도이동, 서해1, 408, 84.15, 2024, 4, 23, 25000, 2, 50110-15,  ,  , 중개거래, 제주 제주시, null,  , 개인, 개인, N, 1984, 126.543, 33.5054, Y, N, 2024-11-17 18:34:32, 2024-11-17 21:18:09, 95580f339ac6faa0f2f667fcd69d5498
2024-11-24 17:52:54 - <==        Row: 35489, 13700, 1, 50110, 275, 6, 신대로20길, 50110, 4848094, 1, 0, 46, 0, 연동, 연동가나휘닉스1, 275-6, 84.933, 2024, 4, 23, 39100, 6, 50110-3201,  ,  , 중개거래, 제주 서귀포시, null, 1, 개인, 개인, N, 2011, null, null, Y, N, 2024-11-17 18:34:32, 2024-11-17 21:18:09, ebbe991084e3571a882d51ae169f2267
2024-11-24 17:52:54 - <==        Row: 35428, 12000, 1, 50110, 1477, 0, 연사3길, 50110, 4848273, 1, 0, 14, 0, 오라이동, 오라뜨래별, 1477, 83.93, 2024, 4, 22, 39000, 4, 50110-3603,  ,  , 직거래,  , null, 102, 개인, 개인, N, 2014, 126.512, 33.4877, Y, N, 2024-11-17 18:34:30, 2024-11-17 21:18:07, cfe22f4d93fcdbec58d19e1ef7bac0f9
2024-11-24 17:52:54 - <==        Row: 35446, 10200, 1, 50110, 113, 3, 태성로, 50110, 3349199, 1, 0, 23, 0, 일도이동, 일도성환, 113-3, 59.965, 2024, 4, 22, 27000, 4, 50110-18,  ,  , 중개거래, 제주 제주시, null, 101, 개인, 개인, N, 1995, 126.549, 33.5014, Y, N, 2024-11-17 18:34:31, 2024-11-17 21:18:08, c40d8e33aa219f2f87c22cd932bc87c8
2024-11-24 17:52:54 - <==        Row: 35495, 25924, 1, 50110, 4168, 0, 함덕30길, 50110, 4849052, 1, 0, 27, 0, 조천읍 함덕리, 광명샤인빌, 4168, 59.2517, 2024, 4, 22, 22400, 2, 50110-2908,  ,  , 중개거래, 제주 제주시, null, 105, 개인, 개인, N, 2006, 126.677, 33.538, Y, N, 2024-11-17 18:34:32, 2024-11-17 21:18:10, 26f8494d935dff4e3a17fbd141700bd3
2024-11-24 17:52:54 - <==        Row: 35496, 13000, 1, 50110, 2873, 0, 도련3길, 50110, 4847527, 0, , 5, 4, 도련일동, 도련영도갤럭시타운, 2873, 78.8063, 2024, 4, 22, 33700, 2, 50110-4680,  ,  , 중개거래, 제주 제주시, null,  , 개인, 개인, N, 2020, 126.586, 33.5075, Y, N, 2024-11-17 18:34:32, 2024-11-17 21:18:10, 903f8f7bb76cb3460e3549e2fbf8c576
2024-11-24 17:52:54 - <==        Row: 35499, 12200, 1, 50110, 2527, 5, 정존3길, 50110, 4848678, 1, 0, 34, 0, 노형동, 세기7차, 2527-5, 59.83, 2024, 4, 22, 19000, 5, 50110-170,  ,  , 중개거래, 제주 제주시, null,  , 개인, 개인, N, 1996, 126.472, 33.4844, Y, N, 2024-11-17 18:34:33, 2024-11-17 21:18:10, 8b44d30c53c94e3a077d7b0eec01bf58
2024-11-24 17:52:54 - <==        Row: 35447, 12200, 1, 50110, 754, 4, 과원로, 50110, 3349013, 1, 0, 11, 0, 노형동, 부영2차, 754-4, 45.9078, 2024, 4, 21, 30000, 9, 50110-366,  ,  , 직거래,  , null, 205, 개인, 개인, N, 2001, 126.485, 33.4765, Y, N, 2024-11-17 18:34:31, 2024-11-17 21:18:08, fd4b3759f9dfbd1209300854ecd6d25f
2024-11-24 17:52:54 - <==        Row: 35473, 11700, 1, 50110, 6088, 0, 아란9길, 50110, 4848203, 1, 0, 22, 0, 아라일동, 아라스위첸, 6088, 101.999, 2024, 4, 21, 83000, 5, 50110-3408,  ,  , 중개거래, 제주 제주시, null, 103, 개인, 개인, N, 2012, 126.542, 33.4741, Y, N, 2024-11-17 18:34:32, 2024-11-17 21:18:09, a4618f4991f29d62183f7ae8e79213ee
2024-11-24 17:52:54 - <==        Row: 35504, 13700, 1, 50110, 276, 3, 연동8길, 50110, 4848259, 0, 0, 28, 0, 연동, 청목더웰연동, 276-3, 17.6127, 2024, 4, 21, 7950, 10, 50110-4462,  ,  , 중개거래, 제주 제주시, null,  , 개인, 개인, N, 2018, 126.49, 33.4835, Y, N, 2024-11-17 18:34:33, 2024-11-17 21:18:10, 266a5016e09809a852f4dac417c9178c
2024-11-24 17:52:54 - <==        Row: 35462, 12200, 1, 50110, 732, 0, 원노형로, 50110, 3349162, 1, 0, 93, 0, 노형동, 부영1차, 732, 80.6583, 2024, 4, 20, 64000, 5, 50110-181,  ,  , 중개거래, 제주 제주시, null, 104, 개인, 개인, N, 2001, 126.486, 33.4804, Y, N, 2024-11-17 18:34:31, 2024-11-17 21:18:10, e478e58443247b7f40e7843f3bdb06e3
2024-11-24 17:52:54 - <==        Row: 35497, 11400, 1, 50110, 2318, 0, 화삼로, 50110, 4849184, 4, 0, 167, 0, 삼양이동, 제주삼화사랑으로부영3차, 2318, 66.4409, 2024, 4, 20, 45000, 12, 50110-3536,  ,  , 중개거래, 제주 제주시, null, 306, 법인, 개인, N, 2013, 126.585, 33.5192, Y, N, 2024-11-17 18:34:32, 2024-11-17 21:18:10, 5f7acc4d01bf642afe5d1e65863883ed
2024-11-24 17:52:54 - <==        Row: 35418, 11700, 1, 50110, 6088, 0, 아란9길, 50110, 4848203, 1, 0, 22, 0, 아라일동, 아라스위첸, 6088, 133.28, 2024, 4, 19, 101200, 13, 50110-3408,  ,  , 중개거래, 제주 제주시, null, 110, 개인, 개인, N, 2012, 126.542, 33.4741, Y, N, 2024-11-17 18:34:30, 2024-11-17 21:18:07, 3e8d18743cb97fa3af206b5952e26642
2024-11-24 17:52:54 - <==        Row: 35427, 10400, 1, 50110, 1061, 0, 가령로, 50110, 3349001, 1, 0, 72, 0, 이도이동, 태성리치빌, 1061, 84.7, 2024, 4, 19, 27000, 10, 50110-263,  ,  , 중개거래, 제주 제주시, null,  , 개인, 개인, N, 2004, 126.537, 33.4979, Y, N, 2024-11-17 18:34:30, 2024-11-17 21:18:07, 0a23987e2d15fecc565e1c57b6995b74
2024-11-24 17:52:54 - <==        Row: 35444, 10400, 1, 50110, 1956, 0, 신설로, 50110, 3349115, 1, 0, 55, 0, 이도이동, 이도한일베라체, 1956, 84.5, 2024, 4, 19, 68000, 5, 50110-3101,  ,  , 중개거래, 제주 제주시, null, 105, 개인, 개인, N, 2011, 126.548, 33.4932, Y, N, 2024-11-17 18:34:31, 2024-11-17 21:18:08, 4ece5f55068eb182630e85b4b084c484
2024-11-24 17:52:54 - <==        Row: 35481, 13700, 1, 50110, 262, 31, 신광로8길, 50110, 4848084, 1, 0, 7, 0, 연동, 연동태림, 262-31, 84.92, 2024, 4, 19, 32000, 8, 50110-2917,  ,  , 직거래,  , null, 연동태림아파트, 개인, 개인, N, 2006, 126.489, 33.4868, Y, N, 2024-11-17 18:34:32, 2024-11-17 21:18:09, d5ade84af0128bf9ceca5b34494cd182
2024-11-24 17:52:54 - <==        Row: 35490, 10400, 1, 50110, 324, 21, 가령골길, 50110, 4847003, 2, 0, 47, 0, 이도이동, 동인미노스빌, 324-21, 153.29, 2024, 4, 19, 34500, 2, 50110-241,  ,  , 중개거래, 제주 제주시, null,  , 개인, 개인, N, 2002, 126.539, 33.5031, Y, N, 2024-11-17 18:34:32, 2024-11-17 21:18:09, 582d36814b329ee9b67733d3249460a8
2024-11-24 17:52:54 - <==        Row: 35500, 11700, 1, 50110, 6088, 0, 아란9길, 50110, 4848203, 1, 0, 22, 0, 아라일동, 아라스위첸, 6088, 133.28, 2024, 4, 19, 101200, 13, 50110-3408, O, 24.08.09, 중개거래, 제주 제주시, null,  , 개인, 개인, N, 2012, 126.542, 33.4741, Y, N, 2024-11-17 18:34:33, 2024-11-17 21:18:10, f85634161adc4d7a50e5f74544475009
2024-11-24 17:52:54 - <==        Row: 35501, 11700, 1, 50110, 6121, 0, 인다1길, 50110, 4848607, 1, 0, 20, 0, 아라일동, 아라아이파크, 6121, 107.561, 2024, 4, 19, 88700, 9, 50110-3553,  ,  , 중개거래, 제주 제주시, null, 106, 법인, 개인, N, 2013, 126.55, 33.4776, Y, N, 2024-11-17 18:34:33, 2024-11-17 21:18:10, 91699d03a0a2b505d1920205e86cd19c
2024-11-24 17:52:54 - <==        Row: 35505, 11000, 1, 50110, 524, 0, 용담로1길, 50110, 4848400, 1, 0, 33, 0, 용담삼동, 용두암현대4, 524, 53.325, 2024, 4, 19, 14800, 7, 50110-92,  ,  , 중개거래, 제주 제주시, null, 용두암현대4차아파트, 개인, 개인, N, 1995, 126.507, 33.5159, Y, N, 2024-11-17 18:34:33, 2024-11-17 21:18:10, 328cb7d6b5d63c2146d316767af952c1
2024-11-24 17:52:54 - <==        Row: 35506, 11100, 1, 50110, 12, 1, 동화로1길, 50110, 4847618, 1, 0, 10, 0, 화북일동, 화북주공4단지, 12-1, 59.93, 2024, 4, 19, 34000, 1, 50110-118,  ,  , 중개거래, 제주 제주시, null, 402, 개인, 개인, N, 1998, 126.574, 33.518, Y, N, 2024-11-17 18:34:33, 2024-11-17 21:18:10, 499fbf3ec17f3cfa6d0077722b688ccc
2024-11-24 17:52:54 - <==        Row: 35431, 12200, 1, 50110, 2512, 3, 수덕9길, 50110, 4848047, 1, 0, 72, 0, 노형동, 탐라빌, 2512-3, 59.58, 2024, 4, 18, 23500, 5, 50110-162,  ,  , 중개거래, 제주 제주시, null,  , 개인, 개인, N, 2001, 126.471, 33.4838, Y, N, 2024-11-17 18:34:30, 2024-11-17 21:18:07, 06c0274a090b05c46685a0ae91c061bb
2024-11-24 17:52:54 - <==        Row: 35491, 11700, 1, 50110, 6075, 2, 아란12길, 50110, 4848191, 1, , 9, 0, 아라일동, 미화, 6075-2, 54.83, 2024, 4, 18, 17000, 7, 50110-129,  ,  , 중개거래, 제주 제주시, null, 2, 개인, 개인, N, 1993, 126.545, 33.47, Y, N, 2024-11-17 18:34:32, 2024-11-17 21:18:10, 9b01a3876cd9850b1d251cc7eb486a56
2024-11-24 17:52:54 - <==        Row: 35503, 12300, 1, 50110, 560, 1, 우정로11길, 50110, 4848472, 1, 0, 22, 0, 외도일동, 외도부영1차, 560-1, 59.933, 2024, 4, 18, 30000, 2, 50110-374,  ,  , 직거래,  , null, 105, 개인, 개인, N, 2000, 126.434, 33.4876, Y, N, 2024-11-17 18:34:33, 2024-11-17 21:18:10, 5e64454fb847ed8b024dcaae287f1962
2024-11-24 17:52:54 - <==        Row: 35511, 12300, 1, 50110, 529, 4, 우정로7길, 50110, 4848483, 1, 0, 24, 0, 외도일동, 외도에이스아크로빌2차, 529-4, 84.81, 2024, 4, 18, 31700, 10, 50110-3093,  ,  , 중개거래, 제주 제주시, null,  , 개인, 개인, N, 2010, 126.433, 33.489, Y, N, 2024-11-17 18:34:33, 2024-11-17 21:18:10, 47c0513744d27b6dca1344976231ca8d
2024-11-24 17:52:54 - <==        Row: 35513, 12700, 1, 50110, 2614, 0, 도두항서길, 50110, 4847524, 0, 0, 41, 0, 도두일동, 블루파크시티, 2614, 21.2369, 2024, 4, 18, 14000, 8, 50110-4472,  ,  , 직거래,  , null,  , 개인, 개인, N, 2018, 126.464, 33.506, Y, N, 2024-11-17 18:34:33, 2024-11-17 21:18:10, d23f3377ca6bb5c6ce931002261c5ec6
2024-11-24 17:52:54 - <==        Row: 35267, 12300, 1, 50110, 529, 1, 우정로15길, 50110, 4848476, 0, 0, 48, 0, 외도일동, 해밀마루, 529-1, 47.71, 2024, 4, 18, 20000, 9, 50110-4554,  ,  , 중개거래, 제주 제주시, null,  , 개인, 개인, N, 2019, 126.433, 33.489, Y, N, 2024-11-17 18:34:24, 2024-11-17 21:18:09, 75639acac1c6ed7e50d0efcae247c80d
2024-11-24 17:52:54 - <==        Row: 35454, 10200, 1, 50110, 113, 3, 태성로, 50110, 3349199, 1, 0, 23, 0, 일도이동, 일도성환, 113-3, 59.965, 2024, 4, 17, 29500, 1, 50110-18,  ,  , 중개거래, 제주 제주시, null, 104, 개인, 개인, N, 1995, 126.549, 33.5014, Y, N, 2024-11-17 18:34:31, 2024-11-17 21:18:08, b61b03c64fda32cdd3144feea57681d4
2024-11-24 17:52:54 - <==        Row: 35457, 13500, 1, 50110, 747, 0, 첨단로동길, 50110, 4849167, 0, 0, 106, 0, 월평동, 제주첨단꿈에그린3단지아파트, 747, 97.8898, 2024, 4, 17, 52300, 1, 50110-4387,  ,  , 중개거래, 제주 제주시, null, 313동, 개인, 개인, N, 2018, 126.576, 33.4514, Y, N, 2024-11-17 18:34:31, 2024-11-17 21:18:08, 56202983a9df97b08f1118eacfad9b1c
2024-11-24 17:52:54 - <==        Row: 35466, 25923, 1, 50110, 1361, 3, 조천14길, 50110, 4848718, 0, 0, 24, 0, 조천읍 조천리, 대진유토피아빌리지(3차), 1361-3, 46.955, 2024, 4, 17, 15000, 7, 50110-4164,  ,  , 직거래,  , null,  , 개인, 개인, N, 2017, 126.641, 33.5353, Y, N, 2024-11-17 18:34:31, 2024-11-17 21:18:09, ab264780e14766a312d9f8d6ab1caa53
2024-11-24 17:52:54 - <==        Row: 35476, 12300, 1, 50110, 450, 4, 절물2길, 50110, 4848653, 1, 0, 20, 0, 외도일동, 대원상록수9차, 450-4, 84.04, 2024, 4, 17, 27000, 8, 50110-3416,  ,  , 중개거래, 제주 제주시, null,  , 개인, 개인, N, 2013, 126.432, 33.4911, Y, N, 2024-11-17 18:34:32, 2024-11-17 21:18:09, 534644c4e054b569100bed659fe8727f
2024-11-24 17:52:54 - <==        Row: 35487, 25340, 1, 50110, 167, 0, 하귀9길, 50110, 4848952, 1, 0, 45, 0, 애월읍 하귀1리, 제주하귀휴먼시아1단지, 167, 84.84, 2024, 4, 17, 44000, 8, 50110-3078, O, 24.05.16, 중개거래, 제주 제주시, null,  , 개인, 개인, N, 2010, 126.417, 33.4837, Y, N, 2024-11-17 18:34:32, 2024-11-17 21:18:09, c809d2fb488d62e274204b18e64c8d16
2024-11-24 17:52:54 - <==        Row: 35523, 13700, 1, 50110, 279, 2, 신대로22길, 50110, 4848096, 1, 0, 40, 0, 연동, 벽강하이본타워, 279-2, 41.68, 2024, 4, 16, 12300, 10, 50110-156,  ,  , 중개거래, 제주 제주시, null,  , 개인, 개인, N, 2003, 126.491, 33.4826, Y, N, 2024-11-17 18:34:33, 2024-11-17 21:18:11, 5a5093dd8ed6ee4cf383ac57c8e98223
2024-11-24 17:52:54 - <==        Row: 35426, 10500, 1, 50110, 530, 0, 서사로, 50110, 3349092, 1, 0, 92, 0, 삼도일동, 제동해피죤, 530, 83.83, 2024, 4, 15, 27000, 2, 50110-256,  ,  , 중개거래, 제주 제주시, null,  , 개인, 개인, N, 2004, 126.519, 33.5042, Y, N, 2024-11-17 18:34:30, 2024-11-17 21:18:07, 0012c38c744b566ca273e5aa44ddeece
2024-11-24 17:52:54 - <==        Row: 35430, 10500, 1, 50110, 530, 0, 서사로, 50110, 3349092, 1, 0, 92, 0, 삼도일동, 제동해피죤, 530, 83.83, 2024, 4, 15, 27000, 2, 50110-256, O, 24.05.20, 중개거래, 제주 제주시, null,  , 개인, 개인, N, 2004, 126.519, 33.5042, Y, N, 2024-11-17 18:34:30, 2024-11-17 21:18:07, 63a8df781268ea15e86c881a535a3b79
2024-11-24 17:52:54 - <==        Row: 35438, 12300, 1, 50110, 426, 1, 도근내길, 50110, 4847500, 1, 0, 2, 0, 외도일동, 일우한란, 426-1, 58.68, 2024, 4, 15, 16600, 5, 50110-202,  ,  , 직거래,  , null, 102, 개인, 개인, N, 1993, 126.431, 33.4924, Y, N, 2024-11-17 18:34:30, 2024-11-17 21:18:08, a1121d98ea34939390f44f0a9ce76e89
2024-11-24 17:52:54 - <==        Row: 35480, 10700, 1, 50110, 940, 3, 만덕로3길, 50110, 4847631, 1, 0, 26, 0, 건입동, 현대, 940-3, 67.93, 2024, 4, 15, 24600, 6, 50110-98,  ,  , 중개거래, 제주 제주시, null, 106, 개인, 개인, N, 1993, 126.535, 33.5167, Y, N, 2024-11-17 18:34:32, 2024-11-17 21:18:09, 0d6097493036aa530ba1863569d19da7
2024-11-24 17:52:54 - <==        Row: 35521, 12200, 1, 50110, 2512, 3, 수덕9길, 50110, 4848047, 1, 0, 72, 0, 노형동, 탐라빌, 2512-3, 59.58, 2024, 4, 15, 25000, 6, 50110-162,  ,  , 중개거래, 제주 제주시, null,  , 개인, 개인, N, 2001, 126.471, 33.4838, Y, N, 2024-11-17 18:34:33, 2024-11-17 21:18:11, b1681054d31b47209386400d0635ddc0
2024-11-24 17:52:54 - <==        Row: 35494, 13700, 1, 50110, 279, 2, 신대로22길, 50110, 4848096, 1, 0, 40, 0, 연동, 벽강하이본타워, 279-2, 40.06, 2024, 4, 14, 15400, 8, 50110-156,  ,  , 직거래,  , null,  , 개인, 개인, N, 2003, 126.491, 33.4826, Y, N, 2024-11-17 18:34:32, 2024-11-17 21:18:10, 4d7b886ea5d48401bd6c99fe771e540e
2024-11-24 17:52:54 - <==        Row: 35451, 11700, 1, 50110, 6082, 3, 중앙로, 50110, 3349184, 6, 0, 578, 0, 아라일동, 아라원신, 6082-3, 84.84, 2024, 4, 13, 30500, 2, 50110-130,  ,  , 중개거래, 제주 제주시, null, 101, 개인, 개인, N, 1992, 126.544, 33.4715, Y, N, 2024-11-17 18:34:31, 2024-11-17 21:18:08, 55e6bf7693775fd39cd3e5df86e6a38e
2024-11-24 17:52:55 - <==        Row: 35520, 13700, 1, 50110, 300, 3, 삼무로11길, 50110, 4847821, 0, 0, 9, 0, 연동, 남해오네뜨, 300-3, 22.36, 2024, 4, 13, 13800, 10, 50110-4649,  ,  , 중개거래, 제주 제주시, null,  , 개인, 개인, N, 2019, 126.496, 33.4926, Y, N, 2024-11-17 18:34:33, 2024-11-17 21:18:11, 90e2d7aacca613b8a0743a723e3e872f
2024-11-24 17:52:55 - <==        Row: 35524, 25340, 1, 50110, 167, 0, 하귀9길, 50110, 4848952, 1, 0, 45, 0, 애월읍 하귀1리, 제주하귀휴먼시아1단지, 167, 84.97, 2024, 4, 13, 56900, 10, 50110-3078,  ,  , 중개거래, 제주 제주시, null, 109, 개인, 개인, N, 2010, 126.417, 33.4837, Y, N, 2024-11-17 18:34:33, 2024-11-17 21:18:11, 53f58ff6d7106570df1db76d82eeaa9c
2024-11-24 17:52:55 - <==        Row: 35455, 12700, 1, 50110, 2614, 0, 도두항서길, 50110, 4847524, 0, 0, 41, 0, 도두일동, 블루파크시티, 2614, 21.2369, 2024, 4, 12, 14300, 5, 50110-4472,  ,  , 중개거래, 제주 제주시, null,  , 법인, 법인, N, 2018, 126.464, 33.506, Y, N, 2024-11-17 18:34:31, 2024-11-17 21:18:08, f939723c6eea727c83f3dbe33a232139
2024-11-24 17:52:55 - <==        Row: 35526, 10200, 1, 50110, 417, 3, 고마로19길, 50110, 4847070, 1, 0, 18, 0, 일도이동, 서해2, 417-3, 129.86, 2024, 4, 12, 49000, 1, 50110-16,  ,  , 직거래,  , null,  , 개인, 개인, N, 1989, 126.543, 33.5051, Y, N, 2024-11-17 18:34:33, 2024-11-17 21:18:11, 92fd9722c8e8087e0ad10b469288169b
2024-11-24 17:52:55 - <==        Row: 35527, 13700, 1, 50110, 2333, 13, 일주서로, 50110, 3349236, 8, 0, 7898, 0, 연동, 갤럭시연동빌, 2333-13, 23.132, 2024, 4, 12, 6900, 7, 50110-3299,  ,  , 중개거래, 제주 제주시, null,  , 개인, 개인, N, 2012, 126.49, 33.4936, Y, N, 2024-11-17 18:34:34, 2024-11-17 21:18:11, 01828296954f1c70dc0bec8b0230a1b4
2024-11-24 17:52:55 - <==        Row: 35448, 12300, 1, 50110, 491, 6, 우정로8길, 50110, 4848484, 1, 0, 23, 0, 외도일동, 노블레스, 491-6, 141.95, 2024, 4, 11, 47000, 6, 50110-3473,  ,  , 중개거래, 제주 제주시, null,  , 개인, 개인, N, 2013, 126.429, 33.4891, Y, N, 2024-11-17 18:34:31, 2024-11-17 21:18:08, e683e62cd25c402f63e9ece14670a3fa
2024-11-24 17:52:55 - <==        Row: 35515, 11700, 1, 50110, 6121, 0, 인다1길, 50110, 4848607, 1, 0, 20, 0, 아라일동, 아라아이파크, 6121, 84.9813, 2024, 4, 11, 73700, 3, 50110-3553,  ,  , 중개거래, 제주 제주시, null, 101, 개인, 개인, N, 2013, 126.55, 33.4776, Y, N, 2024-11-17 18:34:33, 2024-11-17 21:18:10, e3f80878896750fa9c00f4f792ae5244
2024-11-24 17:52:55 - <==        Row: 35529, 13700, 1, 50110, 276, 3, 연동8길, 50110, 4848259, 0, 0, 28, 0, 연동, 청목더웰연동, 276-3, 17.6127, 2024, 4, 11, 12000, 12, 50110-4462,  ,  , 직거래,  , null,  , 개인, 개인, N, 2018, 126.49, 33.4835, Y, N, 2024-11-17 18:34:34, 2024-11-17 21:18:11, 55d98c20ad66b889a32d0447e113e881
2024-11-24 17:52:55 - <==        Row: 35439, 11200, 1, 50110, 5762, 0, 거로남4길, 50110, 4847023, 0, 0, 28, 0, 화북이동, 화북세원멤버스, 5762, 84.8055, 2024, 4, 10, 41700, 4, 50110-5028,  ,  , 중개거래, 제주 제주시, null,  , 법인, 개인, N, 2023, 126.561, 33.5077, Y, N, 2024-11-17 18:34:30, 2024-11-17 21:18:08, 136e0d45316afb8732e0cb5fa2b60d77
2024-11-24 17:52:55 - <==        Row: 35443, 13700, 1, 50110, 279, 2, 신대로22길, 50110, 4848096, 1, 0, 40, 0, 연동, 벽강하이본타워, 279-2, 40.06, 2024, 4, 10, 17500, 9, 50110-156,  ,  , 직거래,  , null,  , 개인, 개인, N, 2003, 126.491, 33.4826, Y, N, 2024-11-17 18:34:31, 2024-11-17 21:18:08, ce6e0e43af708ab1c4c670888398e340
2024-11-24 17:52:55 - <==        Row: 35492, 25340, 1, 50110, 167, 0, 하귀9길, 50110, 4848952, 1, 0, 45, 0, 애월읍 하귀1리, 제주하귀휴먼시아1단지, 167, 84.67, 2024, 4, 10, 40500, 3, 50110-3078,  ,  , 중개거래, 제주 제주시, null, 101, 개인, 개인, N, 2010, 126.417, 33.4837, Y, N, 2024-11-17 18:34:32, 2024-11-17 21:18:10, 3d1ebf1ec3478e84158297188377e47b
2024-11-24 17:52:55 - <==        Row: 35531, 10200, 1, 50110, 1046, 2, 삼성로5길, 50110, 4847838, 2, 0, 9, 0, 일도이동, 기산, 1046-2, 59.96, 2024, 4, 10, 22000, 7, 50110-2,  ,  , 중개거래, 제주 제주시, null,  , 개인, 개인, N, 1997, 126.529, 33.5071, Y, N, 2024-11-17 18:34:34, 2024-11-17 21:18:11, 247ef51b9a6bd40c65db4b381f62d325
2024-11-24 17:52:55 - <==        Row: 35517, 12300, 1, 50110, 463, 13, 우령6길, 50110, 4848463, 1, 0, 15, 5, 외도일동, 아모르102, 463-13, 49.9704, 2024, 4, 9, 15000, 4, 50110-3544,  ,  , 중개거래, 제주 제주시, null,  , 개인, 개인, N, 2013, 126.429, 33.4899, Y, N, 2024-11-17 18:34:33, 2024-11-17 21:18:10, ae5a88b67e6a9d166ae7d9d52bca8967
2024-11-24 17:52:55 - <==        Row: 35518, 12200, 1, 50110, 940, 7, 원노형로, 50110, 3349162, 1, 0, 35, 0, 노형동, 송우수자인, 940-7, 84.61, 2024, 4, 9, 43800, 6, 50110-3766,  ,  , 중개거래, 제주 제주시, null,  , 개인, 개인, N, 2015, 126.485, 33.4856, Y, N, 2024-11-17 18:34:33, 2024-11-17 21:18:11, 363db34fb87eb6c4708e57659efd7643
2024-11-24 17:52:55 - <==        Row: 35539, 10200, 1, 50110, 377, 9, 고마로, 50110, 3349007, 1, 0, 91, 0, 일도이동, 인제아파트, 377-9, 39.87, 2024, 4, 9, 16000, 1, 50110-26,  ,  , 직거래,  , null, (제1동), 개인, 개인, N, 1975, 126.541, 33.5064, Y, N, 2024-11-17 18:34:34, 2024-11-17 21:18:11, 72152728622b3921c10e8f4e3763f2e1
2024-11-24 17:52:55 - <==        Row: 35540, 13100, 1, 50110, 548, 0, 화삼북로, 50110, 3349227, 2, 0, 136, 0, 도련이동, 제주삼화사랑으로부영1차, 548, 84.3616, 2024, 4, 9, 50500, 2, 50110-3421,  ,  , 중개거래, 제주 제주시, null, 107, 개인, 개인, N, 2013, 126.587, 33.5168, Y, N, 2024-11-17 18:34:34, 2024-11-17 21:18:11, 10928e82ae043af374228aaae26f59a0
2024-11-24 17:52:55 - <==        Row: 35463, 11300, 1, 50110, 1583, 9, 선사로8길, 50110, 4847968, 0, 0, 61, 0, 삼양일동, 라오체블랙비치, 1583-9, 84.6909, 2024, 4, 8, 29800, 6, 50110-4391,  ,  , 중개거래, 제주 제주시, null,  , 개인, 개인, N, 2018, 126.591, 33.5284, Y, N, 2024-11-17 18:34:31, 2024-11-17 21:18:08, dc67bbb518ec7442cc1a2e88328b4acb
2024-11-24 17:52:55 - <==        Row: 35530, 25921, 1, 50110, 1934, 2, 신북로, 50110, 3349112, 1, 0, 97, 1, 조천읍 신촌리, 로잔팰리스, 1934-2, 83.521, 2024, 4, 8, 31500, 5, 50110-4360,  ,  , 중개거래, 제주 제주시, null,  , 개인, 개인, N, 2017, 126.624, 33.5361, Y, N, 2024-11-17 18:34:34, 2024-11-17 21:18:11, d46f2646d8ad00b56a4bf8c4e7ab923c
2024-11-24 17:52:55 - <==        Row: 35537, 12200, 1, 50110, 754, 4, 과원로, 50110, 3349013, 1, 0, 11, 0, 노형동, 부영2차, 754-4, 45.9078, 2024, 4, 8, 34000, 9, 50110-366,  ,  , 중개거래, 제주 제주시, null, 206, 개인, 개인, N, 2001, 126.485, 33.4765, Y, N, 2024-11-17 18:34:34, 2024-11-17 21:18:11, d2abf77ee6873ec07690bba4924a18ba
2024-11-24 17:52:55 - <==        Row: 35541, 10300, 1, 50110, 1784, 17, 광양6길, 50110, 4847210, 0, 0, 28, 0, 이도일동, 진용이지빌2차, 1784-17, 84.89, 2024, 4, 8, 28000, 4, 50110-4019,  ,  , 직거래,  , null, B, 개인, 개인, N, 2016, 126.526, 33.501, Y, N, 2024-11-17 18:34:34, 2024-11-17 21:18:11, b279c703d2f3a053d9885273c00cf8fd
2024-11-24 17:52:55 - <==        Row: 35542, 13700, 1, 50110, 2307, 4, 일주서로, 50110, 3349236, 0, 0, 7882, 0, 연동, 연동정한, 2307-4, 73.1, 2024, 4, 8, 18800, 7, 50110-151,  ,  , 중개거래, 제주 제주시, null, 가, 개인, 개인, N, 1992, 126.489, 33.4934, Y, N, 2024-11-17 18:34:34, 2024-11-17 21:18:11, 095d440f6918c6165e902ba745b7fe09
2024-11-24 17:52:55 - <==        Row: 35543, 13700, 1, 50110, 275, 6, 신대로20길, 50110, 4848094, 1, 0, 46, 0, 연동, 연동가나휘닉스1, 275-6, 82.31, 2024, 4, 8, 39900, 7, 50110-3201,  ,  , 중개거래, 제주 제주시, null, 1, 개인, 개인, N, 2011, 126.492, 33.4839, Y, N, 2024-11-17 18:34:34, 2024-11-17 21:18:11, b06ca117d34dcc6e573d92ca215b334d
2024-11-24 17:52:55 - <==        Row: 35545, 10200, 1, 50110, 113, 7, 남광로, 50110, 3349035, 0, , 181, 0, 일도이동, 대유대림아파트, 113-7, 84.945, 2024, 4, 8, 51000, 1, 50110-6,  ,  , 중개거래, 제주 제주시, null, 제주대유대림아파트 308, 개인, 개인, N, 1997, 126.552, 33.5031, Y, N, 2024-11-17 18:34:34, 2024-11-17 21:18:12, b1db3f2e759b7492232399d4e9a2a47c
2024-11-24 17:52:55 - <==        Row: 35548, 13000, 1, 50110, 1789, 2, 삼봉로, 50110, 3349084, 3, 0, 115, 1, 도련일동, 미듬하나로(도련), 1789-2, 53.0916, 2024, 4, 7, 17500, 6, 50110-380,  ,  , 중개거래, 제주 제주시, null, 미듬하나로아파트 다동, 개인, 개인, N, 2002, 126.59, 33.511, Y, N, 2024-11-17 18:34:34, 2024-11-17 21:18:12, deb93a7a46e14154d8cf980fa8a93d05
2024-11-24 17:52:55 - <==        Row: 35544, 10700, 1, 50110, 1044, 3, 임항로, 50110, 3349174, 1, 0, 286, 0, 건입동, 미듬하나로, 1044-3, 84.67, 2024, 4, 6, 23200, 3, 50110-254,  ,  , 중개거래, 제주 제주시, null,  , 개인, 개인, N, 2004, 126.538, 33.5154, Y, N, 2024-11-17 18:34:34, 2024-11-17 21:18:12, d2a895695b625008cc41c34fd2efcf6e
2024-11-24 17:52:55 - <==        Row: 35086, 11100, 1, 50110, 9, 1, 동화로1길, 50110, 4847618, 1, 0, 39, 0, 화북일동, 화북주공2,3단지, 9-1, 59.93, 2024, 4, 5, 32000, 1, 50110-115,  ,  , 중개거래, 제주 제주시, null, 화북2아파트203, 개인, 개인, N, 1998, 126.577, 33.5209, Y, N, 2024-11-17 18:34:17, 2024-11-17 21:18:12, 0181e8a8850e01431925b673f3e2f588
2024-11-24 17:52:55 - <==        Row: 35522, 11700, 1, 50110, 6075, 7, 아란12길, 50110, 4848191, 1, 0, 20, 0, 아라일동, 아란빌라, 6075-7, 73.66, 2024, 4, 5, 16000, 2, 50110-248,  ,  , 직거래,  , null,  , 개인, 개인, N, 1993, 126.544, 33.4699, Y, N, 2024-11-17 18:34:33, 2024-11-17 21:18:11, 071355a0a0f60cb40fa24d7071b5c6f9
2024-11-24 17:52:55 - <==        Row: 35525, 10500, 1, 50110, 321, 1, 홍랑길, 50110, 4849117, 1, , 26, 17, 삼도일동, 삼성뜨래별, 321-1, 81.44, 2024, 4, 5, 36000, 6, 50110-3954,  ,  , 중개거래, 제주 제주시, null,  , 개인, 개인, N, 2016, 126.524, 33.5024, Y, N, 2024-11-17 18:34:33, 2024-11-17 21:18:11, 35b868ba77fd09746a9b8be1d1d39ecd
2024-11-24 17:52:55 - <==        Row: 35528, 25340, 1, 50110, 167, 0, 하귀9길, 50110, 4848952, 1, 0, 45, 0, 애월읍 하귀1리, 제주하귀휴먼시아1단지, 167, 84.97, 2024, 4, 5, 54000, 10, 50110-3078,  ,  , 중개거래, 제주 제주시, null, 102, 개인, 개인, N, 2010, 126.417, 33.4837, Y, N, 2024-11-17 18:34:34, 2024-11-17 21:18:11, d824ff363e7ebfa7066e8b0396f9a80a
2024-11-24 17:52:55 - <==        Row: 35550, 10400, 1, 50110, 1062, 3, 연삼로, 50110, 3349137, 2, 0, 436, 0, 이도이동, 하늘그린5차, 1062-3, 84.98, 2024, 4, 5, 30000, 8, 50110-3403,  ,  , 직거래,  , null,  , 개인, 개인, N, 2013, 126.537, 33.497, Y, N, 2024-11-17 18:34:34, 2024-11-17 21:18:12, 24e5404d4bdc277d8f1e6db93fea801e
2024-11-24 17:52:55 - <==        Row: 35389, 13700, 1, 50110, 251, 38, 신광로6길, 50110, 4848083, 1, 0, 38, 0, 연동, 제원3차, 251-38, 70.39, 2024, 4, 4, 37000, 1, 50110-272,  ,  , 중개거래, 제주 제주시, null, 3, 개인, 개인, N, 1979, 126.486, 33.4881, Y, N, 2024-11-17 18:34:28, 2024-11-17 21:18:10, 883fdcda4dbbafc9a6980dda15ec21fa
2024-11-24 17:52:55 - <==        Row: 35484, 12200, 1, 50110, 732, 0, 원노형로, 50110, 3349162, 1, 0, 93, 0, 노형동, 부영1차, 732, 80.6583, 2024, 4, 4, 66500, 9, 50110-181,  ,  , 중개거래, 제주 제주시, null, 102, 개인, 개인, N, 2001, 126.486, 33.4804, Y, N, 2024-11-17 18:34:32, 2024-11-17 21:18:09, bdef0a6f18b2cef8923c2b2c9f36b902
2024-11-24 17:52:55 - <==        Row: 35519, 11700, 1, 50110, 6121, 0, 인다1길, 50110, 4848607, 1, 0, 20, 0, 아라일동, 아라아이파크, 6121, 84.9813, 2024, 4, 4, 75000, 2, 50110-3553,  ,  , 중개거래, 제주 제주시, null, 103, 개인, 법인, N, 2013, 126.55, 33.4776, Y, N, 2024-11-17 18:34:33, 2024-11-17 21:18:11, 87ab30cf1e7df2688e8260d1160a0e86
2024-11-24 17:52:55 - <==        Row: 35533, 11400, 1, 50110, 2101, 1, 설촌로, 50110, 3349099, 1, 0, 26, 0, 삼양이동, 한라하이츠빌(2차), 2101-1, 84.94, 2024, 4, 4, 30000, 9, 50110-243,  ,  , 중개거래, 제주 제주시, null,  , 개인, 개인, N, 2003, 126.582, 33.5237, Y, N, 2024-11-17 18:34:34, 2024-11-17 21:18:11, e4b6e39c4265f2c6638547143c62d5c6
2024-11-24 17:52:55 - <==        Row: 35436, 12200, 1, 50110, 754, 0, 과원북2길, 50110, 4847143, 1, 0, 12, 0, 노형동, 부영5차, 754, 84.9508, 2024, 4, 3, 62000, 6, 50110-364,  ,  , 중개거래, 제주 제주시, null, 503, 개인, 개인, N, 2001, 126.484, 33.4786, Y, N, 2024-11-17 18:34:30, 2024-11-17 21:18:11, 1630f20d1a40854539e299c6ad92ed83
2024-11-24 17:52:55 - <==        Row: 35493, 12200, 1, 50110, 731, 1, 원노형로, 50110, 3349162, 1, 0, 90, 0, 노형동, 현대아이파크, 731-1, 75.05, 2024, 4, 3, 63300, 11, 50110-200,  ,  , 중개거래, 제주 제주시, null, 101, 개인, 개인, N, 2001, 126.484, 33.4804, Y, N, 2024-11-17 18:34:32, 2024-11-17 21:18:10, 20c5524077198446045ba446b8600ce4
2024-11-24 17:52:55 - <==        Row: 35512, 13500, 1, 50110, 745, 0, 첨단로동길, 50110, 4849167, 0, 0, 74, 0, 월평동, 제주첨단꿈에그린2단지아파트, 745, 97.8898, 2024, 4, 3, 52000, 1, 50110-4335,  ,  , 중개거래, 제주 제주시, null, 213동, 개인, 개인, N, 2017, 126.576, 33.4542, Y, N, 2024-11-17 18:34:33, 2024-11-17 21:18:10, 2b1350f29a71fae280c3e8b582560c4d
2024-11-24 17:52:55 - <==        Row: 35538, 12300, 1, 50110, 477, 3, 절물2길, 50110, 4848653, 1, 0, 32, 0, 외도일동, 해피하우스, 477-3, 84.9353, 2024, 4, 3, 34000, 7, 50110-3115,  ,  , 중개거래, 제주 제주시, null,  , 개인, 개인, N, 2011, 126.432, 33.4899, Y, N, 2024-11-17 18:34:34, 2024-11-17 21:18:11, 4170db28dc52978f7061dd92c6a7f686
2024-11-24 17:52:55 - <==        Row: 35549, 10200, 1, 50110, 132, 43, 고마로5길, 50110, 4847073, 0, 0, 5, 0, 일도이동, 일도세원멤버스(2차), 132-43, 79.56, 2024, 4, 3, 33100, 2, 50110-4371,  ,  , 직거래,  , null,  , 개인, 개인, N, 2018, 126.539, 33.5123, Y, N, 2024-11-17 18:34:34, 2024-11-17 21:18:12, 12ae2af1917b56e660288b0012318ec3
2024-11-24 17:52:55 - <==        Row: 35552, 11400, 1, 50110, 2318, 0, 화삼로, 50110, 4849184, 4, 0, 167, 0, 삼양이동, 제주삼화사랑으로부영3차, 2318, 84.3616, 2024, 4, 3, 52500, 1, 50110-3536,  ,  , 중개거래, 제주 제주시, null, 304, 개인, 개인, N, 2013, 126.585, 33.5192, Y, N, 2024-11-17 18:34:34, 2024-11-17 21:18:12, bac70d18dc257b3a89d662977d0e414c
2024-11-24 17:52:55 - <==        Row: 35472, 12200, 1, 50110, 2583, 1, 수덕로, 50110, 3349107, 1, 0, 44, 0, 노형동, 노형뜨란채, 2583-1, 84.98, 2024, 4, 2, 60000, 10, 50110-2909,  ,  , 중개거래, 제주 제주시, null, 216, 개인, 개인, N, 2006, 126.473, 33.4871, Y, N, 2024-11-17 18:34:32, 2024-11-17 21:18:09, 8a12ef84c33420548fea7619fcd275b0
2024-11-24 17:52:55 - <==        Row: 35514, 25340, 1, 50110, 166, 1, 하귀9길, 50110, 4848952, 1, 0, 71, 0, 애월읍 하귀1리, 제주하귀휴먼시아2단지, 166-1, 84.67, 2024, 4, 2, 42000, 4, 50110-3077,  ,  , 직거래,  , null, 206, 개인, 개인, N, 2010, 126.415, 33.4812, Y, N, 2024-11-17 18:34:33, 2024-11-17 21:18:10, bfd3b26e17d0ed6ffe91be7582fcb4f4
2024-11-24 17:52:55 - <==        Row: 35532, 13700, 1, 50110, 1399, 0, 국기로, 50110, 3349025, 1, 0, 14, 0, 연동, 대림이편한세상1차, 1399, 84.991, 2024, 4, 2, 70000, 3, 50110-135,  ,  , 직거래,  , null, 105, 개인, 개인, N, 2001, 126.489, 33.4802, Y, N, 2024-11-17 18:34:34, 2024-11-17 21:18:11, fc3b37ff834bfd5e3843fdbfa86ac1ff
2024-11-24 17:52:55 - <==        Row: 35551, 12300, 1, 50110, 529, 4, 우정로7길, 50110, 4848483, 1, 0, 24, 0, 외도일동, 외도에이스아크로빌2차, 529-4, 84.81, 2024, 4, 2, 31500, 8, 50110-3093,  ,  , 중개거래, 제주 제주시, null,  , 개인, 개인, N, 2010, 126.433, 33.489, Y, N, 2024-11-17 18:34:34, 2024-11-17 21:18:12, 3b51f88123cad910b3e5c5d887792956
2024-11-24 17:52:55 - <==        Row: 35553, 13700, 1, 50110, 279, 2, 신대로22길, 50110, 4848096, 1, 0, 40, 0, 연동, 벽강하이본타워, 279-2, 40.06, 2024, 4, 2, 12500, 11, 50110-156,  ,  , 중개거래, 제주 제주시, null,  , 개인, 개인, N, 2003, 126.491, 33.4826, Y, N, 2024-11-17 18:34:34, 2024-11-17 21:18:12, a3475b78d6ce4dddd64926155a69b55a
2024-11-24 17:52:55 - <==        Row: 35509, 25024, 1, 50110, 555, 0, 명랑로, 50110, 3349063, 1, 0, 49, 0, 한림읍 한림리, 한림대호(대호베리골), 555, 59.85, 2024, 4, 1, 9500, 1, 50110-397,  ,  , 직거래,  , null, 나, 개인, 개인, N, 2001, 126.27, 33.4142, Y, N, 2024-11-17 18:34:33, 2024-11-17 21:18:10, 91a2cd93b66a4adf6efceceb1244c725
2024-11-24 17:52:55 - <==        Row: 35536, 25340, 1, 50110, 167, 0, 하귀9길, 50110, 4848952, 1, 0, 45, 0, 애월읍 하귀1리, 제주하귀휴먼시아1단지, 167, 84.84, 2024, 4, 1, 41500, 1, 50110-3078,  ,  , 중개거래, 제주 제주시, null, 104, 개인, 개인, N, 2010, 126.417, 33.4837, Y, N, 2024-11-17 18:34:34, 2024-11-17 21:18:11, 304f2ff3b41f4f24fc3349e00cd484ee
2024-11-24 17:52:55 - <==        Row: 35546, 11700, 1, 50110, 6088, 0, 아란9길, 50110, 4848203, 1, 0, 22, 0, 아라일동, 아라스위첸, 6088, 84.9767, 2024, 4, 1, 72000, 4, 50110-3408,  ,  , 중개거래, 제주 제주시, null, 106, 개인, 개인, N, 2012, 126.542, 33.4741, Y, N, 2024-11-17 18:34:34, 2024-11-17 21:18:12, 018229535f0a82164acda87916563b6d
2024-11-24 17:52:55 - <==        Row: 35554, 10900, 1, 50110, 619, 0, 성화로6길, 50110, 4848001, 1, 0, 46, 0, 용담이동, 용두암현대3, 619, 84.75, 2024, 4, 1, 23800, 5, 50110-87,  ,  , 직거래,  , null, 2동, 개인, 개인, N, 1992, 126.51, 33.5107, Y, N, 2024-11-17 18:34:34, 2024-11-17 21:18:12, 7be318a2a72603a8e8d99db72bfef690
2024-11-24 17:52:55 - <==        Row: 35555, 10500, 1, 50110, 321, 1, 홍랑길, 50110, 4849117, 1, , 26, 17, 삼도일동, 삼성뜨래별, 321-1, 71.99, 2024, 4, 1, 29000, 10, 50110-3954,  ,  , 중개거래, 제주 제주시, null,  , 개인, 개인, N, 2016, 126.524, 33.5024, Y, N, 2024-11-17 18:34:34, 2024-11-17 21:18:12, 1bff0953a411bb24b25bea3ffe3335fc
2024-11-24 17:52:55 - <==        Row: 35292, 12200, 1, 50110, 732, 1, 연화로, 50110, 3349141, 1, 0, 16, 0, 노형동, 해오름, 732-1, 59.56, 2024, 3, 31, 46000, 15, 50110-199,  ,  , 중개거래, 제주 제주시, null, 102, 개인, 개인, N, 2001, 126.486, 33.4809, Y, N, 2024-11-17 18:34:25, 2024-11-17 21:18:01, acc1807576a007f8bf335f3eef5191a9
2024-11-24 17:52:55 - <==        Row: 35300, 13700, 1, 50110, 250, 6, 삼무로, 50110, 3349083, 1, 0, 9, 0, 연동, 예그린하우스텔, 250-6, 28.5825, 2024, 3, 31, 8000, 6, 50110-3168,  ,  , 중개거래, 제주 제주시, null,  , 개인, 개인, N, 2011, 126.488, 33.4902, Y, N, 2024-11-17 18:34:25, 2024-11-17 21:18:02, 57e421d0236be187b757dc15155496d8
2024-11-24 17:52:55 - <==        Row: 35278, 11400, 1, 50110, 2318, 0, 화삼로, 50110, 4849184, 4, 0, 167, 0, 삼양이동, 제주삼화사랑으로부영3차, 2318, 84.3616, 2024, 3, 30, 54000, 5, 50110-3536,  ,  , 중개거래, 제주 제주시, null,  , 개인, 개인, N, 2013, 126.585, 33.5192, Y, N, 2024-11-17 18:34:24, 2024-11-17 21:18:01, 6e630c2ca05116dfdcbd33ec52f99484
2024-11-24 17:52:55 - <==        Row: 35281, 12200, 1, 50110, 754, 0, 과원북2길, 50110, 4847143, 1, 0, 12, 0, 노형동, 부영5차, 754, 84.9508, 2024, 3, 30, 60000, 1, 50110-364,  ,  , 중개거래, 제주 제주시, null, 501, 개인, 개인, N, 2001, 126.484, 33.4786, Y, N, 2024-11-17 18:34:25, 2024-11-17 21:18:01, be55e5553beb0a89cab93eee4461f99a
2024-11-24 17:52:55 - <==        Row: 35311, 12200, 1, 50110, 920, 12, 원노형2길, 50110, 4848491, 1, 0, 36, 0, 노형동, 경진아트빌, 920-12, 18.0625, 2024, 3, 30, 6000, 6, 50110-3172,  ,  , 중개거래, 제주 제주시, null,  , 개인, 개인, N, 2011, 126.481, 33.4832, Y, N, 2024-11-17 18:34:26, 2024-11-17 21:18:02, ecc99cca1fb015106b88d126a3f39969
2024-11-24 17:52:55 - <==        Row: 35322, 13700, 1, 50110, 260, 41, 삼무로, 50110, 3349083, 1, 0, 19, 0, 연동, 신동부삼무하이빌, 260-41, 28.24, 2024, 3, 30, 7100, 3, 50110-158,  ,  , 중개거래, 제주 제주시, null,  , 개인, 개인, N, 2003, 126.489, 33.4902, Y, N, 2024-11-17 18:34:26, 2024-11-17 21:18:03, b62c1493badaa7c48e8f911169f6a7d7
2024-11-24 17:52:55 - <==        Row: 35327, 25340, 1, 50110, 166, 1, 하귀9길, 50110, 4848952, 1, 0, 71, 0, 애월읍 하귀1리, 제주하귀휴먼시아2단지, 166-1, 84.85, 2024, 3, 30, 43500, 6, 50110-3077,  ,  , 중개거래, 제주 제주시, null, 201, 개인, 개인, N, 2010, 126.415, 33.4812, Y, N, 2024-11-17 18:34:26, 2024-11-17 21:18:03, e28f70c233ee25f2a452c92fce7b60f0
2024-11-24 17:52:55 - <==        Row: 35329, 10200, 1, 50110, 113, 3, 태성로, 50110, 3349199, 1, 0, 23, 0, 일도이동, 일도성환, 113-3, 59.965, 2024, 3, 29, 31000, 2, 50110-18,  ,  , 중개거래, 제주 제주시, null, 104, 개인, 개인, N, 1995, 126.549, 33.5014, Y, N, 2024-11-17 18:34:26, 2024-11-17 21:18:03, 71baca5c5a8aa8cd4117ed36225ee887
2024-11-24 17:52:55 - <==        Row: 35303, 13700, 1, 50110, 294, 65, 연동14길, 50110, 4848253, 1, 0, 13, 0, 연동, 삼성하나로, 294-65, 77.44, 2024, 3, 29, 31500, 6, 50110-3002,  ,  , 중개거래, 제주 제주시, null, 1, 개인, 개인, N, 2007, 126.495, 33.4845, Y, N, 2024-11-17 18:34:25, 2024-11-17 21:18:02, 7838323f3d25488939ffa230f4703a01
2024-11-24 17:52:55 - <==        Row: 35331, 11700, 1, 50110, 6142, 13, 인다15길, 50110, 4848606, 1, 0, 5, 11, 아라일동, 염광, 6142-13, 46.32, 2024, 3, 28, 24000, 2, 50110-132,  ,  , 중개거래, 제주 제주시, null, 4, 개인, 개인, N, 1990, 126.547, 33.471, Y, N, 2024-11-17 18:34:26, 2024-11-17 21:18:03, 0d49e170109f4e6bb0cafbbfdadccd43
2024-11-24 17:52:55 - <==        Row: 35313, 11700, 1, 50110, 6121, 0, 인다1길, 50110, 4848607, 1, 0, 20, 0, 아라일동, 아라아이파크, 6121, 84.9994, 2024, 3, 28, 75000, 10, 50110-3553,  ,  , 중개거래, 제주 제주시, null, 110, 개인, 개인, N, 2013, 126.55, 33.4776, Y, N, 2024-11-17 18:34:26, 2024-11-17 21:18:02, 1d32631db615d628aa0b17f942ca2128
2024-11-24 17:52:55 - <==        Row: 35318, 25923, 1, 50110, 2645, 1, 조천북2길, 50110, 4848733, 1, , 28, 0, 조천읍 조천리, 일이삼타운, 2645-1, 68.492, 2024, 3, 28, 21000, 6, 50110-4146,  ,  , 중개거래, 제주 제주시, null,  , 법인, 개인, N, 2017, 126.64, 33.5398, Y, N, 2024-11-17 18:34:26, 2024-11-17 21:18:03, 05522c6c69eb1df689e83ffc8e692183
2024-11-24 17:52:55 - <==        Row: 35283, 25340, 1, 50110, 166, 1, 하귀9길, 50110, 4848952, 1, 0, 71, 0, 애월읍 하귀1리, 제주하귀휴먼시아2단지, 166-1, 84.85, 2024, 3, 27, 41500, 4, 50110-3077,  ,  , 중개거래, 제주 제주시, null, 202, 개인, 개인, N, 2010, 126.415, 33.4812, Y, N, 2024-11-17 18:34:25, 2024-11-17 21:18:01, f03df228367e25870baaf404fa84b237
2024-11-24 17:52:55 - <==        Row: 35293, 10200, 1, 50110, 133, 9, 동문로, 50110, 3349056, 2, 0, 132, 0, 일도이동, 전원아트빌(2차), 133-9, 83.19, 2024, 3, 27, 20000, 4, 50110-329, O, 24.06.18, 중개거래, 제주 제주시, null,  , 개인, 개인, N, 2004, 126.541, 33.5135, Y, N, 2024-11-17 18:34:25, 2024-11-17 21:18:02, 9d88cff3f37321922e989745497784f5
2024-11-24 17:52:55 - <==        Row: 35333, 12300, 1, 50110, 439, 6, 우령6길, 50110, 4848463, 1, 0, 2, 0, 외도일동, 블루배리, 439-6, 82.94, 2024, 3, 26, 27300, 5, 50110-3022,  ,  , 중개거래, 제주 제주시, null, 1, 개인, 개인, N, 2008, 126.429, 33.491, Y, N, 2024-11-17 18:34:26, 2024-11-17 21:18:03, ac2b4053735dea60e4c5799686ab5cf1
2024-11-24 17:52:55 - <==        Row: 35335, 12200, 1, 50110, 754, 4, 과원로, 50110, 3349013, 1, 0, 11, 0, 노형동, 부영2차, 754-4, 45.9078, 2024, 3, 26, 32000, 4, 50110-366,  ,  , 직거래,  , null, 205, 개인, 개인, N, 2001, 126.485, 33.4765, Y, N, 2024-11-17 18:34:26, 2024-11-17 21:18:03, 57d1940d98c15a4953de0d739fdc2d35
2024-11-24 17:52:55 - <==        Row: 35339, 25024, 1, 50110, 1449, 1, 한림남2길, 50110, 4848994, 1, 1, 8, 0, 한림읍 한림리, 회성푸르니5차, 1449-1, 72.8309, 2024, 3, 26, 26100, 7, 50110-3831,  ,  , 직거래,  , null, A동, 개인, 개인, N, 2015, 126.264, 33.4125, Y, N, 2024-11-17 18:34:27, 2024-11-17 21:18:03, 23b91361c5769ddbd4199beaccfb10a4
2024-11-24 17:52:55 - <==        Row: 35290, 13700, 1, 50110, 293, 61, 은남4길, 50110, 4848593, 1, 0, 17, 0, 연동, 가나타운, 293-61, 48.3994, 2024, 3, 26, 15500, 4, 50110-3617,  ,  , 중개거래, 제주 제주시, null,  , 개인, 개인, N, 2014, 126.494, 33.4862, Y, N, 2024-11-17 18:34:25, 2024-11-17 21:18:01, 1af4cb458783fe22593520e514ed5b5d
2024-11-24 17:52:55 - <==        Row: 35295, 25340, 1, 50110, 167, 0, 하귀9길, 50110, 4848952, 1, 0, 45, 0, 애월읍 하귀1리, 제주하귀휴먼시아1단지, 167, 84.72, 2024, 3, 26, 38000, 11, 50110-3078,  ,  , 직거래,  , null, 106, 개인, 개인, N, 2010, 126.417, 33.4837, Y, N, 2024-11-17 18:34:25, 2024-11-17 21:18:02, 0fd4875a20e28bd80219361060eb1967
2024-11-24 17:52:55 - <==        Row: 35337, 13000, 1, 50110, 1789, 2, 삼봉로, 50110, 3349084, 3, 0, 115, 1, 도련일동, 미듬하나로(도련), 1789-2, 54.4124, 2024, 3, 25, 15000, 6, 50110-380,  ,  , 중개거래, 제주 제주시, null, 미듬하나로아파트 나동, 개인, 개인, N, 2002, 126.59, 33.511, Y, N, 2024-11-17 18:34:27, 2024-11-17 21:18:03, 5dc81714cf904a6051a38fa966bf576f
2024-11-24 17:52:55 - <==        Row: 35344, 11400, 1, 50110, 2318, 0, 화삼로, 50110, 4849184, 4, 0, 167, 0, 삼양이동, 제주삼화사랑으로부영3차, 2318, 84.3616, 2024, 3, 25, 54000, 5, 50110-3536, O, 24.05.08, 중개거래, 제주 제주시, null,  , 개인, 개인, N, 2013, 126.585, 33.5192, Y, N, 2024-11-17 18:34:27, 2024-11-17 21:18:03, a948a7f167f83be17e8762a644cefac8
2024-11-24 17:52:55 - <==        Row: 35347, 12200, 1, 50110, 920, 12, 원노형2길, 50110, 4848491, 1, 0, 36, 0, 노형동, 경진아트빌, 920-12, 18.5225, 2024, 3, 25, 5700, 6, 50110-3172,  ,  , 직거래,  , null,  , 개인, 개인, N, 2011, 126.481, 33.4832, Y, N, 2024-11-17 18:34:27, 2024-11-17 21:18:04, 1bfe9e7234e50c6c7e59532067c6ac97
2024-11-24 17:52:55 - <==        Row: 35279, 11400, 1, 50110, 2318, 0, 화삼로, 50110, 4849184, 4, 0, 167, 0, 삼양이동, 제주삼화사랑으로부영3차, 2318, 84.3616, 2024, 3, 25, 54000, 5, 50110-3536, O, 24.05.09, 중개거래, 제주 제주시, null,  , 개인, 개인, N, 2013, 126.585, 33.5192, Y, N, 2024-11-17 18:34:25, 2024-11-17 21:18:01, b3d074031248f22bceb439a4c920311a
2024-11-24 17:52:55 - <==        Row: 35280, 10600, 1, 50110, 1241, 14, 중앙로26길, 50110, 4848775, 1, 0, 2, 0, 삼도이동, 동인스파월드빌, 1241-14, 152.66, 2024, 3, 25, 25000, 10, 50110-353,  ,  , 직거래,  , null,  , 개인, 개인, N, 2004, 126.525, 33.506, Y, N, 2024-11-17 18:34:25, 2024-11-17 21:18:01, e0da48416d383b1d47f1f52e3fa1ea08
2024-11-24 17:52:55 - <==        Row: 35282, 25028, 1, 50110, 283, 0, 한림로, 50110, 3349208, 1, , 554, 0, 한림읍 옹포리, 한림오션캐슬아파트, 283, 72.673, 2024, 3, 25, 26000, 2, 50110-4523,  ,  , 직거래,  , null, 103동, 개인, 개인, N, 2018, 126.257, 33.4067, Y, N, 2024-11-17 18:34:25, 2024-11-17 21:18:01, b2a52684666db342da62a474cd6b3c53
2024-11-24 17:52:55 - <==        Row: 35286, 25628, 1, 50110, 1555, 1, 구좌로, 50110, 3349023, 0, 0, 26, 12, 구좌읍 세화리, 나이스6차, 1555-1, 79.6112, 2024, 3, 25, 25800, 6, 50110-4216,  ,  , 중개거래, 제주 제주시, null,  , 법인, 개인, N, 2017, 126.854, 33.5226, Y, N, 2024-11-17 18:34:25, 2024-11-17 21:18:01, 83cd60d93a452e43fc9241d823cc4aa3
2024-11-24 17:52:55 - <==        Row: 35315, 12200, 1, 50110, 2583, 1, 수덕로, 50110, 3349107, 1, 0, 44, 0, 노형동, 노형뜨란채, 2583-1, 75.18, 2024, 3, 25, 58800, 10, 50110-2909,  ,  , 중개거래, 제주 제주시, null, 211, 개인, 개인, N, 2006, 126.473, 33.4871, Y, N, 2024-11-17 18:34:26, 2024-11-17 21:18:02, 82816b25636287e6f5039fafb22b6f66
2024-11-24 17:52:55 - <==        Row: 35325, 12200, 1, 50110, 920, 12, 원노형2길, 50110, 4848491, 1, 0, 36, 0, 노형동, 경진아트빌, 920-12, 18.5225, 2024, 3, 25, 5700, 6, 50110-3172,  ,  , 중개거래, 제주 제주시, null,  , 개인, 개인, N, 2011, 126.481, 33.4832, Y, N, 2024-11-17 18:34:26, 2024-11-17 21:18:03, 38ebade1418472b65ad7d1324c942ee6
2024-11-24 17:52:55 - <==        Row: 35296, 25923, 1, 50110, 2645, 1, 조천북2길, 50110, 4848733, 1, , 28, 0, 조천읍 조천리, 일이삼타운, 2645-1, 69.3757, 2024, 3, 24, 22100, 3, 50110-4146,  ,  , 중개거래, 제주 제주시, null,  , 법인, 개인, N, 2017, 126.64, 33.5398, Y, N, 2024-11-17 18:34:25, 2024-11-17 21:18:03, 3ad8c9659d254d63a6ee0857dbcea667
2024-11-24 17:52:55 - <==        Row: 35346, 11400, 1, 50110, 2318, 0, 화삼로, 50110, 4849184, 4, 0, 167, 0, 삼양이동, 제주삼화사랑으로부영3차, 2318, 66.4409, 2024, 3, 23, 48000, 10, 50110-3536,  ,  , 중개거래, 제주 제주시, null, 309, 개인, 개인, N, 2013, 126.585, 33.5192, Y, N, 2024-11-17 18:34:27, 2024-11-17 21:18:04, b4f3d1fea5a71741017bc9fa8c542571
2024-11-24 17:52:55 - <==        Row: 35354, 12600, 1, 50110, 1046, 0, 오광로, 50110, 3349143, 0, 0, 65, 0, 이호이동, 이호휴캐슬, 1046, 81.228, 2024, 3, 23, 29900, 3, 50110-4314,  ,  , 중개거래, 제주 제주시, null,  , 개인, 개인, N, 2017, 126.458, 33.4903, Y, N, 2024-11-17 18:34:27, 2024-11-17 21:18:04, e35307ee503a6c60a0e29d897ce89adc
2024-11-24 17:52:55 - <==        Row: 35284, 10200, 1, 50110, 371, 0, 천수동로, 50110, 3349189, 1, 0, 2, 0, 일도이동, 삼화, 371, 84.99, 2024, 3, 23, 24000, 7, 50110-13,  ,  , 직거래,  , null, 나, 개인, 개인, N, 1992, 126.544, 33.5089, Y, N, 2024-11-17 18:34:25, 2024-11-17 21:18:02, 5b6ecac62e1a20db62edfdd98ce51021
2024-11-24 17:52:55 - <==        Row: 35326, 25340, 1, 50110, 166, 1, 하귀9길, 50110, 4848952, 1, 0, 71, 0, 애월읍 하귀1리, 제주하귀휴먼시아2단지, 166-1, 84.85, 2024, 3, 23, 42000, 7, 50110-3077, O, 24.06.15, 중개거래, 제주 제주시, null,  , 개인, 개인, N, 2010, 126.415, 33.4812, Y, N, 2024-11-17 18:34:26, 2024-11-17 21:18:03, cc53d2862174383e5e708639fab043a8
2024-11-24 17:52:55 - <==        Row: 35340, 10200, 1, 50110, 113, 5, 태성로, 50110, 3349199, 1, 0, 39, 0, 일도이동, 일도2차대림, 113-5, 77.02, 2024, 3, 22, 43000, 2, 50110-4,  ,  , 직거래,  , null, 201, 개인, 개인, N, 1995, 126.55, 33.5003, Y, N, 2024-11-17 18:34:27, 2024-11-17 21:18:03, 6d9d31ba5b9a92a61d4ba6094e41c619
2024-11-24 17:52:55 - <==        Row: 35360, 10200, 1, 50110, 133, 9, 동문로, 50110, 3349056, 2, 0, 132, 0, 일도이동, 전원아트빌(2차), 133-9, 94.045, 2024, 3, 22, 14100, 7, 50110-329,  ,  , 직거래,  , null,  , 개인, 개인, N, 2004, 126.541, 33.5135, Y, N, 2024-11-17 18:34:27, 2024-11-17 21:18:04, 20c45dca92f72f1cc70bb2d53d2bbf46
2024-11-24 17:52:55 - <==        Row: 35361, 12300, 1, 50110, 560, 1, 우정로11길, 50110, 4848472, 1, 0, 22, 0, 외도일동, 외도부영1차, 560-1, 49.896, 2024, 3, 22, 20000, 10, 50110-374,  ,  , 직거래,  , null, 103, 개인, 개인, N, 2000, 126.434, 33.4876, Y, N, 2024-11-17 18:34:27, 2024-11-17 21:18:04, ae2a60df904887f27823d7c924ec7ee0
2024-11-24 17:52:55 - <==        Row: 35297, 13700, 1, 50110, 1399, 0, 국기로, 50110, 3349025, 1, 0, 14, 0, 연동, 대림이편한세상1차, 1399, 75.014, 2024, 3, 22, 65000, 12, 50110-135,  ,  , 직거래,  , null, 106, 개인, 개인, N, 2001, 126.489, 33.4802, Y, N, 2024-11-17 18:34:25, 2024-11-17 21:18:02, 8f084891b9da2f1d2367b346947c0f58
2024-11-24 17:52:55 - <==        Row: 35350, 12900, 1, 50110, 82, 0, 도남로, 50110, 3349051, 0, 0, 75, 6, 도남동, 도남시영, 82, 46.26, 2024, 3, 21, 10000, 2, 50110-55,  ,  , 중개거래, 제주 제주시, null, 에이, 개인, 개인, N, 1990, 126.529, 33.493, Y, N, 2024-11-17 18:34:27, 2024-11-17 21:18:04, f4a3a7b3476111e2beb7e71365c935ee
2024-11-24 17:52:55 - <==        Row: 35417, 12300, 1, 50110, 463, 5, 우령6길, 50110, 4848463, 0, 0, 15, 11, 외도일동, 에르빌아파트1차, 463-5, 80.32, 2024, 3, 21, 31700, 6, 50110-4123, O, 24.07.14, 중개거래, 제주 제주시, null,  , 개인, 개인, N, 2017, 126.43, 33.4899, Y, N, 2024-11-17 18:34:29, 2024-11-17 21:18:06, fad297035048b98a2d300dafacfe0f84
2024-11-24 17:52:55 - <==        Row: 35274, 12300, 1, 50110, 463, 5, 우령6길, 50110, 4848463, 0, 0, 15, 11, 외도일동, 에르빌아파트1차, 463-5, 80.32, 2024, 3, 21, 31700, 6, 50110-4123,  ,  , 중개거래, 제주 제주시, null,  , 개인, 개인, N, 2017, 126.43, 33.4899, Y, N, 2024-11-17 18:34:24, 2024-11-17 21:18:01, 7a46ee5a84fbe74c729e3603312027de
2024-11-24 17:52:55 - <==        Row: 35276, 13700, 1, 50110, 280, 24, 신대로8길, 50110, 4848100, 0, 0, 34, 0, 연동, 라이오니파크1차, 280-24, 46.0331, 2024, 3, 21, 21500, 3, 50110-4527,  ,  , 중개거래, 제주 제주시, null,  , 법인, 개인, N, 2018, 126.493, 33.4921, Y, N, 2024-11-17 18:34:24, 2024-11-17 21:18:01, 696eab748fc2a9a0961373e2c7d06ef9
2024-11-24 17:52:55 - <==        Row: 35287, 13700, 1, 50110, 280, 24, 신대로8길, 50110, 4848100, 0, 0, 34, 0, 연동, 라이오니파크1차, 280-24, 46.0331, 2024, 3, 21, 21500, 3, 50110-4527, O, 24.05.13, 중개거래, 제주 제주시, null,  , 법인, 개인, N, 2018, 126.493, 33.4921, Y, N, 2024-11-17 18:34:25, 2024-11-17 21:18:01, 0f788338492b69a43071d62d303b3a23
2024-11-24 17:52:55 - <==        Row: 35301, 10700, 1, 50110, 940, 3, 만덕로3길, 50110, 4847631, 1, 0, 26, 0, 건입동, 현대, 940-3, 84.18, 2024, 3, 21, 32500, 1, 50110-98,  ,  , 중개거래, 제주 제주시, null, 103, 개인, 개인, N, 1993, 126.535, 33.5167, Y, N, 2024-11-17 18:34:25, 2024-11-17 21:18:02, 45ad913443264e025058c200cf6569da
2024-11-24 17:52:55 - <==        Row: 35345, 13700, 1, 50110, 2315, 3, 도령북길, 50110, 4847544, 1, 0, 8, 0, 연동, 제일(가동), 2315-3, 70.83, 2024, 3, 20, 14800, 2, 50110-2907,  ,  , 중개거래, 제주 제주시, null, 가동, 개인, 개인, N, 1991, 126.485, 33.4929, Y, N, 2024-11-17 18:34:27, 2024-11-17 21:18:04, e38682c2de4ba63083a2a959381e7317
2024-11-24 17:52:55 - <==        Row: 35349, 25340, 1, 50110, 166, 1, 하귀9길, 50110, 4848952, 1, 0, 71, 0, 애월읍 하귀1리, 제주하귀휴먼시아2단지, 166-1, 84.84, 2024, 3, 20, 40000, 3, 50110-3077,  ,  , 중개거래, 제주 제주시, null, 205, 개인, 개인, N, 2010, 126.415, 33.4812, Y, N, 2024-11-17 18:34:27, 2024-11-17 21:18:04, 11a6e52c9472be232920bea76c8f2207
2024-11-24 17:52:55 - <==        Row: 35353, 13500, 1, 50110, 745, 0, 첨단로동길, 50110, 4849167, 0, 0, 74, 0, 월평동, 제주첨단꿈에그린2단지아파트, 745, 101.868, 2024, 3, 20, 57500, 5, 50110-4335,  ,  , 중개거래, 제주 제주시, null, 215동, 개인, 개인, N, 2017, 126.576, 33.4542, Y, N, 2024-11-17 18:34:27, 2024-11-17 21:18:04, 5d702af5fab683da201bea82c308a23a
2024-11-24 17:52:55 - <==        Row: 35365, 12300, 1, 50110, 492, 20, 우정로10길, 50110, 4848471, 1, 0, 29, 0, 외도일동, 더펠리스1차, 492-20, 84.6965, 2024, 3, 20, 37000, 9, 50110-3699,  ,  , 중개거래, 제주 제주시, null,  , 개인, 개인, N, 2014, 126.428, 33.4884, Y, N, 2024-11-17 18:34:27, 2024-11-17 21:18:04, c09cc8264e92bf680c238013fbe10349
2024-11-24 17:52:55 - <==        Row: 35366, 12300, 1, 50110, 549, 5, 우정로15길, 50110, 4848476, 1, 0, 1, 0, 외도일동, 대원상록수11차아파트, 549-5, 84.92, 2024, 3, 20, 34200, 5, 50110-3872,  ,  , 중개거래, 제주 제주시, null,  , 개인, 개인, N, 2016, 126.431, 33.4861, Y, N, 2024-11-17 18:34:28, 2024-11-17 21:18:04, 2853226ede12e8f5875e76c5aee284d8
2024-11-24 17:52:55 - <==        Row: 35374, 11000, 1, 50110, 541, 4, 용담로1길, 50110, 4848400, 1, 0, 18, 0, 용담삼동, 용담이타스, 541-4, 84.64, 2024, 3, 20, 25800, 6, 50110-3224,  ,  , 중개거래, 제주 제주시, null,  , 개인, 개인, N, 2012, 126.507, 33.5144, Y, N, 2024-11-17 18:34:28, 2024-11-17 21:18:05, 550413aa58c9e03148478100df25993a
2024-11-24 17:52:55 - <==        Row: 35289, 10100, 1, 50110, 1105, 1, 동문로6길, 50110, 4847602, 1, 0, 14, 0, 일도일동, 남안, 1105-1, 84.01, 2024, 3, 20, 27000, 2, 50110-3234,  ,  , 직거래,  , null,  , 개인, 개인, N, 2012, 126.529, 33.5117, Y, N, 2024-11-17 18:34:25, 2024-11-17 21:18:01, 84fc32564adbefc13fb0c1f5d3016117
2024-11-24 17:52:55 - <==        Row: 35299, 12300, 1, 50110, 529, 4, 우정로7길, 50110, 4848483, 1, 0, 24, 0, 외도일동, 외도에이스아크로빌2차, 529-4, 84.98, 2024, 3, 20, 31000, 9, 50110-3093,  ,  , 중개거래, 제주 제주시, null,  , 개인, 개인, N, 2010, 126.433, 33.489, Y, N, 2024-11-17 18:34:25, 2024-11-17 21:18:02, 509881c0cd915576b529e40429b232cd
2024-11-24 17:52:55 - <==        Row: 35309, 25921, 1, 50110, 1934, 2, 신북로, 50110, 3349112, 1, 0, 97, 1, 조천읍 신촌리, 로잔팰리스, 1934-2, 83.845, 2024, 3, 20, 31500, 4, 50110-4360,  ,  , 중개거래, 제주 제주시, null,  , 개인, 개인, N, 2017, 126.624, 33.5361, Y, N, 2024-11-17 18:34:26, 2024-11-17 21:18:02, e466c44c91e2beef1c7f4a2576981e65
2024-11-24 17:52:55 - <==        Row: 35323, 13700, 1, 50110, 2325, 7, 도령로, 50110, 3349052, 3, 0, 103, 0, 연동, 연동한일씨티파크, 2325-7, 84.8573, 2024, 3, 20, 45000, 17, 50110-3692,  ,  , 직거래,  , null,  , 개인, 개인, N, 2014, 126.489, 33.4916, Y, N, 2024-11-17 18:34:26, 2024-11-17 21:18:03, ef277f24a5cd8f22e49885c2dee8aa6f
2024-11-24 17:52:55 - <==        Row: 35341, 12300, 1, 50110, 492, 20, 우정로10길, 50110, 4848471, 1, 0, 29, 0, 외도일동, 더펠리스1차, 492-20, 84.9136, 2024, 3, 19, 34800, 8, 50110-3699,  ,  , 중개거래, 제주 제주시, null,  , 개인, 개인, N, 2014, 126.428, 33.4884, Y, N, 2024-11-17 18:34:27, 2024-11-17 21:18:03, 3f69af409f88102917e2680dd885f6ee
2024-11-24 17:52:55 - <==        Row: 35348, 25340, 1, 50110, 167, 0, 하귀9길, 50110, 4848952, 1, 0, 45, 0, 애월읍 하귀1리, 제주하귀휴먼시아1단지, 167, 84.84, 2024, 3, 19, 43750, 11, 50110-3078,  ,  , 중개거래, 제주 제주시, null, 108, 법인, 개인, N, 2010, 126.417, 33.4837, Y, N, 2024-11-17 18:34:27, 2024-11-17 21:18:04, 0604e10d93709035a483c1cb201b71b9
2024-11-24 17:52:55 - <==        Row: 35377, 10400, 1, 50110, 1034, 3, 중앙로, 50110, 3349184, 3, 0, 261, 1, 이도이동, TS주상복합빌딩, 1034-3, 34.44, 2024, 3, 19, 7800, 4, 50110-3063,  ,  , 직거래,  , null,  , 개인, 개인, N, 2010, 126.532, 33.497, Y, N, 2024-11-17 18:34:28, 2024-11-17 21:18:05, aafad952ae5295ae87e9150e08015317
2024-11-24 17:52:55 - <==        Row: 35001, 25924, 1, 50110, 4168, 0, 함덕30길, 50110, 4849052, 1, 0, 27, 0, 조천읍 함덕리, 광명샤인빌, 4168, 59.2517, 2024, 3, 19, 22500, 2, 50110-2908,  ,  , 중개거래, 제주 제주시, null, 104, 개인, 개인, N, 2006, 126.677, 33.538, Y, N, 2024-11-17 18:34:14, 2024-11-17 21:18:05, fb675c871096fcca5b8d39d16102a53a
2024-11-24 17:52:55 - <==        Row: 35288, 12900, 1, 50110, 78, 0, 도남로17길, 50110, 4847507, 1, 0, 32, 0, 도남동, 영산홍, 78, 59.94, 2024, 3, 19, 20500, 1, 50110-70,  ,  , 직거래,  , null,  , 개인, 개인, N, 1992, 126.531, 33.4911, Y, N, 2024-11-17 18:34:25, 2024-11-17 21:18:01, cdfbd5eda03fa81366a0caf316c3478a
2024-11-24 17:52:55 - <==        Row: 35316, 13700, 1, 50110, 1399, 1, 연화로, 50110, 3349141, 2, 0, 25, 0, 연동, 대림이편한세상2차, 1399-1, 119.296, 2024, 3, 19, 113000, 13, 50110-208,  ,  , 중개거래, 제주 제주시, null, 203, 개인, 개인, N, 2002, 126.488, 33.4797, Y, N, 2024-11-17 18:34:26, 2024-11-17 21:18:02, cfe31de03dabd3c0c442d760b9d15147
2024-11-24 17:52:55 - <==        Row: 35342, 10300, 1, 50110, 1380, 0, 관덕로8길, 50110, 4847168, 0, 0, 11, 0, 이도일동, 극동행복그린, 1380, 84.9233, 2024, 3, 18, 35500, 11, 50110-4027,  ,  , 중개거래, 제주 제주시, null,  , 개인, 개인, N, 2016, 126.524, 33.5122, Y, N, 2024-11-17 18:34:27, 2024-11-17 21:18:03, a579f925d9bd64459c93c18d5dbd46c6
2024-11-24 17:52:55 - <==        Row: 35382, 12300, 1, 50110, 449, 1, 우정로, 50110, 3349160, 1, 0, 17, 0, 외도일동, 제웅1차솔내음빌리지, 449-1, 39.3, 2024, 3, 18, 10700, 4, 50110-3188,  ,  , 중개거래, 제주 제주시, null,  , 개인, 개인, N, 2011, 126.431, 33.4912, Y, N, 2024-11-17 18:34:28, 2024-11-17 21:18:05, d5803d78502a4613fc89cb98b4d20825
2024-11-24 17:52:55 - <==        Row: 35304, 25028, 1, 50110, 283, 0, 한림로, 50110, 3349208, 1, , 554, 0, 한림읍 옹포리, 한림오션캐슬아파트, 283, 72.673, 2024, 3, 18, 27500, 7, 50110-4523,  ,  , 중개거래, 제주 제주시, null, 103동, 개인, 개인, N, 2018, 126.257, 33.4067, Y, N, 2024-11-17 18:34:25, 2024-11-17 21:18:02, 7e965b1f0d535641bfd8936446e47966
2024-11-24 17:52:55 - <==        Row: 35319, 13700, 1, 50110, 308, 6, 신대로, 50110, 3349111, 1, 0, 161, 0, 연동, 아델하임, 308-6, 84.5, 2024, 3, 18, 37000, 4, 50110-3223,  ,  , 중개거래, 제주 제주시, null,  , 개인, 개인, N, 2012, 126.497, 33.4827, Y, N, 2024-11-17 18:34:26, 2024-11-17 21:18:03, 7e1a5a976f7ad4bb87413aa0d4c04408
2024-11-24 17:52:55 - <==        Row: 35324, 12200, 1, 50110, 1040, 1, 월랑북길, 50110, 4848533, 1, 0, 18, 0, 노형동, 삼환3차, 1040-1, 76.7, 2024, 3, 18, 25000, 4, 50110-183,  ,  , 직거래,  , null,  , 개인, 개인, N, 1998, 126.476, 33.4911, Y, N, 2024-11-17 18:34:26, 2024-11-17 21:18:03, f8aea5ceaf9e6b2f578a61b249fa0611
2024-11-24 17:52:55 - <==        Row: 35332, 13700, 1, 50110, 309, 0, 신대로, 50110, 3349111, 1, 0, 151, 0, 연동, 남경하이빌, 309, 83.72, 2024, 3, 17, 27000, 4, 50110-303,  ,  , 중개거래, 제주 제주시, null,  , 개인, 개인, N, 2003, 126.497, 33.4838, Y, N, 2024-11-17 18:34:26, 2024-11-17 21:18:03, 4d5aa8f67c8ae719aecea5940c3e107d
2024-11-24 17:52:55 - <==        Row: 35373, 10500, 1, 50110, 552, 3, 서광로19길, 50110, 4847885, 1, 0, 4, 0, 삼도일동, 대명2차꿈의고향, 552-3, 84.97, 2024, 3, 17, 28000, 7, 50110-273,  ,  , 중개거래, 제주 제주시, null,  , 개인, 개인, N, 2004, 126.521, 33.5003, Y, N, 2024-11-17 18:34:28, 2024-11-17 21:18:05, 74a5a84c57090c05eff5298c69c50102
2024-11-24 17:52:55 - <==        Row: 35363, 13700, 1, 50110, 277, 5, 신대로20길, 50110, 4848094, 1, 0, 45, 0, 연동, 제웅솔내음, 277-5, 23.853, 2024, 3, 16, 5900, 7, 50110-3323,  ,  , 중개거래, 제주 제주시, null,  , 개인, 개인, N, 2012, 126.492, 33.4836, Y, N, 2024-11-17 18:34:27, 2024-11-17 21:18:04, 1bbe1e9ad7f8f06caba79a1b9b2c57e0
2024-11-24 17:52:55 - <==        Row: 35378, 10200, 1, 50110, 132, 43, 고마로5길, 50110, 4847073, 0, 0, 5, 0, 일도이동, 일도세원멤버스(2차), 132-43, 79.56, 2024, 3, 16, 35500, 5, 50110-4371,  ,  , 중개거래, 제주 제주시, null,  , 개인, 개인, N, 2018, 126.539, 33.5123, Y, N, 2024-11-17 18:34:28, 2024-11-17 21:18:05, 2b19ceca02669ff4395d85f06d8e736d
2024-11-24 17:52:55 - <==        Row: 35384, 12200, 1, 50110, 732, 1, 연화로, 50110, 3349141, 1, 0, 16, 0, 노형동, 해오름, 732-1, 59.56, 2024, 3, 16, 52000, 6, 50110-199,  ,  , 중개거래, 제주 제주시, null, 103, 개인, 개인, N, 2001, 126.486, 33.4809, Y, N, 2024-11-17 18:34:28, 2024-11-17 21:18:05, 50e24729ee4c0bd98fbfb301292a499b
2024-11-24 17:52:55 - <==        Row: 35285, 12000, 1, 50110, 1373, 1, 연사길, 50110, 4848276, 1, 0, 60, 0, 오라이동, 회성푸르니3차, 1373-1, 84.785, 2024, 3, 15, 35000, 4, 50110-3503,  ,  , 직거래,  , null,  , 법인, 개인, N, 2013, 126.513, 33.4893, Y, N, 2024-11-17 18:34:25, 2024-11-17 21:18:05, e0f3062f19e01adad39f1eb9e8fd6d51
2024-11-24 17:52:55 - <==        Row: 35379, 10400, 1, 50110, 324, 21, 가령골길, 50110, 4847003, 2, 0, 47, 0, 이도이동, 동인미노스빌, 324-21, 166.61, 2024, 3, 14, 35500, 4, 50110-241,  ,  , 중개거래, 제주 제주시, null,  , 법인, 개인, N, 2002, 126.539, 33.5031, Y, N, 2024-11-17 18:34:28, 2024-11-17 21:18:05, 0fdb330f36ddeafde75381a81cb7dcbd
2024-11-24 17:52:55 - <==        Row: 35386, 13700, 1, 50110, 306, 0, 신대로, 50110, 3349111, 0, 0, 160, 0, 연동, 제주연동중흥S-클래스, 306, 38.9956, 2024, 3, 14, 22586, 8, 50110-4679,  ,  , 중개거래, 제주 제주시, null,  , 법인, 개인, N, 2020, 126.496, 33.4833, Y, N, 2024-11-17 18:34:28, 2024-11-17 21:18:05, 761efad6d3294f7f58b93de953a1b710
2024-11-24 17:52:55 - <==        Row: 35388, 25340, 1, 50110, 166, 1, 하귀9길, 50110, 4848952, 1, 0, 71, 0, 애월읍 하귀1리, 제주하귀휴먼시아2단지, 166-1, 84.85, 2024, 3, 14, 44000, 5, 50110-3077,  ,  , 중개거래, 제주 제주시, null, 202, 개인, 개인, N, 2010, 126.415, 33.4812, Y, N, 2024-11-17 18:34:28, 2024-11-17 21:18:05, 19bd3bbca5fb04ebc527ead277e1c2e8
2024-11-24 17:52:55 - <==        Row: 35390, 11200, 1, 50110, 5762, 0, 거로남4길, 50110, 4847023, 0, 0, 28, 0, 화북이동, 화북세원멤버스, 5762, 78.7651, 2024, 3, 14, 36000, 7, 50110-5028,  ,  , 직거래,  , null,  , 법인, 개인, N, 2023, 126.561, 33.5077, Y, N, 2024-11-17 18:34:28, 2024-11-17 21:18:05, 852a9cfa47d8856ba594e2286a7b2df5
2024-11-24 17:52:55 - <==        Row: 35277, 13700, 1, 50110, 253, 36, 연동4길, 50110, 4848256, 1, , 12, 12, 연동, 연동백강스위트엠I, 253-36, 84.81, 2024, 3, 14, 56000, 11, 50110-4757,  ,  , 중개거래, 제주 제주시, null, 연동 백강스위트엠Ⅰ, 개인, 개인, N, 2021, 126.487, 33.4851, Y, N, 2024-11-17 18:34:24, 2024-11-17 21:18:01, 2eb10fcb17ce45975c1ca0e72d6725a1
2024-11-24 17:52:55 - <==        Row: 35310, 13700, 1, 50110, 2325, 5, 성신로1길, 50110, 4847993, 1, 0, 18, 0, 연동, 장원타운, 2325-5, 155.38, 2024, 3, 14, 50000, 15, 50110-222,  ,  , 중개거래, 제주 제주시, null, 장원타운아파트, 개인, 개인, N, 2003, 126.488, 33.4914, Y, N, 2024-11-17 18:34:26, 2024-11-17 21:18:02, 5d9efc0355222b8e055d3f13e946e46e
2024-11-24 17:52:55 - <==        Row: 35312, 13700, 1, 50110, 253, 36, 연동4길, 50110, 4848256, 1, , 12, 12, 연동, 연동백강스위트엠I, 253-36, 84.81, 2024, 3, 14, 56000, 11, 50110-4757, O, 24.05.08, 중개거래, 제주 제주시, null,  , 개인, 개인, N, 2021, 126.487, 33.4851, Y, N, 2024-11-17 18:34:26, 2024-11-17 21:18:02, e9b03c2e62b2092908ffe6c75aa2f81e
2024-11-24 17:52:55 - <==        Row: 35334, 12300, 1, 50110, 560, 1, 우정로11길, 50110, 4848472, 1, 0, 22, 0, 외도일동, 외도부영1차, 560-1, 59.933, 2024, 3, 13, 23000, 8, 50110-374,  ,  , 직거래,  , null, 104, 개인, 개인, N, 2000, 126.434, 33.4876, Y, N, 2024-11-17 18:34:26, 2024-11-17 21:18:03, b88cd1e94b7b84419cea00b149e45c24
2024-11-24 17:52:55 - <==        Row: 35358, 10600, 1, 50110, 300, 4, 중앙로26길, 50110, 4848775, 1, 0, 25, 0, 삼도이동, 미듬아뜨리에, 300-4, 84.7042, 2024, 3, 13, 30700, 4, 50110-2912,  ,  , 중개거래, 제주 제주시, null, 미듬아뜨리에 103, 개인, 개인, N, 2006, 126.523, 33.5051, Y, N, 2024-11-17 18:34:27, 2024-11-17 21:18:04, 6fc73e3b8d7da2f2971a708e02a8bee8
2024-11-24 17:52:55 - <==        Row: 35362, 12300, 1, 50110, 448, 1, 절물2길, 50110, 4848653, 1, 0, 8, 7, 외도일동, 외도타워, 448-1, 84.7576, 2024, 3, 13, 34500, 2, 50110-3472,  ,  , 중개거래, 제주 제주시, null,  , 개인, 개인, N, 2013, 126.432, 33.4917, Y, N, 2024-11-17 18:34:27, 2024-11-17 21:18:04, 9fb362d2b1102b79fed9ef07f6fdc6a7
2024-11-24 17:52:55 - <==        Row: 35372, 12300, 1, 50110, 448, 1, 절물2길, 50110, 4848653, 1, 0, 8, 7, 외도일동, 외도타워, 448-1, 84.7576, 2024, 3, 13, 34500, 2, 50110-3472, O, 24.03.21, 중개거래, 제주 제주시, null,  , 개인, 개인, N, 2013, 126.432, 33.4917, Y, N, 2024-11-17 18:34:28, 2024-11-17 21:18:05, beab8cc6999c0084e4e4d1bb0a12965a
2024-11-24 17:52:55 - <==        Row: 35394, 25340, 1, 50110, 167, 0, 하귀9길, 50110, 4848952, 1, 0, 45, 0, 애월읍 하귀1리, 제주하귀휴먼시아1단지, 167, 84.84, 2024, 3, 13, 43000, 3, 50110-3078,  ,  , 중개거래, 제주 제주시, null, 104, 개인, 개인, N, 2010, 126.417, 33.4837, Y, N, 2024-11-17 18:34:29, 2024-11-17 21:18:05, 2e80e4db35e63febb04d11a66f6f1a7f
2024-11-24 17:52:55 - <==        Row: 35395, 10400, 1, 50110, 324, 21, 가령골길, 50110, 4847003, 2, 0, 47, 0, 이도이동, 동인미노스빌, 324-21, 153.29, 2024, 3, 13, 30000, 5, 50110-241,  ,  , 직거래,  , null,  , 개인, 개인, N, 2002, 126.539, 33.5031, Y, N, 2024-11-17 18:34:29, 2024-11-17 21:18:05, c46e302d95a2f97987407fe736a664db
2024-11-24 17:52:55 - <==        Row: 35397, 12900, 1, 50110, 71, 0, 도남로17길, 50110, 4847507, 1, 0, 20, 0, 도남동, 수선화(71), 71, 39.75, 2024, 3, 13, 11000, 5, 50110-66,  ,  , 직거래,  , null, (101), 개인, 개인, N, 1993, 126.531, 33.4908, Y, N, 2024-11-17 18:34:29, 2024-11-17 21:18:06, c5c04024b8d30e3c8e3a6780eec3b141
2024-11-24 17:52:55 - <==        Row: 35294, 13000, 1, 50110, 1789, 2, 삼봉로, 50110, 3349084, 3, 0, 115, 1, 도련일동, 미듬하나로(도련), 1789-2, 53.0916, 2024, 3, 13, 16200, 7, 50110-380,  ,  , 중개거래, 제주 제주시, null, 미듬하나로아파트 다동, 개인, 개인, N, 2002, 126.59, 33.511, Y, N, 2024-11-17 18:34:25, 2024-11-17 21:18:02, 89f1ef1de4443d9805be9c02cde6ecbd
2024-11-24 17:52:55 - <==        Row: 35380, 10600, 1, 50110, 300, 4, 중앙로26길, 50110, 4848775, 1, 0, 25, 0, 삼도이동, 미듬아뜨리에, 300-4, 84.7042, 2024, 3, 12, 34000, 3, 50110-2912,  ,  , 중개거래, 제주 제주시, null, 미듬아뜨리에 101, 개인, 개인, N, 2006, 126.523, 33.5051, Y, N, 2024-11-17 18:34:28, 2024-11-17 21:18:05, 3bccffa2979a30924dd37c3c228679bd
2024-11-24 17:52:55 - <==        Row: 35396, 10700, 1, 50110, 940, 3, 만덕로3길, 50110, 4847631, 1, 0, 26, 0, 건입동, 현대, 940-3, 84.18, 2024, 3, 12, 35000, 1, 50110-98,  ,  , 중개거래, 제주 제주시, null, 103, 개인, 개인, N, 1993, 126.535, 33.5167, Y, N, 2024-11-17 18:34:29, 2024-11-17 21:18:05, 27331bc8601d37428e7ca7f6e743ac44
2024-11-24 17:52:55 - <==        Row: 35399, 12300, 1, 50110, 494, 2, 우령6길, 50110, 4848463, 0, 0, 27, 0, 외도일동, 더펠리스11차, 494-2, 84.8657, 2024, 3, 12, 48000, 9, 50110-5004,  ,  , 중개거래, 제주 제주시, null,  , 법인, 개인, N, 2023, 126.429, 33.4889, Y, N, 2024-11-17 18:34:29, 2024-11-17 21:18:06, 50db8069e870d52a42d62f83dd3837a8
2024-11-24 17:52:55 - <==        Row: 35291, 12200, 1, 50110, 753, 1, 한라대학로, 50110, 4849157, 1, 0, 107, 0, 노형동, 중흥에스클래스, 753-1, 84.9963, 2024, 3, 12, 67000, 11, 50110-201,  ,  , 중개거래, 제주 제주시, null, 102, 개인, 개인, N, 2002, 126.481, 33.4773, Y, N, 2024-11-17 18:34:25, 2024-11-17 21:18:01, 5a1d793fb45f58bb38020d34d4424b07
2024-11-24 17:52:55 - <==        Row: 35343, 10200, 1, 50110, 113, 0, 태성로, 50110, 3349199, 1, 0, 3, 0, 일도이동, 일도우성1, 113, 59.44, 2024, 3, 11, 32000, 1, 50110-24,  ,  , 중개거래, 제주 제주시, null,  , 개인, 개인, N, 1995, 126.549, 33.5021, Y, N, 2024-11-17 18:34:27, 2024-11-17 21:18:03, 4f3be1c3b9e493ff20b0990df305a365
2024-11-24 17:52:55 - <==        Row: 35351, 11000, 1, 50110, 505, 0, 용담로5길, 50110, 4848405, 1, 0, 25, 0, 용담삼동, 용두암현대1, 505, 83.55, 2024, 3, 11, 28300, 7, 50110-91,  ,  , 중개거래, 제주 제주시, null, 102, 개인, 개인, N, 1991, 126.508, 33.5161, Y, N, 2024-11-17 18:34:27, 2024-11-17 21:18:04, ab9166a0ef2fbeb251d169c4a8e8ec05
2024-11-24 17:52:55 - <==        Row: 35369, 12200, 1, 50110, 732, 1, 연화로, 50110, 3349141, 1, 0, 16, 0, 노형동, 해오름, 732-1, 59.56, 2024, 3, 11, 48000, 1, 50110-199,  ,  , 중개거래, 제주 제주시, null, 105, 개인, 개인, N, 2001, 126.486, 33.4809, Y, N, 2024-11-17 18:34:28, 2024-11-17 21:18:04, 2f3fc40c2ffd724a092074260c2cf18f
2024-11-24 17:52:55 - <==        Row: 35371, 11400, 1, 50110, 2135, 2, 설촌로2길, 50110, 4847985, 0, 0, 30, 0, 삼양이동, 삼양더힐링빌, 2135-2, 29.78, 2024, 3, 11, 12000, 3, 50110-4069,  ,  , 중개거래, 제주 제주시, null,  , 개인, 개인, N, 2016, 126.585, 33.5217, Y, N, 2024-11-17 18:34:28, 2024-11-17 21:18:04, 00a95e0b1d5f60ebd42991c283957fcd
2024-11-24 17:52:55 - <==        Row: 35392, 11400, 1, 50110, 2333, 0, 화삼로, 50110, 4849184, 4, 0, 166, 0, 삼양이동, 제주삼화사랑으로부영5차, 2333, 84.3616, 2024, 3, 11, 50500, 2, 50110-3571,  ,  , 중개거래, 제주 제주시, null, 514, 개인, 개인, N, 2013, 126.586, 33.5193, Y, N, 2024-11-17 18:34:29, 2024-11-17 21:18:05, 55eaaac80647c1b239e5d3f6767ffa06
2024-11-24 17:52:55 - <==        Row: 35404, 25341, 1, 50110, 1437, 0, 항몽로, 50110, 3349220, 1, , 7, 0, 애월읍 하귀2리, 하귀코아루오션뷰, 1437, 84.9619, 2024, 3, 11, 30000, 5, 50110-4522,  ,  , 직거래,  , null, 103동, 개인, 개인, N, 2018, 126.405, 33.4833, Y, N, 2024-11-17 18:34:29, 2024-11-17 21:18:06, 110bc988ae8c2618e2f5611a189a7d87
2024-11-24 17:52:55 - <==        Row: 35356, 12200, 1, 50110, 753, 1, 한라대학로, 50110, 4849157, 1, 0, 107, 0, 노형동, 중흥에스클래스, 753-1, 59.957, 2024, 3, 9, 52800, 6, 50110-201,  ,  , 중개거래, 제주 제주시, null, 106, 개인, 개인, N, 2002, 126.481, 33.4773, Y, N, 2024-11-17 18:34:27, 2024-11-17 21:18:04, 06a01fdb581bce534027aa546dfe5e2f
2024-11-24 17:52:55 - <==        Row: 35364, 25341, 1, 50110, 1437, 0, 항몽로, 50110, 3349220, 1, , 7, 0, 애월읍 하귀2리, 하귀코아루오션뷰, 1437, 84.9619, 2024, 3, 9, 36500, 5, 50110-4522,  ,  , 중개거래, 제주 제주시, null, 104동, 개인, 개인, N, 2018, 126.405, 33.4833, Y, N, 2024-11-17 18:34:27, 2024-11-17 21:18:04, cfd76f44c70b5670a2d308d3f8cbed18
2024-11-24 17:52:55 - <==        Row: 35338, 10200, 1, 50110, 113, 0, 태성로, 50110, 3349199, 1, 0, 3, 0, 일도이동, 일도우성1, 113, 59.44, 2024, 3, 8, 32000, 1, 50110-24,  ,  , 직거래,  , null, 103, 개인, 개인, N, 1995, 126.549, 33.5021, Y, N, 2024-11-17 18:34:27, 2024-11-17 21:18:03, 00c7f71fdae0afe67f801ac5b9ccf968
2024-11-24 17:52:55 - <==        Row: 35359, 12200, 1, 50110, 940, 1, 노연로, 50110, 3349041, 1, 0, 50, 0, 노형동, 에코피아, 940-1, 124.79, 2024, 3, 8, 53500, 6, 50110-3104,  ,  , 중개거래, 제주 제주시, null,  , 개인, 개인, N, 2011, 126.485, 33.4858, Y, N, 2024-11-17 18:34:27, 2024-11-17 21:18:04, 0a1dfbc6596ed0468d5a0a9e08832c6a
2024-11-24 17:52:55 - <==        Row: 35405, 12900, 1, 50110, 72, 6, 독짓골2길, 50110, 4847549, 1, 0, 19, 0, 도남동, 아산5차, 72-6, 84.91, 2024, 3, 8, 20500, 1, 50110-69,  ,  , 중개거래, 제주 제주시, null,  , 개인, 개인, N, 1997, 126.53, 33.4907, Y, N, 2024-11-17 18:34:29, 2024-11-17 21:18:06, 8b44211d68c61dd15bea166d16e62462
2024-11-24 17:52:55 - <==        Row: 35408, 12300, 1, 50110, 496, 1, 우정로10길, 50110, 4848471, 0, 0, 19, 0, 외도일동, 아름지운아파트, 496-1, 69.8007, 2024, 3, 8, 25000, 8, 50110-4031,  ,  , 직거래,  , null,  , 개인, 개인, N, 2016, 126.429, 33.4886, Y, N, 2024-11-17 18:34:29, 2024-11-17 21:18:06, 9355d071e5d5efda2d553d6406ae4e16
2024-11-24 17:52:55 - <==        Row: 35320, 10200, 1, 50110, 357, 9, 고마로, 50110, 3349007, 1, 0, 71, 0, 일도이동, 인제네오하임, 357-9, 84.95, 2024, 3, 8, 34500, 5, 50110-3516,  ,  , 중개거래, 제주 제주시, null,  , 개인, 개인, N, 2013, 126.54, 33.5081, Y, N, 2024-11-17 18:34:26, 2024-11-17 21:18:03, 342dd0ee3fa7e1f2ca205cc1786ec214
2024-11-24 17:52:55 - <==        Row: 35381, 12200, 1, 50110, 2583, 1, 수덕로, 50110, 3349107, 1, 0, 44, 0, 노형동, 노형뜨란채, 2583-1, 84.75, 2024, 3, 7, 56000, 2, 50110-2909,  ,  , 중개거래, 제주 제주시, null, 209, 개인, 개인, N, 2006, 126.473, 33.4871, Y, N, 2024-11-17 18:34:28, 2024-11-17 21:18:05, f43cf9d60da2ddddd0b0a5988b0eceaa
2024-11-24 17:52:55 - <==        Row: 35391, 13700, 1, 50110, 293, 13, 연동11길, 50110, 4848250, 1, 0, 39, 0, 연동, 시스빌, 293-13, 39.98, 2024, 3, 7, 10000, 9, 50110-389,  ,  , 직거래,  , null,  , 개인, 개인, N, 2004, 126.493, 33.4862, Y, N, 2024-11-17 18:34:29, 2024-11-17 21:18:05, a7dba5f96c1d598c615cf01dc06bafb5
2024-11-24 17:52:55 - <==        Row: 35409, 10900, 1, 50110, 609, 68, 용화로5길, 50110, 4848449, 1, 0, 14, 0, 용담이동, 남양맨션, 609-68, 67.98, 2024, 3, 7, 9700, 5, 50110-86,  ,  , 직거래,  , null, 남양아파트, 개인, 개인, N, 1989, 126.507, 33.5112, Y, N, 2024-11-17 18:34:29, 2024-11-17 21:18:06, a3267432f885afe08517be9315d232a3
2024-11-24 17:52:55 - <==        Row: 35410, 10600, 1, 50110, 602, 1, 전농로9길, 50110, 4848649, 0, 0, 27, 0, 삼도이동, 아이린5차, 602-1, 84.72, 2024, 3, 7, 39800, 8, 50110-4466,  ,  , 중개거래, 제주 제주시, null,  , 개인, 개인, N, 2018, 126.52, 33.5068, Y, N, 2024-11-17 18:34:29, 2024-11-17 21:18:06, bc56b27ab25aa30b9a58af0f5477c27f
2024-11-24 17:52:55 - <==        Row: 35357, 10200, 1, 50110, 409, 10, 천수로9길, 50110, 4848833, 1, 0, 9, 0, 일도이동, 일도남양, 409-10, 82.33, 2024, 3, 6, 18800, 3, 50110-27,  ,  , 중개거래, 제주 제주시, null,  , 개인, 개인, N, 1992, 126.542, 33.5052, Y, N, 2024-11-17 18:34:27, 2024-11-17 21:18:04, f3a2d1a1112113f3d80bf3fc5eead684
2024-11-24 17:52:55 - <==        Row: 35383, 25923, 1, 50110, 1361, 3, 조천14길, 50110, 4848718, 0, 0, 24, 0, 조천읍 조천리, 대진유토피아빌리지(3차), 1361-3, 66.15, 2024, 3, 6, 15500, 6, 50110-4164,  ,  , 중개거래, 제주 제주시, null,  , 개인, 개인, N, 2017, 126.641, 33.5353, Y, N, 2024-11-17 18:34:28, 2024-11-17 21:18:05, 4f5ac5e462750d88e625944f489f5c1b
2024-11-24 17:52:55 - <==        Row: 35398, 11400, 1, 50110, 2142, 1, 지석2길, 50110, 4848794, 0, 0, 3, 0, 삼양이동, 삼화다온펠리스, 2142-1, 83.5539, 2024, 3, 6, 42000, 9, 50110-4624,  ,  , 중개거래, 제주 제주시, null,  , 개인, 개인, N, 2019, 126.579, 33.521, Y, N, 2024-11-17 18:34:29, 2024-11-17 21:18:06, ac7489b08a7ff50b68ebe0509f6f903f
2024-11-24 17:52:55 - <==        Row: 35402, 12200, 1, 50110, 1289, 1, 다랑곶길, 50110, 4847437, 1, 0, 10, 0, 노형동, 제동프린스빌, 1289-1, 32.09, 2024, 3, 6, 8100, 8, 50110-322,  ,  , 중개거래, 제주 제주시, null,  , 개인, 개인, N, 2003, 126.479, 33.4872, Y, N, 2024-11-17 18:34:29, 2024-11-17 21:18:06, ce023c081c92143894a1410524e6fbd3
2024-11-24 17:52:55 - <==        Row: 35403, 12900, 1, 50110, 70, 0, 독짓골2길, 50110, 4847549, 1, 0, 26, 0, 도남동, 수선화(70)1차, 70, 53.89, 2024, 3, 6, 22000, 3, 50110-65,  ,  , 중개거래, 제주 제주시, null, 수선화아파트 가, 개인, 개인, N, 1992, 126.53, 33.4897, Y, N, 2024-11-17 18:34:29, 2024-11-17 21:18:06, 0bd3663917cc08ac9114c938bef2e952
2024-11-24 17:52:55 - <==        Row: 35406, 10200, 1, 50110, 409, 10, 천수로9길, 50110, 4848833, 1, 0, 9, 0, 일도이동, 일도남양, 409-10, 82.33, 2024, 3, 6, 18800, 3, 50110-27, O, 24.03.22, 중개거래, 제주 제주시, null,  , 개인, 개인, N, 1992, 126.542, 33.5052, Y, N, 2024-11-17 18:34:29, 2024-11-17 21:18:06, aa6b12f2e934a98cb856da6aeace51e1
2024-11-24 17:52:55 - <==        Row: 35307, 12300, 1, 50110, 529, 1, 우정로15길, 50110, 4848476, 0, 0, 48, 0, 외도일동, 해밀마루, 529-1, 46.74, 2024, 3, 6, 19000, 6, 50110-4554,  ,  , 직거래,  , null,  , 개인, 개인, N, 2019, 126.433, 33.489, Y, N, 2024-11-17 18:34:26, 2024-11-17 21:18:02, 0dab663a7883967345df840e5da4f402
2024-11-24 17:52:55 - <==        Row: 35352, 11300, 1, 50110, 1601, 11, 선사로6길, 50110, 4847967, 1, 0, 55, 0, 삼양일동, 삼부장미(가동), 1601-11, 72.09, 2024, 3, 5, 13600, 5, 50110-122,  ,  , 중개거래, 제주 제주시, null,  , 개인, 개인, N, 1992, 126.59, 33.5272, Y, N, 2024-11-17 18:34:27, 2024-11-17 21:18:04, 4f47299d1f0d81b44403c9fe8c145763
2024-11-24 17:52:55 - <==        Row: 35118, 12300, 1, 50110, 560, 1, 우정로11길, 50110, 4848472, 1, 0, 22, 0, 외도일동, 외도부영1차, 560-1, 49.896, 2024, 3, 5, 23000, 8, 50110-374,  ,  , 중개거래, 제주 제주시, null, 103, 개인, 개인, N, 2000, 126.434, 33.4876, Y, N, 2024-11-17 18:34:18, 2024-11-17 21:18:06, f982340a578d6b30384ad3c075c03162
2024-11-24 17:52:55 - <==        Row: 35401, 12600, 1, 50110, 1095, 0, 오도11길, 50110, 4848313, 0, 0, 19, 1, 이호이동, 이호재영샤르빌13차, 1095, 84.89, 2024, 3, 5, 34000, 7, 50110-4415,  ,  , 중개거래, 제주 제주시, null,  , 법인, 개인, N, 2018, 126.46, 33.49, Y, N, 2024-11-17 18:34:29, 2024-11-17 21:18:06, 96bd786a76d75f4fa9cad5a50c9d43fd
2024-11-24 17:52:55 - <==        Row: 35412, 25924, 1, 50110, 4168, 0, 함덕30길, 50110, 4849052, 1, 0, 27, 0, 조천읍 함덕리, 광명샤인빌, 4168, 59.2517, 2024, 3, 5, 23300, 2, 50110-2908,  ,  , 중개거래, 제주 제주시, null, 104, 개인, 법인, N, 2006, 126.677, 33.538, Y, N, 2024-11-17 18:34:29, 2024-11-17 21:18:06, f986e7716a55c255d37b9602cf0aab8f
2024-11-24 17:52:55 - <==        Row: 35414, 12200, 1, 50110, 1062, 5, 수덕7길, 50110, 4848046, 1, 0, 9, 0, 노형동, 대원상록수노형1차, 1062-5, 84.14, 2024, 3, 5, 21000, 5, 50110-177,  ,  , 중개거래, 제주 제주시, null,  , 개인, 개인, N, 1995, 126.476, 33.4868, Y, N, 2024-11-17 18:34:29, 2024-11-17 21:18:06, b02dd0416069e3ecd8705f2e557d3472
2024-11-24 17:52:55 - <==        Row: 35375, 10400, 1, 50110, 1166, 6, 동광로12길, 50110, 4847558, 0, 0, 13, 0, 이도이동, 아이린아파트6차, 1166-6, 83.56, 2024, 3, 4, 46500, 6, 50110-4580,  ,  , 중개거래, 제주 제주시, null,  , 개인, 개인, N, 2019, 126.535, 33.5021, Y, N, 2024-11-17 18:34:28, 2024-11-17 21:18:05, bd06777665bcfd31c18d6648de580d39
2024-11-24 17:52:55 - <==        Row: 35400, 11400, 1, 50110, 2333, 0, 화삼로, 50110, 4849184, 4, 0, 166, 0, 삼양이동, 제주삼화사랑으로부영5차, 2333, 84.3616, 2024, 3, 4, 49500, 2, 50110-3571,  ,  , 중개거래, 제주 제주시, null, 514, 개인, 개인, N, 2013, 126.586, 33.5193, Y, N, 2024-11-17 18:34:29, 2024-11-17 21:18:06, d5425b35e36e912cb685c9af240872d2
2024-11-24 17:52:55 - <==        Row: 35415, 10500, 1, 50110, 788, 6, 서사로8길, 50110, 4847932, 1, 0, 3, 0, 삼도일동, 영남화이트빌(가동), 788-6, 182.28, 2024, 3, 4, 33000, 3, 50110-350,  ,  , 중개거래, 제주 제주시, null,  , 개인, 개인, N, 2004, 126.519, 33.5071, Y, N, 2024-11-17 18:34:29, 2024-11-17 21:18:06, 0a23dfc64bfd13e60a58a59edf6e747c
2024-11-24 17:52:55 - <==        Row: 35416, 10700, 1, 50110, 1004, 4, 만덕로3길, 50110, 4847631, 1, 0, 19, 0, 건입동, 우일, 1004-4, 84.78, 2024, 3, 4, 21500, 5, 50110-96,  ,  , 중개거래, 제주 제주시, null,  , 개인, 개인, N, 1993, 126.533, 33.5159, Y, N, 2024-11-17 18:34:29, 2024-11-17 21:18:06, 586d01a9839186271ac8e44a8185981e
2024-11-24 17:52:55 - <==        Row: 35328, 12200, 1, 50110, 3791, 1, 노형12길, 50110, 4849220, 1, 0, 24, 0, 노형동, 노형2차아이파크, 3791-1, 115.16, 2024, 3, 3, 110000, 3, 50110-3609,  ,  , 중개거래, 제주 제주시, null, 202, 개인, 개인, N, 2014, 126.48, 33.483, Y, N, 2024-11-17 18:34:26, 2024-11-17 21:18:03, 2457d69bcc52401f28f075347f613ecd
2024-11-24 17:52:55 - <==        Row: 35330, 10200, 1, 50110, 151, 16, 동광로21길, 50110, 4847568, 1, 0, 31, 0, 일도이동, 미화맨션, 151-16, 74.12, 2024, 3, 2, 14000, 1, 50110-10,  ,  , 직거래,  , null, 가형, 개인, 개인, N, 1987, 126.541, 33.512, Y, N, 2024-11-17 18:34:26, 2024-11-17 21:18:03, 8f548a18abd74026cecd9a670191b839
2024-11-24 17:52:55 - <==        Row: 35370, 10900, 1, 50110, 609, 77, 성화로, 50110, 3349103, 1, 0, 2, 0, 용담이동, 헤르지아, 609-77, 84.8208, 2024, 3, 2, 30800, 9, 50110-3326,  ,  , 직거래,  , null,  , 개인, 개인, N, 2012, 126.505, 33.5101, Y, N, 2024-11-17 18:34:28, 2024-11-17 21:18:04, 49d01619b5a08dcff217be3c3ec526b4
2024-11-24 17:52:55 - <==        Row: 35407, 11100, 1, 50110, 9, 1, 동화로1길, 50110, 4847618, 1, 0, 39, 0, 화북일동, 화북주공2,3단지, 9-1, 59.93, 2024, 3, 2, 33000, 6, 50110-115,  ,  , 중개거래, 제주 제주시, null, 화북2아파트206, 개인, 개인, N, 1998, 126.577, 33.5209, Y, N, 2024-11-17 18:34:29, 2024-11-17 21:18:06, 7ed191b3d1a8a787f6dc6d5b22ca8ea7
2024-11-24 17:52:55 - <==        Row: 35155, 12200, 1, 50110, 2530, 2, 수덕9길, 50110, 4848047, 1, 0, 48, 0, 노형동, 대원상록수5차, 2530-2, 84.9997, 2024, 2, 29, 30000, 10, 50110-2882,  ,  , 직거래,  , null, 101, 개인, 개인, N, 2005, 126.473, 33.4854, Y, N, 2024-11-17 18:34:20, 2024-11-17 21:17:56, 05ccfba03320dc9685dd2d508373ad66
2024-11-24 17:52:55 - <==        Row: 35157, 10200, 1, 50110, 113, 0, 태성로, 50110, 3349199, 1, 0, 3, 0, 일도이동, 일도우성1, 113, 59.44, 2024, 2, 29, 25000, 4, 50110-24,  ,  , 직거래,  , null, 102, 개인, 개인, N, 1995, 126.549, 33.5021, Y, N, 2024-11-17 18:34:20, 2024-11-17 21:17:56, 919f3044c4c50d8703580f354fff2bd7
2024-11-24 17:52:55 - <==        Row: 35167, 11100, 1, 50110, 10, 1, 동화로1길, 50110, 4847618, 1, 0, 11, 0, 화북일동, 화북주공1단지, 10-1, 84.6, 2024, 2, 29, 40000, 7, 50110-114,  ,  , 중개거래, 제주 제주시, null, 화북1아파트 109동, 개인, 개인, N, 1998, 126.575, 33.5207, Y, N, 2024-11-17 18:34:20, 2024-11-17 21:17:56, 5bfaf8de219788a65dc5587c1d04ba84
2024-11-24 17:52:55 - <==        Row: 35169, 11400, 1, 50110, 2333, 0, 화삼로, 50110, 4849184, 4, 0, 166, 0, 삼양이동, 제주삼화사랑으로부영5차, 2333, 66.4409, 2024, 2, 29, 43500, 3, 50110-3571,  ,  , 중개거래, 제주 제주시, null, 503, 개인, 개인, N, 2013, 126.586, 33.5193, Y, N, 2024-11-17 18:34:20, 2024-11-17 21:17:56, 42ec9c6e01ea3651bf0ca5fed4b9ce8c
2024-11-24 17:52:55 - <==        Row: 35176, 12300, 1, 50110, 560, 2, 우평로, 50110, 3349161, 2, 0, 318, 0, 외도일동, 부영(2차), 560-2, 84.9873, 2024, 2, 29, 41500, 4, 50110-375,  ,  , 중개거래, 제주 제주시, null, 부영아파트 205, 개인, 개인, N, 2001, 126.434, 33.485, Y, N, 2024-11-17 18:34:21, 2024-11-17 21:17:57, d4d69891652f8fed44a1067747028da9
2024-11-24 17:52:55 - <==        Row: 35180, 13700, 1, 50110, 300, 3, 삼무로11길, 50110, 4847821, 0, 0, 9, 0, 연동, 남해오네뜨, 300-3, 22.36, 2024, 2, 29, 14500, 10, 50110-4649,  ,  , 직거래,  , null,  , 개인, 개인, N, 2019, 126.496, 33.4926, Y, N, 2024-11-17 18:34:21, 2024-11-17 21:17:57, be48e730aae884e3284e287dc866b49b
2024-11-24 17:52:55 - <==        Row: 35191, 10600, 1, 50110, 819, 8, 남성로, 50110, 3349037, 2, 0, 143, 18, 삼도이동, 신우베스트빌, 819-8, 80.81, 2024, 2, 29, 24500, 8, 50110-83,  ,  , 중개거래, 제주 제주시, null,  , 개인, 개인, N, 2001, 126.521, 33.5103, Y, N, 2024-11-17 18:34:21, 2024-11-17 21:17:57, 6c3a2d6523b17b33d85b722e7b9c6458
2024-11-24 17:52:55 - <==        Row: 35192, 10400, 1, 50110, 1011, 3, 중앙로, 50110, 3349184, 0, 0, 266, 0, 이도이동, 영도갤럭시타운, 1011-3, 22.3279, 2024, 2, 29, 10800, 5, 50110-4330,  ,  , 중개거래, 제주 제주시, null,  , 개인, 개인, N, 2017, 126.532, 33.4961, Y, N, 2024-11-17 18:34:21, 2024-11-17 21:17:57, 1558f5e036e4aa487644cd6a423b101f
2024-11-24 17:52:55 - <==        Row: 35162, 12200, 1, 50110, 1278, 4, 다랑곶2길, 50110, 4847431, 1, 0, 8, 0, 노형동, 세기2차, 1278-4, 71.37, 2024, 2, 28, 16500, 5, 50110-186,  ,  , 중개거래, 제주 제주시, null, 가, 개인, 개인, N, 1991, 126.479, 33.488, Y, N, 2024-11-17 18:34:20, 2024-11-17 21:17:56, 8dd87d016b1eb6f2d2af35a360342c8b
2024-11-24 17:52:55 - <==        Row: 35170, 12300, 1, 50110, 439, 6, 우령6길, 50110, 4848463, 1, 0, 2, 0, 외도일동, 블루배리, 439-6, 82.94, 2024, 2, 28, 26500, 6, 50110-3022,  ,  , 중개거래, 제주 제주시, null, 1, 개인, 개인, N, 2008, 126.429, 33.491, Y, N, 2024-11-17 18:34:20, 2024-11-17 21:17:56, 67c42920187de7c0916f25e2329f5ba0
2024-11-24 17:52:55 - <==        Row: 35173, 13700, 1, 50110, 300, 3, 삼무로11길, 50110, 4847821, 0, 0, 9, 0, 연동, 남해오네뜨, 300-3, 22.36, 2024, 2, 28, 13000, 9, 50110-4649,  ,  , 직거래,  , null,  , 개인, 개인, N, 2019, 126.496, 33.4926, Y, N, 2024-11-17 18:34:21, 2024-11-17 21:17:56, e4f061b18a8f5305009a8ff5ee89a255
2024-11-24 17:52:55 - <==        Row: 35178, 12200, 1, 50110, 2583, 1, 수덕로, 50110, 3349107, 1, 0, 44, 0, 노형동, 노형뜨란채, 2583-1, 84.67, 2024, 2, 28, 54700, 4, 50110-2909,  ,  , 중개거래, 제주 제주시, null, 206, 개인, 개인, N, 2006, 126.473, 33.4871, Y, N, 2024-11-17 18:34:21, 2024-11-17 21:17:57, 2c6c0c211428c289419a8d44c8a0949a
2024-11-24 17:52:55 - <==        Row: 35156, 10700, 1, 50110, 940, 3, 만덕로3길, 50110, 4847631, 1, 0, 26, 0, 건입동, 현대, 940-3, 67.93, 2024, 2, 27, 26000, 3, 50110-98,  ,  , 직거래,  , null, 107, 개인, 개인, N, 1993, 126.535, 33.5167, Y, N, 2024-11-17 18:34:20, 2024-11-17 21:17:56, bdb48838d2e5116f4b687a726bb0cef4
2024-11-24 17:52:55 - <==        Row: 35181, 10200, 1, 50110, 47, 1, 천수로, 50110, 3349190, 0, 0, 72, 0, 일도이동, 일도신천지, 47-1, 59.97, 2024, 2, 27, 32500, 4, 50110-28,  ,  , 중개거래, 제주 제주시, null, 107, 개인, 개인, N, 1993, 126.545, 33.5045, Y, N, 2024-11-17 18:34:21, 2024-11-17 21:17:57, 1528616769a9310a47e41cbbe5a6b020
2024-11-24 17:52:55 - <==        Row: 35198, 13700, 1, 50110, 306, 0, 신대로, 50110, 3349111, 0, 0, 160, 0, 연동, 제주연동중흥S-클래스, 306, 38.9956, 2024, 2, 27, 28000, 6, 50110-4679,  ,  , 직거래,  , null,  , 개인, 개인, N, 2020, 126.496, 33.4833, Y, N, 2024-11-17 18:34:21, 2024-11-17 21:17:57, 32e624e95c86ef612a19edf74c735e82
2024-11-24 17:52:55 - <==        Row: 35200, 13000, 1, 50110, 1911, 0, 화삼로, 50110, 4849184, 2, 0, 107, 0, 도련일동, 제주삼화사랑으로부영6차, 1911, 84.3616, 2024, 2, 27, 56500, 7, 50110-3596,  ,  , 중개거래, 제주 제주시, null, 601, 개인, 개인, N, 2013, 126.584, 33.5158, Y, N, 2024-11-17 18:34:22, 2024-11-17 21:17:58, be248dbd7e0cc8e776a60dfa0047a676
2024-11-24 17:52:55 - <==        Row: 35202, 13700, 1, 50110, 253, 6, 연동4길, 50110, 4848256, 1, 0, 6, 10, 연동, 재형그랜드빌아트, 253-6, 80.185, 2024, 2, 27, 24000, 4, 50110-150,  ,  , 직거래,  , null,  , 개인, 개인, N, 2002, 126.487, 33.4855, Y, N, 2024-11-17 18:34:22, 2024-11-17 21:17:58, 01ecc3ea3fd80925ccaf05a6d29b788a
2024-11-24 17:52:55 - <==        Row: 35158, 13700, 1, 50110, 2325, 7, 도령로, 50110, 3349052, 3, 0, 103, 0, 연동, 연동한일씨티파크, 2325-7, 84.8573, 2024, 2, 26, 36000, 18, 50110-3692,  ,  , 직거래,  , null,  , 개인, 개인, N, 2014, 126.489, 33.4916, Y, N, 2024-11-17 18:34:20, 2024-11-17 21:17:56, c568666e199b367b2b3daf700d5ab898
2024-11-24 17:52:55 - <==        Row: 35159, 11200, 1, 50110, 117, 0, 화삼로, 50110, 4849184, 1, 0, 32, 0, 화북이동, 제주삼화엘에이치2단지, 117, 84.83, 2024, 2, 26, 55000, 10, 50110-3675,  ,  , 중개거래, 제주 제주시, null, 204, 개인, 개인, N, 2014, 126.576, 33.5134, Y, N, 2024-11-17 18:34:20, 2024-11-17 21:17:56, ee60fd79f54dbe836f97e72b62e7ed0a
2024-11-24 17:52:55 - <==        Row: 35165, 12300, 1, 50110, 529, 1, 우정로15길, 50110, 4848476, 0, 0, 48, 0, 외도일동, 해밀마루, 529-1, 47.71, 2024, 2, 26, 19500, 7, 50110-4554,  ,  , 중개거래, 제주 제주시, null,  , 개인, 개인, N, 2019, 126.433, 33.489, Y, N, 2024-11-17 18:34:20, 2024-11-17 21:17:56, d903877f65d7b8cf63e1f67e34450ff5
2024-11-24 17:52:55 - <==        Row: 35179, 12200, 1, 50110, 1061, 1, 정존13길, 50110, 4848674, 1, 0, 23, 0, 노형동, 노형영진1차, 1061-1, 59.86, 2024, 2, 26, 18800, 4, 50110-193,  ,  , 중개거래, 제주 제주시, null,  , 개인, 개인, N, 1995, 126.476, 33.4865, Y, N, 2024-11-17 18:34:21, 2024-11-17 21:17:57, d2ddfa1cb6ae04a7dfce6c31d02dca37
2024-11-24 17:52:55 - <==        Row: 35185, 13700, 1, 50110, 300, 3, 삼무로11길, 50110, 4847821, 0, 0, 9, 0, 연동, 남해오네뜨, 300-3, 32.39, 2024, 2, 26, 19500, 8, 50110-4649, O, 24.04.09, 중개거래, 제주 제주시, null,  , 개인, 개인, N, 2019, 126.496, 33.4926, Y, N, 2024-11-17 18:34:21, 2024-11-17 21:17:57, 791381b05fa2eb1c06faedc0785a7271
2024-11-24 17:52:55 - <==        Row: 35204, 11100, 1, 50110, 4087, 2, 진서로, 50110, 3349187, 1, 0, 55, 0, 화북일동, 뜨레향, 4087-2, 84.62, 2024, 2, 26, 25000, 2, 50110-3083,  ,  , 중개거래, 제주 제주시, null,  , 개인, 개인, N, 2010, 126.562, 33.5235, Y, N, 2024-11-17 18:34:22, 2024-11-17 21:17:58, 2d3b28eb5ce65de5c3eb7af9b6bcfcda
2024-11-24 17:52:55 - <==        Row: 35206, 11700, 1, 50110, 6075, 2, 아란12길, 50110, 4848191, 1, , 9, 0, 아라일동, 미화, 6075-2, 57.44, 2024, 2, 26, 17500, 7, 50110-129,  ,  , 중개거래, 제주 제주시, null, 2, 개인, 개인, N, 1993, 126.545, 33.47, Y, N, 2024-11-17 18:34:22, 2024-11-17 21:17:58, 896065c09022589a21321b946c89a7ea
2024-11-24 17:52:55 - <==        Row: 35199, 25340, 1, 50110, 166, 1, 하귀9길, 50110, 4848952, 1, 0, 71, 0, 애월읍 하귀1리, 제주하귀휴먼시아2단지, 166-1, 84.85, 2024, 2, 25, 45500, 2, 50110-3077,  ,  , 중개거래, 제주 제주시, null, 202, 개인, 개인, N, 2010, 126.415, 33.4812, Y, N, 2024-11-17 18:34:21, 2024-11-17 21:17:57, f5ba0232cb544d788d663bcb792f8268
2024-11-24 17:52:55 - <==        Row: 35160, 10400, 1, 50110, 1011, 3, 중앙로, 50110, 3349184, 0, 0, 266, 0, 이도이동, 영도갤럭시타운, 1011-3, 34.7519, 2024, 2, 24, 16600, 9, 50110-4330,  ,  , 중개거래, 제주 제주시, null,  , 개인, 개인, N, 2017, 126.532, 33.4961, Y, N, 2024-11-17 18:34:20, 2024-11-17 21:17:56, c0d559200c1940c680f4d3e76332264f
2024-11-24 17:52:55 - <==        Row: 35195, 12900, 1, 50110, 82, 0, 도남로13길, 50110, 4847504, 1, 0, 8, 0, 도남동, 도남시영, 82, 44.28, 2024, 2, 24, 15050, 1, 50110-55,  ,  , 직거래,  , null, 비, 법인, 개인, N, 1990, 126.529, 33.4928, Y, N, 2024-11-17 18:34:21, 2024-11-17 21:17:57, e749060feae9e8de305611ff7e10db31
2024-11-24 17:52:55 - <==        Row: 35211, 12200, 1, 50110, 2514, 3, 수덕5길, 50110, 4848045, 1, 0, 72, 0, 노형동, 노형영진2차, 2514-3, 54.64, 2024, 2, 24, 14000, 1, 50110-173,  ,  , 중개거래, 제주 제주시, null, 2, 개인, 개인, N, 1996, 126.472, 33.4833, Y, N, 2024-11-17 18:34:22, 2024-11-17 21:17:58, 49011865c6bb63d4bc766b154bc87c37
2024-11-24 17:52:55 - <==        Row: 35171, 12300, 1, 50110, 560, 1, 우정로11길, 50110, 4848472, 1, 0, 22, 0, 외도일동, 외도부영1차, 560-1, 59.933, 2024, 2, 23, 26000, 4, 50110-374,  ,  , 중개거래, 제주 제주시, null, 105, 개인, 개인, N, 2000, 126.434, 33.4876, Y, N, 2024-11-17 18:34:20, 2024-11-17 21:17:56, dffb2027041e3a3ad80b1f7966a874a4
2024-11-24 17:52:55 - <==        Row: 35177, 10200, 1, 50110, 113, 0, 태성로, 50110, 3349199, 1, 0, 3, 0, 일도이동, 일도우성1, 113, 59.44, 2024, 2, 23, 32500, 2, 50110-24,  ,  , 중개거래, 제주 제주시, null, 105, 개인, 개인, N, 1995, 126.549, 33.5021, Y, N, 2024-11-17 18:34:21, 2024-11-17 21:17:57, c7135149f8f5103a78773f521679e224
2024-11-24 17:52:55 - <==        Row: 35208, 13000, 1, 50110, 1751, 0, 매촌2길, 50110, 4847636, 0, 0, 70, 0, 도련일동, 아르미아아파트, 1751, 84.4362, 2024, 2, 23, 37500, 6, 50110-4159,  ,  , 중개거래, 제주 제주시, null, 101동, 개인, 개인, N, 2017, 126.591, 33.51, Y, N, 2024-11-17 18:34:22, 2024-11-17 21:17:58, dce3a9c53e82df79630f536b308cb133
2024-11-24 17:52:55 - <==        Row: 35164, 10400, 1, 50110, 1961, 6, 신설로9길, 50110, 4848127, 1, 0, 12, 7, 이도이동, 지산16차위더스빌, 1961-6, 84.88, 2024, 2, 22, 48000, 5, 50110-3181,  ,  , 중개거래, 제주 제주시, null,  , 개인, 개인, N, 2011, 126.546, 33.4937, Y, N, 2024-11-17 18:34:20, 2024-11-17 21:17:56, 9268730e5f43e9011106f943c3d476b9
2024-11-24 17:52:55 - <==        Row: 35183, 12200, 1, 50110, 2585, 1, 광평동로, 50110, 3349020, 1, 0, 66, 0, 노형동, 중흥에스클래스(미리내마을), 2585-1, 120.943, 2024, 2, 22, 90000, 13, 50110-2910,  ,  , 중개거래, 제주 제주시, null, 102, 개인, 개인, N, 2006, 126.468, 33.4851, Y, N, 2024-11-17 18:34:21, 2024-11-17 21:17:57, aa239dcb75e0cd887ca7dd30a2480897
2024-11-24 17:52:55 - <==        Row: 35209, 12000, 1, 50110, 1492, 0, 연사길, 50110, 4848276, 1, 0, 83, 20, 오라이동, 미듬아뜨리에, 1492, 59.8575, 2024, 2, 22, 23000, 7, 50110-3676,  ,  , 중개거래, 제주 제주시, null,  , 개인, 개인, N, 2014, 126.512, 33.4872, Y, N, 2024-11-17 18:34:22, 2024-11-17 21:17:58, a352c7849af76a38e84e96310c19be9e
2024-11-24 17:52:55 - <==        Row: 35214, 10300, 1, 50110, 1549, 9, 중앙로17길, 50110, 4848765, 0, 0, 20, 0, 이도일동, 이도네오하임, 1549-9, 82.53, 2024, 2, 22, 33000, 7, 50110-4245,  ,  , 중개거래, 제주 제주시, null,  , 법인, 개인, N, 2017, 126.526, 33.5094, Y, N, 2024-11-17 18:34:22, 2024-11-17 21:17:58, 67f7bd9a0cb3504c0d711b8a1dd07c6c
2024-11-24 17:52:55 - <==        Row: 35215, 12200, 1, 50110, 754, 0, 과원북2길, 50110, 4847143, 1, 0, 12, 0, 노형동, 부영5차, 754, 84.9508, 2024, 2, 22, 64700, 3, 50110-364,  ,  , 중개거래, 제주 제주시, null, 505, 개인, 개인, N, 2001, 126.484, 33.4786, Y, N, 2024-11-17 18:34:22, 2024-11-17 21:17:58, c443325051f1c7851a8238b9eb2a0188
2024-11-24 17:52:55 - <==        Row: 35182, 10200, 1, 50110, 113, 6, 남광로, 50110, 3349035, 1, 0, 223, 0, 일도이동, 일도우성2, 113-6, 99.35, 2024, 2, 21, 50000, 2, 50110-25,  ,  , 중개거래, 제주 제주시, null, 206, 개인, 개인, N, 1995, 126.551, 33.5041, Y, N, 2024-11-17 18:34:21, 2024-11-17 21:17:57, 487c707ed9589b3ff4e4e583ec3ffcc0
2024-11-24 17:52:55 - <==        Row: 35161, 10400, 1, 50110, 888, 0, 구남로7길, 50110, 4847233, 1, 0, 36, 0, 이도이동, 주공1, 888, 40.32, 2024, 2, 20, 47200, 3, 50110-44,  ,  , 중개거래, 제주 제주시, null, 111, 개인, 개인, N, 1985, 126.534, 33.4923, Y, N, 2024-11-17 18:34:20, 2024-11-17 21:17:56, 35779811dcdfb58c7d9daffe631f00d4
2024-11-24 17:52:55 - <==        Row: 35175, 13700, 1, 50110, 292, 8, 은남1길, 50110, 4848590, 1, 0, 18, 0, 연동, 연동엘리시아3차, 292-8, 79.83, 2024, 2, 20, 38000, 2, 50110-3585,  ,  , 직거래,  , null,  , 개인, 개인, N, 2013, 126.494, 33.4894, Y, N, 2024-11-17 18:34:21, 2024-11-17 21:17:56, d16c93f84a21184d9a95460ae9f41d03
2024-11-24 17:52:55 - <==        Row: 35212, 10200, 1, 50110, 46, 0, 천수로, 50110, 3349190, 1, 0, 92, 0, 일도이동, 일도2차신천지, 46, 59.98, 2024, 2, 20, 29000, 4, 50110-23,  ,  , 직거래,  , null, 203, 개인, 개인, N, 1994, 126.546, 33.5061, Y, N, 2024-11-17 18:34:22, 2024-11-17 21:17:58, f493062199e1249fc3bb864834ebb290
2024-11-24 17:52:55 - <==        Row: 35218, 11700, 1, 50110, 6075, 2, 아란12길, 50110, 4848191, 1, 0, 8, 0, 아라일동, 미화, 6075-2, 49.18, 2024, 2, 20, 15500, 7, 50110-129,  ,  , 직거래,  , null, 1, 개인, 개인, N, 1993, 126.545, 33.4706, Y, N, 2024-11-17 18:34:22, 2024-11-17 21:17:58, fd4fe31361fc0017cef5ced122c5c75a
2024-11-24 17:52:55 - <==        Row: 35222, 25334, 1, 50110, 1622, 0, 애원로, 50110, 3349128, 0, 0, 11, 0, 애월읍 애월리, 혁승애월다움, 1622, 84.4265, 2024, 2, 20, 23000, 6, 50110-4294,  ,  , 직거래,  , null,  , 개인, 개인, N, 2017, 126.321, 33.4634, Y, N, 2024-11-17 18:34:22, 2024-11-17 21:17:58, c21df43d88f4cf1d19552a24a2bcdd45
2024-11-24 17:52:55 - <==        Row: 35229, 13000, 1, 50110, 1585, 5, 삼봉로, 50110, 3349084, 3, 0, 170, 0, 도련일동, 반석스위스타운, 1585-5, 80.955, 2024, 2, 20, 21400, 3, 50110-128,  ,  , 중개거래, 제주 제주시, null, 반석스위트타운 나동, 개인, 개인, N, 2002, 126.591, 33.5065, Y, N, 2024-11-17 18:34:23, 2024-11-17 21:17:59, ec430c03d6e6c542c5561cf3eb31f15e
2024-11-24 17:52:55 - <==        Row: 35153, 12200, 1, 50110, 2583, 1, 수덕로, 50110, 3349107, 1, 0, 44, 0, 노형동, 노형뜨란채, 2583-1, 84.67, 2024, 2, 19, 57000, 5, 50110-2909,  ,  , 중개거래, 제주 제주시, null, 207, 개인, 개인, N, 2006, 126.473, 33.4871, Y, N, 2024-11-17 18:34:20, 2024-11-17 21:17:56, 5cba1a25975f9b2de0df1607e1a1dcf4
2024-11-24 17:52:55 - <==        Row: 35184, 12200, 1, 50110, 2583, 1, 수덕로, 50110, 3349107, 1, 0, 44, 0, 노형동, 노형뜨란채, 2583-1, 84.67, 2024, 2, 19, 57000, 5, 50110-2909, O, 24.05.22, 중개거래, 제주 제주시, null,  , 개인, 개인, N, 2006, 126.473, 33.4871, Y, N, 2024-11-17 18:34:21, 2024-11-17 21:17:57, 885ab3b235a15ebb109b4867eddfcea9
2024-11-24 17:52:55 - <==        Row: 35223, 10200, 1, 50110, 132, 44, 고마로, 50110, 3349007, 1, 0, 21, 0, 일도이동, 서반, 132-44, 83.3498, 2024, 2, 19, 22500, 3, 50110-14,  ,  , 중개거래, 제주 제주시, null,  , 개인, 개인, N, 2000, 126.539, 33.5124, Y, N, 2024-11-17 18:34:22, 2024-11-17 21:17:58, cb3c61d21408feeed3adc3bb7a46f625
2024-11-24 17:52:55 - <==        Row: 35224, 12300, 1, 50110, 529, 1, 우정로15길, 50110, 4848476, 0, 0, 48, 0, 외도일동, 해밀마루, 529-1, 46.74, 2024, 2, 19, 20000, 8, 50110-4554,  ,  , 중개거래, 제주 제주시, null,  , 개인, 개인, N, 2019, 126.433, 33.489, Y, N, 2024-11-17 18:34:22, 2024-11-17 21:17:59, 99c236823600429ed5eef3b2e2e23b04
2024-11-24 17:52:55 - <==        Row: 35194, 12300, 1, 50110, 450, 8, 우정로5길, 50110, 4848481, 1, 0, 7, 0, 외도일동, 핀크스, 450-8, 139.01, 2024, 2, 18, 41000, 6, 50110-2995,  ,  , 중개거래, 제주 제주시, null, A, 개인, 개인, N, 2007, 126.432, 33.4905, Y, N, 2024-11-17 18:34:21, 2024-11-17 21:17:57, 8584eb35fe1c7f112c341aabe0ffd444
2024-11-24 17:52:55 - <==        Row: 35217, 11100, 1, 50110, 12, 1, 동화로1길, 50110, 4847618, 1, 0, 10, 0, 화북일동, 화북주공4단지, 12-1, 49.5, 2024, 2, 18, 26000, 2, 50110-118,  ,  , 중개거래, 제주 제주시, null, 415, 개인, 개인, N, 1998, 126.574, 33.518, Y, N, 2024-11-17 18:34:22, 2024-11-17 21:17:58, d1779fede3dee2aedda2822de8b23972
2024-11-24 17:52:55 - <==        Row: 35193, 10600, 1, 50110, 599, 1, 서사로, 50110, 3349092, 0, 0, 69, 0, 삼도이동, 모다세인트빌, 599-1, 80.72, 2024, 2, 16, 26500, 5, 50110-4662,  ,  , 중개거래, 제주 제주시, null,  , 개인, 개인, N, 2020, 126.52, 33.5062, Y, N, 2024-11-17 18:34:21, 2024-11-17 21:17:57, cf3f04576b3714419ee20366d7934ccf
2024-11-24 17:52:55 - <==        Row: 35225, 12300, 1, 50110, 486, 5, 우령서로, 50110, 3349159, 1, , 45, 0, 외도일동, 비치나빌리지, 486-5, 84.97, 2024, 2, 16, 24000, 3, 50110-4719,  ,  , 중개거래, 제주 제주시, null, 외도아파트, 개인, 개인, N, 2020, 126.427, 33.4883, Y, N, 2024-11-17 18:34:22, 2024-11-17 21:17:59, eb279fd7f98dcfd873a4a6d91e1b0617
2024-11-24 17:52:55 - <==        Row: 35228, 10400, 1, 50110, 777, 0, 구남로, 50110, 3349021, 1, 0, 43, 0, 이도이동, 주공2차, 777, 46.74, 2024, 2, 16, 48500, 5, 50110-45,  ,  , 중개거래, 제주 제주시, null, 207, 개인, 개인, N, 1988, 126.534, 33.4913, Y, N, 2024-11-17 18:34:22, 2024-11-17 21:17:59, 1c852d8e1bfbd9e4ef381b0445483212
2024-11-24 17:52:55 - <==        Row: 35231, 10600, 1, 50110, 599, 1, 서사로, 50110, 3349092, 0, 0, 69, 0, 삼도이동, 모다세인트빌, 599-1, 80.72, 2024, 2, 16, 26500, 5, 50110-4662, O, 24.02.29, 중개거래, 제주 제주시, null,  , 개인, 개인, N, 2020, 126.52, 33.5062, Y, N, 2024-11-17 18:34:23, 2024-11-17 21:17:59, 0f4e18255e893ca21bf749297a0c7739
2024-11-24 17:52:55 - <==        Row: 35238, 13700, 1, 50110, 300, 3, 삼무로11길, 50110, 4847821, 0, 0, 9, 0, 연동, 남해오네뜨, 300-3, 32.39, 2024, 2, 16, 22500, 10, 50110-4649,  ,  , 중개거래, 제주 제주시, null,  , 개인, 개인, N, 2019, 126.496, 33.4926, Y, N, 2024-11-17 18:34:23, 2024-11-17 21:17:59, cbdb93c4792f43c12ee55146e1686b99
2024-11-24 17:52:55 - <==        Row: 35246, 12300, 1, 50110, 499, 4, 우정로, 50110, 3349160, 1, 0, 51, 0, 외도일동, 제웅스카이빌, 499-4, 82.77, 2024, 2, 16, 25800, 9, 50110-282,  ,  , 중개거래, 제주 제주시, null,  , 개인, 개인, N, 2003, 126.431, 33.4883, Y, N, 2024-11-17 18:34:23, 2024-11-17 21:17:59, 4d761a284ec57ec1fd906657bd4025d7
2024-11-24 17:52:55 - <==        Row: 35172, 12700, 1, 50110, 2619, 2, 도두항서7길, 50110, 4847523, 0, 0, 5, 10, 도두일동, 도두네오하임B, 2619-2, 83.34, 2024, 2, 15, 38000, 9, 50110-4222,  ,  , 직거래,  , null,  , 법인, 개인, N, 2017, 126.464, 33.5038, Y, N, 2024-11-17 18:34:21, 2024-11-17 21:17:56, d2d6a2235d4d1a11abf8006586398105
2024-11-24 17:52:55 - <==        Row: 35203, 12200, 1, 50110, 2583, 1, 수덕로, 50110, 3349107, 1, 0, 44, 0, 노형동, 노형뜨란채, 2583-1, 84.67, 2024, 2, 15, 59000, 6, 50110-2909,  ,  , 중개거래, 제주 제주시, null, 201, 개인, 개인, N, 2006, 126.473, 33.4871, Y, N, 2024-11-17 18:34:22, 2024-11-17 21:17:58, a5d3cb0fef1fad25a9d79b71106c33fa
2024-11-24 17:52:55 - <==        Row: 35237, 12300, 1, 50110, 534, 1, 우령서로, 50110, 3349159, 1, 0, 57, 0, 외도일동, 갤럭시타운, 534-1, 67.7146, 2024, 2, 15, 23800, 2, 50110-3474,  ,  , 중개거래, 제주 제주시, null,  , 개인, 개인, N, 2013, 126.427, 33.4874, Y, N, 2024-11-17 18:34:23, 2024-11-17 21:17:59, 0f8505e7286d994ed476fa2c28683ad8
2024-11-24 17:52:55 - <==        Row: 35240, 25024, 1, 50110, 1449, 1, 한림남2길, 50110, 4848994, 1, 1, 8, 0, 한림읍 한림리, 회성푸르니5차, 1449-1, 74.6913, 2024, 2, 15, 24000, 1, 50110-3831,  ,  , 중개거래, 제주 제주시, null, A동, 개인, 개인, N, 2015, 126.264, 33.4125, Y, N, 2024-11-17 18:34:23, 2024-11-17 21:17:59, e4d10a14d4422baf9188317afe06e351
2024-11-24 17:52:55 - <==        Row: 35243, 12200, 1, 50110, 754, 4, 과원로, 50110, 3349013, 1, 0, 11, 0, 노형동, 부영2차, 754-4, 45.9078, 2024, 2, 15, 32000, 4, 50110-366,  ,  , 중개거래, 제주 제주시, null, 202, 개인, 개인, N, 2001, 126.485, 33.4765, Y, N, 2024-11-17 18:34:23, 2024-11-17 21:17:59, c9db4ceeab74171b920565aedb185ba4
2024-11-24 17:52:55 - <==        Row: 35244, 10400, 1, 50110, 1061, 10, 가령로, 50110, 3349001, 1, 0, 76, 0, 이도이동, 메디치, 1061-10, 25.48, 2024, 2, 15, 8000, 10, 50110-3260,  ,  , 직거래,  , null,  , 개인, 개인, N, 2012, 126.538, 33.4977, Y, N, 2024-11-17 18:34:23, 2024-11-17 21:17:59, c937b2ba1bed479c0517834663927aae
2024-11-24 17:52:55 - <==        Row: 35166, 10200, 1, 50110, 416, 7, 천수로9길, 50110, 4848833, 0, 0, 1, 0, 일도이동, 그랑팰리스, 416-7, 84.81, 2024, 2, 14, 37000, 5, 50110-4165,  ,  , 직거래,  , null,  , 개인, 개인, N, 2017, 126.542, 33.5043, Y, N, 2024-11-17 18:34:20, 2024-11-17 21:17:56, 54ace67bbd6188e740a38689af64812d
2024-11-24 17:52:55 - <==        Row: 35187, 13700, 1, 50110, 314, 90, 선덕로, 50110, 3349095, 0, 0, 26, 0, 연동, 고정아파트, 314-90, 84.98, 2024, 2, 14, 50000, 6, 50110-4024,  ,  , 중개거래, 제주 제주시, null,  , 개인, 개인, N, 2016, 126.499, 33.4854, Y, N, 2024-11-17 18:34:21, 2024-11-17 21:17:57, 8386ee7300c017288a7e9371c45a5440
2024-11-24 17:52:55 - <==        Row: 35201, 11100, 1, 50110, 12, 1, 동화로1길, 50110, 4847618, 1, 0, 10, 0, 화북일동, 화북주공4단지, 12-1, 59.93, 2024, 2, 14, 35000, 6, 50110-118,  ,  , 중개거래, 제주 제주시, null, 401, 개인, 개인, N, 1998, 126.574, 33.518, Y, N, 2024-11-17 18:34:22, 2024-11-17 21:17:58, 43c0705de844475232b4267e904eeceb
2024-11-24 17:52:55 - <==        Row: 35219, 10500, 1, 50110, 321, 1, 홍랑길, 50110, 4849117, 1, , 26, 17, 삼도일동, 삼성뜨래별, 321-1, 71.99, 2024, 2, 14, 29000, 10, 50110-3954, O, 24.03.29, 중개거래, 제주 제주시, null,  , 개인, 개인, N, 2016, 126.524, 33.5024, Y, N, 2024-11-17 18:34:22, 2024-11-17 21:17:58, 083b0044a9a6ad10452ab0fe4c9d13de
2024-11-24 17:52:55 - <==        Row: 35247, 12300, 1, 50110, 560, 1, 우정로11길, 50110, 4848472, 1, 0, 22, 0, 외도일동, 외도부영1차, 560-1, 49.896, 2024, 2, 14, 22500, 10, 50110-374,  ,  , 중개거래, 제주 제주시, null, 109, 개인, 개인, N, 2000, 126.434, 33.4876, Y, N, 2024-11-17 18:34:23, 2024-11-17 21:17:59, c9c7a0d296698f015951447b37fc80c3
2024-11-24 17:52:55 - <==        Row: 35251, 10400, 1, 50110, 1956, 0, 신설로, 50110, 3349115, 1, 0, 55, 0, 이도이동, 이도한일베라체, 1956, 175.71, 2024, 2, 14, 97000, 11, 50110-3101,  ,  , 중개거래, 제주 제주시, null, 108, 개인, 개인, N, 2011, 126.548, 33.4932, Y, N, 2024-11-17 18:34:23, 2024-11-17 21:18:00, f8630ed1f203ced1c11a2e5c2b81026d
2024-11-24 17:52:55 - <==        Row: 35174, 11400, 1, 50110, 2142, 4, 일주동로, 50110, 3349235, 5, 0, 322, 0, 삼양이동, 다연, 2142-4, 81.359, 2024, 2, 13, 26800, 2, 50110-804,  ,  , 직거래,  , null,  , 개인, 개인, N, 2005, 126.579, 33.5211, Y, N, 2024-11-17 18:34:21, 2024-11-17 21:17:56, aef04b0ac9851f2fcc3faa4de6b2a774
2024-11-24 17:52:55 - <==        Row: 35210, 13700, 1, 50110, 306, 6, 사장길, 50110, 4847801, 1, 0, 29, 0, 연동, 장원훼밀리, 306-6, 84.18, 2024, 2, 13, 31000, 12, 50110-390,  ,  , 중개거래, 제주 제주시, null,  , 개인, 개인, N, 2004, 126.495, 33.4831, Y, N, 2024-11-17 18:34:22, 2024-11-17 21:17:58, 673974b49dc00824691f1ca49503251e
2024-11-24 17:52:55 - <==        Row: 35213, 10600, 1, 50110, 599, 3, 서사로, 50110, 3349092, 0, 0, 73, 0, 삼도이동, 수미안아파트, 599-3, 77.88, 2024, 2, 13, 36000, 7, 50110-4600,  ,  , 중개거래, 제주 제주시, null,  , 개인, 개인, N, 2019, 126.52, 33.5059, Y, N, 2024-11-17 18:34:22, 2024-11-17 21:17:58, 38f06125780f5190077fa1db49220f36
2024-11-24 17:52:55 - <==        Row: 35227, 11200, 1, 50110, 5762, 0, 거로남4길, 50110, 4847023, 0, 0, 28, 0, 화북이동, 화북세원멤버스, 5762, 83.6259, 2024, 2, 13, 40700, 4, 50110-5028,  ,  , 중개거래, 제주 제주시, null,  , 법인, 법인, N, 2023, 126.561, 33.5077, Y, N, 2024-11-17 18:34:22, 2024-11-17 21:17:59, 5ebe254745dedbdb5953d5527ee1be55
2024-11-24 17:52:55 - <==        Row: 35245, 10800, 1, 50110, 251, 17, 남성로, 50110, 3349037, 3, 0, 67, 0, 용담일동, 덕진아파트(B동), 251-17, 84.85, 2024, 2, 13, 29500, 3, 50110-2935,  ,  , 중개거래, 제주 제주시, null,  , 개인, 개인, N, 2006, 126.514, 33.506, Y, N, 2024-11-17 18:34:23, 2024-11-17 21:17:59, e0e5fec59e8a5dd806a6e7d758060cf7
2024-11-24 17:52:55 - <==        Row: 35254, 13700, 1, 50110, 306, 0, 신대로, 50110, 3349111, 0, 0, 160, 0, 연동, 제주연동중흥S-클래스, 306, 38.9956, 2024, 2, 13, 28000, 6, 50110-4679, O, 24.02.15, 직거래,  , null,  , 개인, 개인, N, 2020, 126.496, 33.4833, Y, N, 2024-11-17 18:34:23, 2024-11-17 21:18:00, 21ead54fbff5b39ca7b6102bbe23ee20
2024-11-24 17:52:55 - <==        Row: 35220, 13700, 1, 50110, 1964, 1, 성신로, 50110, 3349101, 1, 0, 9, 0, 연동, 대림(103동), 1964-1, 84.92, 2024, 2, 8, 29000, 4, 50110-4342,  ,  , 중개거래, 제주 제주시, null, 103, 개인, 개인, N, 1991, 126.485, 33.4904, Y, N, 2024-11-17 18:34:22, 2024-11-17 21:17:58, 4f502692730d917a42e79db7a34673c0
2024-11-24 17:52:55 - <==        Row: 35232, 25628, 1, 50110, 1307, 1, 일주동로, 50110, 3349235, 0, 0, 3171, 0, 구좌읍 세화리, 세화비치타운, 1307-1, 39.8, 2024, 2, 8, 10700, 4, 50110-4092,  ,  , 직거래,  , null,  , 개인, 개인, N, 2017, 126.858, 33.5205, Y, N, 2024-11-17 18:34:23, 2024-11-17 21:17:59, 76fda306ce8f77fd7c1f3eeaf5dbc784
2024-11-24 17:52:55 - <==        Row: 35239, 12000, 1, 50110, 1394, 1, 사평6길, 50110, 4847804, 0, 0, 37, 8, 오라이동, 오라동벽강하이본타워4차, 1394-1, 84.89, 2024, 2, 8, 42500, 4, 50110-4072,  ,  , 중개거래, 제주 제주시, null, 101동, 개인, 개인, N, 2017, 126.515, 33.4893, Y, N, 2024-11-17 18:34:23, 2024-11-17 21:17:59, ecb66825d312434ef4b5a67f88420d0d
2024-11-24 17:52:55 - <==        Row: 35257, 10200, 1, 50110, 151, 16, 동광로21길, 50110, 4847568, 1, 0, 31, 0, 일도이동, 미화맨션, 151-16, 71.22, 2024, 2, 8, 11000, 1, 50110-10,  ,  , 직거래,  , null, 다형, 개인, 개인, N, 1987, 126.541, 33.512, Y, N, 2024-11-17 18:34:23, 2024-11-17 21:18:00, ba168347351851a13e90af452b18783d
2024-11-24 17:52:55 - <==        Row: 35190, 12200, 1, 50110, 754, 4, 과원로, 50110, 3349013, 1, 0, 11, 0, 노형동, 부영2차, 754-4, 45.9078, 2024, 2, 7, 29500, 3, 50110-366,  ,  , 중개거래, 제주 제주시, null, 202, 개인, 개인, N, 2001, 126.485, 33.4765, Y, N, 2024-11-17 18:34:21, 2024-11-17 21:17:57, b3727d8f35a4b5521f6bba0509c7bf09
2024-11-24 17:52:55 - <==        Row: 35256, 10400, 1, 50110, 1078, 6, 오복2길, 50110, 4848340, 1, 0, 27, 0, 이도이동, 부양장미2차, 1078-6, 59.4, 2024, 2, 7, 19500, 4, 50110-40,  ,  , 중개거래, 제주 제주시, null,  , 개인, 개인, N, 1995, 126.537, 33.4938, Y, N, 2024-11-17 18:34:23, 2024-11-17 21:18:00, 07852bd7b6f4610697007384258aed85
2024-11-24 17:52:55 - <==        Row: 35258, 13000, 1, 50110, 1909, 0, 화삼북로, 50110, 3349227, 4, 0, 90, 0, 도련일동, 제주삼화사랑으로부영7차, 1909, 84.9933, 2024, 2, 7, 59500, 8, 50110-3816,  ,  , 중개거래, 제주 제주시, null, 705동, 개인, 개인, N, 2015, 126.582, 33.517, Y, N, 2024-11-17 18:34:24, 2024-11-17 21:18:00, 49a9c7d34da8bde7cc7df228d6740f48
2024-11-24 17:52:55 - <==        Row: 35262, 13700, 1, 50110, 284, 5, 노연로, 50110, 3349041, 2, 0, 118, 1, 연동, 미도스카이빌, 284-5, 28.62, 2024, 2, 7, 6700, 10, 50110-3378,  ,  , 중개거래, 제주 제주시, null,  , 개인, 개인, N, 2012, 126.493, 33.4856, Y, N, 2024-11-17 18:34:24, 2024-11-17 21:18:00, df22437ab824c15acf6fd00027813b9b
2024-11-24 17:52:55 - <==        Row: 35241, 11400, 1, 50110, 2132, 3, 일주동로, 50110, 3349235, 5, 0, 361, 0, 삼양이동, 동명, 2132-3, 84.878, 2024, 2, 6, 23500, 2, 50110-125,  ,  , 중개거래, 제주 제주시, null, 나, 개인, 개인, N, 1991, 126.584, 33.5214, Y, N, 2024-11-17 18:34:23, 2024-11-17 21:17:59, 8280e9aded1a98da98ba6eae246636ab
2024-11-24 17:52:55 - <==        Row: 35263, 25924, 1, 50110, 1424, 0, 함덕12길, 50110, 4849038, 0, 0, 51, 0, 조천읍 함덕리, 쉬젠비아채, 1424, 84.8055, 2024, 2, 6, 27000, 1, 50110-4227,  ,  , 직거래,  , null, 나동, 법인, 개인, N, 2017, 126.666, 33.5379, Y, N, 2024-11-17 18:34:24, 2024-11-17 21:18:00, 921d53f9d026f181b308f2c30f1e151d
2024-11-24 17:52:55 - <==        Row: 35265, 25921, 1, 50110, 1861, 0, 신촌3길, 50110, 4848167, 1, 0, 16, 5, 조천읍 신촌리, 신촌다정타운, 1861, 47.0171, 2024, 2, 6, 8900, 3, 50110-399,  ,  , 직거래,  , null, 나, 개인, 개인, N, 2002, 126.619, 33.5351, Y, N, 2024-11-17 18:34:24, 2024-11-17 21:18:00, 17300aa49c3b0d7498f3cd30658edc91
2024-11-24 17:52:55 - <==        Row: 35268, 25340, 1, 50110, 167, 0, 하귀9길, 50110, 4848952, 1, 0, 45, 0, 애월읍 하귀1리, 제주하귀휴먼시아1단지, 167, 84.72, 2024, 2, 6, 43000, 2, 50110-3078,  ,  , 중개거래, 제주 제주시, null, 104, 개인, 개인, N, 2010, 126.417, 33.4837, Y, N, 2024-11-17 18:34:24, 2024-11-17 21:18:00, ff77fab933d7a9e3929ba0b7517a3cc1
2024-11-24 17:52:55 - <==        Row: 35261, 12200, 1, 50110, 731, 1, 원노형로, 50110, 3349162, 1, 0, 90, 0, 노형동, 현대아이파크, 731-1, 84.98, 2024, 2, 5, 65000, 14, 50110-200,  ,  , 중개거래, 경기 동두천시, null, 103, 개인, 개인, N, 2001, null, null, Y, N, 2024-11-17 18:34:24, 2024-11-17 21:18:00, 90fbe3d6a528c5cf5fa805a862d9eb23
2024-11-24 17:52:55 - <==        Row: 35269, 10500, 1, 50110, 558, 1, 홍랑길, 50110, 4849117, 1, 0, 4, 2, 삼도일동, 대명꿈의고향, 558-1, 84.86, 2024, 2, 5, 26000, 12, 50110-240,  ,  , 중개거래, 제주 제주시, null,  , 개인, 개인, N, 2003, 126.523, 33.5002, Y, N, 2024-11-17 18:34:24, 2024-11-17 21:18:00, fb8b86db47208a760c278b2397296570
2024-11-24 17:52:55 - <==        Row: 35271, 13700, 1, 50110, 294, 85, 사장1길, 50110, 4847798, 1, 0, 16, 0, 연동, 엘리시아, 294-85, 30.13, 2024, 2, 5, 7700, 8, 50110-3508,  ,  , 직거래,  , null,  , 개인, 개인, N, 2013, 126.494, 33.4853, Y, N, 2024-11-17 18:34:24, 2024-11-17 21:18:00, b4511d7a89574df3d8a9cf97101a51d0
2024-11-24 17:52:55 - <==        Row: 35163, 12200, 1, 50110, 754, 3, 과원로, 50110, 3349013, 1, 0, 27, 0, 노형동, 부영3차, 754-3, 84.9508, 2024, 2, 3, 68500, 10, 50110-365,  ,  , 중개거래, 제주 제주시, null, 303, 개인, 개인, N, 2001, 126.486, 33.4773, Y, N, 2024-11-17 18:34:20, 2024-11-17 21:17:56, 1133ef0f52730b0e062c60f17fe609bb
2024-11-24 17:52:55 - <==        Row: 35205, 11200, 1, 50110, 5762, 0, 거로남4길, 50110, 4847023, 0, 0, 28, 0, 화북이동, 화북세원멤버스, 5762, 83.6259, 2024, 2, 3, 41600, 5, 50110-5028,  ,  , 중개거래, 제주 제주시, null,  , 법인, 개인, N, 2023, 126.561, 33.5077, Y, N, 2024-11-17 18:34:22, 2024-11-17 21:17:58, c07b68f1fcd1876c314d289a76b45d57
2024-11-24 17:52:55 - <==        Row: 35216, 12200, 1, 50110, 754, 3, 과원로, 50110, 3349013, 1, 0, 27, 0, 노형동, 부영3차, 754-3, 84.9508, 2024, 2, 3, 68500, 10, 50110-365, O, 24.03.27, 중개거래, 제주 제주시, null,  , 개인, 개인, N, 2001, 126.486, 33.4773, Y, N, 2024-11-17 18:34:22, 2024-11-17 21:17:58, 7ec20d2b4d4cb13e0503461fc3b69e3b
2024-11-24 17:52:55 - <==        Row: 35226, 12600, 1, 50110, 1049, 0, 오광로, 50110, 3349143, 0, 0, 69, 0, 이호이동, 성지휴캐슬, 1049, 82.581, 2024, 2, 3, 30500, 5, 50110-4315,  ,  , 중개거래, 제주 제주시, null,  , 개인, 개인, N, 2017, 126.459, 33.49, Y, N, 2024-11-17 18:34:22, 2024-11-17 21:17:59, e13809521f874325eac75803a8ff2931
2024-11-24 17:52:55 - <==        Row: 35235, 12300, 1, 50110, 560, 1, 우정로11길, 50110, 4848472, 1, 0, 22, 0, 외도일동, 외도부영1차, 560-1, 59.933, 2024, 2, 3, 30000, 4, 50110-374,  ,  , 중개거래, 제주 제주시, null, 107, 개인, 개인, N, 2000, 126.434, 33.4876, Y, N, 2024-11-17 18:34:23, 2024-11-17 21:17:59, 2f92bdbc239308ddefe9f0deca14fbf6
2024-11-24 17:52:55 - <==        Row: 35236, 10200, 1, 50110, 409, 10, 천수로9길, 50110, 4848833, 1, 0, 9, 0, 일도이동, 일도남양, 409-10, 82.33, 2024, 2, 3, 19300, 1, 50110-27,  ,  , 중개거래, 제주 제주시, null,  , 개인, 개인, N, 1992, 126.542, 33.5052, Y, N, 2024-11-17 18:34:23, 2024-11-17 21:17:59, 898b13e7cc7e3610e314d4e025f6d609
2024-11-24 17:52:55 - <==        Row: 35249, 12200, 1, 50110, 753, 1, 한라대학로, 50110, 4849157, 1, 0, 107, 0, 노형동, 중흥에스클래스, 753-1, 59.957, 2024, 2, 3, 53000, 3, 50110-201,  ,  , 중개거래, 제주 제주시, null, 107, 개인, 개인, N, 2002, 126.481, 33.4773, Y, N, 2024-11-17 18:34:23, 2024-11-17 21:18:00, b02e2701da565f4b763b0c66c447f090
2024-11-24 17:52:55 - <==        Row: 35233, 10400, 1, 50110, 1909, 19, 독짓골8길, 50110, 4847552, 1, 0, 67, 0, 이도이동, 이도동아, 1909-19, 59.928, 2024, 2, 2, 26000, 6, 50110-42,  ,  , 직거래,  , null, 동아아파트102동, 개인, 개인, N, 1996, 126.531, 33.4887, Y, N, 2024-11-17 18:34:23, 2024-11-17 21:17:59, b282ba5b2f19401fcd4ae66ea121899c
2024-11-24 17:52:55 - <==        Row: 35234, 13000, 1, 50110, 1909, 0, 화삼북로, 50110, 3349227, 4, 0, 90, 0, 도련일동, 제주삼화사랑으로부영7차, 1909, 84.9933, 2024, 2, 2, 56000, 2, 50110-3816,  ,  , 중개거래, 제주 제주시, null, 702동, 개인, 개인, N, 2015, 126.582, 33.517, Y, N, 2024-11-17 18:34:23, 2024-11-17 21:17:59, 9d64d01af00f7e44f382c0cfa89e0ec6
2024-11-24 17:52:55 - <==        Row: 35253, 12900, 1, 50110, 70, 0, 독짓골2길, 50110, 4847549, 0, 0, 25, 0, 도남동, 수선화(70)1차, 70, 53.89, 2024, 2, 2, 24400, 2, 50110-65,  ,  , 직거래,  , null, 수선화아파트 바, 개인, 개인, N, 1992, 126.531, 33.4904, Y, N, 2024-11-17 18:34:23, 2024-11-17 21:18:00, 5e038caf4ae00564af55a4122ea72809
2024-11-24 17:52:55 - <==        Row: 35259, 12900, 1, 50110, 70, 0, 독짓골2길, 50110, 4847549, 0, 0, 25, 0, 도남동, 수선화(70)1차, 70, 53.89, 2024, 2, 2, 20000, 5, 50110-65,  ,  , 중개거래, 제주 제주시, null, 수선화아파트 바, 개인, 개인, N, 1992, 126.531, 33.4904, Y, N, 2024-11-17 18:34:24, 2024-11-17 21:18:00, ed198cb1bf4e3e344e6f04d1e9c42984
2024-11-24 17:52:55 - <==        Row: 35266, 10200, 1, 50110, 47, 0, 천수로8길, 50110, 4848832, 0, 0, 18, 0, 일도이동, 일도삼주, 47, 59.97, 2024, 2, 2, 24000, 6, 50110-12,  ,  , 직거래,  , null, 101, 개인, 개인, N, 1993, 126.543, 33.5042, Y, N, 2024-11-17 18:34:24, 2024-11-17 21:18:00, 65260fbcedd741fb436b26a66df3caae
2024-11-24 17:52:55 - <==        Row: 35272, 25023, 1, 50110, 1781, 0, 한림상로, 50110, 3349209, 1, 0, 216, 0, 한림읍 대림리, 한림대성유니크, 1781, 78.32, 2024, 2, 2, 22500, 7, 50110-3917,  ,  , 중개거래, 제주 제주시, null,  , 개인, 개인, N, 2016, 126.269, 33.4176, Y, N, 2024-11-17 18:34:24, 2024-11-17 21:18:00, 57b9ec4200223675ce0186f5d5d670d1
2024-11-24 17:52:55 - <==        Row: 35273, 10200, 1, 50110, 46, 1, 연수로, 50110, 3349138, 1, 0, 40, 0, 일도이동, 혜성대유, 46-1, 59.82, 2024, 2, 2, 31000, 6, 50110-29,  ,  , 중개거래, 제주 제주시, null, 103, 개인, 개인, N, 1995, 126.545, 33.5059, Y, N, 2024-11-17 18:34:24, 2024-11-17 21:18:00, 7a4ee3446a9d2eec1758ff7824e5400e
2024-11-24 17:52:55 - <==        Row: 35252, 12000, 1, 50110, 1365, 0, 연사3길, 50110, 4848273, 1, 0, 9, 0, 오라이동, 헤르지아, 1365, 83.28, 2024, 2, 1, 41000, 4, 50110-3763,  ,  , 중개거래, 제주 제주시, null, 102, 개인, 개인, N, 2015, 126.513, 33.4885, Y, N, 2024-11-17 18:34:23, 2024-11-17 21:18:00, 175f4264f8cf655b3d10eabf0714e646
2024-11-24 17:52:55 - <==        Row: 35255, 12700, 1, 50110, 2614, 0, 도두항서길, 50110, 4847524, 0, 0, 41, 0, 도두일동, 블루파크시티, 2614, 21.2369, 2024, 2, 1, 12700, 5, 50110-4472,  ,  , 중개거래, 제주 제주시, null,  , 개인, 개인, N, 2018, 126.464, 33.506, Y, N, 2024-11-17 18:34:23, 2024-11-17 21:18:00, 80f336b5ca4a2d4a9269a4b3562d50b7
2024-11-24 17:52:55 - <==        Row: 35270, 25628, 1, 50110, 1323, 3, 구좌로, 50110, 3349023, 0, 0, 70, 0, 구좌읍 세화리, 이루안아파트, 1323-3, 84.44, 2024, 2, 1, 26500, 4, 50110-4005,  ,  , 직거래,  , null,  , 개인, 개인, N, 2016, 126.858, 33.5218, Y, N, 2024-11-17 18:34:24, 2024-11-17 21:18:00, a7479c85da3b10ea5fdcd017a049e721
2024-11-24 17:52:55 - <==        Row: 34993, 11100, 1, 50110, 1982, 10, 진동로1길, 50110, 4848812, 1, 0, 11, 0, 화북일동, 화북베스트빌, 1982-10, 84.97, 2024, 1, 31, 23500, 2, 50110-116,  ,  , 직거래,  , null,  , 개인, 개인, N, 2000, 126.565, 33.5196, Y, N, 2024-11-17 18:34:14, 2024-11-17 21:17:49, 879b5a951e190fc2de1e669a885ed5fd
2024-11-24 17:52:55 - <==        Row: 34995, 11100, 1, 50110, 1982, 10, 진동로1길, 50110, 4848812, 1, 0, 11, 0, 화북일동, 화북베스트빌, 1982-10, 84.97, 2024, 1, 31, 23500, 2, 50110-116, O, 24.07.30, 직거래,  , null,  , 개인, 개인, N, 2000, 126.565, 33.5196, Y, N, 2024-11-17 18:34:14, 2024-11-17 21:17:49, 7de080fb0f3ba032e7bb3f8dcffe991d
2024-11-24 17:52:55 - <==        Row: 34996, 11400, 1, 50110, 2333, 0, 화삼로, 50110, 4849184, 4, 0, 166, 0, 삼양이동, 제주삼화사랑으로부영5차, 2333, 84.3616, 2024, 1, 31, 59900, 6, 50110-3571,  ,  , 중개거래, 제주 제주시, null, 515, 개인, 개인, N, 2013, 126.586, 33.5193, Y, N, 2024-11-17 18:34:14, 2024-11-17 21:17:49, c27febd8aea9b4bce1d81024e6323027
2024-11-24 17:52:55 - <==        Row: 34998, 12200, 1, 50110, 2585, 1, 광평동로, 50110, 3349020, 1, 0, 66, 0, 노형동, 중흥에스클래스(미리내마을), 2585-1, 120.943, 2024, 1, 31, 79700, 2, 50110-2910,  ,  , 중개거래, 제주 제주시, null, 103, 개인, 개인, N, 2006, 126.468, 33.4851, Y, N, 2024-11-17 18:34:14, 2024-11-17 21:17:49, c3c904f16e4c755c4c941854cefa7db6
2024-11-24 17:52:55 - <==        Row: 34999, 11400, 1, 50110, 2333, 0, 화삼로, 50110, 4849184, 4, 0, 166, 0, 삼양이동, 제주삼화사랑으로부영5차, 2333, 84.3616, 2024, 1, 31, 59900, 6, 50110-3571, O, 24.02.27, 중개거래, 제주 제주시, null,  , 개인, 개인, N, 2013, 126.586, 33.5193, Y, N, 2024-11-17 18:34:14, 2024-11-17 21:17:49, 4316caeae99b0e099e2ffd9416a8c53a
2024-11-24 17:52:55 - <==        Row: 35022, 12200, 1, 50110, 2583, 1, 수덕로, 50110, 3349107, 1, 0, 44, 0, 노형동, 노형뜨란채, 2583-1, 84.67, 2024, 1, 31, 54800, 2, 50110-2909,  ,  , 중개거래, 제주 제주시, null, 201, 개인, 개인, N, 2006, 126.473, 33.4871, Y, N, 2024-11-17 18:34:15, 2024-11-17 21:17:50, 46ba69db17d0af0e683ad831f5a0e22a
2024-11-24 17:52:55 - <==        Row: 35037, 12200, 1, 50110, 3779, 5, 1100로, 50110, 3020003, 1, 0, 3349, 0, 노형동, 인텔리젼트한빛, 3779-5, 84.8695, 2024, 1, 31, 35000, 6, 50110-270,  ,  , 직거래,  , null,  , 개인, 개인, N, 2004, 126.479, 33.4849, Y, N, 2024-11-17 18:34:16, 2024-11-17 21:17:50, 971fb2878caafdce292400edca7a13eb
2024-11-24 17:52:55 - <==        Row: 35050, 10500, 1, 50110, 530, 23, 서사로, 50110, 3349092, 1, 0, 96, 0, 삼도일동, 서림아이빌, 530-23, 113.46, 2024, 1, 31, 31000, 4, 50110-3120,  ,  , 중개거래, 제주 제주시, null,  , 개인, 개인, N, 2011, 126.52, 33.5039, Y, N, 2024-11-17 18:34:16, 2024-11-17 21:17:51, 2885244d1ba58cd67f5b5229b17e9473
2024-11-24 17:52:55 - <==        Row: 35052, 13700, 1, 50110, 277, 5, 신대로20길, 50110, 4848094, 1, 0, 45, 0, 연동, 제웅솔내음, 277-5, 34.9583, 2024, 1, 31, 11000, 5, 50110-3323,  ,  , 직거래,  , null,  , 개인, 개인, N, 2012, 126.492, 33.4836, Y, N, 2024-11-17 18:34:16, 2024-11-17 21:17:51, 30b011499b89834a80cf523ccc91d4e0
2024-11-24 17:52:55 - <==        Row: 35002, 12200, 1, 50110, 943, 0, 원노형10길, 50110, 4848490, 0, 0, 20, 0, 노형동, 노형해모로루엔, 943, 76.6417, 2024, 1, 30, 65000, 8, 50110-4660,  ,  , 중개거래, 제주 제주시, null, 101동, 개인, 개인, N, 2019, 126.486, 33.4846, Y, N, 2024-11-17 18:34:14, 2024-11-17 21:17:49, a63e81874d46412afb81f9c99923dcbf
2024-11-24 17:52:55 - <==        Row: 35015, 12200, 1, 50110, 2527, 5, 정존3길, 50110, 4848678, 1, 0, 34, 0, 노형동, 세기7차, 2527-5, 59.83, 2024, 1, 30, 22000, 5, 50110-170,  ,  , 중개거래, 제주 제주시, null,  , 개인, 개인, N, 1996, 126.472, 33.4844, Y, N, 2024-11-17 18:34:15, 2024-11-17 21:17:50, 4d7245d29c1ab7f18191c57d7b08d119
2024-11-24 17:52:55 - <==        Row: 35026, 10400, 1, 50110, 888, 0, 구남로7길, 50110, 4847233, 1, 0, 36, 0, 이도이동, 주공1, 888, 59.3, 2024, 1, 30, 72000, 1, 50110-44,  ,  , 중개거래, 제주 제주시, null, 104, 개인, 개인, N, 1985, 126.534, 33.4923, Y, N, 2024-11-17 18:34:15, 2024-11-17 21:17:50, 7d79fb3299193606eafd030fd2f841b7
2024-11-24 17:52:55 - <==        Row: 35055, 25340, 1, 50110, 166, 1, 하귀9길, 50110, 4848952, 1, 0, 71, 0, 애월읍 하귀1리, 제주하귀휴먼시아2단지, 166-1, 84.84, 2024, 1, 30, 41750, 4, 50110-3077,  ,  , 중개거래, 제주 제주시, null, 203, 개인, 법인, N, 2010, 126.415, 33.4812, Y, N, 2024-11-17 18:34:16, 2024-11-17 21:17:51, 26bc6a8c32267ba10a4cc48776bf6ae7
2024-11-24 17:52:55 - <==        Row: 35057, 12200, 1, 50110, 753, 1, 한라대학로, 50110, 4849157, 1, 0, 107, 0, 노형동, 중흥에스클래스, 753-1, 59.957, 2024, 1, 30, 52000, 6, 50110-201,  ,  , 중개거래, 제주 제주시, null, 107, 개인, 개인, N, 2002, 126.481, 33.4773, Y, N, 2024-11-17 18:34:16, 2024-11-17 21:17:51, e2f6671e4842b4937995df89e0dcc47d
2024-11-24 17:52:55 - <==        Row: 35034, 13700, 1, 50110, 290, 2, 신광로1길, 50110, 4848081, 1, 0, 10, 0, 연동, 연동학산맨션, 290-2, 100.47, 2024, 1, 29, 38000, 9, 50110-797,  ,  , 중개거래, 제주 제주시, null,  , 개인, 개인, N, 2005, 126.494, 33.4932, Y, N, 2024-11-17 18:34:15, 2024-11-17 21:17:50, 89116d8aa6e9f9ab2019d8d71dc4ea59
2024-11-24 17:52:55 - <==        Row: 35048, 11600, 1, 50110, 1580, 1, 진목5길, 50110, 4848818, 1, 0, 8, 0, 봉개동, 노블하우스, 1580-1, 75.7775, 2024, 1, 29, 27000, 6, 50110-3878,  ,  , 중개거래, 제주 제주시, null,  , 개인, 개인, N, 2016, 126.599, 33.4901, Y, N, 2024-11-17 18:34:16, 2024-11-17 21:17:51, f0f41c1d0204171e806e226c27f397e3
2024-11-24 17:52:55 - <==        Row: 35062, 12200, 1, 50110, 2585, 1, 광평동로, 50110, 3349020, 1, 0, 66, 0, 노형동, 중흥에스클래스(미리내마을), 2585-1, 120.943, 2024, 1, 29, 87000, 8, 50110-2910,  ,  , 중개거래, 제주 제주시, null, 106, 개인, 개인, N, 2006, 126.468, 33.4851, Y, N, 2024-11-17 18:34:16, 2024-11-17 21:17:52, 5d448b0040ab16a6060da8e800448134
2024-11-24 17:52:55 - <==        Row: 35028, 12900, 1, 50110, 82, 3, 도남로, 50110, 3349051, 0, 0, 89, 0, 도남동, 까사펠리스, 82-3, 84.91, 2024, 1, 28, 35000, 2, 50110-4105,  ,  , 중개거래, 제주 제주시, null,  , 개인, 개인, N, 2017, 126.529, 33.4924, Y, N, 2024-11-17 18:34:15, 2024-11-17 21:17:50, 3903801aa653b5b24131376a50d4270b
2024-11-24 17:52:55 - <==        Row: 35000, 13700, 1, 50110, 290, 41, 연삼로, 50110, 3349137, 12, 0, 34, 0, 연동, 세준, 290-41, 80.4, 2024, 1, 27, 25600, 5, 50110-315,  ,  , 중개거래, 제주 제주시, null,  , 개인, 개인, N, 2003, 126.496, 33.4933, Y, N, 2024-11-17 18:34:14, 2024-11-17 21:17:49, da320d8c3aaa01663ea034285555f958
2024-11-24 17:52:55 - <==        Row: 35021, 12900, 1, 50110, 63, 2, 도남로16길, 50110, 4847506, 1, 0, 23, 0, 도남동, 파인즈아파트, 63-2, 84.22, 2024, 1, 27, 38800, 4, 50110-3848,  ,  , 중개거래, 제주 제주시, null,  , 개인, 개인, N, 2016, 126.528, 33.4911, Y, N, 2024-11-17 18:34:15, 2024-11-17 21:17:50, 67c9550888bb2e71fb52038ad6c1c276
2024-11-24 17:52:55 - <==        Row: 35038, 10400, 1, 50110, 1011, 3, 중앙로, 50110, 3349184, 0, 0, 266, 0, 이도이동, 영도갤럭시타운, 1011-3, 34.7519, 2024, 1, 27, 16200, 5, 50110-4330,  ,  , 직거래,  , null,  , 개인, 개인, N, 2017, 126.532, 33.4961, Y, N, 2024-11-17 18:34:16, 2024-11-17 21:17:51, addc0d715730d3d60dd71b90c7b21b45
2024-11-24 17:52:55 - <==        Row: 35059, 10200, 1, 50110, 47, 0, 천수로8길, 50110, 4848832, 0, 0, 18, 0, 일도이동, 일도삼주, 47, 59.97, 2024, 1, 27, 30000, 4, 50110-12,  ,  , 중개거래, 제주 제주시, null, 101, 개인, 개인, N, 1993, 126.543, 33.5042, Y, N, 2024-11-17 18:34:16, 2024-11-17 21:17:51, b8aac5d37e9948f091b28c981c0d7755
2024-11-24 17:52:55 - <==        Row: 35077, 10300, 1, 50110, 1784, 17, 광양6길, 50110, 4847210, 0, 0, 28, 0, 이도일동, 진용이지빌2차, 1784-17, 84.89, 2024, 1, 26, 30000, 6, 50110-4019,  ,  , 직거래,  , null, A, 개인, 개인, N, 2016, 126.526, 33.501, Y, N, 2024-11-17 18:34:17, 2024-11-17 21:17:52, caced06eab42ca5ce1cc91d3dc2c63dc
2024-11-24 17:52:55 - <==        Row: 35005, 12200, 1, 50110, 732, 1, 연화로, 50110, 3349141, 1, 0, 16, 0, 노형동, 해오름, 732-1, 59.56, 2024, 1, 26, 51500, 13, 50110-199,  ,  , 중개거래, 제주 제주시, null, 103, 개인, 개인, N, 2001, 126.486, 33.4809, Y, N, 2024-11-17 18:34:14, 2024-11-17 21:17:49, d448dadeaf48f8e8d6d531c31739af1a
2024-11-24 17:52:55 - <==        Row: 35016, 11400, 1, 50110, 2333, 0, 화삼로, 50110, 4849184, 4, 0, 166, 0, 삼양이동, 제주삼화사랑으로부영5차, 2333, 84.3616, 2024, 1, 26, 50000, 1, 50110-3571,  ,  , 중개거래, 제주 제주시, null, 510, 개인, 개인, N, 2013, 126.586, 33.5193, Y, N, 2024-11-17 18:34:15, 2024-11-17 21:17:50, e71935c16a870405e46bc7e096984d62
2024-11-24 17:52:55 - <==        Row: 35051, 12200, 1, 50110, 2583, 1, 수덕로, 50110, 3349107, 1, 0, 44, 0, 노형동, 노형뜨란채, 2583-1, 84.98, 2024, 1, 26, 66500, 13, 50110-2909,  ,  , 중개거래, 제주 제주시, null, 216, 개인, 개인, N, 2006, 126.473, 33.4871, Y, N, 2024-11-17 18:34:16, 2024-11-17 21:17:51, f82383467df1330698cccc9c4a64dea4
2024-11-24 17:52:55 - <==        Row: 35063, 12300, 1, 50110, 492, 20, 우정로10길, 50110, 4848471, 1, 0, 29, 0, 외도일동, 더펠리스1차, 492-20, 84.6965, 2024, 1, 26, 30000, 3, 50110-3699,  ,  , 직거래,  , null,  , 개인, 개인, N, 2014, 126.428, 33.4884, Y, N, 2024-11-17 18:34:16, 2024-11-17 21:17:52, eb69d830da84c3ab33c1b55cc551e36f
2024-11-24 17:52:55 - <==        Row: 35072, 11200, 1, 50110, 117, 0, 화삼로, 50110, 4849184, 1, 0, 32, 0, 화북이동, 제주삼화엘에이치2단지, 117, 74.83, 2024, 1, 25, 54800, 11, 50110-3675,  ,  , 중개거래, 제주 제주시, null, 211, 개인, 개인, N, 2014, 126.576, 33.5134, Y, N, 2024-11-17 18:34:17, 2024-11-17 21:17:52, c9c2237b21b9f28952d2cc590a758d09
2024-11-24 17:52:55 - <==        Row: 35025, 13700, 1, 50110, 278, 2, 사장3길, 50110, 4847800, 0, 0, 32, 0, 연동, 제주연동한일베라체더퍼스트, 278-2, 83.4139, 2024, 1, 25, 59900, 7, 50110-5018,  ,  , 중개거래, 제주 제주시, null, 101동, 개인, 개인, N, 2023, 126.491, 33.4831, Y, N, 2024-11-17 18:34:15, 2024-11-17 21:17:50, 4f797fab2238d65578aa58b8fdce9c44
2024-11-24 17:52:55 - <==        Row: 35040, 10400, 1, 50110, 1956, 0, 신설로, 50110, 3349115, 1, 0, 55, 0, 이도이동, 이도한일베라체, 1956, 84.5, 2024, 1, 25, 70000, 3, 50110-3101,  ,  , 중개거래, 제주 제주시, null, 108, 개인, 개인, N, 2011, 126.548, 33.4932, Y, N, 2024-11-17 18:34:16, 2024-11-17 21:17:51, 9115b66786a97a75fee8bd12260c5505
2024-11-24 17:52:55 - <==        Row: 35065, 12300, 1, 50110, 560, 1, 우정로11길, 50110, 4848472, 1, 0, 22, 0, 외도일동, 외도부영1차, 560-1, 49.896, 2024, 1, 25, 20300, 11, 50110-374,  ,  , 중개거래, 제주 제주시, null, 101, 개인, 개인, N, 2000, 126.434, 33.4876, Y, N, 2024-11-17 18:34:16, 2024-11-17 21:17:52, ecc496061e1c0d4731d134105c67de97
2024-11-24 17:52:55 - <==        Row: 35068, 12300, 1, 50110, 560, 1, 우정로11길, 50110, 4848472, 1, 0, 22, 0, 외도일동, 외도부영1차, 560-1, 49.896, 2024, 1, 25, 20000, 1, 50110-374,  ,  , 중개거래, 제주 제주시, null, 108, 개인, 개인, N, 2000, 126.434, 33.4876, Y, N, 2024-11-17 18:34:17, 2024-11-17 21:17:52, c197199de003a92731cb1930d43e3152
2024-11-24 17:52:55 - <==        Row: 35082, 12300, 1, 50110, 454, 2, 우령서로, 50110, 3349159, 1, 0, 27, 0, 외도일동, 대원상록수7차, 454-2, 84.66, 2024, 1, 24, 27000, 4, 50110-3086,  ,  , 직거래,  , null,  , 개인, 개인, N, 2010, 126.427, 33.49, Y, N, 2024-11-17 18:34:17, 2024-11-17 21:17:52, 01826230e2fc5770520e2f55c85115df
2024-11-24 17:52:55 - <==        Row: 35004, 13700, 1, 50110, 271, 21, 삼무로3길, 50110, 4847823, 1, 0, 39, 0, 연동, 삼무빌리지, 271-21, 94.76, 2024, 1, 24, 24000, 5, 50110-140,  ,  , 중개거래, 제주 제주시, null,  , 개인, 개인, N, 2002, 126.492, 33.4903, Y, N, 2024-11-17 18:34:14, 2024-11-17 21:17:49, 5ae86862ee32ad1719b351f06966f16b
2024-11-24 17:52:55 - <==        Row: 35013, 13700, 1, 50110, 290, 2, 신광로1길, 50110, 4848081, 1, 0, 10, 0, 연동, 연동학산맨션, 290-2, 104.29, 2024, 1, 24, 38500, 5, 50110-797,  ,  , 중개거래, 제주 제주시, null,  , 개인, 개인, N, 2005, 126.494, 33.4932, Y, N, 2024-11-17 18:34:15, 2024-11-17 21:17:49, abefa4a2aee0966c20c8f6b885b751db
2024-11-24 17:52:55 - <==        Row: 35020, 11700, 1, 50110, 6142, 13, 인다15길, 50110, 4848606, 1, 0, 5, 11, 아라일동, 염광, 6142-13, 46.32, 2024, 1, 24, 26500, 1, 50110-132,  ,  , 중개거래, 제주 제주시, null, 4, 개인, 개인, N, 1990, 126.547, 33.471, Y, N, 2024-11-17 18:34:15, 2024-11-17 21:17:50, 89f430e125cde7db507d49a251e7027f
2024-11-24 17:52:55 - <==        Row: 35061, 12900, 1, 50110, 70, 0, 독짓골2길, 50110, 4847549, 1, 0, 26, 0, 도남동, 수선화(70)1차, 70, 52.32, 2024, 1, 24, 19000, 3, 50110-65,  ,  , 직거래,  , null, 수선화아파트 라, 개인, 개인, N, 1992, 126.53, 33.4897, Y, N, 2024-11-17 18:34:16, 2024-11-17 21:17:52, e388f65a6094b177a052f299a0f237a2
2024-11-24 17:52:55 - <==        Row: 35075, 12300, 1, 50110, 499, 4, 우정로, 50110, 3349160, 1, 0, 51, 0, 외도일동, 제웅스카이빌, 499-4, 82.77, 2024, 1, 23, 21900, 7, 50110-282,  ,  , 중개거래, 제주 제주시, null,  , 개인, 개인, N, 2003, 126.431, 33.4883, Y, N, 2024-11-17 18:34:17, 2024-11-17 21:17:52, 7ee71a5d185b27387bc03793ab34359f
2024-11-24 17:52:55 - <==        Row: 35083, 10800, 1, 50110, 266, 4, 전농로, 50110, 3349176, 4, 0, 3, 0, 용담일동, 서원그린빌, 266-4, 84.75, 2024, 1, 23, 24500, 2, 50110-264,  ,  , 직거래,  , null,  , 개인, 개인, N, 2004, 126.514, 33.5046, Y, N, 2024-11-17 18:34:17, 2024-11-17 21:17:52, bb683bc952e8c14d9b6433ef00d77f07
2024-11-24 17:52:55 - <==        Row: 35023, 13700, 1, 50110, 1399, 0, 국기로, 50110, 3349025, 1, 0, 14, 0, 연동, 대림이편한세상1차, 1399, 75.014, 2024, 1, 23, 59990, 8, 50110-135,  ,  , 중개거래, 제주 제주시, null, 106, 개인, 개인, N, 2001, 126.489, 33.4802, Y, N, 2024-11-17 18:34:15, 2024-11-17 21:17:50, 7abe6b2f38c8c3f50f1bc5f5f4d39c12
2024-11-24 17:52:55 - <==        Row: 35032, 13700, 1, 50110, 1399, 0, 국기로, 50110, 3349025, 1, 0, 14, 0, 연동, 대림이편한세상1차, 1399, 75.014, 2024, 1, 23, 59990, 8, 50110-135, O, 24.04.01, 중개거래, 제주 제주시, null,  , 개인, 개인, N, 2001, 126.489, 33.4802, Y, N, 2024-11-17 18:34:15, 2024-11-17 21:17:50, dd96d4ec93f5c57ab88ca9cd4acd580c
2024-11-24 17:52:55 - <==        Row: 35073, 10200, 1, 50110, 330, 26, 고마로, 50110, 3349007, 1, 0, 56, 0, 일도이동, 삼부장미주상, 330-26, 40.26, 2024, 1, 22, 11500, 4, 50110-334,  ,  , 중개거래, 제주 제주시, null,  , 개인, 개인, N, 2004, 126.539, 33.5092, Y, N, 2024-11-17 18:34:17, 2024-11-17 21:17:52, ee8ce7c9f12e82c478a8e6d680779b32
2024-11-24 17:52:55 - <==        Row: 35091, 10200, 1, 50110, 320, 9, 고마로, 50110, 3349007, 1, 0, 40, 0, 일도이동, 인화에코비치, 320-9, 27.02, 2024, 1, 22, 8000, 9, 50110-3308,  ,  , 직거래,  , null,  , 개인, 개인, N, 2012, 126.539, 33.5105, Y, N, 2024-11-17 18:34:17, 2024-11-17 21:17:53, 59a290d16dee10f156d61e0b8e85a891
2024-11-24 17:52:55 - <==        Row: 35095, 10500, 1, 50110, 553, 2, 서광로21길, 50110, 4847887, 1, 0, 4, 6, 삼도일동, 에코빌리지Ⅲ, 553-2, 84.7, 2024, 1, 22, 34000, 2, 50110-3466,  ,  , 중개거래, 제주 제주시, null,  , 개인, 개인, N, 2013, 126.523, 33.5002, Y, N, 2024-11-17 18:34:18, 2024-11-17 21:17:53, 2ecd65332105149a4150fc0841c6ba4d
2024-11-24 17:52:55 - <==        Row: 35010, 12300, 1, 50110, 491, 4, 우정로10길, 50110, 4848471, 0, 0, 26, 0, 외도일동, 제이시티팰리스3차, 491-4, 68.52, 2024, 1, 22, 41900, 5, 50110-5051,  ,  , 직거래,  , null, 제이시티팰리스3차, 개인, 개인, N, 2023, 126.428, 33.4889, Y, N, 2024-11-17 18:34:15, 2024-11-17 21:17:49, 93f46010aae32286b5d40b681b0b2f75
2024-11-24 17:52:55 - <==        Row: 35044, 12300, 1, 50110, 492, 20, 우정로10길, 50110, 4848471, 1, 0, 29, 0, 외도일동, 더펠리스1차, 492-20, 84.075, 2024, 1, 22, 31300, 8, 50110-3699,  ,  , 중개거래, 제주 제주시, null,  , 개인, 개인, N, 2014, 126.428, 33.4884, Y, N, 2024-11-17 18:34:16, 2024-11-17 21:17:51, bd65cf365d92e0d44c06410bf3136544
2024-11-24 17:52:55 - <==        Row: 35014, 12300, 1, 50110, 560, 2, 우평로, 50110, 3349161, 2, 0, 318, 0, 외도일동, 부영(2차), 560-2, 84.9873, 2024, 1, 21, 40000, 6, 50110-375,  ,  , 중개거래, 제주 제주시, null, 부영아파트 208, 개인, 개인, N, 2001, 126.434, 33.485, Y, N, 2024-11-17 18:34:15, 2024-11-17 21:17:49, e1eff5435f88c15a2bb1cd616d08341c
2024-11-24 17:52:55 - <==        Row: 35103, 12300, 1, 50110, 560, 1, 우정로11길, 50110, 4848472, 1, 0, 22, 0, 외도일동, 외도부영1차, 560-1, 49.896, 2024, 1, 20, 23300, 7, 50110-374,  ,  , 중개거래, 제주 제주시, null, 101, 개인, 개인, N, 2000, 126.434, 33.4876, Y, N, 2024-11-17 18:34:18, 2024-11-17 21:17:53, b451e403ebb2351812e4ea0456d9143c
2024-11-24 17:52:55 - <==        Row: 34997, 10400, 1, 50110, 1781, 6, 광양8길, 50110, 4847212, 1, 0, 32, 0, 이도이동, 극동오벨리스크, 1781-6, 79.62, 2024, 1, 20, 22500, 7, 50110-262,  ,  , 중개거래, 제주 제주시, null,  , 개인, 개인, N, 2004, 126.526, 33.4998, Y, N, 2024-11-17 18:34:14, 2024-11-17 21:17:49, ebfb693c7dc59e03733b30ee444a2f4c
2024-11-24 17:52:55 - <==        Row: 35007, 12900, 1, 50110, 902, 0, 서광로22길, 50110, 4847888, 2, 0, 32, 0, 도남동, 도남2차e-편한세상, 902, 84.647, 2024, 1, 20, 57000, 2, 50110-403,  ,  , 직거래,  , null, 도남2차e-편한세상 205, 개인, 개인, N, 2005, 126.522, 33.4976, Y, N, 2024-11-17 18:34:14, 2024-11-17 21:17:49, 2fac4d2595dafd73dfd11fa9be9dc16e
2024-11-24 17:52:55 - <==        Row: 35041, 12900, 1, 50110, 57, 2, 도남로10길, 50110, 4847501, 1, 0, 1, 5, 도남동, 지산19차위더스빌, 57-2, 84.99, 2024, 1, 20, 42000, 9, 50110-3366,  ,  , 중개거래, 제주 제주시, null,  , 개인, 개인, N, 2012, 126.528, 33.4933, Y, N, 2024-11-17 18:34:16, 2024-11-17 21:17:51, 32fdd9849f84934cf369e97952bb5027
2024-11-24 17:52:55 - <==        Row: 35053, 12900, 1, 50110, 49, 1, 신성로4길, 50110, 4848133, 1, 0, 21, 0, 도남동, 도남리치빌, 49-1, 84.84, 2024, 1, 20, 30200, 2, 50110-794,  ,  , 중개거래, 제주 제주시, null,  , 개인, 개인, N, 2005, 126.524, 33.4944, Y, N, 2024-11-17 18:34:16, 2024-11-17 21:17:51, 7f2dbb4f726cb0df17915ee32955a37e
2024-11-24 17:52:55 - <==        Row: 35105, 10700, 1, 50110, 708, 5, 사라봉1길, 50110, 4847789, 1, 0, 50, 0, 건입동, 광덕(광덕사라봉), 708-5, 56.04, 2024, 1, 19, 13200, 2, 50110-94,  ,  , 직거래,  , null,  , 개인, 개인, N, 1987, 126.541, 33.5147, Y, N, 2024-11-17 18:34:18, 2024-11-17 21:17:53, af4d32f46b4e81d546122104e77030f2
2024-11-24 17:52:55 - <==        Row: 35017, 12900, 1, 50110, 811, 0, 도남서길, 50110, 4847515, 1, 0, 14, 0, 도남동, 도남해모로리치힐아파트, 811, 84.9753, 2024, 1, 19, 70500, 7, 50110-4601,  ,  , 중개거래, 제주 제주시, null, 108동, 개인, 개인, N, 2019, 126.524, 33.4932, Y, N, 2024-11-17 18:34:15, 2024-11-17 21:17:50, 3d8a916177300677b6e8c4de6189e2d2
2024-11-24 17:52:55 - <==        Row: 35018, 12900, 1, 50110, 49, 1, 신성로4길, 50110, 4848133, 1, 0, 21, 0, 도남동, 도남리치빌, 49-1, 84.84, 2024, 1, 19, 34700, 6, 50110-794,  ,  , 중개거래, 제주 제주시, null,  , 개인, 개인, N, 2005, 126.524, 33.4944, Y, N, 2024-11-17 18:34:15, 2024-11-17 21:17:50, 84079f6a7d82f12878400cde3cb90c39
2024-11-24 17:52:55 - <==        Row: 35027, 13700, 1, 50110, 2331, 7, 도령로, 50110, 3349052, 3, 0, 111, 0, 연동, 진호뉴캐슬, 2331-7, 83.37, 2024, 1, 19, 25500, 12, 50110-396,  ,  , 중개거래, 제주 제주시, null,  , 개인, 개인, N, 2004, 126.489, 33.492, Y, N, 2024-11-17 18:34:15, 2024-11-17 21:17:50, 7e9703e85dbb86514eb863b57c693e3f
2024-11-24 17:52:55 - <==        Row: 35029, 10200, 1, 50110, 46, 0, 천수로, 50110, 3349190, 1, 0, 92, 0, 일도이동, 일도2차신천지, 46, 59.98, 2024, 1, 19, 29000, 6, 50110-23,  ,  , 중개거래, 제주 제주시, null, 202, 개인, 개인, N, 1994, 126.546, 33.5061, Y, N, 2024-11-17 18:34:15, 2024-11-17 21:17:50, 5cf1288568207681b07d4752dafae621
2024-11-24 17:52:55 - <==        Row: 35031, 13700, 1, 50110, 2331, 7, 도령로, 50110, 3349052, 3, 0, 111, 0, 연동, 진호뉴캐슬, 2331-7, 83.37, 2024, 1, 19, 25500, 12, 50110-396, O, 24.02.07, 중개거래, 제주 제주시, null,  , 개인, 개인, N, 2004, 126.489, 33.492, Y, N, 2024-11-17 18:34:15, 2024-11-17 21:17:50, e6d008ccaa7bb473e37811fde1e272ec
2024-11-24 17:52:55 - <==        Row: 35043, 12200, 1, 50110, 754, 4, 과원로, 50110, 3349013, 1, 0, 11, 0, 노형동, 부영2차, 754-4, 45.9078, 2024, 1, 19, 35000, 7, 50110-366,  ,  , 직거래,  , null, 203, 개인, 개인, N, 2001, 126.485, 33.4765, Y, N, 2024-11-17 18:34:16, 2024-11-17 21:17:51, 9f450adf64162f67313b5eb4e1c7e64f
2024-11-24 17:52:55 - <==        Row: 35079, 12900, 1, 50110, 50, 6, 도남로10길, 50110, 4847501, 1, 0, 35, 10, 도남동, 성원1, 50-6, 51.73, 2024, 1, 18, 13000, 3, 50110-309,  ,  , 직거래,  , null,  , 개인, 개인, N, 1993, 126.524, 33.4937, Y, N, 2024-11-17 18:34:17, 2024-11-17 21:17:52, dd8a80eb11f416e2c35c1c68fd7f1a9e
2024-11-24 17:52:55 - <==        Row: 35088, 10200, 1, 50110, 133, 9, 동문로, 50110, 3349056, 2, 0, 132, 0, 일도이동, 전원아트빌(2차), 133-9, 94.045, 2024, 1, 18, 14100, 7, 50110-329, O, 24.06.10, 직거래,  , null,  , 개인, 개인, N, 2004, 126.541, 33.5135, Y, N, 2024-11-17 18:34:17, 2024-11-17 21:17:53, 62d9a678f73acd186494127804586ae9
2024-11-24 17:52:55 - <==        Row: 35104, 12300, 1, 50110, 452, 2, 우정로3길, 50110, 4848479, 1, 0, 18, 5, 외도일동, 휘닉스, 452-2, 83.67, 2024, 1, 18, 25500, 4, 50110-2989,  ,  , 중개거래, 제주 제주시, null, 1, 개인, 개인, N, 2007, 126.433, 33.4909, Y, N, 2024-11-17 18:34:18, 2024-11-17 21:17:53, 0da53809389c3295d602ae527bea431d
2024-11-24 17:52:55 - <==        Row: 35110, 10500, 1, 50110, 532, 13, 서사로, 50110, 3349092, 1, 0, 112, 0, 삼도일동, 화인퍼스트빌, 532-13, 84.5449, 2024, 1, 18, 31000, 7, 50110-3547,  ,  , 중개거래, 제주 제주시, null,  , 개인, 개인, N, 2013, 126.52, 33.5024, Y, N, 2024-11-17 18:34:18, 2024-11-17 21:17:54, 0ce24755f4bdbf601151a8b7996d249e
2024-11-24 17:52:55 - <==        Row: 35036, 12000, 1, 50110, 1394, 1, 사평6길, 50110, 4847804, 0, 0, 37, 8, 오라이동, 오라동벽강하이본타워4차, 1394-1, 84.864, 2024, 1, 18, 41000, 2, 50110-4072,  ,  , 중개거래, 제주 제주시, null, 101동, 개인, 개인, N, 2017, 126.515, 33.4893, Y, N, 2024-11-17 18:34:16, 2024-11-17 21:17:50, 9117024f7ca7f62de82840c7fa38f2fc
2024-11-24 17:52:55 - <==        Row: 35096, 11300, 1, 50110, 1658, 3, 선사로6길, 50110, 4847967, 1, 0, 14, 0, 삼양일동, 삼양토성, 1658-3, 78.35, 2024, 1, 17, 20700, 3, 50110-123,  ,  , 중개거래, 제주 제주시, null,  , 개인, 개인, N, 2000, 126.587, 33.5247, Y, N, 2024-11-17 18:34:18, 2024-11-17 21:17:53, 38772557919f443b51170bd6b96b3ce1
2024-11-24 17:52:55 - <==        Row: 35100, 12300, 1, 50110, 498, 9, 우정로, 50110, 3349160, 1, 0, 50, 0, 외도일동, 더펠리스2차, 498-9, 84.83, 2024, 1, 17, 41000, 12, 50110-3888,  ,  , 중개거래, 제주 제주시, null,  , 개인, 개인, N, 2016, 126.431, 33.4885, Y, N, 2024-11-17 18:34:18, 2024-11-17 21:17:53, 96ac8ff6cc97c93e2b211323489609b1
2024-11-24 17:52:55 - <==        Row: 35113, 12000, 1, 50110, 1495, 0, 연사2길, 50110, 4848272, 0, 0, 16, 11, 오라이동, 화인퍼스트빌3차, 1495, 83.94, 2024, 1, 17, 32300, 2, 50110-3978,  ,  , 중개거래, 제주 제주시, null,  , 개인, 개인, N, 2016, 126.512, 33.4871, Y, N, 2024-11-17 18:34:18, 2024-11-17 21:17:54, d56aa89f6c31b2827958ab223a802740
2024-11-24 17:52:55 - <==        Row: 35008, 10600, 1, 50110, 632, 6, 서사로7길, 50110, 4847931, 1, 0, 1, 0, 삼도이동, 아이린, 632-6, 84.89, 2024, 1, 17, 29500, 4, 50110-3114,  ,  , 중개거래, 제주 제주시, null,  , 개인, 개인, N, 2011, 126.52, 33.5074, Y, N, 2024-11-17 18:34:15, 2024-11-17 21:17:49, 2a56b77fa26ff789b227b2d4f846b850
2024-11-24 17:52:55 - <==        Row: 35049, 12200, 1, 50110, 920, 3, 1100로, 50110, 3020003, 0, 0, 3332, 0, 노형동, 노형벨라시티, 920-3, 83.227, 2024, 1, 17, 68457, 14, 50110-4894,  ,  , 중개거래, 제주 제주시, null, 노형벨라시티, 법인, 개인, N, 2023, 126.481, 33.4836, Y, N, 2024-11-17 18:34:16, 2024-11-17 21:17:51, 9ab50e88caafbb746b69a0a298eb3ea0
2024-11-24 17:52:55 - <==        Row: 35076, 13700, 1, 50110, 261, 44, 신광로6길, 50110, 4848083, 1, 0, 14, 0, 연동, 제원1차, 261-44, 42.24, 2024, 1, 16, 21400, 5, 50110-271, O, 24.03.11, 직거래,  , null,  , 개인, 개인, N, 1978, 126.489, 33.488, Y, N, 2024-11-17 18:34:17, 2024-11-17 21:17:52, af88ec94e4bc656a9606d0df7241543c
2024-11-24 17:52:55 - <==        Row: 35084, 11000, 1, 50110, 505, 0, 용담로5길, 50110, 4848405, 1, 0, 25, 0, 용담삼동, 용두암현대1, 505, 83.55, 2024, 1, 16, 29500, 6, 50110-91,  ,  , 중개거래, 제주 제주시, null, 103, 개인, 개인, N, 1991, 126.508, 33.5161, Y, N, 2024-11-17 18:34:17, 2024-11-17 21:17:52, 802193bf2c42eb0354f13af046124ca5
2024-11-24 17:52:55 - <==        Row: 35102, 25921, 1, 50110, 1934, 2, 신북로, 50110, 3349112, 1, 0, 97, 1, 조천읍 신촌리, 로잔팰리스, 1934-2, 83.521, 2024, 1, 16, 31500, 5, 50110-4360, O, 24.02.07, 중개거래, 제주 제주시, null,  , 개인, 개인, N, 2017, 126.624, 33.5361, Y, N, 2024-11-17 18:34:18, 2024-11-17 21:17:53, d87ab18a48b658c36708264c9d444eee
2024-11-24 17:52:55 - <==        Row: 35117, 10400, 1, 50110, 1909, 19, 독짓골8길, 50110, 4847552, 1, 0, 67, 0, 이도이동, 이도동아, 1909-19, 59.928, 2024, 1, 16, 24000, 2, 50110-42,  ,  , 중개거래, 제주 제주시, null, 동아아파트101동, 개인, 개인, N, 1996, 126.531, 33.4887, Y, N, 2024-11-17 18:34:18, 2024-11-17 21:17:54, d43087f4f5710015c050a63f1782352c
2024-11-24 17:52:55 - <==        Row: 35011, 10100, 1, 50110, 1279, 2, 관덕로9길, 50110, 4847169, 1, 0, 22, 0, 일도일동, 엘리트빌, 1279-2, 84.495, 2024, 1, 16, 20500, 6, 50110-235,  ,  , 중개거래, 제주 제주시, null,  , 개인, 개인, N, 2003, 126.524, 33.5154, Y, N, 2024-11-17 18:34:15, 2024-11-17 21:17:49, 4cfc677652e026d8142eb44be4b72771
2024-11-24 17:52:55 - <==        Row: 35024, 25921, 1, 50110, 1934, 2, 신북로, 50110, 3349112, 1, 0, 97, 1, 조천읍 신촌리, 로잔팰리스, 1934-2, 83.521, 2024, 1, 16, 31500, 5, 50110-4360, O, 24.04.08, 중개거래, 제주 제주시, null,  , 개인, 개인, N, 2017, 126.624, 33.5361, Y, N, 2024-11-17 18:34:15, 2024-11-17 21:17:50, 2d118ed58ab38a065541703a40d239e9
2024-11-24 17:52:55 - <==        Row: 35066, 12300, 1, 50110, 560, 1, 우정로11길, 50110, 4848472, 1, 0, 22, 0, 외도일동, 외도부영1차, 560-1, 59.933, 2024, 1, 16, 27300, 6, 50110-374,  ,  , 중개거래, 제주 제주시, null, 105, 개인, 개인, N, 2000, 126.434, 33.4876, Y, N, 2024-11-17 18:34:16, 2024-11-17 21:17:52, a177a7ca03d59cd083eea0afe0bc3b8f
2024-11-24 17:52:55 - <==        Row: 35078, 10400, 1, 50110, 1956, 0, 신설로, 50110, 3349115, 1, 0, 55, 0, 이도이동, 이도한일베라체, 1956, 84.85, 2024, 1, 15, 70000, 5, 50110-3101,  ,  , 중개거래, 제주 제주시, null, 103, 개인, 개인, N, 2011, 126.548, 33.4932, Y, N, 2024-11-17 18:34:17, 2024-11-17 21:17:52, ba3c5b0ac2e0bfab90cbdc26c2e93473
2024-11-24 17:52:55 - <==        Row: 34994, 10700, 1, 50110, 1226, 2, 공덕길, 50110, 4847137, 0, 0, 1, 0, 건입동, 골드트리, 1226-2, 74.22, 2024, 1, 15, 27500, 7, 50110-4703, O, 24.05.12, 직거래,  , null,  , 법인, 법인, N, 2020, 126.531, 33.5138, Y, N, 2024-11-17 18:34:14, 2024-11-17 21:17:49, 5b2952b281f044902c9c249c2a252424
2024-11-24 17:52:55 - <==        Row: 35046, 12200, 1, 50110, 940, 1, 노연로, 50110, 3349041, 1, 0, 50, 0, 노형동, 에코피아, 940-1, 124.79, 2024, 1, 15, 57000, 8, 50110-3104,  ,  , 직거래,  , null,  , 개인, 개인, N, 2011, 126.485, 33.4858, Y, N, 2024-11-17 18:34:16, 2024-11-17 21:17:51, 809183b3f1b0dd17166148905f39c380
2024-11-24 17:52:55 - <==        Row: 35114, 10600, 1, 50110, 300, 26, 중앙로28길, 50110, 4848776, 1, 0, 29, 0, 삼도이동, 미듬하나로, 300-26, 79.22, 2024, 1, 14, 22900, 5, 50110-301,  ,  , 중개거래, 제주 제주시, null,  , 개인, 개인, N, 2003, 126.523, 33.5048, Y, N, 2024-11-17 18:34:18, 2024-11-17 21:17:54, 4924bff6ea8320a75bc37ac3f9c07082
2024-11-24 17:52:55 - <==        Row: 35019, 10500, 1, 50110, 795, 30, 서사로6길, 50110, 4847930, 1, 0, 13, 0, 삼도일동, 미래빌라, 795-30, 63.26, 2024, 1, 14, 12800, 3, 50110-351,  ,  , 중개거래, 제주 제주시, null,  , 개인, 개인, N, 2003, 126.518, 33.508, Y, N, 2024-11-17 18:34:15, 2024-11-17 21:17:50, 5c4baa0db7035b46853319982e273235
2024-11-24 17:52:55 - <==        Row: 35064, 13700, 1, 50110, 1399, 1, 연화로, 50110, 3349141, 2, 0, 25, 0, 연동, 대림이편한세상2차, 1399-1, 84.978, 2024, 1, 14, 85000, 3, 50110-208,  ,  , 중개거래, 제주 제주시, null, 205, 개인, 개인, N, 2002, 126.488, 33.4797, Y, N, 2024-11-17 18:34:16, 2024-11-17 21:17:52, 0f4adc47b8d58cc77dee5cd9a09d8adb
2024-11-24 17:52:55 - <==        Row: 35099, 13700, 1, 50110, 2332, 4, 도령로15길, 50110, 4847542, 1, 0, 6, 0, 연동, 연동엘리시아, 2332-4, 84.919, 2024, 1, 13, 41000, 11, 50110-3186,  ,  , 중개거래, 제주 제주시, null,  , 개인, 개인, N, 2011, 126.49, 33.493, Y, N, 2024-11-17 18:34:18, 2024-11-17 21:17:53, 3308c61a54687524014bb1ff660483a8
2024-11-24 17:52:55 - <==        Row: 35081, 12200, 1, 50110, 2583, 1, 수덕로, 50110, 3349107, 1, 0, 44, 0, 노형동, 노형뜨란채, 2583-1, 84.85, 2024, 1, 12, 58700, 8, 50110-2909,  ,  , 중개거래, 제주 제주시, null, 203, 개인, 개인, N, 2006, 126.473, 33.4871, Y, N, 2024-11-17 18:34:17, 2024-11-17 21:17:52, 8cc99cd0049f652b8741153b2f6244ab
2024-11-24 17:52:55 - <==        Row: 35085, 10400, 1, 50110, 777, 0, 구남로, 50110, 3349021, 0, 0, 31, 0, 이도이동, 주공3, 777, 39.3, 2024, 1, 12, 46200, 1, 50110-46,  ,  , 중개거래, 제주 제주시, null, 303, 개인, 개인, N, 1989, 126.533, 33.4904, Y, N, 2024-11-17 18:34:17, 2024-11-17 21:17:52, eccbca4281a749f7e37ecadb0d27e520
2024-11-24 17:52:55 - <==        Row: 35093, 11200, 1, 50110, 116, 0, 화삼로, 50110, 4849184, 1, 0, 12, 0, 화북이동, 제주삼화사랑으로부영2차, 116, 84.3616, 2024, 1, 12, 55000, 3, 50110-3427,  ,  , 직거래,  , null, 209, 개인, 개인, N, 2013, 126.574, 33.5139, Y, N, 2024-11-17 18:34:17, 2024-11-17 21:17:53, 86ab22090194779d5c469ae1240d9c7a
2024-11-24 17:52:55 - <==        Row: 35116, 12600, 1, 50110, 113, 2, 대동길, 50110, 4847453, 0, 0, 10, 0, 이호이동, 이호엘리시아아파트, 113-2, 84.968, 2024, 1, 12, 30600, 2, 50110-4239,  ,  , 중개거래, 제주 제주시, null,  , 개인, 개인, N, 2017, 126.463, 33.4938, Y, N, 2024-11-17 18:34:18, 2024-11-17 21:17:54, 72ce20ea57623f0175b836c937cf0b16
2024-11-24 17:52:55 - <==        Row: 35121, 10500, 1, 50110, 565, 14, 서광로, 50110, 3349090, 3, 0, 204, 0, 삼도일동, 아이린2차, 565-14, 110.21, 2024, 1, 12, 41500, 4, 50110-3528,  ,  , 중개거래, 제주 제주시, null,  , 개인, 개인, N, 2013, 126.518, 33.4996, Y, N, 2024-11-17 18:34:18, 2024-11-17 21:17:54, 3f0d403b836c6b0f8062cbc1dd8fb7a6
2024-11-24 17:52:55 - <==        Row: 35122, 10900, 1, 50110, 609, 68, 용화로5길, 50110, 4848449, 1, 0, 13, 0, 용담이동, 남양맨션, 609-68, 71.87, 2024, 1, 12, 15000, 3, 50110-86,  ,  , 중개거래, 제주 제주시, null, 남양맨션 다, 개인, 개인, N, 1989, 126.506, 33.5111, Y, N, 2024-11-17 18:34:18, 2024-11-17 21:17:54, 26a9b65ce1f49bcc0b85a5f11f9e8650
2024-11-24 17:52:55 - <==        Row: 35129, 10300, 1, 50110, 1692, 2, 오현길, 50110, 4848350, 1, 0, 9, 0, 이도일동, 신세계에덴, 1692-2, 59.986, 2024, 1, 12, 19000, 2, 50110-33,  ,  , 중개거래, 제주 제주시, null,  , 개인, 개인, N, 1995, 126.527, 33.5064, Y, N, 2024-11-17 18:34:19, 2024-11-17 21:17:54, 24d3acb7dc8b616aa41ae3274e7dead6
2024-11-24 17:52:55 - <==        Row: 35012, 12200, 1, 50110, 1273, 6, 남녕로, 50110, 3349036, 1, 0, 17, 0, 노형동, 연동, 1273-6, 78.39, 2024, 1, 12, 21000, 2, 50110-191,  ,  , 중개거래, 제주 제주시, null, 가, 개인, 개인, N, 1991, 126.482, 33.4895, Y, N, 2024-11-17 18:34:15, 2024-11-17 21:17:49, 7099f46810336cff7858c1a508160946
2024-11-24 17:52:55 - <==        Row: 35070, 10400, 1, 50110, 324, 6, 천수로, 50110, 3349190, 2, 0, 21, 0, 이도이동, 동인미노스빌(가동), 324-6, 56.59, 2024, 1, 12, 24500, 10, 50110-230,  ,  , 중개거래, 제주 제주시, null,  , 개인, 개인, N, 2003, 126.539, 33.5028, Y, N, 2024-11-17 18:34:17, 2024-11-17 21:17:52, 60cdd48bee8adc135f3fc4774c6bcd5a
2024-11-24 17:52:55 - <==        Row: 35120, 13700, 1, 50110, 2325, 4, 성신로1길, 50110, 4847993, 1, 0, 22, 0, 연동, 신우스위트빌3차, 2325-4, 43.96, 2024, 1, 11, 19000, 13, 50110-307,  ,  , 중개거래, 제주 제주시, null,  , 개인, 개인, N, 2003, 126.488, 33.4916, Y, N, 2024-11-17 18:34:18, 2024-11-17 21:17:54, 580a58663fcdb90bd789134f43005721
2024-11-24 17:52:55 - <==        Row: 35124, 10200, 1, 50110, 360, 11, 동광로15길, 50110, 4847561, 1, 0, 2, 0, 일도이동, 일도위더스빌23차, 360-11, 84.2, 2024, 1, 11, 43500, 8, 50110-3651,  ,  , 중개거래, 제주 제주시, null,  , 개인, 개인, N, 2014, 126.538, 33.506, Y, N, 2024-11-17 18:34:19, 2024-11-17 21:17:54, 8c7744ad309d9af722f1e1d2016cf09e
2024-11-24 17:52:55 - <==        Row: 35125, 25340, 1, 50110, 167, 0, 하귀9길, 50110, 4848952, 1, 0, 45, 0, 애월읍 하귀1리, 제주하귀휴먼시아1단지, 167, 84.97, 2024, 1, 11, 42150, 5, 50110-3078,  ,  , 중개거래, 제주 제주시, null, 102, 개인, 개인, N, 2010, 126.417, 33.4837, Y, N, 2024-11-17 18:34:19, 2024-11-17 21:17:54, 4ad8d247084ce8c29b6ff928706e995b
2024-11-24 17:52:55 - <==        Row: 35128, 12900, 1, 50110, 902, 0, 서광로22길, 50110, 4847888, 2, 0, 32, 0, 도남동, 도남2차e-편한세상, 902, 103.488, 2024, 1, 11, 53000, 2, 50110-403,  ,  , 중개거래, 제주 제주시, null, 도남2차e-편한세상 202, 개인, 개인, N, 2005, 126.522, 33.4976, Y, N, 2024-11-17 18:34:19, 2024-11-17 21:17:54, 6f27726f1fd547d2ceab560126206928
2024-11-24 17:52:55 - <==        Row: 35132, 13700, 1, 50110, 2333, 13, 일주서로, 50110, 3349236, 8, 0, 7898, 0, 연동, 갤럭시연동빌, 2333-13, 31.614, 2024, 1, 11, 8500, 9, 50110-3299,  ,  , 중개거래, 제주 제주시, null,  , 개인, 개인, N, 2012, 126.49, 33.4936, Y, N, 2024-11-17 18:34:19, 2024-11-17 21:17:54, 1985991c6f3008b3423d5a50e7176317
2024-11-24 17:52:55 - <==        Row: 35133, 12200, 1, 50110, 1058, 1, 수덕로, 50110, 3349107, 1, 0, 25, 0, 노형동, 노형수선화, 1058-1, 59.9, 2024, 1, 11, 21500, 3, 50110-171,  ,  , 중개거래, 제주 제주시, null, 나, 개인, 개인, N, 1994, 126.474, 33.4874, Y, N, 2024-11-17 18:34:19, 2024-11-17 21:17:54, eaa8886b298b070e257e2390e4a29a97
2024-11-24 17:52:55 - <==        Row: 35134, 12000, 1, 50110, 1495, 0, 연사2길, 50110, 4848272, 0, 0, 16, 11, 오라이동, 화인퍼스트빌3차, 1495, 83.94, 2024, 1, 11, 38000, 7, 50110-3978,  ,  , 직거래,  , null,  , 개인, 개인, N, 2016, 126.512, 33.4871, Y, N, 2024-11-17 18:34:19, 2024-11-17 21:17:54, a6aca6956513337bfd17268d0b909432
2024-11-24 17:52:55 - <==        Row: 35074, 25921, 1, 50110, 1930, 0, 신북로, 50110, 3349112, 1, 0, 93, 0, 조천읍 신촌리, 거웅라피네, 1930, 84.68, 2024, 1, 10, 25000, 5, 50110-3698,  ,  , 중개거래, 제주 제주시, null,  , 법인, 개인, N, 2014, 126.623, 33.5357, Y, N, 2024-11-17 18:34:17, 2024-11-17 21:17:52, 6bda0bb477ac5213fed9ac3fe7e69487
2024-11-24 17:52:55 - <==        Row: 35090, 13700, 1, 50110, 1399, 0, 국기로, 50110, 3349025, 1, 0, 14, 0, 연동, 대림이편한세상1차, 1399, 59.953, 2024, 1, 10, 56800, 5, 50110-135,  ,  , 중개거래, 제주 제주시, null, 102, 개인, 개인, N, 2001, 126.489, 33.4802, Y, N, 2024-11-17 18:34:17, 2024-11-17 21:17:53, 3e27b54b1895b421d19fc9ffcb0ed222
2024-11-24 17:52:55 - <==        Row: 35106, 12700, 1, 50110, 2614, 0, 도두항서길, 50110, 4847524, 0, 0, 41, 0, 도두일동, 블루파크시티, 2614, 24.8006, 2024, 1, 10, 11800, 9, 50110-4472,  ,  , 중개거래, 제주 제주시, null,  , 법인, 개인, N, 2018, 126.464, 33.506, Y, N, 2024-11-17 18:34:18, 2024-11-17 21:17:53, f86d6dac303a3d82917372e87629759f
2024-11-24 17:52:55 - <==        Row: 35138, 10500, 1, 50110, 530, 23, 서사로, 50110, 3349092, 1, 0, 96, 0, 삼도일동, 서림아이빌, 530-23, 84.34, 2024, 1, 10, 21000, 3, 50110-3120,  ,  , 직거래,  , null,  , 개인, 개인, N, 2011, 126.52, 33.5039, Y, N, 2024-11-17 18:34:19, 2024-11-17 21:17:55, eb9a12dbd805cbc5e6f90e991bf7d923
2024-11-24 17:52:55 - <==        Row: 35139, 10400, 1, 50110, 1034, 3, 중앙로, 50110, 3349184, 3, 0, 261, 1, 이도이동, TS주상복합빌딩, 1034-3, 27.88, 2024, 1, 10, 6550, 3, 50110-3063,  ,  , 직거래,  , null,  , 개인, 개인, N, 2010, 126.532, 33.497, Y, N, 2024-11-17 18:34:19, 2024-11-17 21:17:55, 06505bb046b4d20fbe99baaf00507484
2024-11-24 17:52:55 - <==        Row: 35039, 25028, 1, 50110, 283, 0, 한림로, 50110, 3349208, 1, , 554, 0, 한림읍 옹포리, 한림오션캐슬아파트, 283, 84.919, 2024, 1, 10, 30000, 3, 50110-4523,  ,  , 중개거래, 제주 제주시, null, 102동, 개인, 개인, N, 2018, 126.257, 33.4067, Y, N, 2024-11-17 18:34:16, 2024-11-17 21:17:51, eb7952d44c4f0fd0d46cc3882a229e5a
2024-11-24 17:52:55 - <==        Row: 35058, 13700, 1, 50110, 304, 5, 신대로, 50110, 3349111, 1, 0, 136, 0, 연동, 코스모스태홍누리안5차, 304-5, 77.4, 2024, 1, 10, 37000, 4, 50110-3438,  ,  , 중개거래, 제주 제주시, null,  , 개인, 개인, N, 2013, 126.496, 33.4851, Y, N, 2024-11-17 18:34:16, 2024-11-17 21:17:51, 1e7d0e9bb0941a8b3d9c1ba587fa9162
2024-11-24 17:52:55 - <==        Row: 35087, 12300, 1, 50110, 560, 1, 우정로11길, 50110, 4848472, 1, 0, 22, 0, 외도일동, 외도부영1차, 560-1, 39.84, 2024, 1, 9, 16000, 4, 50110-374,  ,  , 중개거래, 제주 제주시, null, 103, 개인, 개인, N, 2000, 126.434, 33.4876, Y, N, 2024-11-17 18:34:17, 2024-11-17 21:17:53, 6ea32fff2d7206c4b10009a171e0712c
2024-11-24 17:52:55 - <==        Row: 35111, 13700, 1, 50110, 308, 2, 비월길, 50110, 4847779, 1, 0, 26, 0, 연동, 울담뜨레빌3차, 308-2, 83.76, 2024, 1, 9, 38000, 8, 50110-3123,  ,  , 중개거래, 제주 제주시, null,  , 개인, 개인, N, 2011, 126.497, 33.4833, Y, N, 2024-11-17 18:34:18, 2024-11-17 21:17:54, 2287ae66da1e7ccd9d32d4ac3b190e7c
2024-11-24 17:52:55 - <==        Row: 35123, 12000, 1, 50110, 1400, 7, 사평6길, 50110, 4847804, 0, 0, 37, 15, 오라이동, 벽강하이본타워(5차), 1400-7, 67.3826, 2024, 1, 9, 28500, 5, 50110-4380,  ,  , 중개거래, 제주 제주시, null, 102동, 개인, 개인, N, 2018, 126.515, 33.4898, Y, N, 2024-11-17 18:34:18, 2024-11-17 21:17:54, 17e06a728df403e994cf34a1974701c0
2024-11-24 17:52:55 - <==        Row: 35130, 11100, 1, 50110, 9, 1, 동화로1길, 50110, 4847618, 1, 0, 39, 0, 화북일동, 화북주공2,3단지, 9-1, 59.93, 2024, 1, 9, 33500, 5, 50110-115,  ,  , 중개거래, 제주 제주시, null, 화북2아파트208, 개인, 개인, N, 1998, 126.577, 33.5209, Y, N, 2024-11-17 18:34:19, 2024-11-17 21:17:54, cdc9fefc132f11bf07d4fb9d431b1679
2024-11-24 17:52:55 - <==        Row: 35136, 25924, 1, 50110, 4168, 0, 함덕30길, 50110, 4849052, 1, 0, 27, 0, 조천읍 함덕리, 광명샤인빌, 4168, 59.2517, 2024, 1, 9, 22500, 2, 50110-2908, O, 24.02.20, 중개거래, 제주 제주시, null,  , 개인, 개인, N, 2006, 126.677, 33.538, Y, N, 2024-11-17 18:34:19, 2024-11-17 21:17:55, 70c8801a3fa1d2e5d4b7bca1f2cca521
2024-11-24 17:52:55 - <==        Row: 35140, 12200, 1, 50110, 943, 0, 원노형10길, 50110, 4848490, 0, 0, 20, 0, 노형동, 노형해모로루엔, 943, 59.9799, 2024, 1, 9, 56000, 13, 50110-4660,  ,  , 중개거래, 제주 제주시, null, 101동, 개인, 개인, N, 2019, 126.486, 33.4846, Y, N, 2024-11-17 18:34:19, 2024-11-17 21:17:55, 4a6aa6dc2004f3fcfc1faab7eb4fac41
2024-11-24 17:52:55 - <==        Row: 35060, 10300, 1, 50110, 1326, 9, 중앙로23길, 50110, 4848772, 1, 0, 26, 0, 이도일동, 다솜, 1326-9, 74.1311, 2024, 1, 9, 27700, 9, 50110-3396,  ,  , 중개거래, 제주 제주시, null,  , 개인, 개인, N, 2012, 126.528, 33.5077, Y, N, 2024-11-17 18:34:16, 2024-11-17 21:17:51, d775785a56def86a06c35dbece26abbf
2024-11-24 17:52:55 - <==        Row: 35089, 12300, 1, 50110, 418, 6, 우정로4길, 50110, 4848480, 0, 0, 4, 0, 외도일동, 백강수피아5차, 418-6, 84.76, 2024, 1, 8, 41500, 12, 50110-4431,  ,  , 중개거래, 제주 제주시, null,  , 개인, 개인, N, 2018, 126.431, 33.4916, Y, N, 2024-11-17 18:34:17, 2024-11-17 21:17:53, cfaf0e5b821409172a4fc629afe75f4e
2024-11-24 17:52:55 - <==        Row: 35092, 12300, 1, 50110, 560, 1, 우정로11길, 50110, 4848472, 1, 0, 22, 0, 외도일동, 외도부영1차, 560-1, 59.933, 2024, 1, 8, 24000, 1, 50110-374,  ,  , 직거래,  , null, 107, 개인, 개인, N, 2000, 126.434, 33.4876, Y, N, 2024-11-17 18:34:17, 2024-11-17 21:17:53, fafc3dbfc28c56da9f70b3b9a4d2723d
2024-11-24 17:52:55 - <==        Row: 35098, 13700, 1, 50110, 1399, 0, 국기로, 50110, 3349025, 1, 0, 14, 0, 연동, 대림이편한세상1차, 1399, 75.014, 2024, 1, 8, 75000, 10, 50110-135,  ,  , 중개거래, 제주 제주시, null, 106, 개인, 개인, N, 2001, 126.489, 33.4802, Y, N, 2024-11-17 18:34:18, 2024-11-17 21:17:53, bc92d3158824b25a0510e35513c71dfa
2024-11-24 17:52:55 - <==        Row: 35108, 13000, 1, 50110, 1751, 0, 매촌2길, 50110, 4847636, 0, 0, 70, 0, 도련일동, 아르미아아파트, 1751, 82.9078, 2024, 1, 8, 32500, 2, 50110-4159,  ,  , 중개거래, 제주 제주시, null, 101동, 법인, 개인, N, 2017, 126.591, 33.51, Y, N, 2024-11-17 18:34:18, 2024-11-17 21:17:53, 5d6dca6a9ca9dc75042426f335a7bed5
2024-11-24 17:52:55 - <==        Row: 35109, 11200, 1, 50110, 116, 0, 화삼로, 50110, 4849184, 1, 0, 12, 0, 화북이동, 제주삼화사랑으로부영2차, 116, 84.3616, 2024, 1, 8, 58000, 6, 50110-3427,  ,  , 직거래,  , null, 210, 개인, 개인, N, 2013, 126.574, 33.5139, Y, N, 2024-11-17 18:34:18, 2024-11-17 21:17:53, c4b651c799ac5fb491a24337d42d89dc
2024-11-24 17:52:55 - <==        Row: 35112, 12200, 1, 50110, 3779, 5, 1100로, 50110, 3020003, 1, 0, 3349, 0, 노형동, 인텔리젼트한빛, 3779-5, 84.347, 2024, 1, 8, 40000, 4, 50110-270,  ,  , 중개거래, 제주 제주시, null,  , 개인, 개인, N, 2004, 126.479, 33.4849, Y, N, 2024-11-17 18:34:18, 2024-11-17 21:17:54, 3503a84a5937ad3b8a3f0605c09a0815
2024-11-24 17:52:55 - <==        Row: 35126, 12300, 1, 50110, 418, 6, 우정로4길, 50110, 4848480, 0, 0, 4, 0, 외도일동, 백강수피아5차, 418-6, 84.76, 2024, 1, 8, 41500, 12, 50110-4431, O, 24.01.23, 중개거래,  , null,  , 개인, 개인, N, 2018, 126.431, 33.4916, Y, N, 2024-11-17 18:34:19, 2024-11-17 21:17:54, 46c1b9793b382953ee7bec0500a26636
2024-11-24 17:52:55 - <==        Row: 35045, 10700, 1, 50110, 1044, 8, 동문로21길, 50110, 4847599, 1, 0, 4, 7, 건입동, 건입미화, 1044-8, 81.87, 2024, 1, 8, 16500, 2, 50110-401,  ,  , 직거래,  , null, 나, 개인, 개인, N, 1994, 126.538, 33.5146, Y, N, 2024-11-17 18:34:16, 2024-11-17 21:17:51, cf475ccbb7b05912459a50311cf47859
2024-11-24 17:52:55 - <==        Row: 35042, 12200, 1, 50110, 941, 3, 원노형로, 50110, 3349162, 0, , 35, 2, 노형동, 노형벽강하이본타워7차, 941-3, 72.5687, 2024, 1, 7, 50000, 2, 50110-4715,  ,  , 중개거래, 제주 제주시, null,  , 법인, 개인, N, 2020, 126.486, 33.4851, Y, N, 2024-11-17 18:34:16, 2024-11-17 21:17:51, 2ed41e3d0853e4918671df2bd49f6324
2024-11-24 17:52:55 - <==        Row: 35127, 25340, 1, 50110, 167, 0, 하귀9길, 50110, 4848952, 1, 0, 45, 0, 애월읍 하귀1리, 제주하귀휴먼시아1단지, 167, 84.67, 2024, 1, 6, 41500, 1, 50110-3078,  ,  , 중개거래, 제주 제주시, null, 102, 개인, 개인, N, 2010, 126.417, 33.4837, Y, N, 2024-11-17 18:34:19, 2024-11-17 21:17:54, e645d9597be993ac0cfb8834090cf6d9
2024-11-24 17:52:55 - <==        Row: 35137, 12300, 1, 50110, 560, 2, 우평로, 50110, 3349161, 2, 0, 318, 0, 외도일동, 부영(2차), 560-2, 84.9873, 2024, 1, 6, 39900, 1, 50110-375,  ,  , 중개거래, 제주 제주시, null, 부영아파트 201, 개인, 개인, N, 2001, 126.434, 33.485, Y, N, 2024-11-17 18:34:19, 2024-11-17 21:17:55, ade58cf39c53db95128a6595468958be
2024-11-24 17:52:55 - <==        Row: 35142, 12300, 1, 50110, 448, 1, 절물2길, 50110, 4848653, 1, 0, 8, 7, 외도일동, 외도타워, 448-1, 84.7456, 2024, 1, 6, 30800, 8, 50110-3472,  ,  , 중개거래, 제주 서귀포시 제주 제주시, null,  , 개인, 개인, N, 2013, null, null, Y, N, 2024-11-17 18:34:19, 2024-11-17 21:17:55, ad3d08217b5454c7b9c4a92d0d61b9f8
2024-11-24 17:52:55 - <==        Row: 35033, 10200, 1, 50110, 47, 1, 천수로, 50110, 3349190, 0, 0, 72, 0, 일도이동, 일도신천지, 47-1, 59.97, 2024, 1, 6, 30000, 4, 50110-28,  ,  , 중개거래, 제주 제주시, null, 109, 개인, 개인, N, 1993, 126.545, 33.5045, Y, N, 2024-11-17 18:34:15, 2024-11-17 21:17:50, 4415955b99ca36a85a92663ab428a789
2024-11-24 17:52:55 - <==        Row: 35054, 12200, 1, 50110, 2583, 1, 수덕로, 50110, 3349107, 1, 0, 44, 0, 노형동, 노형뜨란채, 2583-1, 84.85, 2024, 1, 6, 60000, 15, 50110-2909,  ,  , 중개거래, 제주 제주시, null, 203, 개인, 개인, N, 2006, 126.473, 33.4871, Y, N, 2024-11-17 18:34:16, 2024-11-17 21:17:51, 29de1bb94439d7d4ef4b18dbbd93ff69
2024-11-24 17:52:55 - <==        Row: 35144, 13700, 1, 50110, 278, 2, 사장3길, 50110, 4847800, 0, 0, 32, 0, 연동, 제주연동한일베라체더퍼스트, 278-2, 83.6381, 2024, 1, 5, 59900, 6, 50110-5018,  ,  , 중개거래, 제주 제주시, null, 101동, 개인, 개인, N, 2023, 126.491, 33.4831, Y, N, 2024-11-17 18:34:19, 2024-11-17 21:17:55, 29ade073abedef520e39bde526ad4d1b
2024-11-24 17:52:55 - <==        Row: 35146, 12300, 1, 50110, 529, 1, 우정로15길, 50110, 4848476, 0, 0, 48, 0, 외도일동, 해밀마루, 529-1, 46.74, 2024, 1, 5, 20000, 6, 50110-4554,  ,  , 직거래,  , null,  , 개인, 개인, N, 2019, 126.433, 33.489, Y, N, 2024-11-17 18:34:19, 2024-11-17 21:17:55, 77a1e683138805b97a629bd32ab83e28
2024-11-24 17:52:55 - <==        Row: 35148, 10200, 1, 50110, 113, 7, 남광로, 50110, 3349035, 0, , 181, 0, 일도이동, 대유대림아파트, 113-7, 84.945, 2024, 1, 5, 46500, 4, 50110-6, O, 24.02.27, 중개거래, 제주 제주시, null,  , 개인, 개인, N, 1997, 126.552, 33.5031, Y, N, 2024-11-17 18:34:19, 2024-11-17 21:17:55, 973b8f8f1d6eaea3867114da3b44da5b
2024-11-24 17:52:55 - <==        Row: 35006, 10200, 1, 50110, 113, 7, 남광로, 50110, 3349035, 0, , 181, 0, 일도이동, 대유대림아파트, 113-7, 84.945, 2024, 1, 5, 46500, 4, 50110-6,  ,  , 중개거래, 제주 제주시, null, 제주대유대림아파트 316, 개인, 개인, N, 1997, 126.552, 33.5031, Y, N, 2024-11-17 18:34:14, 2024-11-17 21:17:49, cbd5c48c7d039bf264e0d8a7d06e26ca
2024-11-24 17:52:55 - <==        Row: 35035, 12200, 1, 50110, 732, 0, 원노형로, 50110, 3349162, 1, 0, 93, 0, 노형동, 부영1차, 732, 80.6583, 2024, 1, 5, 64000, 3, 50110-181, O, 24.04.30, 중개거래, 제주 제주시, null,  , 개인, 개인, N, 2001, 126.486, 33.4804, Y, N, 2024-11-17 18:34:15, 2024-11-17 21:17:50, 4cce67de35cd725f4c7b6f2dc86cd4f5
2024-11-24 17:52:55 - <==        Row: 35094, 13700, 1, 50110, 2333, 13, 일주서로, 50110, 3349236, 8, 0, 7898, 0, 연동, 갤럭시연동빌, 2333-13, 26.497, 2024, 1, 4, 5600, 6, 50110-3299,  ,  , 중개거래, 제주 제주시, null,  , 개인, 개인, N, 2012, 126.49, 33.4936, Y, N, 2024-11-17 18:34:17, 2024-11-17 21:17:53, 83ff3aac8229535a368e965447c4a106
2024-11-24 17:52:55 - <==        Row: 35119, 13700, 1, 50110, 2317, 1, 도령로11길, 50110, 4847540, 1, 0, 25, 0, 연동, 남주, 2317-1, 74.94, 2024, 1, 4, 18500, 5, 50110-133,  ,  , 중개거래, 제주 제주시, null,  , 개인, 개인, N, 1994, 126.486, 33.4927, Y, N, 2024-11-17 18:34:18, 2024-11-17 21:17:54, 94ddaf86d9f3107774e5c197594aff9c
2024-11-24 17:52:55 - <==        Row: 35145, 10500, 1, 50110, 552, 3, 서광로19길, 50110, 4847885, 1, 0, 4, 0, 삼도일동, 대명2차꿈의고향, 552-3, 84.97, 2024, 1, 4, 27500, 2, 50110-273,  ,  , 중개거래, 제주 제주시, null,  , 개인, 개인, N, 2004, 126.521, 33.5003, Y, N, 2024-11-17 18:34:19, 2024-11-17 21:17:55, f7ee66265e02e52effb4aa83b6608714
2024-11-24 17:52:55 - <==        Row: 35147, 12900, 1, 50110, 75, 5, 도남로15길, 50110, 4847505, 1, 0, 21, 0, 도남동, 도남성원5차, 75-5, 59.61, 2024, 1, 4, 18000, 2, 50110-62,  ,  , 중개거래, 제주 제주시, null,  , 개인, 개인, N, 1997, 126.53, 33.492, Y, N, 2024-11-17 18:34:19, 2024-11-17 21:17:55, de907bab403e1cfc5c7991ec17ca46d2
2024-11-24 17:52:55 - <==        Row: 35056, 13700, 1, 50110, 253, 36, 연동4길, 50110, 4848256, 1, , 12, 12, 연동, 연동백강스위트엠I, 253-36, 66.714, 2024, 1, 4, 39000, 2, 50110-4757,  ,  , 중개거래, 제주 제주시, null, 연동 백강스위트엠Ⅰ, 개인, 개인, N, 2021, 126.487, 33.4851, Y, N, 2024-11-17 18:34:16, 2024-11-17 21:17:51, 94119674f84b8766e361f6971feafb93
2024-11-24 17:52:55 - <==        Row: 35135, 25923, 1, 50110, 1369, 1, 조천10길, 50110, 4848715, 0, 0, 42, 0, 조천읍 조천리, 에스턴힐, 1369-1, 84.8771, 2024, 1, 3, 26000, 5, 50110-4690,  ,  , 중개거래, 제주 제주시, null,  , 개인, 개인, N, 2020, 126.64, 33.5342, Y, N, 2024-11-17 18:34:19, 2024-11-17 21:17:55, acdff6b3ffa47803af613a694ea0fad7
2024-11-24 17:52:55 - <==        Row: 35149, 11000, 1, 50110, 524, 0, 용담로1길, 50110, 4848400, 1, 0, 33, 0, 용담삼동, 용두암현대4, 524, 53.325, 2024, 1, 3, 15500, 5, 50110-92,  ,  , 중개거래, 제주 제주시, null, 용두암현대4차아파트, 개인, 개인, N, 1995, 126.507, 33.5159, Y, N, 2024-11-17 18:34:19, 2024-11-17 21:17:55, bcc4aceb15e14b6a51b2341b5f573cb6
2024-11-24 17:52:55 - <==        Row: 35047, 10400, 1, 50110, 1060, 5, 고산동산5길, 50110, 4847092, 1, 0, 30, 0, 이도이동, 목성2차, 1060-5, 84.55, 2024, 1, 3, 30500, 6, 50110-345,  ,  , 직거래,  , null,  , 개인, 개인, N, 2004, 126.536, 33.4967, Y, N, 2024-11-17 18:34:16, 2024-11-17 21:17:51, d23ff924d44d772a4b7ea887b59ba14b
2024-11-24 17:52:55 - <==        Row: 35067, 12200, 1, 50110, 2583, 1, 수덕로, 50110, 3349107, 1, 0, 44, 0, 노형동, 노형뜨란채, 2583-1, 84.67, 2024, 1, 3, 53800, 2, 50110-2909,  ,  , 중개거래, 제주 제주시, null, 208, 개인, 개인, N, 2006, 126.473, 33.4871, Y, N, 2024-11-17 18:34:17, 2024-11-17 21:17:55, f92d28e89dd899e36aa270a8d7bb7a33
2024-11-24 17:52:55 - <==        Row: 35069, 11600, 1, 50110, 1580, 1, 진목5길, 50110, 4848818, 1, 0, 8, 0, 봉개동, 노블하우스, 1580-1, 79.23, 2024, 1, 3, 22850, 3, 50110-3878,  ,  , 중개거래, 제주 제주시, null,  , 개인, 개인, N, 2016, 126.599, 33.4901, Y, N, 2024-11-17 18:34:17, 2024-11-17 21:17:52, 705208047a8e9ef943ce3656004a831e
2024-11-24 17:52:55 - <==        Row: 35071, 13700, 1, 50110, 2332, 17, 도령로, 50110, 3349052, 3, 0, 127, 1, 연동, 도령해든빌, 2332-17, 21.7292, 2024, 1, 3, 6800, 6, 50110-3096,  ,  , 직거래,  , null,  , 개인, 개인, N, 2011, 126.491, 33.4929, Y, N, 2024-11-17 18:34:17, 2024-11-17 21:17:52, ca2637f1ab2824fc190146f8e10fc6a6
2024-11-24 17:52:55 - <==        Row: 35107, 11100, 1, 50110, 12, 1, 동화로1길, 50110, 4847618, 1, 0, 10, 0, 화북일동, 화북주공4단지, 12-1, 49.5, 2024, 1, 2, 25000, 6, 50110-118,  ,  , 중개거래, 제주 제주시, null, 412, 개인, 개인, N, 1998, 126.574, 33.518, Y, N, 2024-11-17 18:34:18, 2024-11-17 21:17:53, 44dffab083f3be59297fba8b7de059f8
2024-11-24 17:52:55 - <==        Row: 35115, 10200, 1, 50110, 365, 1, 고마로14길, 50110, 4847065, 1, 0, 16, 0, 일도이동, 용인아파트, 365-1, 47.52, 2024, 1, 2, 13900, 5, 50110-336,  ,  , 중개거래, 제주 제주시, null,  , 개인, 개인, N, 1998, 126.539, 33.5059, Y, N, 2024-11-17 18:34:18, 2024-11-17 21:17:54, 70e37cc3061630e45e521eff94a2048e
2024-11-24 17:52:55 - <==        Row: 35150, 12900, 1, 50110, 78, 0, 도남로17길, 50110, 4847507, 1, 0, 32, 0, 도남동, 영산홍, 78, 59.94, 2024, 1, 2, 19300, 4, 50110-70,  ,  , 직거래,  , null, 가, 개인, 개인, N, 1992, 126.531, 33.4911, Y, N, 2024-11-17 18:34:19, 2024-11-17 21:17:55, 616d097cb0562414f645b518bd3278ea
2024-11-24 17:52:55 - <==        Row: 35152, 11100, 1, 50110, 1987, 2, 진동로1길, 50110, 4848812, 1, 0, 25, 0, 화북일동, 화북조양2차, 1987-2, 84.46, 2024, 1, 2, 16000, 5, 50110-2902,  ,  , 직거래,  , null, 화북조양아파트2차, 개인, 개인, N, 2006, 126.567, 33.5195, Y, N, 2024-11-17 18:34:19, 2024-11-17 21:17:55, 51a30bf3483e539eadb510b92acf16b8
2024-11-24 17:52:55 - <==        Row: 35151, 25341, 1, 50110, 3026, 0, 답동2길, 50110, 4849155, 0, 0, 23, 25, 애월읍 하귀2리, 하귀푸르미르, 3026, 84.7407, 2024, 1, 1, 39000, 7, 50110-4886,  ,  , 직거래,  , null,  , 법인, 개인, N, 2022, 126.404, 33.4795, Y, N, 2024-11-17 18:34:19, 2024-11-17 21:17:55, cc6729cca44c9122cde23c2274268891
2024-11-24 17:52:55 - <==      Total: 1304
2024-11-24 17:52:55 - ==>  Preparing: SELECT COUNT(*) FROM jeju_aprt_real_state WHERE delete_yn = 'N' AND ( (deal_year = ? AND deal_month >= ?) OR (deal_year > ? AND deal_year < ?) OR (deal_year = ? AND deal_month <= ?) )
2024-11-24 17:52:55 - ==> Parameters: 2024(Integer), 10(Integer), 2024(Integer), 2024(Integer), 2024(Integer), 11(Integer)
2024-11-24 17:52:55 - <==    Columns: COUNT(*)
2024-11-24 17:52:55 - <==        Row: 1304
2024-11-24 17:52:55 - <==      Total: 1
2024-11-24 17:52:55 - Query executed successfully. Found 1304 results
2024-11-24 17:52:55 - 캐시 로딩 완료
2024-11-24 17:52:55 - Application availability state ReadinessState changed to ACCEPTING_TRAFFIC
]]></system-out>
  <system-err><![CDATA[]]></system-err>
</testsuite>
